2015-06-09 16:12:48,026 INFO [main] c.ufufund.ufb.remote.HftCustService [HftBaseService.java : 59] 请求参数：{TransactorCertType=0, MobileTelNo=15211827361, AcctNoOfInvestorInClearingAgency=6230201120021000, InstReprIDCode=441622197811056389, BusinType=openAccountOrg, InstTranCertValidDate=20180512, TransactorName=刘为, Extension=, MerchantId=00000001, EmailAddress=15211827361@163.com, InstReprIDType=0, CertValidDate=20181022, Version=1.0.0, TransactorCertNo=530923198408078324, ApplicationNo=20150609CC0001, Province=320000, CertificateNo=66251638X, FaxNo=02188592231, City=320581, ClearingAgencyCode=012, sign=F8F301CB2645504CBCE7A75BC032F15A, InstReprName=张薇, DistributorCode=223, OfficeTelNo=02188592231, PostCode=200000, Address=孙桥路, ControlHolder=张江市政府, InvestorName=孙桥小学, CertificateType=0, AcctNameOfInvestorInClearingAgency=孙桥小学}
2015-06-09 16:13:09,978 ERROR [main] c.u.ufb.common.utils.HttpClientUtils [HttpClientUtils.java : 65] 调用post失败：Connect to 58.247.136.183:8008 [/58.247.136.183] failed: Connection timed out: connect
org.apache.http.conn.HttpHostConnectException: Connect to 58.247.136.183:8008 [/58.247.136.183] failed: Connection timed out: connect
	at org.apache.http.impl.conn.DefaultHttpClientConnectionOperator.connect(DefaultHttpClientConnectionOperator.java:151) ~[httpclient-4.4.jar:4.4]
	at org.apache.http.impl.conn.PoolingHttpClientConnectionManager.connect(PoolingHttpClientConnectionManager.java:353) ~[httpclient-4.4.jar:4.4]
	at org.apache.http.impl.execchain.MainClientExec.establishRoute(MainClientExec.java:380) ~[httpclient-4.4.jar:4.4]
	at org.apache.http.impl.execchain.MainClientExec.execute(MainClientExec.java:236) ~[httpclient-4.4.jar:4.4]
	at org.apache.http.impl.execchain.ProtocolExec.execute(ProtocolExec.java:184) ~[httpclient-4.4.jar:4.4]
	at org.apache.http.impl.execchain.RetryExec.execute(RetryExec.java:88) ~[httpclient-4.4.jar:4.4]
	at org.apache.http.impl.execchain.RedirectExec.execute(RedirectExec.java:110) ~[httpclient-4.4.jar:4.4]
	at org.apache.http.impl.client.InternalHttpClient.doExecute(InternalHttpClient.java:184) ~[httpclient-4.4.jar:4.4]
	at org.apache.http.impl.client.CloseableHttpClient.execute(CloseableHttpClient.java:82) ~[httpclient-4.4.jar:4.4]
	at org.apache.http.impl.client.CloseableHttpClient.execute(CloseableHttpClient.java:107) ~[httpclient-4.4.jar:4.4]
	at com.ufufund.ufb.common.utils.HttpClientUtils.post(HttpClientUtils.java:60) ~[classes/:na]
	at com.ufufund.ufb.remote.HftBaseService.send(HftBaseService.java:60) [classes/:na]
	at com.ufufund.ufb.remote.HftCustService.openAccountOrg(HftCustService.java:56) [classes/:na]
	at com.ufufund.ufb.remote.test.HftCustServiceTest.testOpenAccountOrg(HftCustServiceTest.java:135) [test-classes/:na]
	at sun.reflect.NativeMethodAccessorImpl.invoke0(Native Method) ~[na:1.6.0_43]
	at sun.reflect.NativeMethodAccessorImpl.invoke(NativeMethodAccessorImpl.java:39) ~[na:1.6.0_43]
	at sun.reflect.DelegatingMethodAccessorImpl.invoke(DelegatingMethodAccessorImpl.java:25) ~[na:1.6.0_43]
	at java.lang.reflect.Method.invoke(Method.java:597) ~[na:1.6.0_43]
	at org.junit.runners.model.FrameworkMethod$1.runReflectiveCall(FrameworkMethod.java:47) [junit-4.11.jar:na]
	at org.junit.internal.runners.model.ReflectiveCallable.run(ReflectiveCallable.java:12) [junit-4.11.jar:na]
	at org.junit.runners.model.FrameworkMethod.invokeExplosively(FrameworkMethod.java:44) [junit-4.11.jar:na]
	at org.junit.internal.runners.statements.InvokeMethod.evaluate(InvokeMethod.java:17) [junit-4.11.jar:na]
	at org.springframework.test.context.junit4.statements.RunBeforeTestMethodCallbacks.evaluate(RunBeforeTestMethodCallbacks.java:74) [spring-test-3.2.5.RELEASE.jar:3.2.5.RELEASE]
	at org.springframework.test.context.junit4.statements.RunAfterTestMethodCallbacks.evaluate(RunAfterTestMethodCallbacks.java:83) [spring-test-3.2.5.RELEASE.jar:3.2.5.RELEASE]
	at org.springframework.test.context.junit4.statements.SpringRepeat.evaluate(SpringRepeat.java:72) [spring-test-3.2.5.RELEASE.jar:3.2.5.RELEASE]
	at org.springframework.test.context.junit4.SpringJUnit4ClassRunner.runChild(SpringJUnit4ClassRunner.java:231) [spring-test-3.2.5.RELEASE.jar:3.2.5.RELEASE]
	at org.springframework.test.context.junit4.SpringJUnit4ClassRunner.runChild(SpringJUnit4ClassRunner.java:88) [spring-test-3.2.5.RELEASE.jar:3.2.5.RELEASE]
	at org.junit.runners.ParentRunner$3.run(ParentRunner.java:238) [junit-4.11.jar:na]
	at org.junit.runners.ParentRunner$1.schedule(ParentRunner.java:63) [junit-4.11.jar:na]
	at org.junit.runners.ParentRunner.runChildren(ParentRunner.java:236) [junit-4.11.jar:na]
	at org.junit.runners.ParentRunner.access$000(ParentRunner.java:53) [junit-4.11.jar:na]
	at org.junit.runners.ParentRunner$2.evaluate(ParentRunner.java:229) [junit-4.11.jar:na]
	at org.springframework.test.context.junit4.statements.RunBeforeTestClassCallbacks.evaluate(RunBeforeTestClassCallbacks.java:61) [spring-test-3.2.5.RELEASE.jar:3.2.5.RELEASE]
	at org.springframework.test.context.junit4.statements.RunAfterTestClassCallbacks.evaluate(RunAfterTestClassCallbacks.java:71) [spring-test-3.2.5.RELEASE.jar:3.2.5.RELEASE]
	at org.junit.runners.ParentRunner.run(ParentRunner.java:309) [junit-4.11.jar:na]
	at org.springframework.test.context.junit4.SpringJUnit4ClassRunner.run(SpringJUnit4ClassRunner.java:174) [spring-test-3.2.5.RELEASE.jar:3.2.5.RELEASE]
	at org.eclipse.jdt.internal.junit4.runner.JUnit4TestReference.run(JUnit4TestReference.java:50) [.cp/:na]
	at org.eclipse.jdt.internal.junit.runner.TestExecution.run(TestExecution.java:38) [.cp/:na]
	at org.eclipse.jdt.internal.junit.runner.RemoteTestRunner.runTests(RemoteTestRunner.java:467) [.cp/:na]
	at org.eclipse.jdt.internal.junit.runner.RemoteTestRunner.runTests(RemoteTestRunner.java:683) [.cp/:na]
	at org.eclipse.jdt.internal.junit.runner.RemoteTestRunner.run(RemoteTestRunner.java:390) [.cp/:na]
	at org.eclipse.jdt.internal.junit.runner.RemoteTestRunner.main(RemoteTestRunner.java:197) [.cp/:na]
Caused by: java.net.ConnectException: Connection timed out: connect
	at java.net.PlainSocketImpl.socketConnect(Native Method) ~[na:1.6.0_43]
	at java.net.PlainSocketImpl.doConnect(PlainSocketImpl.java:351) ~[na:1.6.0_43]
	at java.net.PlainSocketImpl.connectToAddress(PlainSocketImpl.java:213) ~[na:1.6.0_43]
	at java.net.PlainSocketImpl.connect(PlainSocketImpl.java:200) ~[na:1.6.0_43]
	at java.net.SocksSocketImpl.connect(SocksSocketImpl.java:366) ~[na:1.6.0_43]
	at java.net.Socket.connect(Socket.java:529) ~[na:1.6.0_43]
	at org.apache.http.conn.socket.PlainConnectionSocketFactory.connectSocket(PlainConnectionSocketFactory.java:74) ~[httpclient-4.4.jar:4.4]
	at org.apache.http.impl.conn.DefaultHttpClientConnectionOperator.connect(DefaultHttpClientConnectionOperator.java:134) ~[httpclient-4.4.jar:4.4]
	... 41 common frames omitted
2015-06-09 16:13:09,978 INFO [main] c.ufufund.ufb.remote.HftCustService [HftBaseService.java : 61] 响应报文：null
2015-06-09 16:13:17,359 INFO [main] c.ufufund.ufb.remote.HftCustService [HftBaseService.java : 59] 请求参数：{TransactorCertType=0, MobileTelNo=15211827361, AcctNoOfInvestorInClearingAgency=6230201120021000, InstReprIDCode=441622197811056389, BusinType=openAccountOrg, InstTranCertValidDate=20180512, TransactorName=刘为, Extension=, MerchantId=00000001, EmailAddress=15211827361@163.com, InstReprIDType=0, CertValidDate=20181022, Version=1.0.0, TransactorCertNo=530923198408078324, ApplicationNo=20150609CC0001, Province=320000, CertificateNo=66251638X, FaxNo=02188592231, City=320581, ClearingAgencyCode=012, sign=F8F301CB2645504CBCE7A75BC032F15A, InstReprName=张薇, DistributorCode=223, OfficeTelNo=02188592231, PostCode=200000, Address=孙桥路, ControlHolder=张江市政府, InvestorName=孙桥小学, CertificateType=0, AcctNameOfInvestorInClearingAgency=孙桥小学}
2015-06-09 16:13:38,679 ERROR [main] c.u.ufb.common.utils.HttpClientUtils [HttpClientUtils.java : 65] 调用post失败：Connect to 58.247.136.183:8008 [/58.247.136.183] failed: Connection timed out: connect
org.apache.http.conn.HttpHostConnectException: Connect to 58.247.136.183:8008 [/58.247.136.183] failed: Connection timed out: connect
	at org.apache.http.impl.conn.DefaultHttpClientConnectionOperator.connect(DefaultHttpClientConnectionOperator.java:151) ~[httpclient-4.4.jar:4.4]
	at org.apache.http.impl.conn.PoolingHttpClientConnectionManager.connect(PoolingHttpClientConnectionManager.java:353) ~[httpclient-4.4.jar:4.4]
	at org.apache.http.impl.execchain.MainClientExec.establishRoute(MainClientExec.java:380) ~[httpclient-4.4.jar:4.4]
	at org.apache.http.impl.execchain.MainClientExec.execute(MainClientExec.java:236) ~[httpclient-4.4.jar:4.4]
	at org.apache.http.impl.execchain.ProtocolExec.execute(ProtocolExec.java:184) ~[httpclient-4.4.jar:4.4]
	at org.apache.http.impl.execchain.RetryExec.execute(RetryExec.java:88) ~[httpclient-4.4.jar:4.4]
	at org.apache.http.impl.execchain.RedirectExec.execute(RedirectExec.java:110) ~[httpclient-4.4.jar:4.4]
	at org.apache.http.impl.client.InternalHttpClient.doExecute(InternalHttpClient.java:184) ~[httpclient-4.4.jar:4.4]
	at org.apache.http.impl.client.CloseableHttpClient.execute(CloseableHttpClient.java:82) ~[httpclient-4.4.jar:4.4]
	at org.apache.http.impl.client.CloseableHttpClient.execute(CloseableHttpClient.java:107) ~[httpclient-4.4.jar:4.4]
	at com.ufufund.ufb.common.utils.HttpClientUtils.post(HttpClientUtils.java:60) ~[classes/:na]
	at com.ufufund.ufb.remote.HftBaseService.send(HftBaseService.java:60) [classes/:na]
	at com.ufufund.ufb.remote.HftCustService.openAccountOrg(HftCustService.java:56) [classes/:na]
	at com.ufufund.ufb.remote.test.HftCustServiceTest.testOpenAccountOrg(HftCustServiceTest.java:135) [test-classes/:na]
	at sun.reflect.NativeMethodAccessorImpl.invoke0(Native Method) ~[na:1.6.0_43]
	at sun.reflect.NativeMethodAccessorImpl.invoke(NativeMethodAccessorImpl.java:39) ~[na:1.6.0_43]
	at sun.reflect.DelegatingMethodAccessorImpl.invoke(DelegatingMethodAccessorImpl.java:25) ~[na:1.6.0_43]
	at java.lang.reflect.Method.invoke(Method.java:597) ~[na:1.6.0_43]
	at org.junit.runners.model.FrameworkMethod$1.runReflectiveCall(FrameworkMethod.java:47) [junit-4.11.jar:na]
	at org.junit.internal.runners.model.ReflectiveCallable.run(ReflectiveCallable.java:12) [junit-4.11.jar:na]
	at org.junit.runners.model.FrameworkMethod.invokeExplosively(FrameworkMethod.java:44) [junit-4.11.jar:na]
	at org.junit.internal.runners.statements.InvokeMethod.evaluate(InvokeMethod.java:17) [junit-4.11.jar:na]
	at org.springframework.test.context.junit4.statements.RunBeforeTestMethodCallbacks.evaluate(RunBeforeTestMethodCallbacks.java:74) [spring-test-3.2.5.RELEASE.jar:3.2.5.RELEASE]
	at org.springframework.test.context.junit4.statements.RunAfterTestMethodCallbacks.evaluate(RunAfterTestMethodCallbacks.java:83) [spring-test-3.2.5.RELEASE.jar:3.2.5.RELEASE]
	at org.springframework.test.context.junit4.statements.SpringRepeat.evaluate(SpringRepeat.java:72) [spring-test-3.2.5.RELEASE.jar:3.2.5.RELEASE]
	at org.springframework.test.context.junit4.SpringJUnit4ClassRunner.runChild(SpringJUnit4ClassRunner.java:231) [spring-test-3.2.5.RELEASE.jar:3.2.5.RELEASE]
	at org.springframework.test.context.junit4.SpringJUnit4ClassRunner.runChild(SpringJUnit4ClassRunner.java:88) [spring-test-3.2.5.RELEASE.jar:3.2.5.RELEASE]
	at org.junit.runners.ParentRunner$3.run(ParentRunner.java:238) [junit-4.11.jar:na]
	at org.junit.runners.ParentRunner$1.schedule(ParentRunner.java:63) [junit-4.11.jar:na]
	at org.junit.runners.ParentRunner.runChildren(ParentRunner.java:236) [junit-4.11.jar:na]
	at org.junit.runners.ParentRunner.access$000(ParentRunner.java:53) [junit-4.11.jar:na]
	at org.junit.runners.ParentRunner$2.evaluate(ParentRunner.java:229) [junit-4.11.jar:na]
	at org.springframework.test.context.junit4.statements.RunBeforeTestClassCallbacks.evaluate(RunBeforeTestClassCallbacks.java:61) [spring-test-3.2.5.RELEASE.jar:3.2.5.RELEASE]
	at org.springframework.test.context.junit4.statements.RunAfterTestClassCallbacks.evaluate(RunAfterTestClassCallbacks.java:71) [spring-test-3.2.5.RELEASE.jar:3.2.5.RELEASE]
	at org.junit.runners.ParentRunner.run(ParentRunner.java:309) [junit-4.11.jar:na]
	at org.springframework.test.context.junit4.SpringJUnit4ClassRunner.run(SpringJUnit4ClassRunner.java:174) [spring-test-3.2.5.RELEASE.jar:3.2.5.RELEASE]
	at org.eclipse.jdt.internal.junit4.runner.JUnit4TestReference.run(JUnit4TestReference.java:50) [.cp/:na]
	at org.eclipse.jdt.internal.junit.runner.TestExecution.run(TestExecution.java:38) [.cp/:na]
	at org.eclipse.jdt.internal.junit.runner.RemoteTestRunner.runTests(RemoteTestRunner.java:467) [.cp/:na]
	at org.eclipse.jdt.internal.junit.runner.RemoteTestRunner.runTests(RemoteTestRunner.java:683) [.cp/:na]
	at org.eclipse.jdt.internal.junit.runner.RemoteTestRunner.run(RemoteTestRunner.java:390) [.cp/:na]
	at org.eclipse.jdt.internal.junit.runner.RemoteTestRunner.main(RemoteTestRunner.java:197) [.cp/:na]
Caused by: java.net.ConnectException: Connection timed out: connect
	at java.net.PlainSocketImpl.socketConnect(Native Method) ~[na:1.6.0_43]
	at java.net.PlainSocketImpl.doConnect(PlainSocketImpl.java:351) ~[na:1.6.0_43]
	at java.net.PlainSocketImpl.connectToAddress(PlainSocketImpl.java:213) ~[na:1.6.0_43]
	at java.net.PlainSocketImpl.connect(PlainSocketImpl.java:200) ~[na:1.6.0_43]
	at java.net.SocksSocketImpl.connect(SocksSocketImpl.java:366) ~[na:1.6.0_43]
	at java.net.Socket.connect(Socket.java:529) ~[na:1.6.0_43]
	at org.apache.http.conn.socket.PlainConnectionSocketFactory.connectSocket(PlainConnectionSocketFactory.java:74) ~[httpclient-4.4.jar:4.4]
	at org.apache.http.impl.conn.DefaultHttpClientConnectionOperator.connect(DefaultHttpClientConnectionOperator.java:134) ~[httpclient-4.4.jar:4.4]
	... 41 common frames omitted
2015-06-09 16:13:38,679 INFO [main] c.ufufund.ufb.remote.HftCustService [HftBaseService.java : 61] 响应报文：null
2015-06-09 16:13:53,332 INFO [main] c.ufufund.ufb.remote.HftCustService [HftBaseService.java : 59] 请求参数：{TransactorCertType=0, MobileTelNo=15211827361, AcctNoOfInvestorInClearingAgency=6230201120021000, InstReprIDCode=441622197811056389, BusinType=openAccountOrg, InstTranCertValidDate=20180512, TransactorName=刘为, Extension=, MerchantId=00000001, EmailAddress=15211827361@163.com, InstReprIDType=0, CertValidDate=20181022, Version=1.0.0, TransactorCertNo=530923198408078324, ApplicationNo=20150609CC0001, Province=320000, CertificateNo=66251638X, FaxNo=02188592231, City=320581, ClearingAgencyCode=012, sign=F8F301CB2645504CBCE7A75BC032F15A, InstReprName=张薇, DistributorCode=223, OfficeTelNo=02188592231, PostCode=200000, Address=孙桥路, ControlHolder=张江市政府, InvestorName=孙桥小学, CertificateType=0, AcctNameOfInvestorInClearingAgency=孙桥小学}
2015-06-09 16:13:53,922 INFO [main] c.ufufund.ufb.remote.HftCustService [HftBaseService.java : 61] 响应报文：<?xml version="1.0" encoding="UTF-8" standalone="no"?><Message><Responsebody><Response><ReturnCode>SA0003</ReturnCode><ReturnMsg>当前商户不支持该业务代码</ReturnMsg></Response></Responsebody><Signature>10EFE8FE3205B6CD961506ABD90D0F43</Signature></Message>
2015-06-09 16:13:54,262 ERROR [main] c.ufufund.ufb.remote.HftCustService [HftBaseService.java : 76] 验签失败：serialno=20150609CC0001 responseXml=<?xml version="1.0" encoding="UTF-8" standalone="no"?><Message><Responsebody><Response xsi:type="openAccountOrgResponse" xmlns:xsi="http://www.w3.org/2001/XMLSchema-instance"><ReturnCode>SA0003</ReturnCode><ReturnMsg>当前商户不支持该业务代码</ReturnMsg></Response></Responsebody><Signature>10EFE8FE3205B6CD961506ABD90D0F43</Signature></Message>
2015-06-09 16:14:35,555 INFO [main] c.ufufund.ufb.remote.HftCustService [HftBaseService.java : 59] 请求参数：{TransactorCertType=0, MobileTelNo=15211827361, AcctNoOfInvestorInClearingAgency=6230201120021000, InstReprIDCode=441622197811056389, BusinType=openAccountOrg, InstTranCertValidDate=20180512, TransactorName=刘为, Extension=, MerchantId=00000001, EmailAddress=15211827361@163.com, InstReprIDType=0, CertValidDate=20181022, Version=1.0.0, TransactorCertNo=530923198408078324, ApplicationNo=20150609CC0001, Province=320000, CertificateNo=66251638X, FaxNo=02188592231, City=320581, ClearingAgencyCode=012, sign=F8F301CB2645504CBCE7A75BC032F15A, InstReprName=张薇, DistributorCode=223, OfficeTelNo=02188592231, PostCode=200000, Address=孙桥路, ControlHolder=张江市政府, InvestorName=孙桥小学, CertificateType=0, AcctNameOfInvestorInClearingAgency=孙桥小学}
2015-06-09 16:14:36,197 INFO [main] c.ufufund.ufb.remote.HftCustService [HftBaseService.java : 61] 响应报文：<?xml version="1.0" encoding="UTF-8" standalone="no"?><Message><Responsebody><Response><ReturnCode>SA0003</ReturnCode><ReturnMsg>当前商户不支持该业务代码</ReturnMsg></Response></Responsebody><Signature>10EFE8FE3205B6CD961506ABD90D0F43</Signature></Message>
2015-06-09 16:14:36,277 ERROR [main] c.ufufund.ufb.remote.HftCustService [HftBaseService.java : 76] 验签失败：serialno=20150609CC0001 responseXml=<?xml version="1.0" encoding="UTF-8" standalone="no"?><Message><Responsebody><Response xsi:type="openAccountOrgResponse" xmlns:xsi="http://www.w3.org/2001/XMLSchema-instance"><ReturnCode>SA0003</ReturnCode><ReturnMsg>当前商户不支持该业务代码</ReturnMsg></Response></Responsebody><Signature>10EFE8FE3205B6CD961506ABD90D0F43</Signature></Message>
2015-06-09 16:15:37,981 INFO [main] c.ufufund.ufb.remote.HftCustService [HftBaseService.java : 59] 请求参数：{TransactorCertType=0, MobileTelNo=15211827361, AcctNoOfInvestorInClearingAgency=6230201120021000, InstReprIDCode=441622197811056389, BusinType=openAccountOrg, InstTranCertValidDate=20180512, TransactorName=刘为, Extension=, MerchantId=00000001, EmailAddress=15211827361@163.com, InstReprIDType=0, CertValidDate=20181022, Version=1.0.0, TransactorCertNo=530923198408078324, ApplicationNo=20150609CC0001, Province=320000, CertificateNo=66251638X, FaxNo=02188592231, City=320581, ClearingAgencyCode=012, sign=F8F301CB2645504CBCE7A75BC032F15A, InstReprName=张薇, DistributorCode=223, OfficeTelNo=02188592231, PostCode=200000, Address=孙桥路, ControlHolder=张江市政府, InvestorName=孙桥小学, CertificateType=0, AcctNameOfInvestorInClearingAgency=孙桥小学}
2015-06-09 16:15:38,662 INFO [main] c.ufufund.ufb.remote.HftCustService [HftBaseService.java : 61] 响应报文：<?xml version="1.0" encoding="UTF-8" standalone="no"?><Message><Responsebody><Response><ReturnCode>SA0003</ReturnCode><ReturnMsg>当前商户不支持该业务代码</ReturnMsg></Response></Responsebody><Signature>10EFE8FE3205B6CD961506ABD90D0F43</Signature></Message>
2015-06-09 16:15:38,732 ERROR [main] c.ufufund.ufb.remote.HftCustService [HftBaseService.java : 76] 验签失败：serialno=20150609CC0001 responseXml=<?xml version="1.0" encoding="UTF-8" standalone="no"?><Message><Responsebody><Response xsi:type="openAccountOrgResponse" xmlns:xsi="http://www.w3.org/2001/XMLSchema-instance"><ReturnCode>SA0003</ReturnCode><ReturnMsg>当前商户不支持该业务代码</ReturnMsg></Response></Responsebody><Signature>10EFE8FE3205B6CD961506ABD90D0F43</Signature></Message>
2015-06-09 16:19:59,745 INFO [main] c.ufufund.ufb.remote.HftCustService [HftBaseService.java : 59] 请求参数：{ApplicationNo=20150411CC0001, MobileTelNo=15211827360, AcctNoOfInvestorInClearingAgency=6230201111200000, BusinType=bankSwiftAuth, CertificateNo=210304198503040045, ClearingAgencyCode=012, sign=4113B56DE2523B8215BF60F89CB6D42C, DistributorCode=223, Extension=, MerchantId=00000001, AccoreqSerial=20150410CC0002, Version=1.0.0, AcctNameOfInvestorInClearingAgency=张帆女, CertificateType=0}
2015-06-09 16:20:00,367 INFO [main] c.ufufund.ufb.remote.HftCustService [HftBaseService.java : 61] 响应报文：<?xml version="1.0" encoding="UTF-8" standalone="no"?><Message><Responsebody><Response><ApplicationNo>20150411CC0001</ApplicationNo><BusinType>bankSwiftAuth</BusinType><DistributorCode>223</DistributorCode><Extension/><MerchantId>00000001</MerchantId><OtherSerial/><ProtocolNo>201207161634223760</ProtocolNo><ReturnCode>SB0000</ReturnCode><ReturnMsg>已开户</ReturnMsg><Version>1.0.0</Version></Response></Responsebody><Signature>AE68EA00AF0955771C49D66D63CD560D</Signature></Message>
2015-06-09 16:20:00,447 INFO [main] c.ufufund.ufb.remote.HftCustService [HftBaseService.java : 79] 返回对象：BankAuthResponse [OtherSerial=, ProtocolNo=201207161634223760, toString()=AbstractResponse [Version=1.0.0, MerchantId=00000001, DistributorCode=223, BusinType=bankSwiftAuth, ApplicationNo=20150411CC0001, ReturnCode=SB0000, ReturnMsg=已开户, Extension=]]
2015-06-09 16:20:00,447 DEBUG [main] c.u.u.remote.test.HftCustServiceTest [HftCustServiceTest.java : 50] 返回对象:BankAuthResponse [OtherSerial=, ProtocolNo=201207161634223760, toString()=AbstractResponse [Version=1.0.0, MerchantId=00000001, DistributorCode=223, BusinType=bankSwiftAuth, ApplicationNo=20150411CC0001, ReturnCode=SB0000, ReturnMsg=已开户, Extension=]]
2015-06-09 16:22:44,333 INFO [main] c.u.ufb.remote.HftNotifyService [HftBaseService.java : 59] 请求参数：{sign=8CB669739B39B8ABE0B9BD14F405101F, Extension=, ApplicationNo=20150608CC0001, DistributorCode=223, AppSheetSerialNo=xxx000011111, TransactionAccountID=0001, MerchantId=00000001, BusinType=docUploadedNotify, Version=1.0.0}
2015-06-09 16:22:44,911 INFO [main] c.u.ufb.remote.HftNotifyService [HftBaseService.java : 61] 响应报文：<?xml version="1.0" encoding="UTF-8" standalone="no"?><Message><Responsebody><Response><ReturnCode>SA0003</ReturnCode><ReturnMsg>当前商户不支持该业务代码</ReturnMsg></Response></Responsebody><Signature>10EFE8FE3205B6CD961506ABD90D0F43</Signature></Message>
2015-06-09 16:22:44,991 ERROR [main] c.u.ufb.remote.HftNotifyService [HftBaseService.java : 76] 验签失败：serialno=20150608CC0001 responseXml=<?xml version="1.0" encoding="UTF-8" standalone="no"?><Message><Responsebody><Response xsi:type="notifyUploadedResponse" xmlns:xsi="http://www.w3.org/2001/XMLSchema-instance"><ReturnCode>SA0003</ReturnCode><ReturnMsg>当前商户不支持该业务代码</ReturnMsg></Response></Responsebody><Signature>10EFE8FE3205B6CD961506ABD90D0F43</Signature></Message>
2015-06-09 16:26:11,589 INFO [main] c.ufufund.ufb.remote.HftTradeService [HftBaseService.java : 59] 请求参数：{sign=759BF45730082B70852C799E2106A5B1, Extension=, ApplicationNo=20150608AA0001, DistributorCode=223, TransactionAccountID=225000006320, ShareClass=0, MerchantId=00000001, FundCode=025010, BusinType=subscribeApplyOrg, Version=1.0.0, ApplicationAmount=1000.00}
2015-06-09 16:26:12,161 INFO [main] c.ufufund.ufb.remote.HftTradeService [HftBaseService.java : 61] 响应报文：<?xml version="1.0" encoding="UTF-8" standalone="no"?><Message><Responsebody><Response><ReturnCode>SA0003</ReturnCode><ReturnMsg>当前商户不支持该业务代码</ReturnMsg></Response></Responsebody><Signature>10EFE8FE3205B6CD961506ABD90D0F43</Signature></Message>
2015-06-09 16:26:12,231 ERROR [main] c.ufufund.ufb.remote.HftTradeService [HftBaseService.java : 76] 验签失败：serialno=20150608AA0001 responseXml=<?xml version="1.0" encoding="UTF-8" standalone="no"?><Message><Responsebody><Response xsi:type="subApplyResponse" xmlns:xsi="http://www.w3.org/2001/XMLSchema-instance"><ReturnCode>SA0003</ReturnCode><ReturnMsg>当前商户不支持该业务代码</ReturnMsg></Response></Responsebody><Signature>10EFE8FE3205B6CD961506ABD90D0F43</Signature></Message>
2015-06-09 16:26:24,612 INFO [main] c.ufufund.ufb.remote.HftTradeService [HftBaseService.java : 59] 请求参数：{sign=3F5DC9A3AA47702C13AAE89C19E5E41A, Extension=, ApplicationNo=20150608AA0001, DistributorCode=223, TransactionAccountID=225000006320, ShareClass=0, MerchantId=00000001, FundCode=025010, BusinType=subscribeApply, Version=1.0.0, ApplicationAmount=1000.00}
2015-06-09 16:26:25,443 INFO [main] c.ufufund.ufb.remote.HftTradeService [HftBaseService.java : 61] 响应报文：<?xml version="1.0" encoding="UTF-8" standalone="no"?><Message><Responsebody><Response><AppSheetSerialNo/><ApplicationNo>20150608AA0001</ApplicationNo><BusinType>subscribeApply</BusinType><DistributorCode>223</DistributorCode><Extension/><MerchantId>00000001</MerchantId><ReturnCode>SB0003</ReturnCode><ReturnMsg>无效用户</ReturnMsg><TransactionDate/><Transactiontime/><Version>1.0.0</Version></Response></Responsebody><Signature>1791D61F7561DD121BA0183B42072A90</Signature></Message>
2015-06-09 16:26:25,503 INFO [main] c.ufufund.ufb.remote.HftTradeService [HftBaseService.java : 79] 返回对象：SubApplyResponse [AppSheetSerialNo=, TransactionDate=, Transactiontime=, toString()=AbstractResponse [Version=1.0.0, MerchantId=00000001, DistributorCode=223, BusinType=subscribeApply, ApplicationNo=20150608AA0001, ReturnCode=SB0003, ReturnMsg=无效用户, Extension=]]
2015-06-09 16:26:25,503 DEBUG [main] c.u.u.r.test.HftTradeServiceTest [HftTradeServiceTest.java : 61] 返回对象:SubApplyResponse [AppSheetSerialNo=, TransactionDate=, Transactiontime=, toString()=AbstractResponse [Version=1.0.0, MerchantId=00000001, DistributorCode=223, BusinType=subscribeApply, ApplicationNo=20150608AA0001, ReturnCode=SB0003, ReturnMsg=无效用户, Extension=]]
2015-06-09 16:27:17,375 INFO [main] c.ufufund.ufb.remote.HftTradeService [HftBaseService.java : 59] 请求参数：{sign=7564778E1EB4948484D8D38C4DE992F7, Extension=, ApplicationNo=20150410AA0002, DistributorCode=223, TransactionAccountID=225000006320, AutoFrozen=1, ShareClass=0, MerchantId=00000001, FundCode=025020, BusinType=buyApplyOrg, Version=1.0.0, ApplicationAmount=1000.00}
2015-06-09 16:27:17,936 INFO [main] c.ufufund.ufb.remote.HftTradeService [HftBaseService.java : 61] 响应报文：<?xml version="1.0" encoding="UTF-8" standalone="no"?><Message><Responsebody><Response><ReturnCode>SA0003</ReturnCode><ReturnMsg>当前商户不支持该业务代码</ReturnMsg></Response></Responsebody><Signature>10EFE8FE3205B6CD961506ABD90D0F43</Signature></Message>
2015-06-09 16:27:18,006 ERROR [main] c.ufufund.ufb.remote.HftTradeService [HftBaseService.java : 76] 验签失败：serialno=20150410AA0002 responseXml=<?xml version="1.0" encoding="UTF-8" standalone="no"?><Message><Responsebody><Response xsi:type="buyApplyResponse" xmlns:xsi="http://www.w3.org/2001/XMLSchema-instance"><ReturnCode>SA0003</ReturnCode><ReturnMsg>当前商户不支持该业务代码</ReturnMsg></Response></Responsebody><Signature>10EFE8FE3205B6CD961506ABD90D0F43</Signature></Message>
2015-06-09 16:27:39,839 INFO [main] c.ufufund.ufb.remote.HftTradeService [HftBaseService.java : 59] 请求参数：{sign=B78E6700D9C001D11D67B0508790D5F7, Extension=, ApplicationNo=20150410AA0006, DistributorCode=223, TransactionAccountID=225000006320, ShareClass=0, MerchantId=00000001, FundCode=025020, ApplicationVol=2000.00, BusinType=redeemApplyOrg, Version=1.0.0}
2015-06-09 16:27:40,390 INFO [main] c.ufufund.ufb.remote.HftTradeService [HftBaseService.java : 61] 响应报文：<?xml version="1.0" encoding="UTF-8" standalone="no"?><Message><Responsebody><Response><ReturnCode>SA0003</ReturnCode><ReturnMsg>当前商户不支持该业务代码</ReturnMsg></Response></Responsebody><Signature>10EFE8FE3205B6CD961506ABD90D0F43</Signature></Message>
2015-06-09 16:27:40,460 ERROR [main] c.ufufund.ufb.remote.HftTradeService [HftBaseService.java : 76] 验签失败：serialno=20150410AA0006 responseXml=<?xml version="1.0" encoding="UTF-8" standalone="no"?><Message><Responsebody><Response xsi:type="redeemResponse" xmlns:xsi="http://www.w3.org/2001/XMLSchema-instance"><ReturnCode>SA0003</ReturnCode><ReturnMsg>当前商户不支持该业务代码</ReturnMsg></Response></Responsebody><Signature>10EFE8FE3205B6CD961506ABD90D0F43</Signature></Message>
2015-06-09 16:28:08,822 INFO [main] c.ufufund.ufb.remote.HftTradeService [HftBaseService.java : 59] 请求参数：{sign=92AB8FD1D964E30879146522728A7CAD, Extension=, ApplicationNo=20150411AA0008, DistributorCode=223, TransactionAccountID=225000006320, ShareClass=0, MerchantId=00000001, FundCode=225010, ApplicationVol=2000.00, BusinType=realTimeRedeemApplyOrg, Version=1.0.0}
2015-06-09 16:28:09,413 INFO [main] c.ufufund.ufb.remote.HftTradeService [HftBaseService.java : 61] 响应报文：<?xml version="1.0" encoding="UTF-8" standalone="no"?><Message><Responsebody><Response><ReturnCode>SA0003</ReturnCode><ReturnMsg>当前商户不支持该业务代码</ReturnMsg></Response></Responsebody><Signature>10EFE8FE3205B6CD961506ABD90D0F43</Signature></Message>
2015-06-09 16:28:09,503 ERROR [main] c.ufufund.ufb.remote.HftTradeService [HftBaseService.java : 76] 验签失败：serialno=20150411AA0008 responseXml=<?xml version="1.0" encoding="UTF-8" standalone="no"?><Message><Responsebody><Response xsi:type="realRedeemResponse" xmlns:xsi="http://www.w3.org/2001/XMLSchema-instance"><ReturnCode>SA0003</ReturnCode><ReturnMsg>当前商户不支持该业务代码</ReturnMsg></Response></Responsebody><Signature>10EFE8FE3205B6CD961506ABD90D0F43</Signature></Message>
2015-06-09 16:28:45,211 INFO [main] c.ufufund.ufb.remote.HftTradeService [HftBaseService.java : 59] 请求参数：{sign=32392243555C41EEA116D333F6FE9EB1, Extension=, ApplicationNo=20150409AA0004, DistributorCode=223, TransactionAccountID=225000006320, ShareClass=0, MerchantId=00000001, FundCode=025020, ApplicationVol=1000.00, BusinType=frozenShareOrg, Version=1.0.0}
2015-06-09 16:28:45,810 INFO [main] c.ufufund.ufb.remote.HftTradeService [HftBaseService.java : 61] 响应报文：<?xml version="1.0" encoding="UTF-8" standalone="no"?><Message><Responsebody><Response><ReturnCode>SA0003</ReturnCode><ReturnMsg>当前商户不支持该业务代码</ReturnMsg></Response></Responsebody><Signature>10EFE8FE3205B6CD961506ABD90D0F43</Signature></Message>
2015-06-09 16:28:45,890 ERROR [main] c.ufufund.ufb.remote.HftTradeService [HftBaseService.java : 76] 验签失败：serialno=20150409AA0004 responseXml=<?xml version="1.0" encoding="UTF-8" standalone="no"?><Message><Responsebody><Response xsi:type="frozenResponse" xmlns:xsi="http://www.w3.org/2001/XMLSchema-instance"><ReturnCode>SA0003</ReturnCode><ReturnMsg>当前商户不支持该业务代码</ReturnMsg></Response></Responsebody><Signature>10EFE8FE3205B6CD961506ABD90D0F43</Signature></Message>
2015-06-09 16:29:12,625 INFO [main] c.ufufund.ufb.remote.HftTradeService [HftBaseService.java : 59] 请求参数：{sign=75F27026018A62A0596CD549BEE9FD2B, Extension=, ApplicationNo=20150408AA0001, DistributorCode=223, TransactionAccountID=225000006320, MerchantId=00000001, ApplicationVol=1000.00, BusinType=unfrozenShareOrg, Version=1.0.0, OriginalAppSheetNo=20150416001736}
2015-06-09 16:29:13,166 INFO [main] c.ufufund.ufb.remote.HftTradeService [HftBaseService.java : 61] 响应报文：<?xml version="1.0" encoding="UTF-8" standalone="no"?><Message><Responsebody><Response><ReturnCode>SA0003</ReturnCode><ReturnMsg>当前商户不支持该业务代码</ReturnMsg></Response></Responsebody><Signature>10EFE8FE3205B6CD961506ABD90D0F43</Signature></Message>
2015-06-09 16:29:13,236 ERROR [main] c.ufufund.ufb.remote.HftTradeService [HftBaseService.java : 76] 验签失败：serialno=20150408AA0001 responseXml=<?xml version="1.0" encoding="UTF-8" standalone="no"?><Message><Responsebody><Response xsi:type="unFrozenResponse" xmlns:xsi="http://www.w3.org/2001/XMLSchema-instance"><ReturnCode>SA0003</ReturnCode><ReturnMsg>当前商户不支持该业务代码</ReturnMsg></Response></Responsebody><Signature>10EFE8FE3205B6CD961506ABD90D0F43</Signature></Message>
2015-06-09 16:29:29,807 INFO [main] c.ufufund.ufb.remote.HftTradeService [HftBaseService.java : 59] 请求参数：{sign=5652CC552D2ECDEF7AFA95E84C0920F4, Extension=, ApplicationNo=2015041100003, DistributorCode=223, TransactionAccountID=8888, ReturnCode=, MerchantId=00000001, FundCode=888888, ApplicationVol=111111, ReturnMsg=, BusinType=swiftTransfer, Version=1.0.0}
2015-06-09 16:29:30,368 INFO [main] c.ufufund.ufb.remote.HftTradeService [HftBaseService.java : 61] 响应报文：<?xml version="1.0" encoding="UTF-8" standalone="no"?><Message><Responsebody><Response><ReturnCode>SA0003</ReturnCode><ReturnMsg>当前商户不支持该业务代码</ReturnMsg></Response></Responsebody><Signature>10EFE8FE3205B6CD961506ABD90D0F43</Signature></Message>
