2015-08-20 00:39:19,369 INFO [main] org.quartz.impl.StdSchedulerFactory [StdSchedulerFactory.java : 1184] Using default implementation for ThreadExecutor
2015-08-20 00:39:19,544 INFO [main] o.quartz.core.SchedulerSignalerImpl [SchedulerSignalerImpl.java : 61] Initialized Scheduler Signaller of type: class org.quartz.core.SchedulerSignalerImpl
2015-08-20 00:39:19,547 INFO [main] org.quartz.core.QuartzScheduler [QuartzScheduler.java : 240] Quartz Scheduler v.2.2.1 created.
2015-08-20 00:39:19,549 INFO [main] org.quartz.simpl.RAMJobStore [RAMJobStore.java : 155] RAMJobStore initialized.
2015-08-20 00:39:19,552 INFO [main] org.quartz.core.QuartzScheduler [QuartzScheduler.java : 305] Scheduler meta-data: Quartz Scheduler (v2.2.1) 'scheduler' with instanceId 'NON_CLUSTERED'
  Scheduler class: 'org.quartz.core.QuartzScheduler' - running locally.
  NOT STARTED.
  Currently in standby mode.
  Number of jobs executed: 0
  Using thread pool 'org.quartz.simpl.SimpleThreadPool' - with 10 threads.
  Using job-store 'org.quartz.simpl.RAMJobStore' - which does not support persistence. and is not clustered.

2015-08-20 00:39:19,553 INFO [main] org.quartz.impl.StdSchedulerFactory [StdSchedulerFactory.java : 1339] Quartz scheduler 'scheduler' initialized from an externally provided properties instance.
2015-08-20 00:39:19,553 INFO [main] org.quartz.impl.StdSchedulerFactory [StdSchedulerFactory.java : 1343] Quartz scheduler version: 2.2.1
2015-08-20 00:39:19,557 INFO [main] org.quartz.core.QuartzScheduler [QuartzScheduler.java : 2311] JobFactory set to: org.springframework.scheduling.quartz.AdaptableJobFactory@48e7b3d2
2015-08-20 00:39:19,582 INFO [main] org.quartz.core.QuartzScheduler [QuartzScheduler.java : 575] Scheduler scheduler_$_NON_CLUSTERED started.
2015-08-20 00:39:19,585 DEBUG [scheduler_QuartzSchedulerThread] o.quartz.core.QuartzSchedulerThread [QuartzSchedulerThread.java : 276] batch acquisition of 0 triggers
2015-08-20 00:39:20,616 DEBUG [Timer-1] org.quartz.utils.UpdateChecker [UpdateChecker.java : 54] Checking for available updated version of Quartz...
2015-08-20 00:39:20,641 DEBUG [Timer-1] org.quartz.utils.UpdateChecker [UpdateChecker.java : 49] Quartz version update check failed: www.terracotta.org
2015-08-20 00:39:26,167 WARN [1400487220@qtp-1182320432-3] o.a.v.tools.view.XMLToolboxManager [XMLToolboxManager.java : 100] XMLToolboxManager has been deprecated. Please use org.apache.velocity.tools.ToolboxFactory instead.
2015-08-20 00:39:26,167 WARN [1400487220@qtp-1182320432-3] o.a.v.t.v.s.ServletToolboxManager [ServletToolboxManager.java : 131] ServletToolboxManager has been deprecated. Please use org.apache.velocity.tools.ToolboxFactory instead.
2015-08-20 00:39:34,932 DEBUG [1400487220@qtp-1182320432-3] c.u.u.b.manager.impl.CustManagerImpl [ImplCommon.java : 31] [a5030233-dda0-4f36-aee9-92f354521df7] loginIn : LoginAction[loginCode=18616502181,loginPassword=1q2w3e,processId=[a5030233-dda0-4f36-aee9-92f354521df7] ]
2015-08-20 00:39:35,157 ERROR [1400487220@qtp-1182320432-3] c.u.m.e.h.UfuMappingExceptionResolver [UfuMappingExceptionResolver.java : 16] spring mvc error:
org.springframework.jdbc.CannotGetJdbcConnectionException: Could not get JDBC Connection; nested exception is org.apache.commons.dbcp.SQLNestedException: Cannot create PoolableConnectionFactory (Communications link failure

The last packet sent successfully to the server was 0 milliseconds ago. The driver has not received any packets from the server.)
	at org.springframework.jdbc.datasource.DataSourceUtils.getConnection(DataSourceUtils.java:80) ~[spring-jdbc-3.0.5.RELEASE.jar:3.0.5.RELEASE]
	at org.mybatis.spring.SqlSessionUtils.getSqlSession(SqlSessionUtils.java:116) ~[mybatis-spring-1.0.1.jar:1.0.1]
	at org.mybatis.spring.SqlSessionTemplate$SqlSessionInterceptor.invoke(SqlSessionTemplate.java:333) ~[mybatis-spring-1.0.1.jar:1.0.1]
	at com.sun.proxy.$Proxy10.selectOne(Unknown Source) ~[na:na]
	at org.mybatis.spring.SqlSessionTemplate.selectOne(SqlSessionTemplate.java:154) ~[mybatis-spring-1.0.1.jar:1.0.1]
	at org.apache.ibatis.binding.MapperMethod.execute(MapperMethod.java:75) ~[mybatis-3.0.5.jar:3.0.5]
	at org.apache.ibatis.binding.MapperProxy.invoke(MapperProxy.java:38) ~[mybatis-3.0.5.jar:3.0.5]
	at com.sun.proxy.$Proxy14.getCustinfo(Unknown Source) ~[na:na]
	at com.ufufund.ufb.biz.manager.impl.CustManagerImpl.loginIn(CustManagerImpl.java:190) ~[classes/:na]
	at com.ufufund.ufb.web.controller.CustController.loginIn(CustController.java:233) ~[classes/:na]
	at sun.reflect.NativeMethodAccessorImpl.invoke0(Native Method) ~[na:1.8.0_40]
	at sun.reflect.NativeMethodAccessorImpl.invoke(NativeMethodAccessorImpl.java:62) ~[na:1.8.0_40]
	at sun.reflect.DelegatingMethodAccessorImpl.invoke(DelegatingMethodAccessorImpl.java:43) ~[na:1.8.0_40]
	at java.lang.reflect.Method.invoke(Method.java:497) ~[na:1.8.0_40]
	at org.springframework.web.bind.annotation.support.HandlerMethodInvoker.invokeHandlerMethod(HandlerMethodInvoker.java:176) ~[spring-web-3.2.4.RELEASE.jar:3.2.4.RELEASE]
	at org.springframework.web.servlet.mvc.annotation.AnnotationMethodHandlerAdapter.invokeHandlerMethod(AnnotationMethodHandlerAdapter.java:440) ~[spring-webmvc-3.2.5.RELEASE.jar:3.2.5.RELEASE]
	at org.springframework.web.servlet.mvc.annotation.AnnotationMethodHandlerAdapter.handle(AnnotationMethodHandlerAdapter.java:428) ~[spring-webmvc-3.2.5.RELEASE.jar:3.2.5.RELEASE]
	at org.springframework.web.servlet.DispatcherServlet.doDispatch(DispatcherServlet.java:925) [spring-webmvc-3.2.5.RELEASE.jar:3.2.5.RELEASE]
	at org.springframework.web.servlet.DispatcherServlet.doService(DispatcherServlet.java:856) [spring-webmvc-3.2.5.RELEASE.jar:3.2.5.RELEASE]
	at org.springframework.web.servlet.FrameworkServlet.processRequest(FrameworkServlet.java:936) [spring-webmvc-3.2.5.RELEASE.jar:3.2.5.RELEASE]
	at org.springframework.web.servlet.FrameworkServlet.doPost(FrameworkServlet.java:838) [spring-webmvc-3.2.5.RELEASE.jar:3.2.5.RELEASE]
	at javax.servlet.http.HttpServlet.service(HttpServlet.java:727) [servlet-api-2.5-20081211.jar:na]
	at org.springframework.web.servlet.FrameworkServlet.service(FrameworkServlet.java:812) [spring-webmvc-3.2.5.RELEASE.jar:3.2.5.RELEASE]
	at javax.servlet.http.HttpServlet.service(HttpServlet.java:820) [servlet-api-2.5-20081211.jar:na]
	at org.mortbay.jetty.servlet.ServletHolder.handle(ServletHolder.java:511) [jetty-6.1.26.jar:6.1.26]
	at org.mortbay.jetty.servlet.ServletHandler$CachedChain.doFilter(ServletHandler.java:1221) [jetty-6.1.26.jar:6.1.26]
	at org.springframework.web.filter.CharacterEncodingFilter.doFilterInternal(CharacterEncodingFilter.java:88) [spring-web-3.2.4.RELEASE.jar:3.2.4.RELEASE]
	at org.springframework.web.filter.OncePerRequestFilter.doFilter(OncePerRequestFilter.java:107) [spring-web-3.2.4.RELEASE.jar:3.2.4.RELEASE]
	at org.mortbay.jetty.servlet.ServletHandler$CachedChain.doFilter(ServletHandler.java:1212) [jetty-6.1.26.jar:6.1.26]
	at com.ufufund.ufb.web.filter.RefreshHolderFilter.doFilter(RefreshHolderFilter.java:31) [classes/:na]
	at org.mortbay.jetty.servlet.ServletHandler$CachedChain.doFilter(ServletHandler.java:1212) [jetty-6.1.26.jar:6.1.26]
	at com.ufufund.ufb.web.filter.ServletHolderFilter.doFilter(ServletHolderFilter.java:26) [classes/:na]
	at org.mortbay.jetty.servlet.ServletHandler$CachedChain.doFilter(ServletHandler.java:1212) [jetty-6.1.26.jar:6.1.26]
	at org.mortbay.jetty.servlet.ServletHandler.handle(ServletHandler.java:399) [jetty-6.1.26.jar:6.1.26]
	at org.mortbay.jetty.security.SecurityHandler.handle(SecurityHandler.java:216) [jetty-6.1.26.jar:6.1.26]
	at org.mortbay.jetty.servlet.SessionHandler.handle(SessionHandler.java:182) [jetty-6.1.26.jar:6.1.26]
	at org.mortbay.jetty.handler.ContextHandler.handle(ContextHandler.java:766) [jetty-6.1.26.jar:6.1.26]
	at org.mortbay.jetty.webapp.WebAppContext.handle(WebAppContext.java:450) [jetty-6.1.26.jar:6.1.26]
	at org.mortbay.jetty.handler.HandlerWrapper.handle(HandlerWrapper.java:152) [jetty-6.1.26.jar:6.1.26]
	at org.mortbay.jetty.Server.handle(Server.java:326) [jetty-6.1.26.jar:6.1.26]
	at org.mortbay.jetty.HttpConnection.handleRequest(HttpConnection.java:542) [jetty-6.1.26.jar:6.1.26]
	at org.mortbay.jetty.HttpConnection$RequestHandler.content(HttpConnection.java:945) [jetty-6.1.26.jar:6.1.26]
	at org.mortbay.jetty.HttpParser.parseNext(HttpParser.java:756) [jetty-6.1.26.jar:6.1.26]
	at org.mortbay.jetty.HttpParser.parseAvailable(HttpParser.java:218) [jetty-6.1.26.jar:6.1.26]
	at org.mortbay.jetty.HttpConnection.handle(HttpConnection.java:404) [jetty-6.1.26.jar:6.1.26]
	at org.mortbay.io.nio.SelectChannelEndPoint.run(SelectChannelEndPoint.java:410) [jetty-6.1.26.jar:6.1.26]
	at org.mortbay.thread.QueuedThreadPool$PoolThread.run(QueuedThreadPool.java:582) [jetty-util-6.1.26.jar:6.1.26]
Caused by: org.apache.commons.dbcp.SQLNestedException: Cannot create PoolableConnectionFactory (Communications link failure

The last packet sent successfully to the server was 0 milliseconds ago. The driver has not received any packets from the server.)
	at org.apache.commons.dbcp.BasicDataSource.createPoolableConnectionFactory(BasicDataSource.java:1549) ~[commons-dbcp-1.4.jar:1.4]
	at org.apache.commons.dbcp.BasicDataSource.createDataSource(BasicDataSource.java:1388) ~[commons-dbcp-1.4.jar:1.4]
	at org.apache.commons.dbcp.BasicDataSource.getConnection(BasicDataSource.java:1044) ~[commons-dbcp-1.4.jar:1.4]
	at org.springframework.jdbc.datasource.DataSourceUtils.doGetConnection(DataSourceUtils.java:111) ~[spring-jdbc-3.0.5.RELEASE.jar:3.0.5.RELEASE]
	at org.springframework.jdbc.datasource.DataSourceUtils.getConnection(DataSourceUtils.java:77) ~[spring-jdbc-3.0.5.RELEASE.jar:3.0.5.RELEASE]
	... 46 common frames omitted
Caused by: com.mysql.jdbc.exceptions.jdbc4.CommunicationsException: Communications link failure

The last packet sent successfully to the server was 0 milliseconds ago. The driver has not received any packets from the server.
	at sun.reflect.NativeConstructorAccessorImpl.newInstance0(Native Method) ~[na:1.8.0_40]
	at sun.reflect.NativeConstructorAccessorImpl.newInstance(NativeConstructorAccessorImpl.java:62) ~[na:1.8.0_40]
	at sun.reflect.DelegatingConstructorAccessorImpl.newInstance(DelegatingConstructorAccessorImpl.java:45) ~[na:1.8.0_40]
	at java.lang.reflect.Constructor.newInstance(Constructor.java:422) ~[na:1.8.0_40]
	at com.mysql.jdbc.Util.handleNewInstance(Util.java:377) ~[mysql-connector-java-5.1.34.jar:5.1.34]
	at com.mysql.jdbc.SQLError.createCommunicationsException(SQLError.java:1036) ~[mysql-connector-java-5.1.34.jar:5.1.34]
	at com.mysql.jdbc.MysqlIO.<init>(MysqlIO.java:338) ~[mysql-connector-java-5.1.34.jar:5.1.34]
	at com.mysql.jdbc.ConnectionImpl.coreConnect(ConnectionImpl.java:2232) ~[mysql-connector-java-5.1.34.jar:5.1.34]
	at com.mysql.jdbc.ConnectionImpl.connectOneTryOnly(ConnectionImpl.java:2265) ~[mysql-connector-java-5.1.34.jar:5.1.34]
	at com.mysql.jdbc.ConnectionImpl.createNewIO(ConnectionImpl.java:2064) ~[mysql-connector-java-5.1.34.jar:5.1.34]
	at com.mysql.jdbc.ConnectionImpl.<init>(ConnectionImpl.java:790) ~[mysql-connector-java-5.1.34.jar:5.1.34]
	at com.mysql.jdbc.JDBC4Connection.<init>(JDBC4Connection.java:44) ~[mysql-connector-java-5.1.34.jar:5.1.34]
	at sun.reflect.NativeConstructorAccessorImpl.newInstance0(Native Method) ~[na:1.8.0_40]
	at sun.reflect.NativeConstructorAccessorImpl.newInstance(NativeConstructorAccessorImpl.java:62) ~[na:1.8.0_40]
	at sun.reflect.DelegatingConstructorAccessorImpl.newInstance(DelegatingConstructorAccessorImpl.java:45) ~[na:1.8.0_40]
	at java.lang.reflect.Constructor.newInstance(Constructor.java:422) ~[na:1.8.0_40]
	at com.mysql.jdbc.Util.handleNewInstance(Util.java:377) ~[mysql-connector-java-5.1.34.jar:5.1.34]
	at com.mysql.jdbc.ConnectionImpl.getInstance(ConnectionImpl.java:395) ~[mysql-connector-java-5.1.34.jar:5.1.34]
	at com.mysql.jdbc.NonRegisteringDriver.connect(NonRegisteringDriver.java:325) ~[mysql-connector-java-5.1.34.jar:5.1.34]
	at org.apache.commons.dbcp.DriverConnectionFactory.createConnection(DriverConnectionFactory.java:38) ~[commons-dbcp-1.4.jar:1.4]
	at org.apache.commons.dbcp.PoolableConnectionFactory.makeObject(PoolableConnectionFactory.java:582) ~[commons-dbcp-1.4.jar:1.4]
	at org.apache.commons.dbcp.BasicDataSource.validateConnectionFactory(BasicDataSource.java:1556) ~[commons-dbcp-1.4.jar:1.4]
	at org.apache.commons.dbcp.BasicDataSource.createPoolableConnectionFactory(BasicDataSource.java:1545) ~[commons-dbcp-1.4.jar:1.4]
	... 50 common frames omitted
Caused by: java.net.UnknownHostException: ufufund001.mysql.rds.aliyuncs.com: unknown error
	at java.net.Inet6AddressImpl.lookupAllHostAddr(Native Method) ~[na:1.8.0_40]
	at java.net.InetAddress$2.lookupAllHostAddr(InetAddress.java:907) ~[na:1.8.0_40]
	at java.net.InetAddress.getAddressesFromNameService(InetAddress.java:1302) ~[na:1.8.0_40]
	at java.net.InetAddress.getAllByName0(InetAddress.java:1255) ~[na:1.8.0_40]
	at java.net.InetAddress.getAllByName(InetAddress.java:1171) ~[na:1.8.0_40]
	at java.net.InetAddress.getAllByName(InetAddress.java:1105) ~[na:1.8.0_40]
	at com.mysql.jdbc.StandardSocketFactory.connect(StandardSocketFactory.java:190) ~[mysql-connector-java-5.1.34.jar:5.1.34]
	at com.mysql.jdbc.MysqlIO.<init>(MysqlIO.java:297) ~[mysql-connector-java-5.1.34.jar:5.1.34]
	... 66 common frames omitted
