2015-08-13 10:42:04,998 WARN [214074868@qtp-1182320432-0] o.a.v.tools.view.XMLToolboxManager [XMLToolboxManager.java : 100] XMLToolboxManager has been deprecated. Please use org.apache.velocity.tools.ToolboxFactory instead.
2015-08-13 10:42:05,031 WARN [214074868@qtp-1182320432-0] o.a.v.t.v.s.ServletToolboxManager [ServletToolboxManager.java : 131] ServletToolboxManager has been deprecated. Please use org.apache.velocity.tools.ToolboxFactory instead.
2015-08-13 10:42:14,829 DEBUG [970923270@qtp-1182320432-5] c.u.u.b.manager.impl.CustManagerImpl [ImplCommon.java : 31] [ddd07a71-a847-48f1-a8bd-4fdc23918a99] loginIn : LoginAction[loginCode=15821448967,loginPassword=123456qwert,processId=[ddd07a71-a847-48f1-a8bd-4fdc23918a99] ]
2015-08-13 10:42:18,334 DEBUG [970923270@qtp-1182320432-5] c.u.u.b.manager.impl.CustManagerImpl [ImplCommon.java : 31] [fddcb122-91bd-4eee-910a-ab5ef08e5f6e] loginIn : LoginAction[loginCode=<null>,loginPassword=<null>,processId=[fddcb122-91bd-4eee-910a-ab5ef08e5f6e] ]
2015-08-13 10:42:18,443 DEBUG [970923270@qtp-1182320432-5] AppException [AppException.java : 90] [fddcb122-91bd-4eee-910a-ab5ef08e5f6e]  errcode :NECESSARY_EMPTY errmsg :登录账号不能为空
2015-08-13 10:42:18,457 ERROR [970923270@qtp-1182320432-5] c.u.u.web.controller.CustController [CustController.java : 277] 登录账号不能为空
com.ufufund.ufb.biz.exception.BizException: 登录账号不能为空
	at com.ufufund.ufb.biz.manager.impl.validator.CustManagerValidator.validator(CustManagerValidator.java:34) ~[classes/:na]
	at com.ufufund.ufb.biz.manager.impl.CustManagerImpl.loginIn(CustManagerImpl.java:171) ~[classes/:na]
	at com.ufufund.ufb.web.controller.CustController.loginIn(CustController.java:231) ~[classes/:na]
	at sun.reflect.NativeMethodAccessorImpl.invoke0(Native Method) ~[na:1.8.0_40]
	at sun.reflect.NativeMethodAccessorImpl.invoke(NativeMethodAccessorImpl.java:62) ~[na:1.8.0_40]
	at sun.reflect.DelegatingMethodAccessorImpl.invoke(DelegatingMethodAccessorImpl.java:43) ~[na:1.8.0_40]
	at java.lang.reflect.Method.invoke(Method.java:497) ~[na:1.8.0_40]
	at org.springframework.web.bind.annotation.support.HandlerMethodInvoker.invokeHandlerMethod(HandlerMethodInvoker.java:176) [spring-web-3.2.4.RELEASE.jar:3.2.4.RELEASE]
	at org.springframework.web.servlet.mvc.annotation.AnnotationMethodHandlerAdapter.invokeHandlerMethod(AnnotationMethodHandlerAdapter.java:440) [spring-webmvc-3.2.5.RELEASE.jar:3.2.5.RELEASE]
	at org.springframework.web.servlet.mvc.annotation.AnnotationMethodHandlerAdapter.handle(AnnotationMethodHandlerAdapter.java:428) [spring-webmvc-3.2.5.RELEASE.jar:3.2.5.RELEASE]
	at org.springframework.web.servlet.DispatcherServlet.doDispatch(DispatcherServlet.java:925) [spring-webmvc-3.2.5.RELEASE.jar:3.2.5.RELEASE]
	at org.springframework.web.servlet.DispatcherServlet.doService(DispatcherServlet.java:856) [spring-webmvc-3.2.5.RELEASE.jar:3.2.5.RELEASE]
	at org.springframework.web.servlet.FrameworkServlet.processRequest(FrameworkServlet.java:936) [spring-webmvc-3.2.5.RELEASE.jar:3.2.5.RELEASE]
	at org.springframework.web.servlet.FrameworkServlet.doGet(FrameworkServlet.java:827) [spring-webmvc-3.2.5.RELEASE.jar:3.2.5.RELEASE]
	at javax.servlet.http.HttpServlet.service(HttpServlet.java:707) [servlet-api-2.5-20081211.jar:na]
	at org.springframework.web.servlet.FrameworkServlet.service(FrameworkServlet.java:812) [spring-webmvc-3.2.5.RELEASE.jar:3.2.5.RELEASE]
	at javax.servlet.http.HttpServlet.service(HttpServlet.java:820) [servlet-api-2.5-20081211.jar:na]
	at org.mortbay.jetty.servlet.ServletHolder.handle(ServletHolder.java:511) [jetty-6.1.26.jar:6.1.26]
	at org.mortbay.jetty.servlet.ServletHandler$CachedChain.doFilter(ServletHandler.java:1221) [jetty-6.1.26.jar:6.1.26]
	at org.springframework.web.filter.CharacterEncodingFilter.doFilterInternal(CharacterEncodingFilter.java:88) [spring-web-3.2.4.RELEASE.jar:3.2.4.RELEASE]
	at org.springframework.web.filter.OncePerRequestFilter.doFilter(OncePerRequestFilter.java:107) [spring-web-3.2.4.RELEASE.jar:3.2.4.RELEASE]
	at org.mortbay.jetty.servlet.ServletHandler$CachedChain.doFilter(ServletHandler.java:1212) [jetty-6.1.26.jar:6.1.26]
	at com.ufufund.ufb.web.filter.RefreshHolderFilter.doFilter(RefreshHolderFilter.java:31) [classes/:na]
	at org.mortbay.jetty.servlet.ServletHandler$CachedChain.doFilter(ServletHandler.java:1212) [jetty-6.1.26.jar:6.1.26]
	at com.ufufund.ufb.web.filter.ServletHolderFilter.doFilter(ServletHolderFilter.java:26) [classes/:na]
	at org.mortbay.jetty.servlet.ServletHandler$CachedChain.doFilter(ServletHandler.java:1212) [jetty-6.1.26.jar:6.1.26]
	at org.mortbay.jetty.servlet.ServletHandler.handle(ServletHandler.java:399) [jetty-6.1.26.jar:6.1.26]
	at org.mortbay.jetty.security.SecurityHandler.handle(SecurityHandler.java:216) [jetty-6.1.26.jar:6.1.26]
	at org.mortbay.jetty.servlet.SessionHandler.handle(SessionHandler.java:182) [jetty-6.1.26.jar:6.1.26]
	at org.mortbay.jetty.handler.ContextHandler.handle(ContextHandler.java:766) [jetty-6.1.26.jar:6.1.26]
	at org.mortbay.jetty.webapp.WebAppContext.handle(WebAppContext.java:450) [jetty-6.1.26.jar:6.1.26]
	at org.mortbay.jetty.handler.HandlerWrapper.handle(HandlerWrapper.java:152) [jetty-6.1.26.jar:6.1.26]
	at org.mortbay.jetty.Server.handle(Server.java:326) [jetty-6.1.26.jar:6.1.26]
	at org.mortbay.jetty.HttpConnection.handleRequest(HttpConnection.java:542) [jetty-6.1.26.jar:6.1.26]
	at org.mortbay.jetty.HttpConnection$RequestHandler.headerComplete(HttpConnection.java:928) [jetty-6.1.26.jar:6.1.26]
	at org.mortbay.jetty.HttpParser.parseNext(HttpParser.java:549) [jetty-6.1.26.jar:6.1.26]
	at org.mortbay.jetty.HttpParser.parseAvailable(HttpParser.java:212) [jetty-6.1.26.jar:6.1.26]
	at org.mortbay.jetty.HttpConnection.handle(HttpConnection.java:404) [jetty-6.1.26.jar:6.1.26]
	at org.mortbay.io.nio.SelectChannelEndPoint.run(SelectChannelEndPoint.java:410) [jetty-6.1.26.jar:6.1.26]
	at org.mortbay.thread.QueuedThreadPool$PoolThread.run(QueuedThreadPool.java:582) [jetty-util-6.1.26.jar:6.1.26]
2015-08-13 14:26:20,682 WARN [214074868@qtp-1182320432-0] o.a.v.tools.view.XMLToolboxManager [XMLToolboxManager.java : 100] XMLToolboxManager has been deprecated. Please use org.apache.velocity.tools.ToolboxFactory instead.
2015-08-13 14:26:20,688 WARN [214074868@qtp-1182320432-0] o.a.v.t.v.s.ServletToolboxManager [ServletToolboxManager.java : 131] ServletToolboxManager has been deprecated. Please use org.apache.velocity.tools.ToolboxFactory instead.
2015-08-13 14:26:24,899 DEBUG [499100135@qtp-1182320432-4] c.u.u.b.manager.impl.CustManagerImpl [ImplCommon.java : 31] [ab55c5a2-0f1b-4c3d-91c1-099841958830] loginIn : LoginAction[loginCode=18616502181,loginPassword=1q2w3e,processId=[ab55c5a2-0f1b-4c3d-91c1-099841958830] ]
2015-08-13 14:26:27,044 DEBUG [499100135@qtp-1182320432-4] c.u.u.b.manager.impl.CustManagerImpl [ImplCommon.java : 31] [ea9b5cc3-19b1-4c8e-9a37-6f46d57d6b38] loginIn : LoginAction[loginCode=<null>,loginPassword=<null>,processId=[ea9b5cc3-19b1-4c8e-9a37-6f46d57d6b38] ]
2015-08-13 14:26:27,127 DEBUG [499100135@qtp-1182320432-4] AppException [AppException.java : 90] [ea9b5cc3-19b1-4c8e-9a37-6f46d57d6b38]  errcode :NECESSARY_EMPTY errmsg :登录账号不能为空
2015-08-13 14:26:27,137 ERROR [499100135@qtp-1182320432-4] c.u.u.web.controller.CustController [CustController.java : 277] 登录账号不能为空
com.ufufund.ufb.biz.exception.BizException: 登录账号不能为空
	at com.ufufund.ufb.biz.manager.impl.validator.CustManagerValidator.validator(CustManagerValidator.java:34) ~[classes/:na]
	at com.ufufund.ufb.biz.manager.impl.CustManagerImpl.loginIn(CustManagerImpl.java:171) ~[classes/:na]
	at com.ufufund.ufb.web.controller.CustController.loginIn(CustController.java:231) ~[classes/:na]
	at sun.reflect.NativeMethodAccessorImpl.invoke0(Native Method) ~[na:1.8.0_40]
	at sun.reflect.NativeMethodAccessorImpl.invoke(NativeMethodAccessorImpl.java:62) ~[na:1.8.0_40]
	at sun.reflect.DelegatingMethodAccessorImpl.invoke(DelegatingMethodAccessorImpl.java:43) ~[na:1.8.0_40]
	at java.lang.reflect.Method.invoke(Method.java:497) ~[na:1.8.0_40]
	at org.springframework.web.bind.annotation.support.HandlerMethodInvoker.invokeHandlerMethod(HandlerMethodInvoker.java:176) [spring-web-3.2.4.RELEASE.jar:3.2.4.RELEASE]
	at org.springframework.web.servlet.mvc.annotation.AnnotationMethodHandlerAdapter.invokeHandlerMethod(AnnotationMethodHandlerAdapter.java:440) [spring-webmvc-3.2.5.RELEASE.jar:3.2.5.RELEASE]
	at org.springframework.web.servlet.mvc.annotation.AnnotationMethodHandlerAdapter.handle(AnnotationMethodHandlerAdapter.java:428) [spring-webmvc-3.2.5.RELEASE.jar:3.2.5.RELEASE]
	at org.springframework.web.servlet.DispatcherServlet.doDispatch(DispatcherServlet.java:925) [spring-webmvc-3.2.5.RELEASE.jar:3.2.5.RELEASE]
	at org.springframework.web.servlet.DispatcherServlet.doService(DispatcherServlet.java:856) [spring-webmvc-3.2.5.RELEASE.jar:3.2.5.RELEASE]
	at org.springframework.web.servlet.FrameworkServlet.processRequest(FrameworkServlet.java:936) [spring-webmvc-3.2.5.RELEASE.jar:3.2.5.RELEASE]
	at org.springframework.web.servlet.FrameworkServlet.doGet(FrameworkServlet.java:827) [spring-webmvc-3.2.5.RELEASE.jar:3.2.5.RELEASE]
	at javax.servlet.http.HttpServlet.service(HttpServlet.java:707) [servlet-api-2.5-20081211.jar:na]
	at org.springframework.web.servlet.FrameworkServlet.service(FrameworkServlet.java:812) [spring-webmvc-3.2.5.RELEASE.jar:3.2.5.RELEASE]
	at javax.servlet.http.HttpServlet.service(HttpServlet.java:820) [servlet-api-2.5-20081211.jar:na]
	at org.mortbay.jetty.servlet.ServletHolder.handle(ServletHolder.java:511) [jetty-6.1.26.jar:6.1.26]
	at org.mortbay.jetty.servlet.ServletHandler$CachedChain.doFilter(ServletHandler.java:1221) [jetty-6.1.26.jar:6.1.26]
	at org.springframework.web.filter.CharacterEncodingFilter.doFilterInternal(CharacterEncodingFilter.java:88) [spring-web-3.2.4.RELEASE.jar:3.2.4.RELEASE]
	at org.springframework.web.filter.OncePerRequestFilter.doFilter(OncePerRequestFilter.java:107) [spring-web-3.2.4.RELEASE.jar:3.2.4.RELEASE]
	at org.mortbay.jetty.servlet.ServletHandler$CachedChain.doFilter(ServletHandler.java:1212) [jetty-6.1.26.jar:6.1.26]
	at com.ufufund.ufb.web.filter.RefreshHolderFilter.doFilter(RefreshHolderFilter.java:31) [classes/:na]
	at org.mortbay.jetty.servlet.ServletHandler$CachedChain.doFilter(ServletHandler.java:1212) [jetty-6.1.26.jar:6.1.26]
	at com.ufufund.ufb.web.filter.ServletHolderFilter.doFilter(ServletHolderFilter.java:26) [classes/:na]
	at org.mortbay.jetty.servlet.ServletHandler$CachedChain.doFilter(ServletHandler.java:1212) [jetty-6.1.26.jar:6.1.26]
	at org.mortbay.jetty.servlet.ServletHandler.handle(ServletHandler.java:399) [jetty-6.1.26.jar:6.1.26]
	at org.mortbay.jetty.security.SecurityHandler.handle(SecurityHandler.java:216) [jetty-6.1.26.jar:6.1.26]
	at org.mortbay.jetty.servlet.SessionHandler.handle(SessionHandler.java:182) [jetty-6.1.26.jar:6.1.26]
	at org.mortbay.jetty.handler.ContextHandler.handle(ContextHandler.java:766) [jetty-6.1.26.jar:6.1.26]
	at org.mortbay.jetty.webapp.WebAppContext.handle(WebAppContext.java:450) [jetty-6.1.26.jar:6.1.26]
	at org.mortbay.jetty.handler.HandlerWrapper.handle(HandlerWrapper.java:152) [jetty-6.1.26.jar:6.1.26]
	at org.mortbay.jetty.Server.handle(Server.java:326) [jetty-6.1.26.jar:6.1.26]
	at org.mortbay.jetty.HttpConnection.handleRequest(HttpConnection.java:542) [jetty-6.1.26.jar:6.1.26]
	at org.mortbay.jetty.HttpConnection$RequestHandler.headerComplete(HttpConnection.java:928) [jetty-6.1.26.jar:6.1.26]
	at org.mortbay.jetty.HttpParser.parseNext(HttpParser.java:549) [jetty-6.1.26.jar:6.1.26]
	at org.mortbay.jetty.HttpParser.parseAvailable(HttpParser.java:212) [jetty-6.1.26.jar:6.1.26]
	at org.mortbay.jetty.HttpConnection.handle(HttpConnection.java:404) [jetty-6.1.26.jar:6.1.26]
	at org.mortbay.io.nio.SelectChannelEndPoint.run(SelectChannelEndPoint.java:410) [jetty-6.1.26.jar:6.1.26]
	at org.mortbay.thread.QueuedThreadPool$PoolThread.run(QueuedThreadPool.java:582) [jetty-util-6.1.26.jar:6.1.26]
2015-08-13 15:56:28,811 WARN [214074868@qtp-1182320432-0] o.a.v.tools.view.XMLToolboxManager [XMLToolboxManager.java : 100] XMLToolboxManager has been deprecated. Please use org.apache.velocity.tools.ToolboxFactory instead.
2015-08-13 15:56:28,816 WARN [214074868@qtp-1182320432-0] o.a.v.t.v.s.ServletToolboxManager [ServletToolboxManager.java : 131] ServletToolboxManager has been deprecated. Please use org.apache.velocity.tools.ToolboxFactory instead.
2015-08-13 15:56:33,954 DEBUG [214074868@qtp-1182320432-0] c.u.u.b.manager.impl.CustManagerImpl [ImplCommon.java : 31] [396bfcdb-6f0f-4df5-9eaf-01cc21808fde] loginIn : LoginAction[loginCode=18616502181,loginPassword=1q2w3e,processId=[396bfcdb-6f0f-4df5-9eaf-01cc21808fde] ]
2015-08-13 15:56:40,396 DEBUG [970923270@qtp-1182320432-5] c.u.u.b.manager.impl.CustManagerImpl [ImplCommon.java : 31] [d4167345-593f-4031-b3ea-5615c02f6415] loginIn : LoginAction[loginCode=<null>,loginPassword=<null>,processId=[d4167345-593f-4031-b3ea-5615c02f6415] ]
2015-08-13 15:56:40,448 DEBUG [970923270@qtp-1182320432-5] AppException [AppException.java : 90] [d4167345-593f-4031-b3ea-5615c02f6415]  errcode :NECESSARY_EMPTY errmsg :登录账号不能为空
2015-08-13 15:56:40,478 ERROR [970923270@qtp-1182320432-5] c.u.u.web.controller.CustController [CustController.java : 277] 登录账号不能为空
com.ufufund.ufb.biz.exception.BizException: 登录账号不能为空
	at com.ufufund.ufb.biz.manager.impl.validator.CustManagerValidator.validator(CustManagerValidator.java:34) ~[classes/:na]
	at com.ufufund.ufb.biz.manager.impl.CustManagerImpl.loginIn(CustManagerImpl.java:171) ~[classes/:na]
	at com.ufufund.ufb.web.controller.CustController.loginIn(CustController.java:231) ~[classes/:na]
	at sun.reflect.NativeMethodAccessorImpl.invoke0(Native Method) ~[na:1.8.0_40]
	at sun.reflect.NativeMethodAccessorImpl.invoke(NativeMethodAccessorImpl.java:62) ~[na:1.8.0_40]
	at sun.reflect.DelegatingMethodAccessorImpl.invoke(DelegatingMethodAccessorImpl.java:43) ~[na:1.8.0_40]
	at java.lang.reflect.Method.invoke(Method.java:497) ~[na:1.8.0_40]
	at org.springframework.web.bind.annotation.support.HandlerMethodInvoker.invokeHandlerMethod(HandlerMethodInvoker.java:176) [spring-web-3.2.4.RELEASE.jar:3.2.4.RELEASE]
	at org.springframework.web.servlet.mvc.annotation.AnnotationMethodHandlerAdapter.invokeHandlerMethod(AnnotationMethodHandlerAdapter.java:440) [spring-webmvc-3.2.5.RELEASE.jar:3.2.5.RELEASE]
	at org.springframework.web.servlet.mvc.annotation.AnnotationMethodHandlerAdapter.handle(AnnotationMethodHandlerAdapter.java:428) [spring-webmvc-3.2.5.RELEASE.jar:3.2.5.RELEASE]
	at org.springframework.web.servlet.DispatcherServlet.doDispatch(DispatcherServlet.java:925) [spring-webmvc-3.2.5.RELEASE.jar:3.2.5.RELEASE]
	at org.springframework.web.servlet.DispatcherServlet.doService(DispatcherServlet.java:856) [spring-webmvc-3.2.5.RELEASE.jar:3.2.5.RELEASE]
	at org.springframework.web.servlet.FrameworkServlet.processRequest(FrameworkServlet.java:936) [spring-webmvc-3.2.5.RELEASE.jar:3.2.5.RELEASE]
	at org.springframework.web.servlet.FrameworkServlet.doGet(FrameworkServlet.java:827) [spring-webmvc-3.2.5.RELEASE.jar:3.2.5.RELEASE]
	at javax.servlet.http.HttpServlet.service(HttpServlet.java:707) [servlet-api-2.5-20081211.jar:na]
	at org.springframework.web.servlet.FrameworkServlet.service(FrameworkServlet.java:812) [spring-webmvc-3.2.5.RELEASE.jar:3.2.5.RELEASE]
	at javax.servlet.http.HttpServlet.service(HttpServlet.java:820) [servlet-api-2.5-20081211.jar:na]
	at org.mortbay.jetty.servlet.ServletHolder.handle(ServletHolder.java:511) [jetty-6.1.26.jar:6.1.26]
	at org.mortbay.jetty.servlet.ServletHandler$CachedChain.doFilter(ServletHandler.java:1221) [jetty-6.1.26.jar:6.1.26]
	at org.springframework.web.filter.CharacterEncodingFilter.doFilterInternal(CharacterEncodingFilter.java:88) [spring-web-3.2.4.RELEASE.jar:3.2.4.RELEASE]
	at org.springframework.web.filter.OncePerRequestFilter.doFilter(OncePerRequestFilter.java:107) [spring-web-3.2.4.RELEASE.jar:3.2.4.RELEASE]
	at org.mortbay.jetty.servlet.ServletHandler$CachedChain.doFilter(ServletHandler.java:1212) [jetty-6.1.26.jar:6.1.26]
	at com.ufufund.ufb.web.filter.RefreshHolderFilter.doFilter(RefreshHolderFilter.java:31) [classes/:na]
	at org.mortbay.jetty.servlet.ServletHandler$CachedChain.doFilter(ServletHandler.java:1212) [jetty-6.1.26.jar:6.1.26]
	at com.ufufund.ufb.web.filter.ServletHolderFilter.doFilter(ServletHolderFilter.java:26) [classes/:na]
	at org.mortbay.jetty.servlet.ServletHandler$CachedChain.doFilter(ServletHandler.java:1212) [jetty-6.1.26.jar:6.1.26]
	at org.mortbay.jetty.servlet.ServletHandler.handle(ServletHandler.java:399) [jetty-6.1.26.jar:6.1.26]
	at org.mortbay.jetty.security.SecurityHandler.handle(SecurityHandler.java:216) [jetty-6.1.26.jar:6.1.26]
	at org.mortbay.jetty.servlet.SessionHandler.handle(SessionHandler.java:182) [jetty-6.1.26.jar:6.1.26]
	at org.mortbay.jetty.handler.ContextHandler.handle(ContextHandler.java:766) [jetty-6.1.26.jar:6.1.26]
	at org.mortbay.jetty.webapp.WebAppContext.handle(WebAppContext.java:450) [jetty-6.1.26.jar:6.1.26]
	at org.mortbay.jetty.handler.HandlerWrapper.handle(HandlerWrapper.java:152) [jetty-6.1.26.jar:6.1.26]
	at org.mortbay.jetty.Server.handle(Server.java:326) [jetty-6.1.26.jar:6.1.26]
	at org.mortbay.jetty.HttpConnection.handleRequest(HttpConnection.java:542) [jetty-6.1.26.jar:6.1.26]
	at org.mortbay.jetty.HttpConnection$RequestHandler.headerComplete(HttpConnection.java:928) [jetty-6.1.26.jar:6.1.26]
	at org.mortbay.jetty.HttpParser.parseNext(HttpParser.java:549) [jetty-6.1.26.jar:6.1.26]
	at org.mortbay.jetty.HttpParser.parseAvailable(HttpParser.java:212) [jetty-6.1.26.jar:6.1.26]
	at org.mortbay.jetty.HttpConnection.handle(HttpConnection.java:404) [jetty-6.1.26.jar:6.1.26]
	at org.mortbay.io.nio.SelectChannelEndPoint.run(SelectChannelEndPoint.java:410) [jetty-6.1.26.jar:6.1.26]
	at org.mortbay.thread.QueuedThreadPool$PoolThread.run(QueuedThreadPool.java:582) [jetty-util-6.1.26.jar:6.1.26]
2015-08-13 16:34:35,592 DEBUG [1422058652@qtp-1182320432-24] c.u.u.b.manager.impl.CustManagerImpl [ImplCommon.java : 31] [ebf434a8-a743-4771-835a-31a48541fdad] loginIn : LoginAction[loginCode=18616502181,loginPassword=1q2w3e,processId=[ebf434a8-a743-4771-835a-31a48541fdad] ]
2015-08-13 16:34:35,895 DEBUG [1422058652@qtp-1182320432-24] c.u.u.b.manager.impl.CustManagerImpl [ImplCommon.java : 31] [7f53788f-7fbf-4941-a814-b432f719a94a] loginIn : LoginAction[loginCode=<null>,loginPassword=<null>,processId=[7f53788f-7fbf-4941-a814-b432f719a94a] ]
2015-08-13 16:34:35,896 DEBUG [1422058652@qtp-1182320432-24] AppException [AppException.java : 90] [7f53788f-7fbf-4941-a814-b432f719a94a]  errcode :NECESSARY_EMPTY errmsg :登录账号不能为空
2015-08-13 16:34:35,902 ERROR [1422058652@qtp-1182320432-24] c.u.u.web.controller.CustController [CustController.java : 277] 登录账号不能为空
com.ufufund.ufb.biz.exception.BizException: 登录账号不能为空
	at com.ufufund.ufb.biz.manager.impl.validator.CustManagerValidator.validator(CustManagerValidator.java:34) ~[classes/:na]
	at com.ufufund.ufb.biz.manager.impl.CustManagerImpl.loginIn(CustManagerImpl.java:171) ~[classes/:na]
	at com.ufufund.ufb.web.controller.CustController.loginIn(CustController.java:231) ~[classes/:na]
	at sun.reflect.NativeMethodAccessorImpl.invoke0(Native Method) ~[na:1.8.0_40]
	at sun.reflect.NativeMethodAccessorImpl.invoke(NativeMethodAccessorImpl.java:62) ~[na:1.8.0_40]
	at sun.reflect.DelegatingMethodAccessorImpl.invoke(DelegatingMethodAccessorImpl.java:43) ~[na:1.8.0_40]
	at java.lang.reflect.Method.invoke(Method.java:497) ~[na:1.8.0_40]
	at org.springframework.web.bind.annotation.support.HandlerMethodInvoker.invokeHandlerMethod(HandlerMethodInvoker.java:176) [spring-web-3.2.4.RELEASE.jar:3.2.4.RELEASE]
	at org.springframework.web.servlet.mvc.annotation.AnnotationMethodHandlerAdapter.invokeHandlerMethod(AnnotationMethodHandlerAdapter.java:440) [spring-webmvc-3.2.5.RELEASE.jar:3.2.5.RELEASE]
	at org.springframework.web.servlet.mvc.annotation.AnnotationMethodHandlerAdapter.handle(AnnotationMethodHandlerAdapter.java:428) [spring-webmvc-3.2.5.RELEASE.jar:3.2.5.RELEASE]
	at org.springframework.web.servlet.DispatcherServlet.doDispatch(DispatcherServlet.java:925) [spring-webmvc-3.2.5.RELEASE.jar:3.2.5.RELEASE]
	at org.springframework.web.servlet.DispatcherServlet.doService(DispatcherServlet.java:856) [spring-webmvc-3.2.5.RELEASE.jar:3.2.5.RELEASE]
	at org.springframework.web.servlet.FrameworkServlet.processRequest(FrameworkServlet.java:936) [spring-webmvc-3.2.5.RELEASE.jar:3.2.5.RELEASE]
	at org.springframework.web.servlet.FrameworkServlet.doGet(FrameworkServlet.java:827) [spring-webmvc-3.2.5.RELEASE.jar:3.2.5.RELEASE]
	at javax.servlet.http.HttpServlet.service(HttpServlet.java:707) [servlet-api-2.5-20081211.jar:na]
	at org.springframework.web.servlet.FrameworkServlet.service(FrameworkServlet.java:812) [spring-webmvc-3.2.5.RELEASE.jar:3.2.5.RELEASE]
	at javax.servlet.http.HttpServlet.service(HttpServlet.java:820) [servlet-api-2.5-20081211.jar:na]
	at org.mortbay.jetty.servlet.ServletHolder.handle(ServletHolder.java:511) [jetty-6.1.26.jar:6.1.26]
	at org.mortbay.jetty.servlet.ServletHandler$CachedChain.doFilter(ServletHandler.java:1221) [jetty-6.1.26.jar:6.1.26]
	at org.springframework.web.filter.CharacterEncodingFilter.doFilterInternal(CharacterEncodingFilter.java:88) [spring-web-3.2.4.RELEASE.jar:3.2.4.RELEASE]
	at org.springframework.web.filter.OncePerRequestFilter.doFilter(OncePerRequestFilter.java:107) [spring-web-3.2.4.RELEASE.jar:3.2.4.RELEASE]
	at org.mortbay.jetty.servlet.ServletHandler$CachedChain.doFilter(ServletHandler.java:1212) [jetty-6.1.26.jar:6.1.26]
	at com.ufufund.ufb.web.filter.RefreshHolderFilter.doFilter(RefreshHolderFilter.java:31) [classes/:na]
	at org.mortbay.jetty.servlet.ServletHandler$CachedChain.doFilter(ServletHandler.java:1212) [jetty-6.1.26.jar:6.1.26]
	at com.ufufund.ufb.web.filter.ServletHolderFilter.doFilter(ServletHolderFilter.java:26) [classes/:na]
	at org.mortbay.jetty.servlet.ServletHandler$CachedChain.doFilter(ServletHandler.java:1212) [jetty-6.1.26.jar:6.1.26]
	at org.mortbay.jetty.servlet.ServletHandler.handle(ServletHandler.java:399) [jetty-6.1.26.jar:6.1.26]
	at org.mortbay.jetty.security.SecurityHandler.handle(SecurityHandler.java:216) [jetty-6.1.26.jar:6.1.26]
	at org.mortbay.jetty.servlet.SessionHandler.handle(SessionHandler.java:182) [jetty-6.1.26.jar:6.1.26]
	at org.mortbay.jetty.handler.ContextHandler.handle(ContextHandler.java:766) [jetty-6.1.26.jar:6.1.26]
	at org.mortbay.jetty.webapp.WebAppContext.handle(WebAppContext.java:450) [jetty-6.1.26.jar:6.1.26]
	at org.mortbay.jetty.handler.HandlerWrapper.handle(HandlerWrapper.java:152) [jetty-6.1.26.jar:6.1.26]
	at org.mortbay.jetty.Server.handle(Server.java:326) [jetty-6.1.26.jar:6.1.26]
	at org.mortbay.jetty.HttpConnection.handleRequest(HttpConnection.java:542) [jetty-6.1.26.jar:6.1.26]
	at org.mortbay.jetty.HttpConnection$RequestHandler.headerComplete(HttpConnection.java:928) [jetty-6.1.26.jar:6.1.26]
	at org.mortbay.jetty.HttpParser.parseNext(HttpParser.java:549) [jetty-6.1.26.jar:6.1.26]
	at org.mortbay.jetty.HttpParser.parseAvailable(HttpParser.java:212) [jetty-6.1.26.jar:6.1.26]
	at org.mortbay.jetty.HttpConnection.handle(HttpConnection.java:404) [jetty-6.1.26.jar:6.1.26]
	at org.mortbay.io.nio.SelectChannelEndPoint.run(SelectChannelEndPoint.java:410) [jetty-6.1.26.jar:6.1.26]
	at org.mortbay.thread.QueuedThreadPool$PoolThread.run(QueuedThreadPool.java:582) [jetty-util-6.1.26.jar:6.1.26]
2015-08-13 17:18:30,560 DEBUG [1749345643@qtp-1182320432-32] c.u.u.b.manager.impl.CustManagerImpl [ImplCommon.java : 31] [f0bfb6ff-eb2d-45fa-a018-dd98f9f64208] loginIn : LoginAction[loginCode=18616502181,loginPassword=1q2w3e,processId=[f0bfb6ff-eb2d-45fa-a018-dd98f9f64208] ]
2015-08-13 17:18:35,820 DEBUG [1749345643@qtp-1182320432-32] c.u.u.b.manager.impl.CustManagerImpl [ImplCommon.java : 31] [3107e2b2-21b1-4092-bc73-2b2649a1f4b1] loginIn : LoginAction[loginCode=<null>,loginPassword=<null>,processId=[3107e2b2-21b1-4092-bc73-2b2649a1f4b1] ]
2015-08-13 17:18:35,821 DEBUG [1749345643@qtp-1182320432-32] AppException [AppException.java : 90] [3107e2b2-21b1-4092-bc73-2b2649a1f4b1]  errcode :NECESSARY_EMPTY errmsg :登录账号不能为空
2015-08-13 17:18:35,822 ERROR [1749345643@qtp-1182320432-32] c.u.u.web.controller.CustController [CustController.java : 277] 登录账号不能为空
com.ufufund.ufb.biz.exception.BizException: 登录账号不能为空
	at com.ufufund.ufb.biz.manager.impl.validator.CustManagerValidator.validator(CustManagerValidator.java:34) ~[classes/:na]
	at com.ufufund.ufb.biz.manager.impl.CustManagerImpl.loginIn(CustManagerImpl.java:171) ~[classes/:na]
	at com.ufufund.ufb.web.controller.CustController.loginIn(CustController.java:231) ~[classes/:na]
	at sun.reflect.NativeMethodAccessorImpl.invoke0(Native Method) ~[na:1.8.0_40]
	at sun.reflect.NativeMethodAccessorImpl.invoke(NativeMethodAccessorImpl.java:62) ~[na:1.8.0_40]
	at sun.reflect.DelegatingMethodAccessorImpl.invoke(DelegatingMethodAccessorImpl.java:43) ~[na:1.8.0_40]
	at java.lang.reflect.Method.invoke(Method.java:497) ~[na:1.8.0_40]
	at org.springframework.web.bind.annotation.support.HandlerMethodInvoker.invokeHandlerMethod(HandlerMethodInvoker.java:176) [spring-web-3.2.4.RELEASE.jar:3.2.4.RELEASE]
	at org.springframework.web.servlet.mvc.annotation.AnnotationMethodHandlerAdapter.invokeHandlerMethod(AnnotationMethodHandlerAdapter.java:440) [spring-webmvc-3.2.5.RELEASE.jar:3.2.5.RELEASE]
	at org.springframework.web.servlet.mvc.annotation.AnnotationMethodHandlerAdapter.handle(AnnotationMethodHandlerAdapter.java:428) [spring-webmvc-3.2.5.RELEASE.jar:3.2.5.RELEASE]
	at org.springframework.web.servlet.DispatcherServlet.doDispatch(DispatcherServlet.java:925) [spring-webmvc-3.2.5.RELEASE.jar:3.2.5.RELEASE]
	at org.springframework.web.servlet.DispatcherServlet.doService(DispatcherServlet.java:856) [spring-webmvc-3.2.5.RELEASE.jar:3.2.5.RELEASE]
	at org.springframework.web.servlet.FrameworkServlet.processRequest(FrameworkServlet.java:936) [spring-webmvc-3.2.5.RELEASE.jar:3.2.5.RELEASE]
	at org.springframework.web.servlet.FrameworkServlet.doGet(FrameworkServlet.java:827) [spring-webmvc-3.2.5.RELEASE.jar:3.2.5.RELEASE]
	at javax.servlet.http.HttpServlet.service(HttpServlet.java:707) [servlet-api-2.5-20081211.jar:na]
	at org.springframework.web.servlet.FrameworkServlet.service(FrameworkServlet.java:812) [spring-webmvc-3.2.5.RELEASE.jar:3.2.5.RELEASE]
	at javax.servlet.http.HttpServlet.service(HttpServlet.java:820) [servlet-api-2.5-20081211.jar:na]
	at org.mortbay.jetty.servlet.ServletHolder.handle(ServletHolder.java:511) [jetty-6.1.26.jar:6.1.26]
	at org.mortbay.jetty.servlet.ServletHandler$CachedChain.doFilter(ServletHandler.java:1221) [jetty-6.1.26.jar:6.1.26]
	at org.springframework.web.filter.CharacterEncodingFilter.doFilterInternal(CharacterEncodingFilter.java:88) [spring-web-3.2.4.RELEASE.jar:3.2.4.RELEASE]
	at org.springframework.web.filter.OncePerRequestFilter.doFilter(OncePerRequestFilter.java:107) [spring-web-3.2.4.RELEASE.jar:3.2.4.RELEASE]
	at org.mortbay.jetty.servlet.ServletHandler$CachedChain.doFilter(ServletHandler.java:1212) [jetty-6.1.26.jar:6.1.26]
	at com.ufufund.ufb.web.filter.RefreshHolderFilter.doFilter(RefreshHolderFilter.java:31) [classes/:na]
	at org.mortbay.jetty.servlet.ServletHandler$CachedChain.doFilter(ServletHandler.java:1212) [jetty-6.1.26.jar:6.1.26]
	at com.ufufund.ufb.web.filter.ServletHolderFilter.doFilter(ServletHolderFilter.java:26) [classes/:na]
	at org.mortbay.jetty.servlet.ServletHandler$CachedChain.doFilter(ServletHandler.java:1212) [jetty-6.1.26.jar:6.1.26]
	at org.mortbay.jetty.servlet.ServletHandler.handle(ServletHandler.java:399) [jetty-6.1.26.jar:6.1.26]
	at org.mortbay.jetty.security.SecurityHandler.handle(SecurityHandler.java:216) [jetty-6.1.26.jar:6.1.26]
	at org.mortbay.jetty.servlet.SessionHandler.handle(SessionHandler.java:182) [jetty-6.1.26.jar:6.1.26]
	at org.mortbay.jetty.handler.ContextHandler.handle(ContextHandler.java:766) [jetty-6.1.26.jar:6.1.26]
	at org.mortbay.jetty.webapp.WebAppContext.handle(WebAppContext.java:450) [jetty-6.1.26.jar:6.1.26]
	at org.mortbay.jetty.handler.HandlerWrapper.handle(HandlerWrapper.java:152) [jetty-6.1.26.jar:6.1.26]
	at org.mortbay.jetty.Server.handle(Server.java:326) [jetty-6.1.26.jar:6.1.26]
	at org.mortbay.jetty.HttpConnection.handleRequest(HttpConnection.java:542) [jetty-6.1.26.jar:6.1.26]
	at org.mortbay.jetty.HttpConnection$RequestHandler.headerComplete(HttpConnection.java:928) [jetty-6.1.26.jar:6.1.26]
	at org.mortbay.jetty.HttpParser.parseNext(HttpParser.java:549) [jetty-6.1.26.jar:6.1.26]
	at org.mortbay.jetty.HttpParser.parseAvailable(HttpParser.java:212) [jetty-6.1.26.jar:6.1.26]
	at org.mortbay.jetty.HttpConnection.handle(HttpConnection.java:404) [jetty-6.1.26.jar:6.1.26]
	at org.mortbay.io.nio.SelectChannelEndPoint.run(SelectChannelEndPoint.java:410) [jetty-6.1.26.jar:6.1.26]
	at org.mortbay.thread.QueuedThreadPool$PoolThread.run(QueuedThreadPool.java:582) [jetty-util-6.1.26.jar:6.1.26]
2015-08-13 17:18:44,332 DEBUG [1455763679@qtp-1182320432-34] c.u.u.b.m.impl.AutotradeManagerImpl [ImplCommon.java : 31] [4b20affba0665f103fe0e2213df36567] getAutotradeList : CU150808210928K18T2LIGH1
2015-08-13 20:33:26,176 WARN [1264759146@qtp-1182320432-2] o.a.v.tools.view.XMLToolboxManager [XMLToolboxManager.java : 100] XMLToolboxManager has been deprecated. Please use org.apache.velocity.tools.ToolboxFactory instead.
2015-08-13 20:33:26,186 WARN [1264759146@qtp-1182320432-2] o.a.v.t.v.s.ServletToolboxManager [ServletToolboxManager.java : 131] ServletToolboxManager has been deprecated. Please use org.apache.velocity.tools.ToolboxFactory instead.
2015-08-13 20:33:41,638 DEBUG [921923861@qtp-1182320432-7] c.u.u.web.servlet.CreateImageServlet [CreateImageServlet.java : 93] created verifyCode=7U8X
2015-08-13 20:33:43,816 DEBUG [921923861@qtp-1182320432-7] c.u.u.web.servlet.CreateImageServlet [CreateImageServlet.java : 93] created verifyCode=6Z5A
2015-08-13 20:33:43,874 DEBUG [921923861@qtp-1182320432-7] c.u.u.web.servlet.CreateImageServlet [CreateImageServlet.java : 93] created verifyCode=6Q2J
2015-08-13 20:33:53,303 DEBUG [214074868@qtp-1182320432-0] c.u.u.web.servlet.CreateImageServlet [CreateImageServlet.java : 93] created verifyCode=2K4N
2015-08-13 20:33:53,325 DEBUG [214074868@qtp-1182320432-0] c.u.u.web.servlet.CreateImageServlet [CreateImageServlet.java : 93] created verifyCode=3R2X
2015-08-13 20:34:09,541 DEBUG [214074868@qtp-1182320432-0] c.u.u.b.manager.impl.CustManagerImpl [ImplCommon.java : 31] [7f1b785ba2a35d41ddb0c1ebf4557f2c] isMobileRegister : 18616502100
2015-08-13 20:34:10,242 DEBUG [214074868@qtp-1182320432-0] c.ufufund.ufb.web.util.MsgCodeUtils [MsgCodeUtils.java : 93] MsgCode=180794, timeList=[1439469250240]
2015-08-13 20:34:57,074 DEBUG [214074868@qtp-1182320432-0] c.u.u.b.manager.impl.CustManagerImpl [ImplCommon.java : 31] [7f1b785ba2a35d41ddb0c1ebf4557f2c] isMobileRegister : 18616502100
2015-08-13 20:34:57,092 DEBUG [214074868@qtp-1182320432-0] c.ufufund.ufb.web.util.MsgCodeUtils [MsgCodeUtils.java : 93] MsgCode=203506, timeList=[1439469297092]
2015-08-13 20:35:09,720 DEBUG [214074868@qtp-1182320432-0] AppException [AppException.java : 90] [7f1b785ba2a35d41ddb0c1ebf4557f2c]  errcode :您输入的验证码已失效！ errmsg :您输入的验证码已失效！
2015-08-13 20:35:09,727 ERROR [214074868@qtp-1182320432-0] c.u.u.w.c.ajax.AjaxCustController [AjaxCustController.java : 133] 您输入的验证码已失效！
com.ufufund.ufb.biz.exception.BizException: 您输入的验证码已失效！
	at com.ufufund.ufb.web.util.VerifyCodeUtils.validate(VerifyCodeUtils.java:28) ~[classes/:na]
	at com.ufufund.ufb.web.controller.ajax.AjaxCustController.sendMsgCode(AjaxCustController.java:114) ~[classes/:na]
	at sun.reflect.NativeMethodAccessorImpl.invoke0(Native Method) ~[na:1.8.0_40]
	at sun.reflect.NativeMethodAccessorImpl.invoke(NativeMethodAccessorImpl.java:62) ~[na:1.8.0_40]
	at sun.reflect.DelegatingMethodAccessorImpl.invoke(DelegatingMethodAccessorImpl.java:43) ~[na:1.8.0_40]
	at java.lang.reflect.Method.invoke(Method.java:497) ~[na:1.8.0_40]
	at org.springframework.web.bind.annotation.support.HandlerMethodInvoker.invokeHandlerMethod(HandlerMethodInvoker.java:176) [spring-web-3.2.4.RELEASE.jar:3.2.4.RELEASE]
	at org.springframework.web.servlet.mvc.annotation.AnnotationMethodHandlerAdapter.invokeHandlerMethod(AnnotationMethodHandlerAdapter.java:440) [spring-webmvc-3.2.5.RELEASE.jar:3.2.5.RELEASE]
	at org.springframework.web.servlet.mvc.annotation.AnnotationMethodHandlerAdapter.handle(AnnotationMethodHandlerAdapter.java:428) [spring-webmvc-3.2.5.RELEASE.jar:3.2.5.RELEASE]
	at org.springframework.web.servlet.DispatcherServlet.doDispatch(DispatcherServlet.java:925) [spring-webmvc-3.2.5.RELEASE.jar:3.2.5.RELEASE]
	at org.springframework.web.servlet.DispatcherServlet.doService(DispatcherServlet.java:856) [spring-webmvc-3.2.5.RELEASE.jar:3.2.5.RELEASE]
	at org.springframework.web.servlet.FrameworkServlet.processRequest(FrameworkServlet.java:936) [spring-webmvc-3.2.5.RELEASE.jar:3.2.5.RELEASE]
	at org.springframework.web.servlet.FrameworkServlet.doGet(FrameworkServlet.java:827) [spring-webmvc-3.2.5.RELEASE.jar:3.2.5.RELEASE]
	at javax.servlet.http.HttpServlet.service(HttpServlet.java:707) [servlet-api-2.5-20081211.jar:na]
	at org.springframework.web.servlet.FrameworkServlet.service(FrameworkServlet.java:812) [spring-webmvc-3.2.5.RELEASE.jar:3.2.5.RELEASE]
	at javax.servlet.http.HttpServlet.service(HttpServlet.java:820) [servlet-api-2.5-20081211.jar:na]
	at org.mortbay.jetty.servlet.ServletHolder.handle(ServletHolder.java:511) [jetty-6.1.26.jar:6.1.26]
	at org.mortbay.jetty.servlet.ServletHandler$CachedChain.doFilter(ServletHandler.java:1221) [jetty-6.1.26.jar:6.1.26]
	at org.springframework.web.filter.CharacterEncodingFilter.doFilterInternal(CharacterEncodingFilter.java:88) [spring-web-3.2.4.RELEASE.jar:3.2.4.RELEASE]
	at org.springframework.web.filter.OncePerRequestFilter.doFilter(OncePerRequestFilter.java:107) [spring-web-3.2.4.RELEASE.jar:3.2.4.RELEASE]
	at org.mortbay.jetty.servlet.ServletHandler$CachedChain.doFilter(ServletHandler.java:1212) [jetty-6.1.26.jar:6.1.26]
	at com.ufufund.ufb.web.filter.ServletHolderFilter.doFilter(ServletHolderFilter.java:26) [classes/:na]
	at org.mortbay.jetty.servlet.ServletHandler$CachedChain.doFilter(ServletHandler.java:1212) [jetty-6.1.26.jar:6.1.26]
	at org.mortbay.jetty.servlet.ServletHandler.handle(ServletHandler.java:399) [jetty-6.1.26.jar:6.1.26]
	at org.mortbay.jetty.security.SecurityHandler.handle(SecurityHandler.java:216) [jetty-6.1.26.jar:6.1.26]
	at org.mortbay.jetty.servlet.SessionHandler.handle(SessionHandler.java:182) [jetty-6.1.26.jar:6.1.26]
	at org.mortbay.jetty.handler.ContextHandler.handle(ContextHandler.java:766) [jetty-6.1.26.jar:6.1.26]
	at org.mortbay.jetty.webapp.WebAppContext.handle(WebAppContext.java:450) [jetty-6.1.26.jar:6.1.26]
	at org.mortbay.jetty.handler.HandlerWrapper.handle(HandlerWrapper.java:152) [jetty-6.1.26.jar:6.1.26]
	at org.mortbay.jetty.Server.handle(Server.java:326) [jetty-6.1.26.jar:6.1.26]
	at org.mortbay.jetty.HttpConnection.handleRequest(HttpConnection.java:542) [jetty-6.1.26.jar:6.1.26]
	at org.mortbay.jetty.HttpConnection$RequestHandler.headerComplete(HttpConnection.java:928) [jetty-6.1.26.jar:6.1.26]
	at org.mortbay.jetty.HttpParser.parseNext(HttpParser.java:549) [jetty-6.1.26.jar:6.1.26]
	at org.mortbay.jetty.HttpParser.parseAvailable(HttpParser.java:212) [jetty-6.1.26.jar:6.1.26]
	at org.mortbay.jetty.HttpConnection.handle(HttpConnection.java:404) [jetty-6.1.26.jar:6.1.26]
	at org.mortbay.io.nio.SelectChannelEndPoint.run(SelectChannelEndPoint.java:410) [jetty-6.1.26.jar:6.1.26]
	at org.mortbay.thread.QueuedThreadPool$PoolThread.run(QueuedThreadPool.java:582) [jetty-util-6.1.26.jar:6.1.26]
2015-08-13 20:35:09,735 DEBUG [214074868@qtp-1182320432-0] c.u.u.web.servlet.CreateImageServlet [CreateImageServlet.java : 93] created verifyCode=3T2W
2015-08-13 20:35:41,718 DEBUG [1038950315@qtp-1182320432-6] c.u.u.web.servlet.CreateImageServlet [CreateImageServlet.java : 93] created verifyCode=9F2L
2015-08-13 20:35:41,853 DEBUG [1038950315@qtp-1182320432-6] c.u.u.web.servlet.CreateImageServlet [CreateImageServlet.java : 93] created verifyCode=7Q8E
2015-08-13 20:36:12,828 DEBUG [1038950315@qtp-1182320432-6] c.u.u.b.manager.impl.CustManagerImpl [ImplCommon.java : 31] [53e743d7855c9a58561fdd6f900724ff] isMobileRegister : 18616502100
2015-08-13 20:36:12,859 DEBUG [1038950315@qtp-1182320432-6] c.ufufund.ufb.web.util.MsgCodeUtils [MsgCodeUtils.java : 93] MsgCode=988334, timeList=[1439469297092, 1439469372859]
2015-08-13 20:39:04,869 DEBUG [921923861@qtp-1182320432-7] c.u.u.web.servlet.CreateImageServlet [CreateImageServlet.java : 93] created verifyCode=6B7W
2015-08-13 20:39:05,036 DEBUG [921923861@qtp-1182320432-7] c.u.u.web.servlet.CreateImageServlet [CreateImageServlet.java : 93] created verifyCode=5R3W
2015-08-13 20:39:15,353 DEBUG [921923861@qtp-1182320432-7] c.u.u.b.manager.impl.CustManagerImpl [ImplCommon.java : 31] [0526ebb28475be745f845236802c1332] isMobileRegister : 18616502100
2015-08-13 20:39:15,387 DEBUG [921923861@qtp-1182320432-7] c.ufufund.ufb.web.util.MsgCodeUtils [MsgCodeUtils.java : 93] MsgCode=806616, timeList=[1439469297092, 1439469372859, 1439469555387]
