2015-09-19 16:23:02,149 DEBUG [684874119@qtp-346861221-0] c.u.u.b.manager.impl.CustManagerImpl [ImplCommon.java : 31] [014dbc63-6a25-4367-a193-e29f0f89e341] loginIn : LoginAction[loginCode=<null>,loginPassword=<null>,processId=[014dbc63-6a25-4367-a193-e29f0f89e341] ]
2015-09-19 16:23:03,368 DEBUG [684874119@qtp-346861221-0] AppException [AppException.java : 90] [014dbc63-6a25-4367-a193-e29f0f89e341]  errcode :NECESSARY_EMPTY errmsg :登录账号不能为空
2015-09-19 16:23:03,376 ERROR [684874119@qtp-346861221-0] c.u.u.web.controller.CustController [CustController.java : 277] 登录账号不能为空
com.ufufund.ufb.biz.exception.BizException: 登录账号不能为空
	at com.ufufund.ufb.biz.manager.impl.validator.CustManagerValidator.validator(CustManagerValidator.java:33) ~[classes/:na]
	at com.ufufund.ufb.biz.manager.impl.CustManagerImpl.loginIn(CustManagerImpl.java:174) ~[classes/:na]
	at com.ufufund.ufb.web.controller.CustController.loginIn(CustController.java:231) ~[classes/:na]
	at sun.reflect.NativeMethodAccessorImpl.invoke0(Native Method) ~[na:1.8.0_45]
	at sun.reflect.NativeMethodAccessorImpl.invoke(Unknown Source) ~[na:1.8.0_45]
	at sun.reflect.DelegatingMethodAccessorImpl.invoke(Unknown Source) ~[na:1.8.0_45]
	at java.lang.reflect.Method.invoke(Unknown Source) ~[na:1.8.0_45]
	at org.springframework.web.bind.annotation.support.HandlerMethodInvoker.invokeHandlerMethod(HandlerMethodInvoker.java:176) [spring-web-3.2.4.RELEASE.jar:3.2.4.RELEASE]
	at org.springframework.web.servlet.mvc.annotation.AnnotationMethodHandlerAdapter.invokeHandlerMethod(AnnotationMethodHandlerAdapter.java:440) [spring-webmvc-3.2.5.RELEASE.jar:3.2.5.RELEASE]
	at org.springframework.web.servlet.mvc.annotation.AnnotationMethodHandlerAdapter.handle(AnnotationMethodHandlerAdapter.java:428) [spring-webmvc-3.2.5.RELEASE.jar:3.2.5.RELEASE]
	at org.springframework.web.servlet.DispatcherServlet.doDispatch(DispatcherServlet.java:925) [spring-webmvc-3.2.5.RELEASE.jar:3.2.5.RELEASE]
	at org.springframework.web.servlet.DispatcherServlet.doService(DispatcherServlet.java:856) [spring-webmvc-3.2.5.RELEASE.jar:3.2.5.RELEASE]
	at org.springframework.web.servlet.FrameworkServlet.processRequest(FrameworkServlet.java:936) [spring-webmvc-3.2.5.RELEASE.jar:3.2.5.RELEASE]
	at org.springframework.web.servlet.FrameworkServlet.doGet(FrameworkServlet.java:827) [spring-webmvc-3.2.5.RELEASE.jar:3.2.5.RELEASE]
	at javax.servlet.http.HttpServlet.service(HttpServlet.java:707) [servlet-api-2.5-20081211.jar:na]
	at org.springframework.web.servlet.FrameworkServlet.service(FrameworkServlet.java:812) [spring-webmvc-3.2.5.RELEASE.jar:3.2.5.RELEASE]
	at javax.servlet.http.HttpServlet.service(HttpServlet.java:820) [servlet-api-2.5-20081211.jar:na]
	at org.mortbay.jetty.servlet.ServletHolder.handle(ServletHolder.java:511) [jetty-6.1.26.jar:6.1.26]
	at org.mortbay.jetty.servlet.ServletHandler$CachedChain.doFilter(ServletHandler.java:1221) [jetty-6.1.26.jar:6.1.26]
	at org.springframework.web.filter.CharacterEncodingFilter.doFilterInternal(CharacterEncodingFilter.java:88) [spring-web-3.2.4.RELEASE.jar:3.2.4.RELEASE]
	at org.springframework.web.filter.OncePerRequestFilter.doFilter(OncePerRequestFilter.java:107) [spring-web-3.2.4.RELEASE.jar:3.2.4.RELEASE]
	at org.mortbay.jetty.servlet.ServletHandler$CachedChain.doFilter(ServletHandler.java:1212) [jetty-6.1.26.jar:6.1.26]
	at com.ufufund.ufb.web.filter.RefreshHolderFilter.doFilter(RefreshHolderFilter.java:31) [classes/:na]
	at org.mortbay.jetty.servlet.ServletHandler$CachedChain.doFilter(ServletHandler.java:1212) [jetty-6.1.26.jar:6.1.26]
	at com.ufufund.ufb.web.filter.ServletHolderFilter.doFilter(ServletHolderFilter.java:26) [classes/:na]
	at org.mortbay.jetty.servlet.ServletHandler$CachedChain.doFilter(ServletHandler.java:1212) [jetty-6.1.26.jar:6.1.26]
	at org.mortbay.jetty.servlet.ServletHandler.handle(ServletHandler.java:399) [jetty-6.1.26.jar:6.1.26]
	at org.mortbay.jetty.security.SecurityHandler.handle(SecurityHandler.java:216) [jetty-6.1.26.jar:6.1.26]
	at org.mortbay.jetty.servlet.SessionHandler.handle(SessionHandler.java:182) [jetty-6.1.26.jar:6.1.26]
	at org.mortbay.jetty.handler.ContextHandler.handle(ContextHandler.java:766) [jetty-6.1.26.jar:6.1.26]
	at org.mortbay.jetty.webapp.WebAppContext.handle(WebAppContext.java:450) [jetty-6.1.26.jar:6.1.26]
	at org.mortbay.jetty.handler.HandlerWrapper.handle(HandlerWrapper.java:152) [jetty-6.1.26.jar:6.1.26]
	at org.mortbay.jetty.Server.handle(Server.java:326) [jetty-6.1.26.jar:6.1.26]
	at org.mortbay.jetty.HttpConnection.handleRequest(HttpConnection.java:542) [jetty-6.1.26.jar:6.1.26]
	at org.mortbay.jetty.HttpConnection$RequestHandler.headerComplete(HttpConnection.java:928) [jetty-6.1.26.jar:6.1.26]
	at org.mortbay.jetty.HttpParser.parseNext(HttpParser.java:549) [jetty-6.1.26.jar:6.1.26]
	at org.mortbay.jetty.HttpParser.parseAvailable(HttpParser.java:212) [jetty-6.1.26.jar:6.1.26]
	at org.mortbay.jetty.HttpConnection.handle(HttpConnection.java:404) [jetty-6.1.26.jar:6.1.26]
	at org.mortbay.io.nio.SelectChannelEndPoint.run(SelectChannelEndPoint.java:410) [jetty-6.1.26.jar:6.1.26]
	at org.mortbay.thread.QueuedThreadPool$PoolThread.run(QueuedThreadPool.java:582) [jetty-util-6.1.26.jar:6.1.26]
2015-09-19 16:23:03,594 WARN [684874119@qtp-346861221-0] o.a.v.tools.view.XMLToolboxManager [XMLToolboxManager.java : 100] XMLToolboxManager has been deprecated. Please use org.apache.velocity.tools.ToolboxFactory instead.
2015-09-19 16:23:03,595 WARN [684874119@qtp-346861221-0] o.a.v.t.v.s.ServletToolboxManager [ServletToolboxManager.java : 131] ServletToolboxManager has been deprecated. Please use org.apache.velocity.tools.ToolboxFactory instead.
2015-09-19 16:24:33,701 DEBUG [904994639@qtp-346861221-6] c.u.u.b.manager.impl.CustManagerImpl [ImplCommon.java : 31] [ac16f212-f661-465a-a66e-c8035a9aa363] loginIn : LoginAction[loginCode=15211827360,loginPassword=abc123,processId=[ac16f212-f661-465a-a66e-c8035a9aa363] ]
2015-09-19 16:24:34,798 DEBUG [1295542337@qtp-346861221-5] c.u.u.b.manager.impl.CustManagerImpl [ImplCommon.java : 31] [9077e620-8110-4787-a5f2-b05d289beee1] loginIn : LoginAction[loginCode=<null>,loginPassword=<null>,processId=[9077e620-8110-4787-a5f2-b05d289beee1] ]
2015-09-19 16:24:34,799 DEBUG [1295542337@qtp-346861221-5] AppException [AppException.java : 90] [9077e620-8110-4787-a5f2-b05d289beee1]  errcode :NECESSARY_EMPTY errmsg :登录账号不能为空
2015-09-19 16:24:34,801 ERROR [1295542337@qtp-346861221-5] c.u.u.web.controller.CustController [CustController.java : 277] 登录账号不能为空
com.ufufund.ufb.biz.exception.BizException: 登录账号不能为空
	at com.ufufund.ufb.biz.manager.impl.validator.CustManagerValidator.validator(CustManagerValidator.java:33) ~[classes/:na]
	at com.ufufund.ufb.biz.manager.impl.CustManagerImpl.loginIn(CustManagerImpl.java:174) ~[classes/:na]
	at com.ufufund.ufb.web.controller.CustController.loginIn(CustController.java:231) ~[classes/:na]
	at sun.reflect.NativeMethodAccessorImpl.invoke0(Native Method) ~[na:1.8.0_45]
	at sun.reflect.NativeMethodAccessorImpl.invoke(Unknown Source) ~[na:1.8.0_45]
	at sun.reflect.DelegatingMethodAccessorImpl.invoke(Unknown Source) ~[na:1.8.0_45]
	at java.lang.reflect.Method.invoke(Unknown Source) ~[na:1.8.0_45]
	at org.springframework.web.bind.annotation.support.HandlerMethodInvoker.invokeHandlerMethod(HandlerMethodInvoker.java:176) [spring-web-3.2.4.RELEASE.jar:3.2.4.RELEASE]
	at org.springframework.web.servlet.mvc.annotation.AnnotationMethodHandlerAdapter.invokeHandlerMethod(AnnotationMethodHandlerAdapter.java:440) [spring-webmvc-3.2.5.RELEASE.jar:3.2.5.RELEASE]
	at org.springframework.web.servlet.mvc.annotation.AnnotationMethodHandlerAdapter.handle(AnnotationMethodHandlerAdapter.java:428) [spring-webmvc-3.2.5.RELEASE.jar:3.2.5.RELEASE]
	at org.springframework.web.servlet.DispatcherServlet.doDispatch(DispatcherServlet.java:925) [spring-webmvc-3.2.5.RELEASE.jar:3.2.5.RELEASE]
	at org.springframework.web.servlet.DispatcherServlet.doService(DispatcherServlet.java:856) [spring-webmvc-3.2.5.RELEASE.jar:3.2.5.RELEASE]
	at org.springframework.web.servlet.FrameworkServlet.processRequest(FrameworkServlet.java:936) [spring-webmvc-3.2.5.RELEASE.jar:3.2.5.RELEASE]
	at org.springframework.web.servlet.FrameworkServlet.doGet(FrameworkServlet.java:827) [spring-webmvc-3.2.5.RELEASE.jar:3.2.5.RELEASE]
	at javax.servlet.http.HttpServlet.service(HttpServlet.java:707) [servlet-api-2.5-20081211.jar:na]
	at org.springframework.web.servlet.FrameworkServlet.service(FrameworkServlet.java:812) [spring-webmvc-3.2.5.RELEASE.jar:3.2.5.RELEASE]
	at javax.servlet.http.HttpServlet.service(HttpServlet.java:820) [servlet-api-2.5-20081211.jar:na]
	at org.mortbay.jetty.servlet.ServletHolder.handle(ServletHolder.java:511) [jetty-6.1.26.jar:6.1.26]
	at org.mortbay.jetty.servlet.ServletHandler$CachedChain.doFilter(ServletHandler.java:1221) [jetty-6.1.26.jar:6.1.26]
	at org.springframework.web.filter.CharacterEncodingFilter.doFilterInternal(CharacterEncodingFilter.java:88) [spring-web-3.2.4.RELEASE.jar:3.2.4.RELEASE]
	at org.springframework.web.filter.OncePerRequestFilter.doFilter(OncePerRequestFilter.java:107) [spring-web-3.2.4.RELEASE.jar:3.2.4.RELEASE]
	at org.mortbay.jetty.servlet.ServletHandler$CachedChain.doFilter(ServletHandler.java:1212) [jetty-6.1.26.jar:6.1.26]
	at com.ufufund.ufb.web.filter.RefreshHolderFilter.doFilter(RefreshHolderFilter.java:31) [classes/:na]
	at org.mortbay.jetty.servlet.ServletHandler$CachedChain.doFilter(ServletHandler.java:1212) [jetty-6.1.26.jar:6.1.26]
	at com.ufufund.ufb.web.filter.ServletHolderFilter.doFilter(ServletHolderFilter.java:26) [classes/:na]
	at org.mortbay.jetty.servlet.ServletHandler$CachedChain.doFilter(ServletHandler.java:1212) [jetty-6.1.26.jar:6.1.26]
	at org.mortbay.jetty.servlet.ServletHandler.handle(ServletHandler.java:399) [jetty-6.1.26.jar:6.1.26]
	at org.mortbay.jetty.security.SecurityHandler.handle(SecurityHandler.java:216) [jetty-6.1.26.jar:6.1.26]
	at org.mortbay.jetty.servlet.SessionHandler.handle(SessionHandler.java:182) [jetty-6.1.26.jar:6.1.26]
	at org.mortbay.jetty.handler.ContextHandler.handle(ContextHandler.java:766) [jetty-6.1.26.jar:6.1.26]
	at org.mortbay.jetty.webapp.WebAppContext.handle(WebAppContext.java:450) [jetty-6.1.26.jar:6.1.26]
	at org.mortbay.jetty.handler.HandlerWrapper.handle(HandlerWrapper.java:152) [jetty-6.1.26.jar:6.1.26]
	at org.mortbay.jetty.Server.handle(Server.java:326) [jetty-6.1.26.jar:6.1.26]
	at org.mortbay.jetty.HttpConnection.handleRequest(HttpConnection.java:542) [jetty-6.1.26.jar:6.1.26]
	at org.mortbay.jetty.HttpConnection$RequestHandler.headerComplete(HttpConnection.java:928) [jetty-6.1.26.jar:6.1.26]
	at org.mortbay.jetty.HttpParser.parseNext(HttpParser.java:549) [jetty-6.1.26.jar:6.1.26]
	at org.mortbay.jetty.HttpParser.parseAvailable(HttpParser.java:212) [jetty-6.1.26.jar:6.1.26]
	at org.mortbay.jetty.HttpConnection.handle(HttpConnection.java:404) [jetty-6.1.26.jar:6.1.26]
	at org.mortbay.io.nio.SelectChannelEndPoint.run(SelectChannelEndPoint.java:410) [jetty-6.1.26.jar:6.1.26]
	at org.mortbay.thread.QueuedThreadPool$PoolThread.run(QueuedThreadPool.java:582) [jetty-util-6.1.26.jar:6.1.26]
2015-09-19 16:32:49,488 DEBUG [393448419@qtp-346861221-11] c.u.u.b.manager.impl.CustManagerImpl [ImplCommon.java : 31] [d931fa28-1fdf-4c76-a7c3-46b0cf506beb] loginIn : LoginAction[loginCode=15211827360,loginPassword=abc123,processId=[d931fa28-1fdf-4c76-a7c3-46b0cf506beb] ]
2015-09-19 16:32:50,446 DEBUG [1915050414@qtp-346861221-15] c.u.u.b.manager.impl.CustManagerImpl [ImplCommon.java : 31] [adf02c19-a4cb-4b75-bde8-0a9a96cea6c5] loginIn : LoginAction[loginCode=<null>,loginPassword=<null>,processId=[adf02c19-a4cb-4b75-bde8-0a9a96cea6c5] ]
2015-09-19 16:32:50,446 DEBUG [1915050414@qtp-346861221-15] AppException [AppException.java : 90] [adf02c19-a4cb-4b75-bde8-0a9a96cea6c5]  errcode :NECESSARY_EMPTY errmsg :登录账号不能为空
2015-09-19 16:32:50,448 ERROR [1915050414@qtp-346861221-15] c.u.u.web.controller.CustController [CustController.java : 277] 登录账号不能为空
com.ufufund.ufb.biz.exception.BizException: 登录账号不能为空
	at com.ufufund.ufb.biz.manager.impl.validator.CustManagerValidator.validator(CustManagerValidator.java:33) ~[classes/:na]
	at com.ufufund.ufb.biz.manager.impl.CustManagerImpl.loginIn(CustManagerImpl.java:174) ~[classes/:na]
	at com.ufufund.ufb.web.controller.CustController.loginIn(CustController.java:231) ~[classes/:na]
	at sun.reflect.NativeMethodAccessorImpl.invoke0(Native Method) ~[na:1.8.0_45]
	at sun.reflect.NativeMethodAccessorImpl.invoke(Unknown Source) ~[na:1.8.0_45]
	at sun.reflect.DelegatingMethodAccessorImpl.invoke(Unknown Source) ~[na:1.8.0_45]
	at java.lang.reflect.Method.invoke(Unknown Source) ~[na:1.8.0_45]
	at org.springframework.web.bind.annotation.support.HandlerMethodInvoker.invokeHandlerMethod(HandlerMethodInvoker.java:176) [spring-web-3.2.4.RELEASE.jar:3.2.4.RELEASE]
	at org.springframework.web.servlet.mvc.annotation.AnnotationMethodHandlerAdapter.invokeHandlerMethod(AnnotationMethodHandlerAdapter.java:440) [spring-webmvc-3.2.5.RELEASE.jar:3.2.5.RELEASE]
	at org.springframework.web.servlet.mvc.annotation.AnnotationMethodHandlerAdapter.handle(AnnotationMethodHandlerAdapter.java:428) [spring-webmvc-3.2.5.RELEASE.jar:3.2.5.RELEASE]
	at org.springframework.web.servlet.DispatcherServlet.doDispatch(DispatcherServlet.java:925) [spring-webmvc-3.2.5.RELEASE.jar:3.2.5.RELEASE]
	at org.springframework.web.servlet.DispatcherServlet.doService(DispatcherServlet.java:856) [spring-webmvc-3.2.5.RELEASE.jar:3.2.5.RELEASE]
	at org.springframework.web.servlet.FrameworkServlet.processRequest(FrameworkServlet.java:936) [spring-webmvc-3.2.5.RELEASE.jar:3.2.5.RELEASE]
	at org.springframework.web.servlet.FrameworkServlet.doGet(FrameworkServlet.java:827) [spring-webmvc-3.2.5.RELEASE.jar:3.2.5.RELEASE]
	at javax.servlet.http.HttpServlet.service(HttpServlet.java:707) [servlet-api-2.5-20081211.jar:na]
	at org.springframework.web.servlet.FrameworkServlet.service(FrameworkServlet.java:812) [spring-webmvc-3.2.5.RELEASE.jar:3.2.5.RELEASE]
	at javax.servlet.http.HttpServlet.service(HttpServlet.java:820) [servlet-api-2.5-20081211.jar:na]
	at org.mortbay.jetty.servlet.ServletHolder.handle(ServletHolder.java:511) [jetty-6.1.26.jar:6.1.26]
	at org.mortbay.jetty.servlet.ServletHandler$CachedChain.doFilter(ServletHandler.java:1221) [jetty-6.1.26.jar:6.1.26]
	at org.springframework.web.filter.CharacterEncodingFilter.doFilterInternal(CharacterEncodingFilter.java:88) [spring-web-3.2.4.RELEASE.jar:3.2.4.RELEASE]
	at org.springframework.web.filter.OncePerRequestFilter.doFilter(OncePerRequestFilter.java:107) [spring-web-3.2.4.RELEASE.jar:3.2.4.RELEASE]
	at org.mortbay.jetty.servlet.ServletHandler$CachedChain.doFilter(ServletHandler.java:1212) [jetty-6.1.26.jar:6.1.26]
	at com.ufufund.ufb.web.filter.RefreshHolderFilter.doFilter(RefreshHolderFilter.java:31) [classes/:na]
	at org.mortbay.jetty.servlet.ServletHandler$CachedChain.doFilter(ServletHandler.java:1212) [jetty-6.1.26.jar:6.1.26]
	at com.ufufund.ufb.web.filter.ServletHolderFilter.doFilter(ServletHolderFilter.java:26) [classes/:na]
	at org.mortbay.jetty.servlet.ServletHandler$CachedChain.doFilter(ServletHandler.java:1212) [jetty-6.1.26.jar:6.1.26]
	at org.mortbay.jetty.servlet.ServletHandler.handle(ServletHandler.java:399) [jetty-6.1.26.jar:6.1.26]
	at org.mortbay.jetty.security.SecurityHandler.handle(SecurityHandler.java:216) [jetty-6.1.26.jar:6.1.26]
	at org.mortbay.jetty.servlet.SessionHandler.handle(SessionHandler.java:182) [jetty-6.1.26.jar:6.1.26]
	at org.mortbay.jetty.handler.ContextHandler.handle(ContextHandler.java:766) [jetty-6.1.26.jar:6.1.26]
	at org.mortbay.jetty.webapp.WebAppContext.handle(WebAppContext.java:450) [jetty-6.1.26.jar:6.1.26]
	at org.mortbay.jetty.handler.HandlerWrapper.handle(HandlerWrapper.java:152) [jetty-6.1.26.jar:6.1.26]
	at org.mortbay.jetty.Server.handle(Server.java:326) [jetty-6.1.26.jar:6.1.26]
	at org.mortbay.jetty.HttpConnection.handleRequest(HttpConnection.java:542) [jetty-6.1.26.jar:6.1.26]
	at org.mortbay.jetty.HttpConnection$RequestHandler.headerComplete(HttpConnection.java:928) [jetty-6.1.26.jar:6.1.26]
	at org.mortbay.jetty.HttpParser.parseNext(HttpParser.java:549) [jetty-6.1.26.jar:6.1.26]
	at org.mortbay.jetty.HttpParser.parseAvailable(HttpParser.java:212) [jetty-6.1.26.jar:6.1.26]
	at org.mortbay.jetty.HttpConnection.handle(HttpConnection.java:404) [jetty-6.1.26.jar:6.1.26]
	at org.mortbay.io.nio.SelectChannelEndPoint.run(SelectChannelEndPoint.java:410) [jetty-6.1.26.jar:6.1.26]
	at org.mortbay.thread.QueuedThreadPool$PoolThread.run(QueuedThreadPool.java:582) [jetty-util-6.1.26.jar:6.1.26]
2015-09-19 16:35:38,975 DEBUG [2044291841@qtp-346861221-9] c.u.u.b.manager.impl.CustManagerImpl [ImplCommon.java : 31] [cdedccfd-7063-4887-9d81-7cf85aa0ced1] loginIn : LoginAction[loginCode=15211827360,loginPassword=abc123,processId=[cdedccfd-7063-4887-9d81-7cf85aa0ced1] ]
2015-09-19 16:35:39,902 ERROR [2044291841@qtp-346861221-9] o.apache.velocity.app.VelocityEngine [CommonsLoggingLogSystem.java : 49] ResourceManager : unable to find resource 'control/public/head_0.vm' in any resource loader.
2015-09-19 16:35:39,902 ERROR [2044291841@qtp-346861221-9] o.apache.velocity.app.VelocityEngine [CommonsLoggingLogSystem.java : 49] #parse(): cannot find template 'control/public/head_0.vm', called at layout/public_cust.vm[line 3, column 1]
2015-09-19 16:35:39,920 ERROR [2044291841@qtp-346861221-9] c.u.m.e.h.ExceptionHandlingController [ExceptionHandlingController.java : 28] error:
java.lang.Exception: null
	at sun.reflect.NativeConstructorAccessorImpl.newInstance0(Native Method) ~[na:1.8.0_45]
	at sun.reflect.NativeConstructorAccessorImpl.newInstance(Unknown Source) ~[na:1.8.0_45]
	at sun.reflect.DelegatingConstructorAccessorImpl.newInstance(Unknown Source) ~[na:1.8.0_45]
	at java.lang.reflect.Constructor.newInstance(Unknown Source) ~[na:1.8.0_45]
	at org.springframework.beans.BeanUtils.instantiateClass(BeanUtils.java:148) ~[spring-beans-3.2.5.RELEASE.jar:3.2.5.RELEASE]
	at org.springframework.beans.BeanUtils.instantiateClass(BeanUtils.java:105) ~[spring-beans-3.2.5.RELEASE.jar:3.2.5.RELEASE]
	at org.springframework.web.bind.annotation.support.HandlerMethodInvoker.resolveModelAttribute(HandlerMethodInvoker.java:770) ~[spring-web-3.2.4.RELEASE.jar:3.2.4.RELEASE]
	at org.springframework.web.bind.annotation.support.HandlerMethodInvoker.resolveHandlerArguments(HandlerMethodInvoker.java:363) ~[spring-web-3.2.4.RELEASE.jar:3.2.4.RELEASE]
	at org.springframework.web.bind.annotation.support.HandlerMethodInvoker.invokeHandlerMethod(HandlerMethodInvoker.java:171) ~[spring-web-3.2.4.RELEASE.jar:3.2.4.RELEASE]
	at org.springframework.web.servlet.mvc.annotation.AnnotationMethodHandlerAdapter.invokeHandlerMethod(AnnotationMethodHandlerAdapter.java:440) ~[spring-webmvc-3.2.5.RELEASE.jar:3.2.5.RELEASE]
	at org.springframework.web.servlet.mvc.annotation.AnnotationMethodHandlerAdapter.handle(AnnotationMethodHandlerAdapter.java:428) ~[spring-webmvc-3.2.5.RELEASE.jar:3.2.5.RELEASE]
	at org.springframework.web.servlet.DispatcherServlet.doDispatch(DispatcherServlet.java:925) ~[spring-webmvc-3.2.5.RELEASE.jar:3.2.5.RELEASE]
	at org.springframework.web.servlet.DispatcherServlet.doService(DispatcherServlet.java:856) ~[spring-webmvc-3.2.5.RELEASE.jar:3.2.5.RELEASE]
	at org.springframework.web.servlet.FrameworkServlet.processRequest(FrameworkServlet.java:936) [spring-webmvc-3.2.5.RELEASE.jar:3.2.5.RELEASE]
	at org.springframework.web.servlet.FrameworkServlet.doPost(FrameworkServlet.java:838) [spring-webmvc-3.2.5.RELEASE.jar:3.2.5.RELEASE]
	at javax.servlet.http.HttpServlet.service(HttpServlet.java:727) [servlet-api-2.5-20081211.jar:na]
	at org.springframework.web.servlet.FrameworkServlet.service(FrameworkServlet.java:812) [spring-webmvc-3.2.5.RELEASE.jar:3.2.5.RELEASE]
	at javax.servlet.http.HttpServlet.service(HttpServlet.java:820) [servlet-api-2.5-20081211.jar:na]
	at org.mortbay.jetty.servlet.ServletHolder.handle(ServletHolder.java:511) [jetty-6.1.26.jar:6.1.26]
	at org.mortbay.jetty.servlet.ServletHandler.handle(ServletHandler.java:401) [jetty-6.1.26.jar:6.1.26]
	at org.mortbay.jetty.security.SecurityHandler.handle(SecurityHandler.java:216) [jetty-6.1.26.jar:6.1.26]
	at org.mortbay.jetty.servlet.SessionHandler.handle(SessionHandler.java:182) [jetty-6.1.26.jar:6.1.26]
	at org.mortbay.jetty.handler.ContextHandler.handle(ContextHandler.java:766) [jetty-6.1.26.jar:6.1.26]
	at org.mortbay.jetty.webapp.WebAppContext.handle(WebAppContext.java:450) [jetty-6.1.26.jar:6.1.26]
	at org.mortbay.jetty.servlet.Dispatcher.forward(Dispatcher.java:327) [jetty-6.1.26.jar:6.1.26]
	at org.mortbay.jetty.servlet.Dispatcher.error(Dispatcher.java:135) [jetty-6.1.26.jar:6.1.26]
	at org.mortbay.jetty.servlet.ErrorPageErrorHandler.handle(ErrorPageErrorHandler.java:129) [jetty-6.1.26.jar:6.1.26]
	at org.mortbay.jetty.Response.sendError(Response.java:274) [jetty-6.1.26.jar:6.1.26]
	at org.mortbay.jetty.servlet.ServletHandler.handle(ServletHandler.java:486) [jetty-6.1.26.jar:6.1.26]
	at org.mortbay.jetty.security.SecurityHandler.handle(SecurityHandler.java:216) [jetty-6.1.26.jar:6.1.26]
	at org.mortbay.jetty.servlet.SessionHandler.handle(SessionHandler.java:182) [jetty-6.1.26.jar:6.1.26]
	at org.mortbay.jetty.handler.ContextHandler.handle(ContextHandler.java:766) [jetty-6.1.26.jar:6.1.26]
	at org.mortbay.jetty.webapp.WebAppContext.handle(WebAppContext.java:450) [jetty-6.1.26.jar:6.1.26]
	at org.mortbay.jetty.handler.HandlerWrapper.handle(HandlerWrapper.java:152) [jetty-6.1.26.jar:6.1.26]
	at org.mortbay.jetty.Server.handle(Server.java:326) [jetty-6.1.26.jar:6.1.26]
	at org.mortbay.jetty.HttpConnection.handleRequest(HttpConnection.java:542) [jetty-6.1.26.jar:6.1.26]
	at org.mortbay.jetty.HttpConnection$RequestHandler.content(HttpConnection.java:945) [jetty-6.1.26.jar:6.1.26]
	at org.mortbay.jetty.HttpParser.parseNext(HttpParser.java:756) [jetty-6.1.26.jar:6.1.26]
	at org.mortbay.jetty.HttpParser.parseAvailable(HttpParser.java:218) [jetty-6.1.26.jar:6.1.26]
	at org.mortbay.jetty.HttpConnection.handle(HttpConnection.java:404) [jetty-6.1.26.jar:6.1.26]
	at org.mortbay.io.nio.SelectChannelEndPoint.run(SelectChannelEndPoint.java:410) [jetty-6.1.26.jar:6.1.26]
	at org.mortbay.thread.QueuedThreadPool$PoolThread.run(QueuedThreadPool.java:582) [jetty-util-6.1.26.jar:6.1.26]
2015-09-19 16:36:05,203 DEBUG [1915050414@qtp-346861221-15] c.u.u.b.manager.impl.CustManagerImpl [ImplCommon.java : 31] [3190a6c1-635d-4242-b4eb-9be9eb1f2ad5] loginIn : LoginAction[loginCode=15211827360,loginPassword=abc123,processId=[3190a6c1-635d-4242-b4eb-9be9eb1f2ad5] ]
2015-09-19 16:36:05,722 ERROR [1915050414@qtp-346861221-15] o.apache.velocity.app.VelocityEngine [CommonsLoggingLogSystem.java : 49] ResourceManager : unable to find resource 'control/public/head_0.vm' in any resource loader.
2015-09-19 16:36:05,723 ERROR [1915050414@qtp-346861221-15] o.apache.velocity.app.VelocityEngine [CommonsLoggingLogSystem.java : 49] #parse(): cannot find template 'control/public/head_0.vm', called at layout/public_cust.vm[line 3, column 1]
2015-09-19 16:36:05,727 ERROR [1915050414@qtp-346861221-15] c.u.m.e.h.ExceptionHandlingController [ExceptionHandlingController.java : 28] error:
java.lang.Exception: null
	at sun.reflect.NativeConstructorAccessorImpl.newInstance0(Native Method) ~[na:1.8.0_45]
	at sun.reflect.NativeConstructorAccessorImpl.newInstance(Unknown Source) ~[na:1.8.0_45]
	at sun.reflect.DelegatingConstructorAccessorImpl.newInstance(Unknown Source) ~[na:1.8.0_45]
	at java.lang.reflect.Constructor.newInstance(Unknown Source) ~[na:1.8.0_45]
	at org.springframework.beans.BeanUtils.instantiateClass(BeanUtils.java:148) ~[spring-beans-3.2.5.RELEASE.jar:3.2.5.RELEASE]
	at org.springframework.beans.BeanUtils.instantiateClass(BeanUtils.java:105) ~[spring-beans-3.2.5.RELEASE.jar:3.2.5.RELEASE]
	at org.springframework.web.bind.annotation.support.HandlerMethodInvoker.resolveModelAttribute(HandlerMethodInvoker.java:770) ~[spring-web-3.2.4.RELEASE.jar:3.2.4.RELEASE]
	at org.springframework.web.bind.annotation.support.HandlerMethodInvoker.resolveHandlerArguments(HandlerMethodInvoker.java:363) ~[spring-web-3.2.4.RELEASE.jar:3.2.4.RELEASE]
	at org.springframework.web.bind.annotation.support.HandlerMethodInvoker.invokeHandlerMethod(HandlerMethodInvoker.java:171) ~[spring-web-3.2.4.RELEASE.jar:3.2.4.RELEASE]
	at org.springframework.web.servlet.mvc.annotation.AnnotationMethodHandlerAdapter.invokeHandlerMethod(AnnotationMethodHandlerAdapter.java:440) ~[spring-webmvc-3.2.5.RELEASE.jar:3.2.5.RELEASE]
	at org.springframework.web.servlet.mvc.annotation.AnnotationMethodHandlerAdapter.handle(AnnotationMethodHandlerAdapter.java:428) ~[spring-webmvc-3.2.5.RELEASE.jar:3.2.5.RELEASE]
	at org.springframework.web.servlet.DispatcherServlet.doDispatch(DispatcherServlet.java:925) ~[spring-webmvc-3.2.5.RELEASE.jar:3.2.5.RELEASE]
	at org.springframework.web.servlet.DispatcherServlet.doService(DispatcherServlet.java:856) ~[spring-webmvc-3.2.5.RELEASE.jar:3.2.5.RELEASE]
	at org.springframework.web.servlet.FrameworkServlet.processRequest(FrameworkServlet.java:936) [spring-webmvc-3.2.5.RELEASE.jar:3.2.5.RELEASE]
	at org.springframework.web.servlet.FrameworkServlet.doPost(FrameworkServlet.java:838) [spring-webmvc-3.2.5.RELEASE.jar:3.2.5.RELEASE]
	at javax.servlet.http.HttpServlet.service(HttpServlet.java:727) [servlet-api-2.5-20081211.jar:na]
	at org.springframework.web.servlet.FrameworkServlet.service(FrameworkServlet.java:812) [spring-webmvc-3.2.5.RELEASE.jar:3.2.5.RELEASE]
	at javax.servlet.http.HttpServlet.service(HttpServlet.java:820) [servlet-api-2.5-20081211.jar:na]
	at org.mortbay.jetty.servlet.ServletHolder.handle(ServletHolder.java:511) [jetty-6.1.26.jar:6.1.26]
	at org.mortbay.jetty.servlet.ServletHandler.handle(ServletHandler.java:401) [jetty-6.1.26.jar:6.1.26]
	at org.mortbay.jetty.security.SecurityHandler.handle(SecurityHandler.java:216) [jetty-6.1.26.jar:6.1.26]
	at org.mortbay.jetty.servlet.SessionHandler.handle(SessionHandler.java:182) [jetty-6.1.26.jar:6.1.26]
	at org.mortbay.jetty.handler.ContextHandler.handle(ContextHandler.java:766) [jetty-6.1.26.jar:6.1.26]
	at org.mortbay.jetty.webapp.WebAppContext.handle(WebAppContext.java:450) [jetty-6.1.26.jar:6.1.26]
	at org.mortbay.jetty.servlet.Dispatcher.forward(Dispatcher.java:327) [jetty-6.1.26.jar:6.1.26]
	at org.mortbay.jetty.servlet.Dispatcher.error(Dispatcher.java:135) [jetty-6.1.26.jar:6.1.26]
	at org.mortbay.jetty.servlet.ErrorPageErrorHandler.handle(ErrorPageErrorHandler.java:129) [jetty-6.1.26.jar:6.1.26]
	at org.mortbay.jetty.Response.sendError(Response.java:274) [jetty-6.1.26.jar:6.1.26]
	at org.mortbay.jetty.servlet.ServletHandler.handle(ServletHandler.java:486) [jetty-6.1.26.jar:6.1.26]
	at org.mortbay.jetty.security.SecurityHandler.handle(SecurityHandler.java:216) [jetty-6.1.26.jar:6.1.26]
	at org.mortbay.jetty.servlet.SessionHandler.handle(SessionHandler.java:182) [jetty-6.1.26.jar:6.1.26]
	at org.mortbay.jetty.handler.ContextHandler.handle(ContextHandler.java:766) [jetty-6.1.26.jar:6.1.26]
	at org.mortbay.jetty.webapp.WebAppContext.handle(WebAppContext.java:450) [jetty-6.1.26.jar:6.1.26]
	at org.mortbay.jetty.handler.HandlerWrapper.handle(HandlerWrapper.java:152) [jetty-6.1.26.jar:6.1.26]
	at org.mortbay.jetty.Server.handle(Server.java:326) [jetty-6.1.26.jar:6.1.26]
	at org.mortbay.jetty.HttpConnection.handleRequest(HttpConnection.java:542) [jetty-6.1.26.jar:6.1.26]
	at org.mortbay.jetty.HttpConnection$RequestHandler.content(HttpConnection.java:945) [jetty-6.1.26.jar:6.1.26]
	at org.mortbay.jetty.HttpParser.parseNext(HttpParser.java:756) [jetty-6.1.26.jar:6.1.26]
	at org.mortbay.jetty.HttpParser.parseAvailable(HttpParser.java:218) [jetty-6.1.26.jar:6.1.26]
	at org.mortbay.jetty.HttpConnection.handle(HttpConnection.java:404) [jetty-6.1.26.jar:6.1.26]
	at org.mortbay.io.nio.SelectChannelEndPoint.run(SelectChannelEndPoint.java:410) [jetty-6.1.26.jar:6.1.26]
	at org.mortbay.thread.QueuedThreadPool$PoolThread.run(QueuedThreadPool.java:582) [jetty-util-6.1.26.jar:6.1.26]
2015-09-19 16:38:52,012 DEBUG [442638056@qtp-346861221-17] c.u.u.b.manager.impl.CustManagerImpl [ImplCommon.java : 31] [44514b04-7d4e-4cfa-be2a-9d7a4a9a8850] loginIn : LoginAction[loginCode=15211827360,loginPassword=abc123,processId=[44514b04-7d4e-4cfa-be2a-9d7a4a9a8850] ]
2015-09-19 16:38:52,725 DEBUG [675826032@qtp-346861221-18] c.u.u.b.manager.impl.CustManagerImpl [ImplCommon.java : 31] [d1c37974-be4c-4d39-a849-549f67183368] loginIn : LoginAction[loginCode=<null>,loginPassword=<null>,processId=[d1c37974-be4c-4d39-a849-549f67183368] ]
2015-09-19 16:38:52,730 DEBUG [675826032@qtp-346861221-18] AppException [AppException.java : 90] [d1c37974-be4c-4d39-a849-549f67183368]  errcode :NECESSARY_EMPTY errmsg :登录账号不能为空
2015-09-19 16:38:52,737 ERROR [675826032@qtp-346861221-18] c.u.u.web.controller.CustController [CustController.java : 277] 登录账号不能为空
com.ufufund.ufb.biz.exception.BizException: 登录账号不能为空
	at com.ufufund.ufb.biz.manager.impl.validator.CustManagerValidator.validator(CustManagerValidator.java:33) ~[classes/:na]
	at com.ufufund.ufb.biz.manager.impl.CustManagerImpl.loginIn(CustManagerImpl.java:174) ~[classes/:na]
	at com.ufufund.ufb.web.controller.CustController.loginIn(CustController.java:231) ~[classes/:na]
	at sun.reflect.NativeMethodAccessorImpl.invoke0(Native Method) ~[na:1.8.0_45]
	at sun.reflect.NativeMethodAccessorImpl.invoke(Unknown Source) ~[na:1.8.0_45]
	at sun.reflect.DelegatingMethodAccessorImpl.invoke(Unknown Source) ~[na:1.8.0_45]
	at java.lang.reflect.Method.invoke(Unknown Source) ~[na:1.8.0_45]
	at org.springframework.web.bind.annotation.support.HandlerMethodInvoker.invokeHandlerMethod(HandlerMethodInvoker.java:176) [spring-web-3.2.4.RELEASE.jar:3.2.4.RELEASE]
	at org.springframework.web.servlet.mvc.annotation.AnnotationMethodHandlerAdapter.invokeHandlerMethod(AnnotationMethodHandlerAdapter.java:440) [spring-webmvc-3.2.5.RELEASE.jar:3.2.5.RELEASE]
	at org.springframework.web.servlet.mvc.annotation.AnnotationMethodHandlerAdapter.handle(AnnotationMethodHandlerAdapter.java:428) [spring-webmvc-3.2.5.RELEASE.jar:3.2.5.RELEASE]
	at org.springframework.web.servlet.DispatcherServlet.doDispatch(DispatcherServlet.java:925) [spring-webmvc-3.2.5.RELEASE.jar:3.2.5.RELEASE]
	at org.springframework.web.servlet.DispatcherServlet.doService(DispatcherServlet.java:856) [spring-webmvc-3.2.5.RELEASE.jar:3.2.5.RELEASE]
	at org.springframework.web.servlet.FrameworkServlet.processRequest(FrameworkServlet.java:936) [spring-webmvc-3.2.5.RELEASE.jar:3.2.5.RELEASE]
	at org.springframework.web.servlet.FrameworkServlet.doGet(FrameworkServlet.java:827) [spring-webmvc-3.2.5.RELEASE.jar:3.2.5.RELEASE]
	at javax.servlet.http.HttpServlet.service(HttpServlet.java:707) [servlet-api-2.5-20081211.jar:na]
	at org.springframework.web.servlet.FrameworkServlet.service(FrameworkServlet.java:812) [spring-webmvc-3.2.5.RELEASE.jar:3.2.5.RELEASE]
	at javax.servlet.http.HttpServlet.service(HttpServlet.java:820) [servlet-api-2.5-20081211.jar:na]
	at org.mortbay.jetty.servlet.ServletHolder.handle(ServletHolder.java:511) [jetty-6.1.26.jar:6.1.26]
	at org.mortbay.jetty.servlet.ServletHandler$CachedChain.doFilter(ServletHandler.java:1221) [jetty-6.1.26.jar:6.1.26]
	at org.springframework.web.filter.CharacterEncodingFilter.doFilterInternal(CharacterEncodingFilter.java:88) [spring-web-3.2.4.RELEASE.jar:3.2.4.RELEASE]
	at org.springframework.web.filter.OncePerRequestFilter.doFilter(OncePerRequestFilter.java:107) [spring-web-3.2.4.RELEASE.jar:3.2.4.RELEASE]
	at org.mortbay.jetty.servlet.ServletHandler$CachedChain.doFilter(ServletHandler.java:1212) [jetty-6.1.26.jar:6.1.26]
	at com.ufufund.ufb.web.filter.RefreshHolderFilter.doFilter(RefreshHolderFilter.java:31) [classes/:na]
	at org.mortbay.jetty.servlet.ServletHandler$CachedChain.doFilter(ServletHandler.java:1212) [jetty-6.1.26.jar:6.1.26]
	at com.ufufund.ufb.web.filter.ServletHolderFilter.doFilter(ServletHolderFilter.java:26) [classes/:na]
	at org.mortbay.jetty.servlet.ServletHandler$CachedChain.doFilter(ServletHandler.java:1212) [jetty-6.1.26.jar:6.1.26]
	at org.mortbay.jetty.servlet.ServletHandler.handle(ServletHandler.java:399) [jetty-6.1.26.jar:6.1.26]
	at org.mortbay.jetty.security.SecurityHandler.handle(SecurityHandler.java:216) [jetty-6.1.26.jar:6.1.26]
	at org.mortbay.jetty.servlet.SessionHandler.handle(SessionHandler.java:182) [jetty-6.1.26.jar:6.1.26]
	at org.mortbay.jetty.handler.ContextHandler.handle(ContextHandler.java:766) [jetty-6.1.26.jar:6.1.26]
	at org.mortbay.jetty.webapp.WebAppContext.handle(WebAppContext.java:450) [jetty-6.1.26.jar:6.1.26]
	at org.mortbay.jetty.handler.HandlerWrapper.handle(HandlerWrapper.java:152) [jetty-6.1.26.jar:6.1.26]
	at org.mortbay.jetty.Server.handle(Server.java:326) [jetty-6.1.26.jar:6.1.26]
	at org.mortbay.jetty.HttpConnection.handleRequest(HttpConnection.java:542) [jetty-6.1.26.jar:6.1.26]
	at org.mortbay.jetty.HttpConnection$RequestHandler.headerComplete(HttpConnection.java:928) [jetty-6.1.26.jar:6.1.26]
	at org.mortbay.jetty.HttpParser.parseNext(HttpParser.java:549) [jetty-6.1.26.jar:6.1.26]
	at org.mortbay.jetty.HttpParser.parseAvailable(HttpParser.java:212) [jetty-6.1.26.jar:6.1.26]
	at org.mortbay.jetty.HttpConnection.handle(HttpConnection.java:404) [jetty-6.1.26.jar:6.1.26]
	at org.mortbay.io.nio.SelectChannelEndPoint.run(SelectChannelEndPoint.java:410) [jetty-6.1.26.jar:6.1.26]
	at org.mortbay.thread.QueuedThreadPool$PoolThread.run(QueuedThreadPool.java:582) [jetty-util-6.1.26.jar:6.1.26]
2015-09-19 16:39:26,029 DEBUG [675826032@qtp-346861221-18] c.u.u.b.manager.impl.CustManagerImpl [ImplCommon.java : 31] [297550d1-d7db-43b0-b61a-42cbb6cd8a75] loginIn : LoginAction[loginCode=15211827360,loginPassword=abc123,processId=[297550d1-d7db-43b0-b61a-42cbb6cd8a75] ]
2015-09-19 16:39:26,786 DEBUG [442638056@qtp-346861221-17] c.u.u.b.manager.impl.CustManagerImpl [ImplCommon.java : 31] [61a2547d-69be-4247-86ab-11237fa6e4c7] loginIn : LoginAction[loginCode=<null>,loginPassword=<null>,processId=[61a2547d-69be-4247-86ab-11237fa6e4c7] ]
2015-09-19 16:39:26,786 DEBUG [442638056@qtp-346861221-17] AppException [AppException.java : 90] [61a2547d-69be-4247-86ab-11237fa6e4c7]  errcode :NECESSARY_EMPTY errmsg :登录账号不能为空
2015-09-19 16:39:26,790 ERROR [442638056@qtp-346861221-17] c.u.u.web.controller.CustController [CustController.java : 277] 登录账号不能为空
com.ufufund.ufb.biz.exception.BizException: 登录账号不能为空
	at com.ufufund.ufb.biz.manager.impl.validator.CustManagerValidator.validator(CustManagerValidator.java:33) ~[classes/:na]
	at com.ufufund.ufb.biz.manager.impl.CustManagerImpl.loginIn(CustManagerImpl.java:174) ~[classes/:na]
	at com.ufufund.ufb.web.controller.CustController.loginIn(CustController.java:231) ~[classes/:na]
	at sun.reflect.NativeMethodAccessorImpl.invoke0(Native Method) ~[na:1.8.0_45]
	at sun.reflect.NativeMethodAccessorImpl.invoke(Unknown Source) ~[na:1.8.0_45]
	at sun.reflect.DelegatingMethodAccessorImpl.invoke(Unknown Source) ~[na:1.8.0_45]
	at java.lang.reflect.Method.invoke(Unknown Source) ~[na:1.8.0_45]
	at org.springframework.web.bind.annotation.support.HandlerMethodInvoker.invokeHandlerMethod(HandlerMethodInvoker.java:176) [spring-web-3.2.4.RELEASE.jar:3.2.4.RELEASE]
	at org.springframework.web.servlet.mvc.annotation.AnnotationMethodHandlerAdapter.invokeHandlerMethod(AnnotationMethodHandlerAdapter.java:440) [spring-webmvc-3.2.5.RELEASE.jar:3.2.5.RELEASE]
	at org.springframework.web.servlet.mvc.annotation.AnnotationMethodHandlerAdapter.handle(AnnotationMethodHandlerAdapter.java:428) [spring-webmvc-3.2.5.RELEASE.jar:3.2.5.RELEASE]
	at org.springframework.web.servlet.DispatcherServlet.doDispatch(DispatcherServlet.java:925) [spring-webmvc-3.2.5.RELEASE.jar:3.2.5.RELEASE]
	at org.springframework.web.servlet.DispatcherServlet.doService(DispatcherServlet.java:856) [spring-webmvc-3.2.5.RELEASE.jar:3.2.5.RELEASE]
	at org.springframework.web.servlet.FrameworkServlet.processRequest(FrameworkServlet.java:936) [spring-webmvc-3.2.5.RELEASE.jar:3.2.5.RELEASE]
	at org.springframework.web.servlet.FrameworkServlet.doGet(FrameworkServlet.java:827) [spring-webmvc-3.2.5.RELEASE.jar:3.2.5.RELEASE]
	at javax.servlet.http.HttpServlet.service(HttpServlet.java:707) [servlet-api-2.5-20081211.jar:na]
	at org.springframework.web.servlet.FrameworkServlet.service(FrameworkServlet.java:812) [spring-webmvc-3.2.5.RELEASE.jar:3.2.5.RELEASE]
	at javax.servlet.http.HttpServlet.service(HttpServlet.java:820) [servlet-api-2.5-20081211.jar:na]
	at org.mortbay.jetty.servlet.ServletHolder.handle(ServletHolder.java:511) [jetty-6.1.26.jar:6.1.26]
	at org.mortbay.jetty.servlet.ServletHandler$CachedChain.doFilter(ServletHandler.java:1221) [jetty-6.1.26.jar:6.1.26]
	at org.springframework.web.filter.CharacterEncodingFilter.doFilterInternal(CharacterEncodingFilter.java:88) [spring-web-3.2.4.RELEASE.jar:3.2.4.RELEASE]
	at org.springframework.web.filter.OncePerRequestFilter.doFilter(OncePerRequestFilter.java:107) [spring-web-3.2.4.RELEASE.jar:3.2.4.RELEASE]
	at org.mortbay.jetty.servlet.ServletHandler$CachedChain.doFilter(ServletHandler.java:1212) [jetty-6.1.26.jar:6.1.26]
	at com.ufufund.ufb.web.filter.RefreshHolderFilter.doFilter(RefreshHolderFilter.java:31) [classes/:na]
	at org.mortbay.jetty.servlet.ServletHandler$CachedChain.doFilter(ServletHandler.java:1212) [jetty-6.1.26.jar:6.1.26]
	at com.ufufund.ufb.web.filter.ServletHolderFilter.doFilter(ServletHolderFilter.java:26) [classes/:na]
	at org.mortbay.jetty.servlet.ServletHandler$CachedChain.doFilter(ServletHandler.java:1212) [jetty-6.1.26.jar:6.1.26]
	at org.mortbay.jetty.servlet.ServletHandler.handle(ServletHandler.java:399) [jetty-6.1.26.jar:6.1.26]
	at org.mortbay.jetty.security.SecurityHandler.handle(SecurityHandler.java:216) [jetty-6.1.26.jar:6.1.26]
	at org.mortbay.jetty.servlet.SessionHandler.handle(SessionHandler.java:182) [jetty-6.1.26.jar:6.1.26]
	at org.mortbay.jetty.handler.ContextHandler.handle(ContextHandler.java:766) [jetty-6.1.26.jar:6.1.26]
	at org.mortbay.jetty.webapp.WebAppContext.handle(WebAppContext.java:450) [jetty-6.1.26.jar:6.1.26]
	at org.mortbay.jetty.handler.HandlerWrapper.handle(HandlerWrapper.java:152) [jetty-6.1.26.jar:6.1.26]
	at org.mortbay.jetty.Server.handle(Server.java:326) [jetty-6.1.26.jar:6.1.26]
	at org.mortbay.jetty.HttpConnection.handleRequest(HttpConnection.java:542) [jetty-6.1.26.jar:6.1.26]
	at org.mortbay.jetty.HttpConnection$RequestHandler.headerComplete(HttpConnection.java:928) [jetty-6.1.26.jar:6.1.26]
	at org.mortbay.jetty.HttpParser.parseNext(HttpParser.java:549) [jetty-6.1.26.jar:6.1.26]
	at org.mortbay.jetty.HttpParser.parseAvailable(HttpParser.java:212) [jetty-6.1.26.jar:6.1.26]
	at org.mortbay.jetty.HttpConnection.handle(HttpConnection.java:404) [jetty-6.1.26.jar:6.1.26]
	at org.mortbay.io.nio.SelectChannelEndPoint.run(SelectChannelEndPoint.java:410) [jetty-6.1.26.jar:6.1.26]
	at org.mortbay.thread.QueuedThreadPool$PoolThread.run(QueuedThreadPool.java:582) [jetty-util-6.1.26.jar:6.1.26]
2015-09-19 18:00:03,967 DEBUG [684874119@qtp-346861221-0] c.u.u.b.manager.impl.CustManagerImpl [ImplCommon.java : 31] [a1429816-95ce-4c48-a35b-5e958beff40c] loginIn : LoginAction[loginCode=<null>,loginPassword=<null>,processId=[a1429816-95ce-4c48-a35b-5e958beff40c] ]
2015-09-19 18:00:05,605 DEBUG [684874119@qtp-346861221-0] AppException [AppException.java : 90] [a1429816-95ce-4c48-a35b-5e958beff40c]  errcode :NECESSARY_EMPTY errmsg :登录账号不能为空
2015-09-19 18:00:05,614 ERROR [684874119@qtp-346861221-0] c.u.u.web.controller.CustController [CustController.java : 277] 登录账号不能为空
com.ufufund.ufb.biz.exception.BizException: 登录账号不能为空
	at com.ufufund.ufb.biz.manager.impl.validator.CustManagerValidator.validator(CustManagerValidator.java:33) ~[classes/:na]
	at com.ufufund.ufb.biz.manager.impl.CustManagerImpl.loginIn(CustManagerImpl.java:174) ~[classes/:na]
	at com.ufufund.ufb.web.controller.CustController.loginIn(CustController.java:231) ~[classes/:na]
	at sun.reflect.NativeMethodAccessorImpl.invoke0(Native Method) ~[na:1.8.0_45]
	at sun.reflect.NativeMethodAccessorImpl.invoke(Unknown Source) ~[na:1.8.0_45]
	at sun.reflect.DelegatingMethodAccessorImpl.invoke(Unknown Source) ~[na:1.8.0_45]
	at java.lang.reflect.Method.invoke(Unknown Source) ~[na:1.8.0_45]
	at org.springframework.web.bind.annotation.support.HandlerMethodInvoker.invokeHandlerMethod(HandlerMethodInvoker.java:176) [spring-web-3.2.4.RELEASE.jar:3.2.4.RELEASE]
	at org.springframework.web.servlet.mvc.annotation.AnnotationMethodHandlerAdapter.invokeHandlerMethod(AnnotationMethodHandlerAdapter.java:440) [spring-webmvc-3.2.5.RELEASE.jar:3.2.5.RELEASE]
	at org.springframework.web.servlet.mvc.annotation.AnnotationMethodHandlerAdapter.handle(AnnotationMethodHandlerAdapter.java:428) [spring-webmvc-3.2.5.RELEASE.jar:3.2.5.RELEASE]
	at org.springframework.web.servlet.DispatcherServlet.doDispatch(DispatcherServlet.java:925) [spring-webmvc-3.2.5.RELEASE.jar:3.2.5.RELEASE]
	at org.springframework.web.servlet.DispatcherServlet.doService(DispatcherServlet.java:856) [spring-webmvc-3.2.5.RELEASE.jar:3.2.5.RELEASE]
	at org.springframework.web.servlet.FrameworkServlet.processRequest(FrameworkServlet.java:936) [spring-webmvc-3.2.5.RELEASE.jar:3.2.5.RELEASE]
	at org.springframework.web.servlet.FrameworkServlet.doGet(FrameworkServlet.java:827) [spring-webmvc-3.2.5.RELEASE.jar:3.2.5.RELEASE]
	at javax.servlet.http.HttpServlet.service(HttpServlet.java:707) [servlet-api-2.5-20081211.jar:na]
	at org.springframework.web.servlet.FrameworkServlet.service(FrameworkServlet.java:812) [spring-webmvc-3.2.5.RELEASE.jar:3.2.5.RELEASE]
	at javax.servlet.http.HttpServlet.service(HttpServlet.java:820) [servlet-api-2.5-20081211.jar:na]
	at org.mortbay.jetty.servlet.ServletHolder.handle(ServletHolder.java:511) [jetty-6.1.26.jar:6.1.26]
	at org.mortbay.jetty.servlet.ServletHandler$CachedChain.doFilter(ServletHandler.java:1221) [jetty-6.1.26.jar:6.1.26]
	at org.springframework.web.filter.CharacterEncodingFilter.doFilterInternal(CharacterEncodingFilter.java:88) [spring-web-3.2.4.RELEASE.jar:3.2.4.RELEASE]
	at org.springframework.web.filter.OncePerRequestFilter.doFilter(OncePerRequestFilter.java:107) [spring-web-3.2.4.RELEASE.jar:3.2.4.RELEASE]
	at org.mortbay.jetty.servlet.ServletHandler$CachedChain.doFilter(ServletHandler.java:1212) [jetty-6.1.26.jar:6.1.26]
	at com.ufufund.ufb.web.filter.RefreshHolderFilter.doFilter(RefreshHolderFilter.java:31) [classes/:na]
	at org.mortbay.jetty.servlet.ServletHandler$CachedChain.doFilter(ServletHandler.java:1212) [jetty-6.1.26.jar:6.1.26]
	at com.ufufund.ufb.web.filter.ServletHolderFilter.doFilter(ServletHolderFilter.java:26) [classes/:na]
	at org.mortbay.jetty.servlet.ServletHandler$CachedChain.doFilter(ServletHandler.java:1212) [jetty-6.1.26.jar:6.1.26]
	at org.mortbay.jetty.servlet.ServletHandler.handle(ServletHandler.java:399) [jetty-6.1.26.jar:6.1.26]
	at org.mortbay.jetty.security.SecurityHandler.handle(SecurityHandler.java:216) [jetty-6.1.26.jar:6.1.26]
	at org.mortbay.jetty.servlet.SessionHandler.handle(SessionHandler.java:182) [jetty-6.1.26.jar:6.1.26]
	at org.mortbay.jetty.handler.ContextHandler.handle(ContextHandler.java:766) [jetty-6.1.26.jar:6.1.26]
	at org.mortbay.jetty.webapp.WebAppContext.handle(WebAppContext.java:450) [jetty-6.1.26.jar:6.1.26]
	at org.mortbay.jetty.handler.HandlerWrapper.handle(HandlerWrapper.java:152) [jetty-6.1.26.jar:6.1.26]
	at org.mortbay.jetty.Server.handle(Server.java:326) [jetty-6.1.26.jar:6.1.26]
	at org.mortbay.jetty.HttpConnection.handleRequest(HttpConnection.java:542) [jetty-6.1.26.jar:6.1.26]
	at org.mortbay.jetty.HttpConnection$RequestHandler.headerComplete(HttpConnection.java:928) [jetty-6.1.26.jar:6.1.26]
	at org.mortbay.jetty.HttpParser.parseNext(HttpParser.java:549) [jetty-6.1.26.jar:6.1.26]
	at org.mortbay.jetty.HttpParser.parseAvailable(HttpParser.java:212) [jetty-6.1.26.jar:6.1.26]
	at org.mortbay.jetty.HttpConnection.handle(HttpConnection.java:404) [jetty-6.1.26.jar:6.1.26]
	at org.mortbay.io.nio.SelectChannelEndPoint.run(SelectChannelEndPoint.java:410) [jetty-6.1.26.jar:6.1.26]
	at org.mortbay.thread.QueuedThreadPool$PoolThread.run(QueuedThreadPool.java:582) [jetty-util-6.1.26.jar:6.1.26]
2015-09-19 18:00:05,811 WARN [684874119@qtp-346861221-0] o.a.v.tools.view.XMLToolboxManager [XMLToolboxManager.java : 100] XMLToolboxManager has been deprecated. Please use org.apache.velocity.tools.ToolboxFactory instead.
2015-09-19 18:00:05,811 WARN [684874119@qtp-346861221-0] o.a.v.t.v.s.ServletToolboxManager [ServletToolboxManager.java : 131] ServletToolboxManager has been deprecated. Please use org.apache.velocity.tools.ToolboxFactory instead.
2015-09-19 18:00:15,714 DEBUG [684874119@qtp-346861221-0] c.u.u.b.manager.impl.CustManagerImpl [ImplCommon.java : 31] [83045a0a-fea6-4785-9ae7-0b896a8857ee] loginIn : LoginAction[loginCode=15211827360,loginPassword=abc123,processId=[83045a0a-fea6-4785-9ae7-0b896a8857ee] ]
2015-09-19 18:00:16,671 DEBUG [784320799@qtp-346861221-5] c.u.u.b.manager.impl.CustManagerImpl [ImplCommon.java : 31] [025c8ab7-e720-4254-bc0d-733c6d4d253a] loginIn : LoginAction[loginCode=<null>,loginPassword=<null>,processId=[025c8ab7-e720-4254-bc0d-733c6d4d253a] ]
2015-09-19 18:00:16,672 DEBUG [784320799@qtp-346861221-5] AppException [AppException.java : 90] [025c8ab7-e720-4254-bc0d-733c6d4d253a]  errcode :NECESSARY_EMPTY errmsg :登录账号不能为空
2015-09-19 18:00:16,673 ERROR [784320799@qtp-346861221-5] c.u.u.web.controller.CustController [CustController.java : 277] 登录账号不能为空
com.ufufund.ufb.biz.exception.BizException: 登录账号不能为空
	at com.ufufund.ufb.biz.manager.impl.validator.CustManagerValidator.validator(CustManagerValidator.java:33) ~[classes/:na]
	at com.ufufund.ufb.biz.manager.impl.CustManagerImpl.loginIn(CustManagerImpl.java:174) ~[classes/:na]
	at com.ufufund.ufb.web.controller.CustController.loginIn(CustController.java:231) ~[classes/:na]
	at sun.reflect.NativeMethodAccessorImpl.invoke0(Native Method) ~[na:1.8.0_45]
	at sun.reflect.NativeMethodAccessorImpl.invoke(Unknown Source) ~[na:1.8.0_45]
	at sun.reflect.DelegatingMethodAccessorImpl.invoke(Unknown Source) ~[na:1.8.0_45]
	at java.lang.reflect.Method.invoke(Unknown Source) ~[na:1.8.0_45]
	at org.springframework.web.bind.annotation.support.HandlerMethodInvoker.invokeHandlerMethod(HandlerMethodInvoker.java:176) [spring-web-3.2.4.RELEASE.jar:3.2.4.RELEASE]
	at org.springframework.web.servlet.mvc.annotation.AnnotationMethodHandlerAdapter.invokeHandlerMethod(AnnotationMethodHandlerAdapter.java:440) [spring-webmvc-3.2.5.RELEASE.jar:3.2.5.RELEASE]
	at org.springframework.web.servlet.mvc.annotation.AnnotationMethodHandlerAdapter.handle(AnnotationMethodHandlerAdapter.java:428) [spring-webmvc-3.2.5.RELEASE.jar:3.2.5.RELEASE]
	at org.springframework.web.servlet.DispatcherServlet.doDispatch(DispatcherServlet.java:925) [spring-webmvc-3.2.5.RELEASE.jar:3.2.5.RELEASE]
	at org.springframework.web.servlet.DispatcherServlet.doService(DispatcherServlet.java:856) [spring-webmvc-3.2.5.RELEASE.jar:3.2.5.RELEASE]
	at org.springframework.web.servlet.FrameworkServlet.processRequest(FrameworkServlet.java:936) [spring-webmvc-3.2.5.RELEASE.jar:3.2.5.RELEASE]
	at org.springframework.web.servlet.FrameworkServlet.doGet(FrameworkServlet.java:827) [spring-webmvc-3.2.5.RELEASE.jar:3.2.5.RELEASE]
	at javax.servlet.http.HttpServlet.service(HttpServlet.java:707) [servlet-api-2.5-20081211.jar:na]
	at org.springframework.web.servlet.FrameworkServlet.service(FrameworkServlet.java:812) [spring-webmvc-3.2.5.RELEASE.jar:3.2.5.RELEASE]
	at javax.servlet.http.HttpServlet.service(HttpServlet.java:820) [servlet-api-2.5-20081211.jar:na]
	at org.mortbay.jetty.servlet.ServletHolder.handle(ServletHolder.java:511) [jetty-6.1.26.jar:6.1.26]
	at org.mortbay.jetty.servlet.ServletHandler$CachedChain.doFilter(ServletHandler.java:1221) [jetty-6.1.26.jar:6.1.26]
	at org.springframework.web.filter.CharacterEncodingFilter.doFilterInternal(CharacterEncodingFilter.java:88) [spring-web-3.2.4.RELEASE.jar:3.2.4.RELEASE]
	at org.springframework.web.filter.OncePerRequestFilter.doFilter(OncePerRequestFilter.java:107) [spring-web-3.2.4.RELEASE.jar:3.2.4.RELEASE]
	at org.mortbay.jetty.servlet.ServletHandler$CachedChain.doFilter(ServletHandler.java:1212) [jetty-6.1.26.jar:6.1.26]
	at com.ufufund.ufb.web.filter.RefreshHolderFilter.doFilter(RefreshHolderFilter.java:31) [classes/:na]
	at org.mortbay.jetty.servlet.ServletHandler$CachedChain.doFilter(ServletHandler.java:1212) [jetty-6.1.26.jar:6.1.26]
	at com.ufufund.ufb.web.filter.ServletHolderFilter.doFilter(ServletHolderFilter.java:26) [classes/:na]
	at org.mortbay.jetty.servlet.ServletHandler$CachedChain.doFilter(ServletHandler.java:1212) [jetty-6.1.26.jar:6.1.26]
	at org.mortbay.jetty.servlet.ServletHandler.handle(ServletHandler.java:399) [jetty-6.1.26.jar:6.1.26]
	at org.mortbay.jetty.security.SecurityHandler.handle(SecurityHandler.java:216) [jetty-6.1.26.jar:6.1.26]
	at org.mortbay.jetty.servlet.SessionHandler.handle(SessionHandler.java:182) [jetty-6.1.26.jar:6.1.26]
	at org.mortbay.jetty.handler.ContextHandler.handle(ContextHandler.java:766) [jetty-6.1.26.jar:6.1.26]
	at org.mortbay.jetty.webapp.WebAppContext.handle(WebAppContext.java:450) [jetty-6.1.26.jar:6.1.26]
	at org.mortbay.jetty.handler.HandlerWrapper.handle(HandlerWrapper.java:152) [jetty-6.1.26.jar:6.1.26]
	at org.mortbay.jetty.Server.handle(Server.java:326) [jetty-6.1.26.jar:6.1.26]
	at org.mortbay.jetty.HttpConnection.handleRequest(HttpConnection.java:542) [jetty-6.1.26.jar:6.1.26]
	at org.mortbay.jetty.HttpConnection$RequestHandler.headerComplete(HttpConnection.java:928) [jetty-6.1.26.jar:6.1.26]
	at org.mortbay.jetty.HttpParser.parseNext(HttpParser.java:549) [jetty-6.1.26.jar:6.1.26]
	at org.mortbay.jetty.HttpParser.parseAvailable(HttpParser.java:212) [jetty-6.1.26.jar:6.1.26]
	at org.mortbay.jetty.HttpConnection.handle(HttpConnection.java:404) [jetty-6.1.26.jar:6.1.26]
	at org.mortbay.io.nio.SelectChannelEndPoint.run(SelectChannelEndPoint.java:410) [jetty-6.1.26.jar:6.1.26]
	at org.mortbay.thread.QueuedThreadPool$PoolThread.run(QueuedThreadPool.java:582) [jetty-util-6.1.26.jar:6.1.26]
2015-09-19 18:00:45,017 DEBUG [784320799@qtp-346861221-5] c.u.u.b.manager.impl.CustManagerImpl [ImplCommon.java : 31] [813ac4e7-2986-4c82-81c5-2a0a326284a1] loginIn : LoginAction[loginCode=15211827360,loginPassword=abc123,processId=[813ac4e7-2986-4c82-81c5-2a0a326284a1] ]
2015-09-19 18:00:45,748 DEBUG [784320799@qtp-346861221-5] c.u.u.b.manager.impl.CustManagerImpl [ImplCommon.java : 31] [2f48fa7c-dbb4-451b-abd2-fdf8e404fab3] loginIn : LoginAction[loginCode=<null>,loginPassword=<null>,processId=[2f48fa7c-dbb4-451b-abd2-fdf8e404fab3] ]
2015-09-19 18:00:45,749 DEBUG [784320799@qtp-346861221-5] AppException [AppException.java : 90] [2f48fa7c-dbb4-451b-abd2-fdf8e404fab3]  errcode :NECESSARY_EMPTY errmsg :登录账号不能为空
2015-09-19 18:00:45,750 ERROR [784320799@qtp-346861221-5] c.u.u.web.controller.CustController [CustController.java : 277] 登录账号不能为空
com.ufufund.ufb.biz.exception.BizException: 登录账号不能为空
	at com.ufufund.ufb.biz.manager.impl.validator.CustManagerValidator.validator(CustManagerValidator.java:33) ~[classes/:na]
	at com.ufufund.ufb.biz.manager.impl.CustManagerImpl.loginIn(CustManagerImpl.java:174) ~[classes/:na]
	at com.ufufund.ufb.web.controller.CustController.loginIn(CustController.java:231) ~[classes/:na]
	at sun.reflect.NativeMethodAccessorImpl.invoke0(Native Method) ~[na:1.8.0_45]
	at sun.reflect.NativeMethodAccessorImpl.invoke(Unknown Source) ~[na:1.8.0_45]
	at sun.reflect.DelegatingMethodAccessorImpl.invoke(Unknown Source) ~[na:1.8.0_45]
	at java.lang.reflect.Method.invoke(Unknown Source) ~[na:1.8.0_45]
	at org.springframework.web.bind.annotation.support.HandlerMethodInvoker.invokeHandlerMethod(HandlerMethodInvoker.java:176) [spring-web-3.2.4.RELEASE.jar:3.2.4.RELEASE]
	at org.springframework.web.servlet.mvc.annotation.AnnotationMethodHandlerAdapter.invokeHandlerMethod(AnnotationMethodHandlerAdapter.java:440) [spring-webmvc-3.2.5.RELEASE.jar:3.2.5.RELEASE]
	at org.springframework.web.servlet.mvc.annotation.AnnotationMethodHandlerAdapter.handle(AnnotationMethodHandlerAdapter.java:428) [spring-webmvc-3.2.5.RELEASE.jar:3.2.5.RELEASE]
	at org.springframework.web.servlet.DispatcherServlet.doDispatch(DispatcherServlet.java:925) [spring-webmvc-3.2.5.RELEASE.jar:3.2.5.RELEASE]
	at org.springframework.web.servlet.DispatcherServlet.doService(DispatcherServlet.java:856) [spring-webmvc-3.2.5.RELEASE.jar:3.2.5.RELEASE]
	at org.springframework.web.servlet.FrameworkServlet.processRequest(FrameworkServlet.java:936) [spring-webmvc-3.2.5.RELEASE.jar:3.2.5.RELEASE]
	at org.springframework.web.servlet.FrameworkServlet.doGet(FrameworkServlet.java:827) [spring-webmvc-3.2.5.RELEASE.jar:3.2.5.RELEASE]
	at javax.servlet.http.HttpServlet.service(HttpServlet.java:707) [servlet-api-2.5-20081211.jar:na]
	at org.springframework.web.servlet.FrameworkServlet.service(FrameworkServlet.java:812) [spring-webmvc-3.2.5.RELEASE.jar:3.2.5.RELEASE]
	at javax.servlet.http.HttpServlet.service(HttpServlet.java:820) [servlet-api-2.5-20081211.jar:na]
	at org.mortbay.jetty.servlet.ServletHolder.handle(ServletHolder.java:511) [jetty-6.1.26.jar:6.1.26]
	at org.mortbay.jetty.servlet.ServletHandler$CachedChain.doFilter(ServletHandler.java:1221) [jetty-6.1.26.jar:6.1.26]
	at org.springframework.web.filter.CharacterEncodingFilter.doFilterInternal(CharacterEncodingFilter.java:88) [spring-web-3.2.4.RELEASE.jar:3.2.4.RELEASE]
	at org.springframework.web.filter.OncePerRequestFilter.doFilter(OncePerRequestFilter.java:107) [spring-web-3.2.4.RELEASE.jar:3.2.4.RELEASE]
	at org.mortbay.jetty.servlet.ServletHandler$CachedChain.doFilter(ServletHandler.java:1212) [jetty-6.1.26.jar:6.1.26]
	at com.ufufund.ufb.web.filter.RefreshHolderFilter.doFilter(RefreshHolderFilter.java:31) [classes/:na]
	at org.mortbay.jetty.servlet.ServletHandler$CachedChain.doFilter(ServletHandler.java:1212) [jetty-6.1.26.jar:6.1.26]
	at com.ufufund.ufb.web.filter.ServletHolderFilter.doFilter(ServletHolderFilter.java:26) [classes/:na]
	at org.mortbay.jetty.servlet.ServletHandler$CachedChain.doFilter(ServletHandler.java:1212) [jetty-6.1.26.jar:6.1.26]
	at org.mortbay.jetty.servlet.ServletHandler.handle(ServletHandler.java:399) [jetty-6.1.26.jar:6.1.26]
	at org.mortbay.jetty.security.SecurityHandler.handle(SecurityHandler.java:216) [jetty-6.1.26.jar:6.1.26]
	at org.mortbay.jetty.servlet.SessionHandler.handle(SessionHandler.java:182) [jetty-6.1.26.jar:6.1.26]
	at org.mortbay.jetty.handler.ContextHandler.handle(ContextHandler.java:766) [jetty-6.1.26.jar:6.1.26]
	at org.mortbay.jetty.webapp.WebAppContext.handle(WebAppContext.java:450) [jetty-6.1.26.jar:6.1.26]
	at org.mortbay.jetty.handler.HandlerWrapper.handle(HandlerWrapper.java:152) [jetty-6.1.26.jar:6.1.26]
	at org.mortbay.jetty.Server.handle(Server.java:326) [jetty-6.1.26.jar:6.1.26]
	at org.mortbay.jetty.HttpConnection.handleRequest(HttpConnection.java:542) [jetty-6.1.26.jar:6.1.26]
	at org.mortbay.jetty.HttpConnection$RequestHandler.headerComplete(HttpConnection.java:928) [jetty-6.1.26.jar:6.1.26]
	at org.mortbay.jetty.HttpParser.parseNext(HttpParser.java:549) [jetty-6.1.26.jar:6.1.26]
	at org.mortbay.jetty.HttpParser.parseAvailable(HttpParser.java:212) [jetty-6.1.26.jar:6.1.26]
	at org.mortbay.jetty.HttpConnection.handle(HttpConnection.java:404) [jetty-6.1.26.jar:6.1.26]
	at org.mortbay.io.nio.SelectChannelEndPoint.run(SelectChannelEndPoint.java:410) [jetty-6.1.26.jar:6.1.26]
	at org.mortbay.thread.QueuedThreadPool$PoolThread.run(QueuedThreadPool.java:582) [jetty-util-6.1.26.jar:6.1.26]
2015-09-19 18:18:19,636 ERROR [684874119@qtp-346861221-0] o.apache.velocity.app.VelocityEngine [CommonsLoggingLogSystem.java : 49] ResourceManager : unable to find resource 'control/common/header_1_school.vm' in any resource loader.
2015-09-19 18:18:19,637 ERROR [684874119@qtp-346861221-0] o.apache.velocity.app.VelocityEngine [CommonsLoggingLogSystem.java : 49] #parse(): cannot find template 'control/common/header_1_school.vm', called at layout/default_school.vm[line 8, column 9]
2015-09-19 18:18:19,654 ERROR [684874119@qtp-346861221-0] c.u.m.e.h.ExceptionHandlingController [ExceptionHandlingController.java : 28] error:
java.lang.Exception: null
	at sun.reflect.NativeConstructorAccessorImpl.newInstance0(Native Method) ~[na:1.8.0_45]
	at sun.reflect.NativeConstructorAccessorImpl.newInstance(Unknown Source) ~[na:1.8.0_45]
	at sun.reflect.DelegatingConstructorAccessorImpl.newInstance(Unknown Source) ~[na:1.8.0_45]
	at java.lang.reflect.Constructor.newInstance(Unknown Source) ~[na:1.8.0_45]
	at org.springframework.beans.BeanUtils.instantiateClass(BeanUtils.java:148) ~[spring-beans-3.2.5.RELEASE.jar:3.2.5.RELEASE]
	at org.springframework.beans.BeanUtils.instantiateClass(BeanUtils.java:105) ~[spring-beans-3.2.5.RELEASE.jar:3.2.5.RELEASE]
	at org.springframework.web.bind.annotation.support.HandlerMethodInvoker.resolveModelAttribute(HandlerMethodInvoker.java:770) ~[spring-web-3.2.4.RELEASE.jar:3.2.4.RELEASE]
	at org.springframework.web.bind.annotation.support.HandlerMethodInvoker.resolveHandlerArguments(HandlerMethodInvoker.java:363) ~[spring-web-3.2.4.RELEASE.jar:3.2.4.RELEASE]
	at org.springframework.web.bind.annotation.support.HandlerMethodInvoker.invokeHandlerMethod(HandlerMethodInvoker.java:171) ~[spring-web-3.2.4.RELEASE.jar:3.2.4.RELEASE]
	at org.springframework.web.servlet.mvc.annotation.AnnotationMethodHandlerAdapter.invokeHandlerMethod(AnnotationMethodHandlerAdapter.java:440) ~[spring-webmvc-3.2.5.RELEASE.jar:3.2.5.RELEASE]
	at org.springframework.web.servlet.mvc.annotation.AnnotationMethodHandlerAdapter.handle(AnnotationMethodHandlerAdapter.java:428) ~[spring-webmvc-3.2.5.RELEASE.jar:3.2.5.RELEASE]
	at org.springframework.web.servlet.DispatcherServlet.doDispatch(DispatcherServlet.java:925) ~[spring-webmvc-3.2.5.RELEASE.jar:3.2.5.RELEASE]
	at org.springframework.web.servlet.DispatcherServlet.doService(DispatcherServlet.java:856) ~[spring-webmvc-3.2.5.RELEASE.jar:3.2.5.RELEASE]
	at org.springframework.web.servlet.FrameworkServlet.processRequest(FrameworkServlet.java:936) [spring-webmvc-3.2.5.RELEASE.jar:3.2.5.RELEASE]
	at org.springframework.web.servlet.FrameworkServlet.doGet(FrameworkServlet.java:827) [spring-webmvc-3.2.5.RELEASE.jar:3.2.5.RELEASE]
	at javax.servlet.http.HttpServlet.service(HttpServlet.java:707) [servlet-api-2.5-20081211.jar:na]
	at org.springframework.web.servlet.FrameworkServlet.service(FrameworkServlet.java:812) [spring-webmvc-3.2.5.RELEASE.jar:3.2.5.RELEASE]
	at javax.servlet.http.HttpServlet.service(HttpServlet.java:820) [servlet-api-2.5-20081211.jar:na]
	at org.mortbay.jetty.servlet.ServletHolder.handle(ServletHolder.java:511) [jetty-6.1.26.jar:6.1.26]
	at org.mortbay.jetty.servlet.ServletHandler.handle(ServletHandler.java:401) [jetty-6.1.26.jar:6.1.26]
	at org.mortbay.jetty.security.SecurityHandler.handle(SecurityHandler.java:216) [jetty-6.1.26.jar:6.1.26]
	at org.mortbay.jetty.servlet.SessionHandler.handle(SessionHandler.java:182) [jetty-6.1.26.jar:6.1.26]
	at org.mortbay.jetty.handler.ContextHandler.handle(ContextHandler.java:766) [jetty-6.1.26.jar:6.1.26]
	at org.mortbay.jetty.webapp.WebAppContext.handle(WebAppContext.java:450) [jetty-6.1.26.jar:6.1.26]
	at org.mortbay.jetty.servlet.Dispatcher.forward(Dispatcher.java:327) [jetty-6.1.26.jar:6.1.26]
	at org.mortbay.jetty.servlet.Dispatcher.error(Dispatcher.java:135) [jetty-6.1.26.jar:6.1.26]
	at org.mortbay.jetty.servlet.ErrorPageErrorHandler.handle(ErrorPageErrorHandler.java:129) [jetty-6.1.26.jar:6.1.26]
	at org.mortbay.jetty.Response.sendError(Response.java:274) [jetty-6.1.26.jar:6.1.26]
	at org.mortbay.jetty.servlet.ServletHandler.handle(ServletHandler.java:486) [jetty-6.1.26.jar:6.1.26]
	at org.mortbay.jetty.security.SecurityHandler.handle(SecurityHandler.java:216) [jetty-6.1.26.jar:6.1.26]
	at org.mortbay.jetty.servlet.SessionHandler.handle(SessionHandler.java:182) [jetty-6.1.26.jar:6.1.26]
	at org.mortbay.jetty.handler.ContextHandler.handle(ContextHandler.java:766) [jetty-6.1.26.jar:6.1.26]
	at org.mortbay.jetty.webapp.WebAppContext.handle(WebAppContext.java:450) [jetty-6.1.26.jar:6.1.26]
	at org.mortbay.jetty.handler.HandlerWrapper.handle(HandlerWrapper.java:152) [jetty-6.1.26.jar:6.1.26]
	at org.mortbay.jetty.Server.handle(Server.java:326) [jetty-6.1.26.jar:6.1.26]
	at org.mortbay.jetty.HttpConnection.handleRequest(HttpConnection.java:542) [jetty-6.1.26.jar:6.1.26]
	at org.mortbay.jetty.HttpConnection$RequestHandler.headerComplete(HttpConnection.java:928) [jetty-6.1.26.jar:6.1.26]
	at org.mortbay.jetty.HttpParser.parseNext(HttpParser.java:549) [jetty-6.1.26.jar:6.1.26]
	at org.mortbay.jetty.HttpParser.parseAvailable(HttpParser.java:212) [jetty-6.1.26.jar:6.1.26]
	at org.mortbay.jetty.HttpConnection.handle(HttpConnection.java:404) [jetty-6.1.26.jar:6.1.26]
	at org.mortbay.io.nio.SelectChannelEndPoint.run(SelectChannelEndPoint.java:410) [jetty-6.1.26.jar:6.1.26]
	at org.mortbay.thread.QueuedThreadPool$PoolThread.run(QueuedThreadPool.java:582) [jetty-util-6.1.26.jar:6.1.26]
2015-09-19 18:18:21,770 ERROR [404696287@qtp-346861221-13] o.apache.velocity.app.VelocityEngine [CommonsLoggingLogSystem.java : 49] ResourceManager : unable to find resource 'control/common/header_1_school.vm' in any resource loader.
2015-09-19 18:18:21,771 ERROR [404696287@qtp-346861221-13] o.apache.velocity.app.VelocityEngine [CommonsLoggingLogSystem.java : 49] #parse(): cannot find template 'control/common/header_1_school.vm', called at layout/default_school.vm[line 8, column 9]
2015-09-19 18:18:21,775 ERROR [404696287@qtp-346861221-13] c.u.m.e.h.ExceptionHandlingController [ExceptionHandlingController.java : 28] error:
java.lang.Exception: null
	at sun.reflect.NativeConstructorAccessorImpl.newInstance0(Native Method) ~[na:1.8.0_45]
	at sun.reflect.NativeConstructorAccessorImpl.newInstance(Unknown Source) ~[na:1.8.0_45]
	at sun.reflect.DelegatingConstructorAccessorImpl.newInstance(Unknown Source) ~[na:1.8.0_45]
	at java.lang.reflect.Constructor.newInstance(Unknown Source) ~[na:1.8.0_45]
	at org.springframework.beans.BeanUtils.instantiateClass(BeanUtils.java:148) ~[spring-beans-3.2.5.RELEASE.jar:3.2.5.RELEASE]
	at org.springframework.beans.BeanUtils.instantiateClass(BeanUtils.java:105) ~[spring-beans-3.2.5.RELEASE.jar:3.2.5.RELEASE]
	at org.springframework.web.bind.annotation.support.HandlerMethodInvoker.resolveModelAttribute(HandlerMethodInvoker.java:770) ~[spring-web-3.2.4.RELEASE.jar:3.2.4.RELEASE]
	at org.springframework.web.bind.annotation.support.HandlerMethodInvoker.resolveHandlerArguments(HandlerMethodInvoker.java:363) ~[spring-web-3.2.4.RELEASE.jar:3.2.4.RELEASE]
	at org.springframework.web.bind.annotation.support.HandlerMethodInvoker.invokeHandlerMethod(HandlerMethodInvoker.java:171) ~[spring-web-3.2.4.RELEASE.jar:3.2.4.RELEASE]
	at org.springframework.web.servlet.mvc.annotation.AnnotationMethodHandlerAdapter.invokeHandlerMethod(AnnotationMethodHandlerAdapter.java:440) ~[spring-webmvc-3.2.5.RELEASE.jar:3.2.5.RELEASE]
	at org.springframework.web.servlet.mvc.annotation.AnnotationMethodHandlerAdapter.handle(AnnotationMethodHandlerAdapter.java:428) ~[spring-webmvc-3.2.5.RELEASE.jar:3.2.5.RELEASE]
	at org.springframework.web.servlet.DispatcherServlet.doDispatch(DispatcherServlet.java:925) ~[spring-webmvc-3.2.5.RELEASE.jar:3.2.5.RELEASE]
	at org.springframework.web.servlet.DispatcherServlet.doService(DispatcherServlet.java:856) ~[spring-webmvc-3.2.5.RELEASE.jar:3.2.5.RELEASE]
	at org.springframework.web.servlet.FrameworkServlet.processRequest(FrameworkServlet.java:936) [spring-webmvc-3.2.5.RELEASE.jar:3.2.5.RELEASE]
	at org.springframework.web.servlet.FrameworkServlet.doGet(FrameworkServlet.java:827) [spring-webmvc-3.2.5.RELEASE.jar:3.2.5.RELEASE]
	at javax.servlet.http.HttpServlet.service(HttpServlet.java:707) [servlet-api-2.5-20081211.jar:na]
	at org.springframework.web.servlet.FrameworkServlet.service(FrameworkServlet.java:812) [spring-webmvc-3.2.5.RELEASE.jar:3.2.5.RELEASE]
	at javax.servlet.http.HttpServlet.service(HttpServlet.java:820) [servlet-api-2.5-20081211.jar:na]
	at org.mortbay.jetty.servlet.ServletHolder.handle(ServletHolder.java:511) [jetty-6.1.26.jar:6.1.26]
	at org.mortbay.jetty.servlet.ServletHandler.handle(ServletHandler.java:401) [jetty-6.1.26.jar:6.1.26]
	at org.mortbay.jetty.security.SecurityHandler.handle(SecurityHandler.java:216) [jetty-6.1.26.jar:6.1.26]
	at org.mortbay.jetty.servlet.SessionHandler.handle(SessionHandler.java:182) [jetty-6.1.26.jar:6.1.26]
	at org.mortbay.jetty.handler.ContextHandler.handle(ContextHandler.java:766) [jetty-6.1.26.jar:6.1.26]
	at org.mortbay.jetty.webapp.WebAppContext.handle(WebAppContext.java:450) [jetty-6.1.26.jar:6.1.26]
	at org.mortbay.jetty.servlet.Dispatcher.forward(Dispatcher.java:327) [jetty-6.1.26.jar:6.1.26]
	at org.mortbay.jetty.servlet.Dispatcher.error(Dispatcher.java:135) [jetty-6.1.26.jar:6.1.26]
	at org.mortbay.jetty.servlet.ErrorPageErrorHandler.handle(ErrorPageErrorHandler.java:129) [jetty-6.1.26.jar:6.1.26]
	at org.mortbay.jetty.Response.sendError(Response.java:274) [jetty-6.1.26.jar:6.1.26]
	at org.mortbay.jetty.servlet.ServletHandler.handle(ServletHandler.java:486) [jetty-6.1.26.jar:6.1.26]
	at org.mortbay.jetty.security.SecurityHandler.handle(SecurityHandler.java:216) [jetty-6.1.26.jar:6.1.26]
	at org.mortbay.jetty.servlet.SessionHandler.handle(SessionHandler.java:182) [jetty-6.1.26.jar:6.1.26]
	at org.mortbay.jetty.handler.ContextHandler.handle(ContextHandler.java:766) [jetty-6.1.26.jar:6.1.26]
	at org.mortbay.jetty.webapp.WebAppContext.handle(WebAppContext.java:450) [jetty-6.1.26.jar:6.1.26]
	at org.mortbay.jetty.handler.HandlerWrapper.handle(HandlerWrapper.java:152) [jetty-6.1.26.jar:6.1.26]
	at org.mortbay.jetty.Server.handle(Server.java:326) [jetty-6.1.26.jar:6.1.26]
	at org.mortbay.jetty.HttpConnection.handleRequest(HttpConnection.java:542) [jetty-6.1.26.jar:6.1.26]
	at org.mortbay.jetty.HttpConnection$RequestHandler.headerComplete(HttpConnection.java:928) [jetty-6.1.26.jar:6.1.26]
	at org.mortbay.jetty.HttpParser.parseNext(HttpParser.java:549) [jetty-6.1.26.jar:6.1.26]
	at org.mortbay.jetty.HttpParser.parseAvailable(HttpParser.java:212) [jetty-6.1.26.jar:6.1.26]
	at org.mortbay.jetty.HttpConnection.handle(HttpConnection.java:404) [jetty-6.1.26.jar:6.1.26]
	at org.mortbay.io.nio.SelectChannelEndPoint.run(SelectChannelEndPoint.java:410) [jetty-6.1.26.jar:6.1.26]
	at org.mortbay.thread.QueuedThreadPool$PoolThread.run(QueuedThreadPool.java:582) [jetty-util-6.1.26.jar:6.1.26]
