2015-08-07 09:26:20,164 WARN [214074868@qtp-1182320432-0] o.a.v.tools.view.XMLToolboxManager [XMLToolboxManager.java : 100] XMLToolboxManager has been deprecated. Please use org.apache.velocity.tools.ToolboxFactory instead.
2015-08-07 09:26:20,191 WARN [214074868@qtp-1182320432-0] o.a.v.t.v.s.ServletToolboxManager [ServletToolboxManager.java : 131] ServletToolboxManager has been deprecated. Please use org.apache.velocity.tools.ToolboxFactory instead.
2015-08-07 09:26:25,090 DEBUG [947280935@qtp-1182320432-4] c.u.u.b.manager.impl.CustManagerImpl [ImplCommon.java : 31] [456db249-e997-451b-ba1b-eddde19093e9] loginIn : LoginAction[loginCode=18616502181,loginPassword=1q2w3e,processId=[456db249-e997-451b-ba1b-eddde19093e9] ]
2015-08-07 09:26:31,968 DEBUG [947280935@qtp-1182320432-4] c.u.u.b.manager.impl.CustManagerImpl [ImplCommon.java : 31] [2918d5ac-350b-4395-99f2-3b0569c3d52f] loginIn : LoginAction[loginCode=<null>,loginPassword=<null>,processId=[2918d5ac-350b-4395-99f2-3b0569c3d52f] ]
2015-08-07 09:26:32,032 DEBUG [947280935@qtp-1182320432-4] AppException [AppException.java : 90] [2918d5ac-350b-4395-99f2-3b0569c3d52f]  errcode :NECESSARY_EMPTY errmsg :登录账号不能为空
2015-08-07 09:26:32,044 ERROR [947280935@qtp-1182320432-4] c.u.u.web.controller.CustController [CustController.java : 277] 登录账号不能为空
com.ufufund.ufb.biz.exception.BizException: 登录账号不能为空
	at com.ufufund.ufb.biz.manager.impl.validator.CustManagerValidator.validator(CustManagerValidator.java:34) ~[classes/:na]
	at com.ufufund.ufb.biz.manager.impl.CustManagerImpl.loginIn(CustManagerImpl.java:172) ~[classes/:na]
	at com.ufufund.ufb.web.controller.CustController.loginIn(CustController.java:231) ~[classes/:na]
	at sun.reflect.NativeMethodAccessorImpl.invoke0(Native Method) ~[na:1.8.0_40]
	at sun.reflect.NativeMethodAccessorImpl.invoke(NativeMethodAccessorImpl.java:62) ~[na:1.8.0_40]
	at sun.reflect.DelegatingMethodAccessorImpl.invoke(DelegatingMethodAccessorImpl.java:43) ~[na:1.8.0_40]
	at java.lang.reflect.Method.invoke(Method.java:497) ~[na:1.8.0_40]
	at org.springframework.web.bind.annotation.support.HandlerMethodInvoker.invokeHandlerMethod(HandlerMethodInvoker.java:176) [spring-web-3.2.4.RELEASE.jar:3.2.4.RELEASE]
	at org.springframework.web.servlet.mvc.annotation.AnnotationMethodHandlerAdapter.invokeHandlerMethod(AnnotationMethodHandlerAdapter.java:440) [spring-webmvc-3.2.5.RELEASE.jar:3.2.5.RELEASE]
	at org.springframework.web.servlet.mvc.annotation.AnnotationMethodHandlerAdapter.handle(AnnotationMethodHandlerAdapter.java:428) [spring-webmvc-3.2.5.RELEASE.jar:3.2.5.RELEASE]
	at org.springframework.web.servlet.DispatcherServlet.doDispatch(DispatcherServlet.java:925) [spring-webmvc-3.2.5.RELEASE.jar:3.2.5.RELEASE]
	at org.springframework.web.servlet.DispatcherServlet.doService(DispatcherServlet.java:856) [spring-webmvc-3.2.5.RELEASE.jar:3.2.5.RELEASE]
	at org.springframework.web.servlet.FrameworkServlet.processRequest(FrameworkServlet.java:936) [spring-webmvc-3.2.5.RELEASE.jar:3.2.5.RELEASE]
	at org.springframework.web.servlet.FrameworkServlet.doGet(FrameworkServlet.java:827) [spring-webmvc-3.2.5.RELEASE.jar:3.2.5.RELEASE]
	at javax.servlet.http.HttpServlet.service(HttpServlet.java:707) [servlet-api-2.5-20081211.jar:na]
	at org.springframework.web.servlet.FrameworkServlet.service(FrameworkServlet.java:812) [spring-webmvc-3.2.5.RELEASE.jar:3.2.5.RELEASE]
	at javax.servlet.http.HttpServlet.service(HttpServlet.java:820) [servlet-api-2.5-20081211.jar:na]
	at org.mortbay.jetty.servlet.ServletHolder.handle(ServletHolder.java:511) [jetty-6.1.26.jar:6.1.26]
	at org.mortbay.jetty.servlet.ServletHandler$CachedChain.doFilter(ServletHandler.java:1221) [jetty-6.1.26.jar:6.1.26]
	at org.springframework.web.filter.CharacterEncodingFilter.doFilterInternal(CharacterEncodingFilter.java:88) [spring-web-3.2.4.RELEASE.jar:3.2.4.RELEASE]
	at org.springframework.web.filter.OncePerRequestFilter.doFilter(OncePerRequestFilter.java:107) [spring-web-3.2.4.RELEASE.jar:3.2.4.RELEASE]
	at org.mortbay.jetty.servlet.ServletHandler$CachedChain.doFilter(ServletHandler.java:1212) [jetty-6.1.26.jar:6.1.26]
	at com.ufufund.ufb.web.filter.RefreshHolderFilter.doFilter(RefreshHolderFilter.java:31) [classes/:na]
	at org.mortbay.jetty.servlet.ServletHandler$CachedChain.doFilter(ServletHandler.java:1212) [jetty-6.1.26.jar:6.1.26]
	at com.ufufund.ufb.web.filter.ServletHolderFilter.doFilter(ServletHolderFilter.java:26) [classes/:na]
	at org.mortbay.jetty.servlet.ServletHandler$CachedChain.doFilter(ServletHandler.java:1212) [jetty-6.1.26.jar:6.1.26]
	at org.mortbay.jetty.servlet.ServletHandler.handle(ServletHandler.java:399) [jetty-6.1.26.jar:6.1.26]
	at org.mortbay.jetty.security.SecurityHandler.handle(SecurityHandler.java:216) [jetty-6.1.26.jar:6.1.26]
	at org.mortbay.jetty.servlet.SessionHandler.handle(SessionHandler.java:182) [jetty-6.1.26.jar:6.1.26]
	at org.mortbay.jetty.handler.ContextHandler.handle(ContextHandler.java:766) [jetty-6.1.26.jar:6.1.26]
	at org.mortbay.jetty.webapp.WebAppContext.handle(WebAppContext.java:450) [jetty-6.1.26.jar:6.1.26]
	at org.mortbay.jetty.handler.HandlerWrapper.handle(HandlerWrapper.java:152) [jetty-6.1.26.jar:6.1.26]
	at org.mortbay.jetty.Server.handle(Server.java:326) [jetty-6.1.26.jar:6.1.26]
	at org.mortbay.jetty.HttpConnection.handleRequest(HttpConnection.java:542) [jetty-6.1.26.jar:6.1.26]
	at org.mortbay.jetty.HttpConnection$RequestHandler.headerComplete(HttpConnection.java:928) [jetty-6.1.26.jar:6.1.26]
	at org.mortbay.jetty.HttpParser.parseNext(HttpParser.java:549) [jetty-6.1.26.jar:6.1.26]
	at org.mortbay.jetty.HttpParser.parseAvailable(HttpParser.java:212) [jetty-6.1.26.jar:6.1.26]
	at org.mortbay.jetty.HttpConnection.handle(HttpConnection.java:404) [jetty-6.1.26.jar:6.1.26]
	at org.mortbay.io.nio.SelectChannelEndPoint.run(SelectChannelEndPoint.java:410) [jetty-6.1.26.jar:6.1.26]
	at org.mortbay.thread.QueuedThreadPool$PoolThread.run(QueuedThreadPool.java:582) [jetty-util-6.1.26.jar:6.1.26]
2015-08-07 09:43:37,191 DEBUG [947280935@qtp-1182320432-4] c.u.u.b.manager.impl.CustManagerImpl [ImplCommon.java : 31] [e44c9d46-17f5-47c0-8b2f-471ae1d29fed] loginIn : LoginAction[loginCode=18616502181,loginPassword=1q2w3e,processId=[e44c9d46-17f5-47c0-8b2f-471ae1d29fed] ]
2015-08-07 09:43:42,099 DEBUG [267856315@qtp-1182320432-9] c.u.u.b.manager.impl.CustManagerImpl [ImplCommon.java : 31] [495a2c4c-ea3e-46bf-b98c-5bd7eba8518f] loginIn : LoginAction[loginCode=18616502181,loginPassword=1q2w3e,processId=[495a2c4c-ea3e-46bf-b98c-5bd7eba8518f] ]
2015-08-07 09:43:47,673 DEBUG [267856315@qtp-1182320432-9] c.u.u.b.manager.impl.CustManagerImpl [ImplCommon.java : 31] [5eb02c92-3e6e-4097-afd6-09a3fcf0fd8d] loginIn : LoginAction[loginCode=<null>,loginPassword=<null>,processId=[5eb02c92-3e6e-4097-afd6-09a3fcf0fd8d] ]
2015-08-07 09:43:47,673 DEBUG [267856315@qtp-1182320432-9] AppException [AppException.java : 90] [5eb02c92-3e6e-4097-afd6-09a3fcf0fd8d]  errcode :NECESSARY_EMPTY errmsg :登录账号不能为空
2015-08-07 09:43:47,674 ERROR [267856315@qtp-1182320432-9] c.u.u.web.controller.CustController [CustController.java : 277] 登录账号不能为空
com.ufufund.ufb.biz.exception.BizException: 登录账号不能为空
	at com.ufufund.ufb.biz.manager.impl.validator.CustManagerValidator.validator(CustManagerValidator.java:34) ~[classes/:na]
	at com.ufufund.ufb.biz.manager.impl.CustManagerImpl.loginIn(CustManagerImpl.java:172) ~[classes/:na]
	at com.ufufund.ufb.web.controller.CustController.loginIn(CustController.java:231) ~[classes/:na]
	at sun.reflect.NativeMethodAccessorImpl.invoke0(Native Method) ~[na:1.8.0_40]
	at sun.reflect.NativeMethodAccessorImpl.invoke(NativeMethodAccessorImpl.java:62) ~[na:1.8.0_40]
	at sun.reflect.DelegatingMethodAccessorImpl.invoke(DelegatingMethodAccessorImpl.java:43) ~[na:1.8.0_40]
	at java.lang.reflect.Method.invoke(Method.java:497) ~[na:1.8.0_40]
	at org.springframework.web.bind.annotation.support.HandlerMethodInvoker.invokeHandlerMethod(HandlerMethodInvoker.java:176) [spring-web-3.2.4.RELEASE.jar:3.2.4.RELEASE]
	at org.springframework.web.servlet.mvc.annotation.AnnotationMethodHandlerAdapter.invokeHandlerMethod(AnnotationMethodHandlerAdapter.java:440) [spring-webmvc-3.2.5.RELEASE.jar:3.2.5.RELEASE]
	at org.springframework.web.servlet.mvc.annotation.AnnotationMethodHandlerAdapter.handle(AnnotationMethodHandlerAdapter.java:428) [spring-webmvc-3.2.5.RELEASE.jar:3.2.5.RELEASE]
	at org.springframework.web.servlet.DispatcherServlet.doDispatch(DispatcherServlet.java:925) [spring-webmvc-3.2.5.RELEASE.jar:3.2.5.RELEASE]
	at org.springframework.web.servlet.DispatcherServlet.doService(DispatcherServlet.java:856) [spring-webmvc-3.2.5.RELEASE.jar:3.2.5.RELEASE]
	at org.springframework.web.servlet.FrameworkServlet.processRequest(FrameworkServlet.java:936) [spring-webmvc-3.2.5.RELEASE.jar:3.2.5.RELEASE]
	at org.springframework.web.servlet.FrameworkServlet.doGet(FrameworkServlet.java:827) [spring-webmvc-3.2.5.RELEASE.jar:3.2.5.RELEASE]
	at javax.servlet.http.HttpServlet.service(HttpServlet.java:707) [servlet-api-2.5-20081211.jar:na]
	at org.springframework.web.servlet.FrameworkServlet.service(FrameworkServlet.java:812) [spring-webmvc-3.2.5.RELEASE.jar:3.2.5.RELEASE]
	at javax.servlet.http.HttpServlet.service(HttpServlet.java:820) [servlet-api-2.5-20081211.jar:na]
	at org.mortbay.jetty.servlet.ServletHolder.handle(ServletHolder.java:511) [jetty-6.1.26.jar:6.1.26]
	at org.mortbay.jetty.servlet.ServletHandler$CachedChain.doFilter(ServletHandler.java:1221) [jetty-6.1.26.jar:6.1.26]
	at org.springframework.web.filter.CharacterEncodingFilter.doFilterInternal(CharacterEncodingFilter.java:88) [spring-web-3.2.4.RELEASE.jar:3.2.4.RELEASE]
	at org.springframework.web.filter.OncePerRequestFilter.doFilter(OncePerRequestFilter.java:107) [spring-web-3.2.4.RELEASE.jar:3.2.4.RELEASE]
	at org.mortbay.jetty.servlet.ServletHandler$CachedChain.doFilter(ServletHandler.java:1212) [jetty-6.1.26.jar:6.1.26]
	at com.ufufund.ufb.web.filter.RefreshHolderFilter.doFilter(RefreshHolderFilter.java:31) [classes/:na]
	at org.mortbay.jetty.servlet.ServletHandler$CachedChain.doFilter(ServletHandler.java:1212) [jetty-6.1.26.jar:6.1.26]
	at com.ufufund.ufb.web.filter.ServletHolderFilter.doFilter(ServletHolderFilter.java:26) [classes/:na]
	at org.mortbay.jetty.servlet.ServletHandler$CachedChain.doFilter(ServletHandler.java:1212) [jetty-6.1.26.jar:6.1.26]
	at org.mortbay.jetty.servlet.ServletHandler.handle(ServletHandler.java:399) [jetty-6.1.26.jar:6.1.26]
	at org.mortbay.jetty.security.SecurityHandler.handle(SecurityHandler.java:216) [jetty-6.1.26.jar:6.1.26]
	at org.mortbay.jetty.servlet.SessionHandler.handle(SessionHandler.java:182) [jetty-6.1.26.jar:6.1.26]
	at org.mortbay.jetty.handler.ContextHandler.handle(ContextHandler.java:766) [jetty-6.1.26.jar:6.1.26]
	at org.mortbay.jetty.webapp.WebAppContext.handle(WebAppContext.java:450) [jetty-6.1.26.jar:6.1.26]
	at org.mortbay.jetty.handler.HandlerWrapper.handle(HandlerWrapper.java:152) [jetty-6.1.26.jar:6.1.26]
	at org.mortbay.jetty.Server.handle(Server.java:326) [jetty-6.1.26.jar:6.1.26]
	at org.mortbay.jetty.HttpConnection.handleRequest(HttpConnection.java:542) [jetty-6.1.26.jar:6.1.26]
	at org.mortbay.jetty.HttpConnection$RequestHandler.headerComplete(HttpConnection.java:928) [jetty-6.1.26.jar:6.1.26]
	at org.mortbay.jetty.HttpParser.parseNext(HttpParser.java:549) [jetty-6.1.26.jar:6.1.26]
	at org.mortbay.jetty.HttpParser.parseAvailable(HttpParser.java:212) [jetty-6.1.26.jar:6.1.26]
	at org.mortbay.jetty.HttpConnection.handle(HttpConnection.java:404) [jetty-6.1.26.jar:6.1.26]
	at org.mortbay.io.nio.SelectChannelEndPoint.run(SelectChannelEndPoint.java:410) [jetty-6.1.26.jar:6.1.26]
	at org.mortbay.thread.QueuedThreadPool$PoolThread.run(QueuedThreadPool.java:582) [jetty-util-6.1.26.jar:6.1.26]
2015-08-07 09:44:13,491 DEBUG [267856315@qtp-1182320432-9] c.u.u.b.manager.impl.CustManagerImpl [ImplCommon.java : 31] [e6fbf097-6650-4c7f-b3a0-d06126394df0] loginIn : LoginAction[loginCode=18616502181,loginPassword=1q2w3e,processId=[e6fbf097-6650-4c7f-b3a0-d06126394df0] ]
2015-08-07 09:44:25,936 DEBUG [1445795634@qtp-1182320432-5] c.u.u.b.manager.impl.CustManagerImpl [ImplCommon.java : 31] [28400584-31fb-4271-9078-3dfefca53921] loginIn : LoginAction[loginCode=<null>,loginPassword=<null>,processId=[28400584-31fb-4271-9078-3dfefca53921] ]
2015-08-07 09:44:31,676 DEBUG [1445795634@qtp-1182320432-5] AppException [AppException.java : 90] [28400584-31fb-4271-9078-3dfefca53921]  errcode :NECESSARY_EMPTY errmsg :登录账号不能为空
2015-08-07 09:44:31,679 ERROR [1445795634@qtp-1182320432-5] c.u.u.web.controller.CustController [CustController.java : 277] 登录账号不能为空
com.ufufund.ufb.biz.exception.BizException: 登录账号不能为空
	at com.ufufund.ufb.biz.manager.impl.validator.CustManagerValidator.validator(CustManagerValidator.java:34) ~[classes/:na]
	at com.ufufund.ufb.biz.manager.impl.CustManagerImpl.loginIn(CustManagerImpl.java:172) ~[classes/:na]
	at com.ufufund.ufb.web.controller.CustController.loginIn(CustController.java:231) ~[classes/:na]
	at sun.reflect.NativeMethodAccessorImpl.invoke0(Native Method) ~[na:1.8.0_40]
	at sun.reflect.NativeMethodAccessorImpl.invoke(NativeMethodAccessorImpl.java:62) ~[na:1.8.0_40]
	at sun.reflect.DelegatingMethodAccessorImpl.invoke(DelegatingMethodAccessorImpl.java:43) ~[na:1.8.0_40]
	at java.lang.reflect.Method.invoke(Method.java:497) ~[na:1.8.0_40]
	at org.springframework.web.bind.annotation.support.HandlerMethodInvoker.invokeHandlerMethod(HandlerMethodInvoker.java:176) [spring-web-3.2.4.RELEASE.jar:3.2.4.RELEASE]
	at org.springframework.web.servlet.mvc.annotation.AnnotationMethodHandlerAdapter.invokeHandlerMethod(AnnotationMethodHandlerAdapter.java:440) [spring-webmvc-3.2.5.RELEASE.jar:3.2.5.RELEASE]
	at org.springframework.web.servlet.mvc.annotation.AnnotationMethodHandlerAdapter.handle(AnnotationMethodHandlerAdapter.java:428) [spring-webmvc-3.2.5.RELEASE.jar:3.2.5.RELEASE]
	at org.springframework.web.servlet.DispatcherServlet.doDispatch(DispatcherServlet.java:925) [spring-webmvc-3.2.5.RELEASE.jar:3.2.5.RELEASE]
	at org.springframework.web.servlet.DispatcherServlet.doService(DispatcherServlet.java:856) [spring-webmvc-3.2.5.RELEASE.jar:3.2.5.RELEASE]
	at org.springframework.web.servlet.FrameworkServlet.processRequest(FrameworkServlet.java:936) [spring-webmvc-3.2.5.RELEASE.jar:3.2.5.RELEASE]
	at org.springframework.web.servlet.FrameworkServlet.doGet(FrameworkServlet.java:827) [spring-webmvc-3.2.5.RELEASE.jar:3.2.5.RELEASE]
	at javax.servlet.http.HttpServlet.service(HttpServlet.java:707) [servlet-api-2.5-20081211.jar:na]
	at org.springframework.web.servlet.FrameworkServlet.service(FrameworkServlet.java:812) [spring-webmvc-3.2.5.RELEASE.jar:3.2.5.RELEASE]
	at javax.servlet.http.HttpServlet.service(HttpServlet.java:820) [servlet-api-2.5-20081211.jar:na]
	at org.mortbay.jetty.servlet.ServletHolder.handle(ServletHolder.java:511) [jetty-6.1.26.jar:6.1.26]
	at org.mortbay.jetty.servlet.ServletHandler$CachedChain.doFilter(ServletHandler.java:1221) [jetty-6.1.26.jar:6.1.26]
	at org.springframework.web.filter.CharacterEncodingFilter.doFilterInternal(CharacterEncodingFilter.java:88) [spring-web-3.2.4.RELEASE.jar:3.2.4.RELEASE]
	at org.springframework.web.filter.OncePerRequestFilter.doFilter(OncePerRequestFilter.java:107) [spring-web-3.2.4.RELEASE.jar:3.2.4.RELEASE]
	at org.mortbay.jetty.servlet.ServletHandler$CachedChain.doFilter(ServletHandler.java:1212) [jetty-6.1.26.jar:6.1.26]
	at com.ufufund.ufb.web.filter.RefreshHolderFilter.doFilter(RefreshHolderFilter.java:31) [classes/:na]
	at org.mortbay.jetty.servlet.ServletHandler$CachedChain.doFilter(ServletHandler.java:1212) [jetty-6.1.26.jar:6.1.26]
	at com.ufufund.ufb.web.filter.ServletHolderFilter.doFilter(ServletHolderFilter.java:26) [classes/:na]
	at org.mortbay.jetty.servlet.ServletHandler$CachedChain.doFilter(ServletHandler.java:1212) [jetty-6.1.26.jar:6.1.26]
	at org.mortbay.jetty.servlet.ServletHandler.handle(ServletHandler.java:399) [jetty-6.1.26.jar:6.1.26]
	at org.mortbay.jetty.security.SecurityHandler.handle(SecurityHandler.java:216) [jetty-6.1.26.jar:6.1.26]
	at org.mortbay.jetty.servlet.SessionHandler.handle(SessionHandler.java:182) [jetty-6.1.26.jar:6.1.26]
	at org.mortbay.jetty.handler.ContextHandler.handle(ContextHandler.java:766) [jetty-6.1.26.jar:6.1.26]
	at org.mortbay.jetty.webapp.WebAppContext.handle(WebAppContext.java:450) [jetty-6.1.26.jar:6.1.26]
	at org.mortbay.jetty.handler.HandlerWrapper.handle(HandlerWrapper.java:152) [jetty-6.1.26.jar:6.1.26]
	at org.mortbay.jetty.Server.handle(Server.java:326) [jetty-6.1.26.jar:6.1.26]
	at org.mortbay.jetty.HttpConnection.handleRequest(HttpConnection.java:542) [jetty-6.1.26.jar:6.1.26]
	at org.mortbay.jetty.HttpConnection$RequestHandler.headerComplete(HttpConnection.java:928) [jetty-6.1.26.jar:6.1.26]
	at org.mortbay.jetty.HttpParser.parseNext(HttpParser.java:549) [jetty-6.1.26.jar:6.1.26]
	at org.mortbay.jetty.HttpParser.parseAvailable(HttpParser.java:212) [jetty-6.1.26.jar:6.1.26]
	at org.mortbay.jetty.HttpConnection.handle(HttpConnection.java:404) [jetty-6.1.26.jar:6.1.26]
	at org.mortbay.io.nio.SelectChannelEndPoint.run(SelectChannelEndPoint.java:410) [jetty-6.1.26.jar:6.1.26]
	at org.mortbay.thread.QueuedThreadPool$PoolThread.run(QueuedThreadPool.java:582) [jetty-util-6.1.26.jar:6.1.26]
2015-08-07 09:44:46,402 DEBUG [1445795634@qtp-1182320432-5] c.u.u.b.manager.impl.CustManagerImpl [ImplCommon.java : 31] [b0b65576-8b5f-41f3-81c5-06bb770f47bb] loginIn : LoginAction[loginCode=18616502181,loginPassword=1q2w3e,processId=[b0b65576-8b5f-41f3-81c5-06bb770f47bb] ]
2015-08-07 09:44:57,367 DEBUG [217676878@qtp-1182320432-6] c.u.u.b.manager.impl.CustManagerImpl [ImplCommon.java : 31] [5e1e03da-0874-4557-ae3c-6bb9e94ed4e3] loginIn : LoginAction[loginCode=<null>,loginPassword=<null>,processId=[5e1e03da-0874-4557-ae3c-6bb9e94ed4e3] ]
2015-08-07 09:44:59,862 DEBUG [217676878@qtp-1182320432-6] AppException [AppException.java : 90] [5e1e03da-0874-4557-ae3c-6bb9e94ed4e3]  errcode :NECESSARY_EMPTY errmsg :登录账号不能为空
2015-08-07 09:44:59,865 ERROR [217676878@qtp-1182320432-6] c.u.u.web.controller.CustController [CustController.java : 277] 登录账号不能为空
com.ufufund.ufb.biz.exception.BizException: 登录账号不能为空
	at com.ufufund.ufb.biz.manager.impl.validator.CustManagerValidator.validator(CustManagerValidator.java:34) ~[classes/:na]
	at com.ufufund.ufb.biz.manager.impl.CustManagerImpl.loginIn(CustManagerImpl.java:172) ~[classes/:na]
	at com.ufufund.ufb.web.controller.CustController.loginIn(CustController.java:231) ~[classes/:na]
	at sun.reflect.NativeMethodAccessorImpl.invoke0(Native Method) ~[na:1.8.0_40]
	at sun.reflect.NativeMethodAccessorImpl.invoke(NativeMethodAccessorImpl.java:62) ~[na:1.8.0_40]
	at sun.reflect.DelegatingMethodAccessorImpl.invoke(DelegatingMethodAccessorImpl.java:43) ~[na:1.8.0_40]
	at java.lang.reflect.Method.invoke(Method.java:497) ~[na:1.8.0_40]
	at org.springframework.web.bind.annotation.support.HandlerMethodInvoker.invokeHandlerMethod(HandlerMethodInvoker.java:176) [spring-web-3.2.4.RELEASE.jar:3.2.4.RELEASE]
	at org.springframework.web.servlet.mvc.annotation.AnnotationMethodHandlerAdapter.invokeHandlerMethod(AnnotationMethodHandlerAdapter.java:440) [spring-webmvc-3.2.5.RELEASE.jar:3.2.5.RELEASE]
	at org.springframework.web.servlet.mvc.annotation.AnnotationMethodHandlerAdapter.handle(AnnotationMethodHandlerAdapter.java:428) [spring-webmvc-3.2.5.RELEASE.jar:3.2.5.RELEASE]
	at org.springframework.web.servlet.DispatcherServlet.doDispatch(DispatcherServlet.java:925) [spring-webmvc-3.2.5.RELEASE.jar:3.2.5.RELEASE]
	at org.springframework.web.servlet.DispatcherServlet.doService(DispatcherServlet.java:856) [spring-webmvc-3.2.5.RELEASE.jar:3.2.5.RELEASE]
	at org.springframework.web.servlet.FrameworkServlet.processRequest(FrameworkServlet.java:936) [spring-webmvc-3.2.5.RELEASE.jar:3.2.5.RELEASE]
	at org.springframework.web.servlet.FrameworkServlet.doGet(FrameworkServlet.java:827) [spring-webmvc-3.2.5.RELEASE.jar:3.2.5.RELEASE]
	at javax.servlet.http.HttpServlet.service(HttpServlet.java:707) [servlet-api-2.5-20081211.jar:na]
	at org.springframework.web.servlet.FrameworkServlet.service(FrameworkServlet.java:812) [spring-webmvc-3.2.5.RELEASE.jar:3.2.5.RELEASE]
	at javax.servlet.http.HttpServlet.service(HttpServlet.java:820) [servlet-api-2.5-20081211.jar:na]
	at org.mortbay.jetty.servlet.ServletHolder.handle(ServletHolder.java:511) [jetty-6.1.26.jar:6.1.26]
	at org.mortbay.jetty.servlet.ServletHandler$CachedChain.doFilter(ServletHandler.java:1221) [jetty-6.1.26.jar:6.1.26]
	at org.springframework.web.filter.CharacterEncodingFilter.doFilterInternal(CharacterEncodingFilter.java:88) [spring-web-3.2.4.RELEASE.jar:3.2.4.RELEASE]
	at org.springframework.web.filter.OncePerRequestFilter.doFilter(OncePerRequestFilter.java:107) [spring-web-3.2.4.RELEASE.jar:3.2.4.RELEASE]
	at org.mortbay.jetty.servlet.ServletHandler$CachedChain.doFilter(ServletHandler.java:1212) [jetty-6.1.26.jar:6.1.26]
	at com.ufufund.ufb.web.filter.RefreshHolderFilter.doFilter(RefreshHolderFilter.java:31) [classes/:na]
	at org.mortbay.jetty.servlet.ServletHandler$CachedChain.doFilter(ServletHandler.java:1212) [jetty-6.1.26.jar:6.1.26]
	at com.ufufund.ufb.web.filter.ServletHolderFilter.doFilter(ServletHolderFilter.java:26) [classes/:na]
	at org.mortbay.jetty.servlet.ServletHandler$CachedChain.doFilter(ServletHandler.java:1212) [jetty-6.1.26.jar:6.1.26]
	at org.mortbay.jetty.servlet.ServletHandler.handle(ServletHandler.java:399) [jetty-6.1.26.jar:6.1.26]
	at org.mortbay.jetty.security.SecurityHandler.handle(SecurityHandler.java:216) [jetty-6.1.26.jar:6.1.26]
	at org.mortbay.jetty.servlet.SessionHandler.handle(SessionHandler.java:182) [jetty-6.1.26.jar:6.1.26]
	at org.mortbay.jetty.handler.ContextHandler.handle(ContextHandler.java:766) [jetty-6.1.26.jar:6.1.26]
	at org.mortbay.jetty.webapp.WebAppContext.handle(WebAppContext.java:450) [jetty-6.1.26.jar:6.1.26]
	at org.mortbay.jetty.handler.HandlerWrapper.handle(HandlerWrapper.java:152) [jetty-6.1.26.jar:6.1.26]
	at org.mortbay.jetty.Server.handle(Server.java:326) [jetty-6.1.26.jar:6.1.26]
	at org.mortbay.jetty.HttpConnection.handleRequest(HttpConnection.java:542) [jetty-6.1.26.jar:6.1.26]
	at org.mortbay.jetty.HttpConnection$RequestHandler.headerComplete(HttpConnection.java:928) [jetty-6.1.26.jar:6.1.26]
	at org.mortbay.jetty.HttpParser.parseNext(HttpParser.java:549) [jetty-6.1.26.jar:6.1.26]
	at org.mortbay.jetty.HttpParser.parseAvailable(HttpParser.java:212) [jetty-6.1.26.jar:6.1.26]
	at org.mortbay.jetty.HttpConnection.handle(HttpConnection.java:404) [jetty-6.1.26.jar:6.1.26]
	at org.mortbay.io.nio.SelectChannelEndPoint.run(SelectChannelEndPoint.java:410) [jetty-6.1.26.jar:6.1.26]
	at org.mortbay.thread.QueuedThreadPool$PoolThread.run(QueuedThreadPool.java:582) [jetty-util-6.1.26.jar:6.1.26]
2015-08-07 09:45:37,592 DEBUG [217676878@qtp-1182320432-6] c.u.u.b.manager.impl.CustManagerImpl [ImplCommon.java : 31] [3edb326c-5bde-4a44-9eb7-fa55a07c284c] loginIn : LoginAction[loginCode=18616502181,loginPassword=1q2w3e,processId=[3edb326c-5bde-4a44-9eb7-fa55a07c284c] ]
2015-08-07 09:46:40,110 DEBUG [267856315@qtp-1182320432-9] c.u.u.b.manager.impl.CustManagerImpl [ImplCommon.java : 31] [a260f494-762e-43d7-a533-727fa70a2f10] loginIn : LoginAction[loginCode=<null>,loginPassword=<null>,processId=[a260f494-762e-43d7-a533-727fa70a2f10] ]
2015-08-07 09:46:43,846 DEBUG [267856315@qtp-1182320432-9] AppException [AppException.java : 90] [a260f494-762e-43d7-a533-727fa70a2f10]  errcode :NECESSARY_EMPTY errmsg :登录账号不能为空
2015-08-07 09:46:43,847 ERROR [267856315@qtp-1182320432-9] c.u.u.web.controller.CustController [CustController.java : 277] 登录账号不能为空
com.ufufund.ufb.biz.exception.BizException: 登录账号不能为空
	at com.ufufund.ufb.biz.manager.impl.validator.CustManagerValidator.validator(CustManagerValidator.java:34) ~[classes/:na]
	at com.ufufund.ufb.biz.manager.impl.CustManagerImpl.loginIn(CustManagerImpl.java:172) ~[classes/:na]
	at com.ufufund.ufb.web.controller.CustController.loginIn(CustController.java:231) ~[classes/:na]
	at sun.reflect.NativeMethodAccessorImpl.invoke0(Native Method) ~[na:1.8.0_40]
	at sun.reflect.NativeMethodAccessorImpl.invoke(NativeMethodAccessorImpl.java:62) ~[na:1.8.0_40]
	at sun.reflect.DelegatingMethodAccessorImpl.invoke(DelegatingMethodAccessorImpl.java:43) ~[na:1.8.0_40]
	at java.lang.reflect.Method.invoke(Method.java:497) ~[na:1.8.0_40]
	at org.springframework.web.bind.annotation.support.HandlerMethodInvoker.invokeHandlerMethod(HandlerMethodInvoker.java:176) [spring-web-3.2.4.RELEASE.jar:3.2.4.RELEASE]
	at org.springframework.web.servlet.mvc.annotation.AnnotationMethodHandlerAdapter.invokeHandlerMethod(AnnotationMethodHandlerAdapter.java:440) [spring-webmvc-3.2.5.RELEASE.jar:3.2.5.RELEASE]
	at org.springframework.web.servlet.mvc.annotation.AnnotationMethodHandlerAdapter.handle(AnnotationMethodHandlerAdapter.java:428) [spring-webmvc-3.2.5.RELEASE.jar:3.2.5.RELEASE]
	at org.springframework.web.servlet.DispatcherServlet.doDispatch(DispatcherServlet.java:925) [spring-webmvc-3.2.5.RELEASE.jar:3.2.5.RELEASE]
	at org.springframework.web.servlet.DispatcherServlet.doService(DispatcherServlet.java:856) [spring-webmvc-3.2.5.RELEASE.jar:3.2.5.RELEASE]
	at org.springframework.web.servlet.FrameworkServlet.processRequest(FrameworkServlet.java:936) [spring-webmvc-3.2.5.RELEASE.jar:3.2.5.RELEASE]
	at org.springframework.web.servlet.FrameworkServlet.doGet(FrameworkServlet.java:827) [spring-webmvc-3.2.5.RELEASE.jar:3.2.5.RELEASE]
	at javax.servlet.http.HttpServlet.service(HttpServlet.java:707) [servlet-api-2.5-20081211.jar:na]
	at org.springframework.web.servlet.FrameworkServlet.service(FrameworkServlet.java:812) [spring-webmvc-3.2.5.RELEASE.jar:3.2.5.RELEASE]
	at javax.servlet.http.HttpServlet.service(HttpServlet.java:820) [servlet-api-2.5-20081211.jar:na]
	at org.mortbay.jetty.servlet.ServletHolder.handle(ServletHolder.java:511) [jetty-6.1.26.jar:6.1.26]
	at org.mortbay.jetty.servlet.ServletHandler$CachedChain.doFilter(ServletHandler.java:1221) [jetty-6.1.26.jar:6.1.26]
	at org.springframework.web.filter.CharacterEncodingFilter.doFilterInternal(CharacterEncodingFilter.java:88) [spring-web-3.2.4.RELEASE.jar:3.2.4.RELEASE]
	at org.springframework.web.filter.OncePerRequestFilter.doFilter(OncePerRequestFilter.java:107) [spring-web-3.2.4.RELEASE.jar:3.2.4.RELEASE]
	at org.mortbay.jetty.servlet.ServletHandler$CachedChain.doFilter(ServletHandler.java:1212) [jetty-6.1.26.jar:6.1.26]
	at com.ufufund.ufb.web.filter.RefreshHolderFilter.doFilter(RefreshHolderFilter.java:31) [classes/:na]
	at org.mortbay.jetty.servlet.ServletHandler$CachedChain.doFilter(ServletHandler.java:1212) [jetty-6.1.26.jar:6.1.26]
	at com.ufufund.ufb.web.filter.ServletHolderFilter.doFilter(ServletHolderFilter.java:26) [classes/:na]
	at org.mortbay.jetty.servlet.ServletHandler$CachedChain.doFilter(ServletHandler.java:1212) [jetty-6.1.26.jar:6.1.26]
	at org.mortbay.jetty.servlet.ServletHandler.handle(ServletHandler.java:399) [jetty-6.1.26.jar:6.1.26]
	at org.mortbay.jetty.security.SecurityHandler.handle(SecurityHandler.java:216) [jetty-6.1.26.jar:6.1.26]
	at org.mortbay.jetty.servlet.SessionHandler.handle(SessionHandler.java:182) [jetty-6.1.26.jar:6.1.26]
	at org.mortbay.jetty.handler.ContextHandler.handle(ContextHandler.java:766) [jetty-6.1.26.jar:6.1.26]
	at org.mortbay.jetty.webapp.WebAppContext.handle(WebAppContext.java:450) [jetty-6.1.26.jar:6.1.26]
	at org.mortbay.jetty.handler.HandlerWrapper.handle(HandlerWrapper.java:152) [jetty-6.1.26.jar:6.1.26]
	at org.mortbay.jetty.Server.handle(Server.java:326) [jetty-6.1.26.jar:6.1.26]
	at org.mortbay.jetty.HttpConnection.handleRequest(HttpConnection.java:542) [jetty-6.1.26.jar:6.1.26]
	at org.mortbay.jetty.HttpConnection$RequestHandler.headerComplete(HttpConnection.java:928) [jetty-6.1.26.jar:6.1.26]
	at org.mortbay.jetty.HttpParser.parseNext(HttpParser.java:549) [jetty-6.1.26.jar:6.1.26]
	at org.mortbay.jetty.HttpParser.parseAvailable(HttpParser.java:212) [jetty-6.1.26.jar:6.1.26]
	at org.mortbay.jetty.HttpConnection.handle(HttpConnection.java:404) [jetty-6.1.26.jar:6.1.26]
	at org.mortbay.io.nio.SelectChannelEndPoint.run(SelectChannelEndPoint.java:410) [jetty-6.1.26.jar:6.1.26]
	at org.mortbay.thread.QueuedThreadPool$PoolThread.run(QueuedThreadPool.java:582) [jetty-util-6.1.26.jar:6.1.26]
2015-08-07 09:47:18,469 DEBUG [267856315@qtp-1182320432-9] c.u.u.b.manager.impl.CustManagerImpl [ImplCommon.java : 31] [b1179678-b84a-42c1-9ce9-b3f209790ab3] loginIn : LoginAction[loginCode=18616502181,loginPassword=1q2w3e,processId=[b1179678-b84a-42c1-9ce9-b3f209790ab3] ]
2015-08-07 09:47:24,029 DEBUG [1555954542@qtp-1182320432-13] c.u.u.b.manager.impl.CustManagerImpl [ImplCommon.java : 31] [438dd830-c51d-4fb5-9b40-af48032594a8] loginIn : LoginAction[loginCode=<null>,loginPassword=<null>,processId=[438dd830-c51d-4fb5-9b40-af48032594a8] ]
2015-08-07 09:47:24,029 DEBUG [1555954542@qtp-1182320432-13] AppException [AppException.java : 90] [438dd830-c51d-4fb5-9b40-af48032594a8]  errcode :NECESSARY_EMPTY errmsg :登录账号不能为空
2015-08-07 09:47:24,030 ERROR [1555954542@qtp-1182320432-13] c.u.u.web.controller.CustController [CustController.java : 277] 登录账号不能为空
com.ufufund.ufb.biz.exception.BizException: 登录账号不能为空
	at com.ufufund.ufb.biz.manager.impl.validator.CustManagerValidator.validator(CustManagerValidator.java:34) ~[classes/:na]
	at com.ufufund.ufb.biz.manager.impl.CustManagerImpl.loginIn(CustManagerImpl.java:172) ~[classes/:na]
	at com.ufufund.ufb.web.controller.CustController.loginIn(CustController.java:231) ~[classes/:na]
	at sun.reflect.NativeMethodAccessorImpl.invoke0(Native Method) ~[na:1.8.0_40]
	at sun.reflect.NativeMethodAccessorImpl.invoke(NativeMethodAccessorImpl.java:62) ~[na:1.8.0_40]
	at sun.reflect.DelegatingMethodAccessorImpl.invoke(DelegatingMethodAccessorImpl.java:43) ~[na:1.8.0_40]
	at java.lang.reflect.Method.invoke(Method.java:497) ~[na:1.8.0_40]
	at org.springframework.web.bind.annotation.support.HandlerMethodInvoker.invokeHandlerMethod(HandlerMethodInvoker.java:176) [spring-web-3.2.4.RELEASE.jar:3.2.4.RELEASE]
	at org.springframework.web.servlet.mvc.annotation.AnnotationMethodHandlerAdapter.invokeHandlerMethod(AnnotationMethodHandlerAdapter.java:440) [spring-webmvc-3.2.5.RELEASE.jar:3.2.5.RELEASE]
	at org.springframework.web.servlet.mvc.annotation.AnnotationMethodHandlerAdapter.handle(AnnotationMethodHandlerAdapter.java:428) [spring-webmvc-3.2.5.RELEASE.jar:3.2.5.RELEASE]
	at org.springframework.web.servlet.DispatcherServlet.doDispatch(DispatcherServlet.java:925) [spring-webmvc-3.2.5.RELEASE.jar:3.2.5.RELEASE]
	at org.springframework.web.servlet.DispatcherServlet.doService(DispatcherServlet.java:856) [spring-webmvc-3.2.5.RELEASE.jar:3.2.5.RELEASE]
	at org.springframework.web.servlet.FrameworkServlet.processRequest(FrameworkServlet.java:936) [spring-webmvc-3.2.5.RELEASE.jar:3.2.5.RELEASE]
	at org.springframework.web.servlet.FrameworkServlet.doGet(FrameworkServlet.java:827) [spring-webmvc-3.2.5.RELEASE.jar:3.2.5.RELEASE]
	at javax.servlet.http.HttpServlet.service(HttpServlet.java:707) [servlet-api-2.5-20081211.jar:na]
	at org.springframework.web.servlet.FrameworkServlet.service(FrameworkServlet.java:812) [spring-webmvc-3.2.5.RELEASE.jar:3.2.5.RELEASE]
	at javax.servlet.http.HttpServlet.service(HttpServlet.java:820) [servlet-api-2.5-20081211.jar:na]
	at org.mortbay.jetty.servlet.ServletHolder.handle(ServletHolder.java:511) [jetty-6.1.26.jar:6.1.26]
	at org.mortbay.jetty.servlet.ServletHandler$CachedChain.doFilter(ServletHandler.java:1221) [jetty-6.1.26.jar:6.1.26]
	at org.springframework.web.filter.CharacterEncodingFilter.doFilterInternal(CharacterEncodingFilter.java:88) [spring-web-3.2.4.RELEASE.jar:3.2.4.RELEASE]
	at org.springframework.web.filter.OncePerRequestFilter.doFilter(OncePerRequestFilter.java:107) [spring-web-3.2.4.RELEASE.jar:3.2.4.RELEASE]
	at org.mortbay.jetty.servlet.ServletHandler$CachedChain.doFilter(ServletHandler.java:1212) [jetty-6.1.26.jar:6.1.26]
	at com.ufufund.ufb.web.filter.RefreshHolderFilter.doFilter(RefreshHolderFilter.java:31) [classes/:na]
	at org.mortbay.jetty.servlet.ServletHandler$CachedChain.doFilter(ServletHandler.java:1212) [jetty-6.1.26.jar:6.1.26]
	at com.ufufund.ufb.web.filter.ServletHolderFilter.doFilter(ServletHolderFilter.java:26) [classes/:na]
	at org.mortbay.jetty.servlet.ServletHandler$CachedChain.doFilter(ServletHandler.java:1212) [jetty-6.1.26.jar:6.1.26]
	at org.mortbay.jetty.servlet.ServletHandler.handle(ServletHandler.java:399) [jetty-6.1.26.jar:6.1.26]
	at org.mortbay.jetty.security.SecurityHandler.handle(SecurityHandler.java:216) [jetty-6.1.26.jar:6.1.26]
	at org.mortbay.jetty.servlet.SessionHandler.handle(SessionHandler.java:182) [jetty-6.1.26.jar:6.1.26]
	at org.mortbay.jetty.handler.ContextHandler.handle(ContextHandler.java:766) [jetty-6.1.26.jar:6.1.26]
	at org.mortbay.jetty.webapp.WebAppContext.handle(WebAppContext.java:450) [jetty-6.1.26.jar:6.1.26]
	at org.mortbay.jetty.handler.HandlerWrapper.handle(HandlerWrapper.java:152) [jetty-6.1.26.jar:6.1.26]
	at org.mortbay.jetty.Server.handle(Server.java:326) [jetty-6.1.26.jar:6.1.26]
	at org.mortbay.jetty.HttpConnection.handleRequest(HttpConnection.java:542) [jetty-6.1.26.jar:6.1.26]
	at org.mortbay.jetty.HttpConnection$RequestHandler.headerComplete(HttpConnection.java:928) [jetty-6.1.26.jar:6.1.26]
	at org.mortbay.jetty.HttpParser.parseNext(HttpParser.java:549) [jetty-6.1.26.jar:6.1.26]
	at org.mortbay.jetty.HttpParser.parseAvailable(HttpParser.java:212) [jetty-6.1.26.jar:6.1.26]
	at org.mortbay.jetty.HttpConnection.handle(HttpConnection.java:404) [jetty-6.1.26.jar:6.1.26]
	at org.mortbay.io.nio.SelectChannelEndPoint.run(SelectChannelEndPoint.java:410) [jetty-6.1.26.jar:6.1.26]
	at org.mortbay.thread.QueuedThreadPool$PoolThread.run(QueuedThreadPool.java:582) [jetty-util-6.1.26.jar:6.1.26]
2015-08-07 09:50:27,192 DEBUG [1308570857@qtp-1182320432-14] c.u.u.b.manager.impl.CustManagerImpl [ImplCommon.java : 31] [aa8ec60e-199a-41e7-ad0e-81227b7bfbae] loginIn : LoginAction[loginCode=18616502181,loginPassword=1q2w3e,processId=[aa8ec60e-199a-41e7-ad0e-81227b7bfbae] ]
2015-08-07 09:50:27,770 DEBUG [1395436436@qtp-1182320432-15] c.u.u.b.manager.impl.CustManagerImpl [ImplCommon.java : 31] [90921e57-049f-4efd-b53e-59b4769bd700] loginIn : LoginAction[loginCode=<null>,loginPassword=<null>,processId=[90921e57-049f-4efd-b53e-59b4769bd700] ]
2015-08-07 09:50:27,770 DEBUG [1395436436@qtp-1182320432-15] AppException [AppException.java : 90] [90921e57-049f-4efd-b53e-59b4769bd700]  errcode :NECESSARY_EMPTY errmsg :登录账号不能为空
2015-08-07 09:50:27,771 ERROR [1395436436@qtp-1182320432-15] c.u.u.web.controller.CustController [CustController.java : 277] 登录账号不能为空
com.ufufund.ufb.biz.exception.BizException: 登录账号不能为空
	at com.ufufund.ufb.biz.manager.impl.validator.CustManagerValidator.validator(CustManagerValidator.java:34) ~[classes/:na]
	at com.ufufund.ufb.biz.manager.impl.CustManagerImpl.loginIn(CustManagerImpl.java:172) ~[classes/:na]
	at com.ufufund.ufb.web.controller.CustController.loginIn(CustController.java:231) ~[classes/:na]
	at sun.reflect.NativeMethodAccessorImpl.invoke0(Native Method) ~[na:1.8.0_40]
	at sun.reflect.NativeMethodAccessorImpl.invoke(NativeMethodAccessorImpl.java:62) ~[na:1.8.0_40]
	at sun.reflect.DelegatingMethodAccessorImpl.invoke(DelegatingMethodAccessorImpl.java:43) ~[na:1.8.0_40]
	at java.lang.reflect.Method.invoke(Method.java:497) ~[na:1.8.0_40]
	at org.springframework.web.bind.annotation.support.HandlerMethodInvoker.invokeHandlerMethod(HandlerMethodInvoker.java:176) [spring-web-3.2.4.RELEASE.jar:3.2.4.RELEASE]
	at org.springframework.web.servlet.mvc.annotation.AnnotationMethodHandlerAdapter.invokeHandlerMethod(AnnotationMethodHandlerAdapter.java:440) [spring-webmvc-3.2.5.RELEASE.jar:3.2.5.RELEASE]
	at org.springframework.web.servlet.mvc.annotation.AnnotationMethodHandlerAdapter.handle(AnnotationMethodHandlerAdapter.java:428) [spring-webmvc-3.2.5.RELEASE.jar:3.2.5.RELEASE]
	at org.springframework.web.servlet.DispatcherServlet.doDispatch(DispatcherServlet.java:925) [spring-webmvc-3.2.5.RELEASE.jar:3.2.5.RELEASE]
	at org.springframework.web.servlet.DispatcherServlet.doService(DispatcherServlet.java:856) [spring-webmvc-3.2.5.RELEASE.jar:3.2.5.RELEASE]
	at org.springframework.web.servlet.FrameworkServlet.processRequest(FrameworkServlet.java:936) [spring-webmvc-3.2.5.RELEASE.jar:3.2.5.RELEASE]
	at org.springframework.web.servlet.FrameworkServlet.doGet(FrameworkServlet.java:827) [spring-webmvc-3.2.5.RELEASE.jar:3.2.5.RELEASE]
	at javax.servlet.http.HttpServlet.service(HttpServlet.java:707) [servlet-api-2.5-20081211.jar:na]
	at org.springframework.web.servlet.FrameworkServlet.service(FrameworkServlet.java:812) [spring-webmvc-3.2.5.RELEASE.jar:3.2.5.RELEASE]
	at javax.servlet.http.HttpServlet.service(HttpServlet.java:820) [servlet-api-2.5-20081211.jar:na]
	at org.mortbay.jetty.servlet.ServletHolder.handle(ServletHolder.java:511) [jetty-6.1.26.jar:6.1.26]
	at org.mortbay.jetty.servlet.ServletHandler$CachedChain.doFilter(ServletHandler.java:1221) [jetty-6.1.26.jar:6.1.26]
	at org.springframework.web.filter.CharacterEncodingFilter.doFilterInternal(CharacterEncodingFilter.java:88) [spring-web-3.2.4.RELEASE.jar:3.2.4.RELEASE]
	at org.springframework.web.filter.OncePerRequestFilter.doFilter(OncePerRequestFilter.java:107) [spring-web-3.2.4.RELEASE.jar:3.2.4.RELEASE]
	at org.mortbay.jetty.servlet.ServletHandler$CachedChain.doFilter(ServletHandler.java:1212) [jetty-6.1.26.jar:6.1.26]
	at com.ufufund.ufb.web.filter.RefreshHolderFilter.doFilter(RefreshHolderFilter.java:31) [classes/:na]
	at org.mortbay.jetty.servlet.ServletHandler$CachedChain.doFilter(ServletHandler.java:1212) [jetty-6.1.26.jar:6.1.26]
	at com.ufufund.ufb.web.filter.ServletHolderFilter.doFilter(ServletHolderFilter.java:26) [classes/:na]
	at org.mortbay.jetty.servlet.ServletHandler$CachedChain.doFilter(ServletHandler.java:1212) [jetty-6.1.26.jar:6.1.26]
	at org.mortbay.jetty.servlet.ServletHandler.handle(ServletHandler.java:399) [jetty-6.1.26.jar:6.1.26]
	at org.mortbay.jetty.security.SecurityHandler.handle(SecurityHandler.java:216) [jetty-6.1.26.jar:6.1.26]
	at org.mortbay.jetty.servlet.SessionHandler.handle(SessionHandler.java:182) [jetty-6.1.26.jar:6.1.26]
	at org.mortbay.jetty.handler.ContextHandler.handle(ContextHandler.java:766) [jetty-6.1.26.jar:6.1.26]
	at org.mortbay.jetty.webapp.WebAppContext.handle(WebAppContext.java:450) [jetty-6.1.26.jar:6.1.26]
	at org.mortbay.jetty.handler.HandlerWrapper.handle(HandlerWrapper.java:152) [jetty-6.1.26.jar:6.1.26]
	at org.mortbay.jetty.Server.handle(Server.java:326) [jetty-6.1.26.jar:6.1.26]
	at org.mortbay.jetty.HttpConnection.handleRequest(HttpConnection.java:542) [jetty-6.1.26.jar:6.1.26]
	at org.mortbay.jetty.HttpConnection$RequestHandler.headerComplete(HttpConnection.java:928) [jetty-6.1.26.jar:6.1.26]
	at org.mortbay.jetty.HttpParser.parseNext(HttpParser.java:549) [jetty-6.1.26.jar:6.1.26]
	at org.mortbay.jetty.HttpParser.parseAvailable(HttpParser.java:212) [jetty-6.1.26.jar:6.1.26]
	at org.mortbay.jetty.HttpConnection.handle(HttpConnection.java:404) [jetty-6.1.26.jar:6.1.26]
	at org.mortbay.io.nio.SelectChannelEndPoint.run(SelectChannelEndPoint.java:410) [jetty-6.1.26.jar:6.1.26]
	at org.mortbay.thread.QueuedThreadPool$PoolThread.run(QueuedThreadPool.java:582) [jetty-util-6.1.26.jar:6.1.26]
2015-08-07 09:55:22,907 DEBUG [1781644642@qtp-1182320432-12] c.u.u.b.m.impl.AutotradeManagerImpl [ImplCommon.java : 31] [a818dcc84908be5e38c2c505859702e1] getAutotradeList : CU150730150345773LDUVIM6
2015-08-07 10:01:10,234 DEBUG [1781644642@qtp-1182320432-12] c.u.u.b.m.impl.AutotradeManagerImpl [ImplCommon.java : 31] [a818dcc84908be5e38c2c505859702e1] getNextdate : 
2015-08-07 10:01:19,827 DEBUG [1781644642@qtp-1182320432-12] c.u.u.b.m.impl.AutotradeManagerImpl [ImplCommon.java : 31] [a98159b8-d126-4470-9a2f-44afaf8dd903] addAutotrade : AddAutotradeAction[autoname=<null>,custno=CU150730150345773LDUVIM6,tradetype=AUTORECHARGE,type=E,cycle=MM,dat=10,fromfundcorpno=<null>,fromfundcode=<null>,fromchargetype=<null>,frombankserialid=BA1507301503100O1W1B6PM7,frombankacco=<null>,fromaccoid=<null>,fromtradeacco=<null>,tofundcorpno=01,tofundcode=519505,tochargetype=A,tobankserialid=<null>,tobankacco=<null>,toaccoid=<null>,totradeacco=<null>,autoamt=10.00,autovol=0,lastdate=<null>,nextdate=20150810,summary=test1,tradepwd=1q2w3e,processId=[a98159b8-d126-4470-9a2f-44afaf8dd903] ]
2015-08-07 10:01:19,875 DEBUG [1781644642@qtp-1182320432-12] c.u.u.b.m.impl.AutotradeManagerImpl [ImplCommon.java : 31] [a818dcc84908be5e38c2c505859702e1] getNextdate : 
2015-08-07 10:01:21,466 DEBUG [1781644642@qtp-1182320432-12] c.u.u.b.m.impl.AutotradeManagerImpl [ImplCommon.java : 31] [a818dcc84908be5e38c2c505859702e1] getAutotradeList : CU150730150345773LDUVIM6
2015-08-07 10:01:31,370 DEBUG [1781644642@qtp-1182320432-12] c.u.u.b.m.impl.AutotradeManagerImpl [ImplCommon.java : 31] [a818dcc84908be5e38c2c505859702e1] getAutotrade : AU150807101019UPO0SMICW1
2015-08-07 10:01:43,380 DEBUG [1781644642@qtp-1182320432-12] c.u.u.b.m.impl.AutotradeManagerImpl [ImplCommon.java : 31] [a818dcc84908be5e38c2c505859702e1] getAutotrade : AU150807101019UPO0SMICW1
2015-08-07 10:02:00,004 DEBUG [1781644642@qtp-1182320432-12] c.u.u.b.m.impl.AutotradeManagerImpl [ImplCommon.java : 31] [9e8e21df-cb3f-4540-aaa2-083780e14dc9] changestatus : ChangeAutoStateAction[autoid=AU150807101019UPO0SMICW1,state=P,custno=CU150730150345773LDUVIM6,tradepwd=1q2w3e,processId=[9e8e21df-cb3f-4540-aaa2-083780e14dc9] ]
2015-08-07 10:02:00,126 DEBUG [1781644642@qtp-1182320432-12] c.u.u.b.m.impl.AutotradeManagerImpl [ImplCommon.java : 31] [a818dcc84908be5e38c2c505859702e1] getNextdate : 
2015-08-07 10:02:02,300 DEBUG [1781644642@qtp-1182320432-12] c.u.u.b.m.impl.AutotradeManagerImpl [ImplCommon.java : 31] [a818dcc84908be5e38c2c505859702e1] getAutotradeList : CU150730150345773LDUVIM6
2015-08-07 10:03:02,760 DEBUG [1781644642@qtp-1182320432-12] c.u.u.b.m.impl.AutotradeManagerImpl [ImplCommon.java : 31] [a818dcc84908be5e38c2c505859702e1] getAutotrade : AU150807101019UPO0SMICW1
2015-08-07 10:07:30,296 DEBUG [2027819293@qtp-1182320432-20] c.u.u.b.m.impl.AutotradeManagerImpl [ImplCommon.java : 31] [3d537569bb7c83d19789ebbe9b2c69b8] getAutotradeList : CU150730150345773LDUVIM6
2015-08-07 10:07:33,021 DEBUG [2027819293@qtp-1182320432-20] c.u.u.b.m.impl.AutotradeManagerImpl [ImplCommon.java : 31] [3d537569bb7c83d19789ebbe9b2c69b8] getAutotrade : AU150807101019UPO0SMICW1
2015-08-07 10:08:11,647 DEBUG [2027819293@qtp-1182320432-20] c.u.u.b.m.impl.AutotradeManagerImpl [ImplCommon.java : 31] [3d537569bb7c83d19789ebbe9b2c69b8] getAutotrade : AU150807101019UPO0SMICW1
2015-08-07 10:08:27,017 DEBUG [57572672@qtp-1182320432-21] c.u.u.b.m.impl.AutotradeManagerImpl [ImplCommon.java : 31] [02f4c71d70f12145866cefd717017a1b] getAutotrade : AU150807101019UPO0SMICW1
2015-08-07 10:08:45,198 DEBUG [99513566@qtp-1182320432-16] c.u.u.b.m.impl.AutotradeManagerImpl [ImplCommon.java : 31] [96bb5d8d3db09883316a3a3851f996fa] getAutotrade : AU150807101019UPO0SMICW1
2015-08-07 10:09:20,005 WARN [2007328737@qtp-1160264930-0] o.a.v.tools.view.XMLToolboxManager [XMLToolboxManager.java : 100] XMLToolboxManager has been deprecated. Please use org.apache.velocity.tools.ToolboxFactory instead.
2015-08-07 10:09:20,009 WARN [2007328737@qtp-1160264930-0] o.a.v.t.v.s.ServletToolboxManager [ServletToolboxManager.java : 131] ServletToolboxManager has been deprecated. Please use org.apache.velocity.tools.ToolboxFactory instead.
2015-08-07 10:09:25,866 DEBUG [2007328737@qtp-1160264930-0] c.u.u.b.manager.impl.CustManagerImpl [ImplCommon.java : 31] [5a6781c1-32a4-43a7-be1d-e71a47682ff1] loginIn : LoginAction[loginCode=18616502181,loginPassword=1q2w3e,processId=[5a6781c1-32a4-43a7-be1d-e71a47682ff1] ]
2015-08-07 10:09:26,969 DEBUG [2007328737@qtp-1160264930-0] c.u.u.b.manager.impl.CustManagerImpl [ImplCommon.java : 31] [ff7afc92-8f82-4de1-bee3-784587c30264] loginIn : LoginAction[loginCode=<null>,loginPassword=<null>,processId=[ff7afc92-8f82-4de1-bee3-784587c30264] ]
2015-08-07 10:09:27,006 DEBUG [2007328737@qtp-1160264930-0] AppException [AppException.java : 90] [ff7afc92-8f82-4de1-bee3-784587c30264]  errcode :NECESSARY_EMPTY errmsg :登录账号不能为空
2015-08-07 10:09:27,013 ERROR [2007328737@qtp-1160264930-0] c.u.u.web.controller.CustController [CustController.java : 277] 登录账号不能为空
com.ufufund.ufb.biz.exception.BizException: 登录账号不能为空
	at com.ufufund.ufb.biz.manager.impl.validator.CustManagerValidator.validator(CustManagerValidator.java:34) ~[classes/:na]
	at com.ufufund.ufb.biz.manager.impl.CustManagerImpl.loginIn(CustManagerImpl.java:172) ~[classes/:na]
	at com.ufufund.ufb.web.controller.CustController.loginIn(CustController.java:231) ~[classes/:na]
	at sun.reflect.NativeMethodAccessorImpl.invoke0(Native Method) ~[na:1.8.0_40]
	at sun.reflect.NativeMethodAccessorImpl.invoke(NativeMethodAccessorImpl.java:62) ~[na:1.8.0_40]
	at sun.reflect.DelegatingMethodAccessorImpl.invoke(DelegatingMethodAccessorImpl.java:43) ~[na:1.8.0_40]
	at java.lang.reflect.Method.invoke(Method.java:497) ~[na:1.8.0_40]
	at org.springframework.web.bind.annotation.support.HandlerMethodInvoker.invokeHandlerMethod(HandlerMethodInvoker.java:176) [spring-web-3.2.4.RELEASE.jar:3.2.4.RELEASE]
	at org.springframework.web.servlet.mvc.annotation.AnnotationMethodHandlerAdapter.invokeHandlerMethod(AnnotationMethodHandlerAdapter.java:440) [spring-webmvc-3.2.5.RELEASE.jar:3.2.5.RELEASE]
	at org.springframework.web.servlet.mvc.annotation.AnnotationMethodHandlerAdapter.handle(AnnotationMethodHandlerAdapter.java:428) [spring-webmvc-3.2.5.RELEASE.jar:3.2.5.RELEASE]
	at org.springframework.web.servlet.DispatcherServlet.doDispatch(DispatcherServlet.java:925) [spring-webmvc-3.2.5.RELEASE.jar:3.2.5.RELEASE]
	at org.springframework.web.servlet.DispatcherServlet.doService(DispatcherServlet.java:856) [spring-webmvc-3.2.5.RELEASE.jar:3.2.5.RELEASE]
	at org.springframework.web.servlet.FrameworkServlet.processRequest(FrameworkServlet.java:936) [spring-webmvc-3.2.5.RELEASE.jar:3.2.5.RELEASE]
	at org.springframework.web.servlet.FrameworkServlet.doGet(FrameworkServlet.java:827) [spring-webmvc-3.2.5.RELEASE.jar:3.2.5.RELEASE]
	at javax.servlet.http.HttpServlet.service(HttpServlet.java:707) [servlet-api-2.5-20081211.jar:na]
	at org.springframework.web.servlet.FrameworkServlet.service(FrameworkServlet.java:812) [spring-webmvc-3.2.5.RELEASE.jar:3.2.5.RELEASE]
	at javax.servlet.http.HttpServlet.service(HttpServlet.java:820) [servlet-api-2.5-20081211.jar:na]
	at org.mortbay.jetty.servlet.ServletHolder.handle(ServletHolder.java:511) [jetty-6.1.26.jar:6.1.26]
	at org.mortbay.jetty.servlet.ServletHandler$CachedChain.doFilter(ServletHandler.java:1221) [jetty-6.1.26.jar:6.1.26]
	at org.springframework.web.filter.CharacterEncodingFilter.doFilterInternal(CharacterEncodingFilter.java:88) [spring-web-3.2.4.RELEASE.jar:3.2.4.RELEASE]
	at org.springframework.web.filter.OncePerRequestFilter.doFilter(OncePerRequestFilter.java:107) [spring-web-3.2.4.RELEASE.jar:3.2.4.RELEASE]
	at org.mortbay.jetty.servlet.ServletHandler$CachedChain.doFilter(ServletHandler.java:1212) [jetty-6.1.26.jar:6.1.26]
	at com.ufufund.ufb.web.filter.RefreshHolderFilter.doFilter(RefreshHolderFilter.java:31) [classes/:na]
	at org.mortbay.jetty.servlet.ServletHandler$CachedChain.doFilter(ServletHandler.java:1212) [jetty-6.1.26.jar:6.1.26]
	at com.ufufund.ufb.web.filter.ServletHolderFilter.doFilter(ServletHolderFilter.java:26) [classes/:na]
	at org.mortbay.jetty.servlet.ServletHandler$CachedChain.doFilter(ServletHandler.java:1212) [jetty-6.1.26.jar:6.1.26]
	at org.mortbay.jetty.servlet.ServletHandler.handle(ServletHandler.java:399) [jetty-6.1.26.jar:6.1.26]
	at org.mortbay.jetty.security.SecurityHandler.handle(SecurityHandler.java:216) [jetty-6.1.26.jar:6.1.26]
	at org.mortbay.jetty.servlet.SessionHandler.handle(SessionHandler.java:182) [jetty-6.1.26.jar:6.1.26]
	at org.mortbay.jetty.handler.ContextHandler.handle(ContextHandler.java:766) [jetty-6.1.26.jar:6.1.26]
	at org.mortbay.jetty.webapp.WebAppContext.handle(WebAppContext.java:450) [jetty-6.1.26.jar:6.1.26]
	at org.mortbay.jetty.handler.HandlerWrapper.handle(HandlerWrapper.java:152) [jetty-6.1.26.jar:6.1.26]
	at org.mortbay.jetty.Server.handle(Server.java:326) [jetty-6.1.26.jar:6.1.26]
	at org.mortbay.jetty.HttpConnection.handleRequest(HttpConnection.java:542) [jetty-6.1.26.jar:6.1.26]
	at org.mortbay.jetty.HttpConnection$RequestHandler.headerComplete(HttpConnection.java:928) [jetty-6.1.26.jar:6.1.26]
	at org.mortbay.jetty.HttpParser.parseNext(HttpParser.java:549) [jetty-6.1.26.jar:6.1.26]
	at org.mortbay.jetty.HttpParser.parseAvailable(HttpParser.java:212) [jetty-6.1.26.jar:6.1.26]
	at org.mortbay.jetty.HttpConnection.handle(HttpConnection.java:404) [jetty-6.1.26.jar:6.1.26]
	at org.mortbay.io.nio.SelectChannelEndPoint.run(SelectChannelEndPoint.java:410) [jetty-6.1.26.jar:6.1.26]
	at org.mortbay.thread.QueuedThreadPool$PoolThread.run(QueuedThreadPool.java:582) [jetty-util-6.1.26.jar:6.1.26]
2015-08-07 10:09:37,297 WARN [2007328737@qtp-1160264930-0] c.u.u.r.h.s.HftCustServiceSimulator [HftCustServiceSimulator.java : 47] 模拟器返回：BankAuthResponse [OtherSerial=null, ProtocolNo=null, toString()=AbstractResponse [Version=1.0.0, MerchantId=00000001, DistributorCode=223, BusinType=bankSwiftAuth, ApplicationNo=FD150807101037DFR8M29V83, ReturnCode=0000, ReturnMsg=交易成功, Extension=null]]
2015-08-07 10:09:42,057 WARN [2007328737@qtp-1160264930-0] c.u.u.r.h.s.HftCustServiceSimulator [HftCustServiceSimulator.java : 71] 模拟器返回：BankVeriResponse [ValidateState=1, ProtocolNo=Protocol20150807100942, toString()=AbstractResponse [Version=1.0.0, MerchantId=00000001, DistributorCode=223, BusinType=bankSwiftVerify, ApplicationNo=FD150807101042R8KXPELHF4, ReturnCode=0000, ReturnMsg=交易成功, Extension=null]]
2015-08-07 10:09:42,058 DEBUG [2007328737@qtp-1160264930-0] c.u.u.b.manager.impl.CustManagerImpl [ImplCommon.java : 31] [93d132718f84225b21fd8444f9decc01] isTradePwdSet : CU150730150345773LDUVIM6
2015-08-07 10:09:42,112 WARN [2007328737@qtp-1160264930-0] c.u.u.r.h.s.HftCustServiceSimulator [HftCustServiceSimulator.java : 94] 模拟器返回：OpenAccountResponse [TransactionAccountID=Tan20150807100942, toString()=AbstractResponse [Version=1.0.0, MerchantId=00000001, DistributorCode=223, BusinType=openAccount, ApplicationNo=FD150807101042C7NFX3EEI5, ReturnCode=0000, ReturnMsg=交易成功, Extension=null]]
2015-08-07 10:09:49,436 DEBUG [2007328737@qtp-1160264930-0] c.u.u.b.m.impl.AutotradeManagerImpl [ImplCommon.java : 31] [93d132718f84225b21fd8444f9decc01] getAutotradeList : CU150730150345773LDUVIM6
2015-08-07 10:10:16,687 WARN [2007328737@qtp-1160264930-0] c.u.u.r.h.s.HftCustServiceSimulator [HftCustServiceSimulator.java : 47] 模拟器返回：BankAuthResponse [OtherSerial=null, ProtocolNo=null, toString()=AbstractResponse [Version=1.0.0, MerchantId=00000001, DistributorCode=223, BusinType=bankSwiftAuth, ApplicationNo=FD150807101016EI1GUL4K66, ReturnCode=0000, ReturnMsg=交易成功, Extension=null]]
2015-08-07 10:10:19,471 WARN [2007328737@qtp-1160264930-0] c.u.u.r.h.s.HftCustServiceSimulator [HftCustServiceSimulator.java : 71] 模拟器返回：BankVeriResponse [ValidateState=1, ProtocolNo=Protocol20150807101019, toString()=AbstractResponse [Version=1.0.0, MerchantId=00000001, DistributorCode=223, BusinType=bankSwiftVerify, ApplicationNo=FD150807101019ZLQJ8CPAY7, ReturnCode=0000, ReturnMsg=交易成功, Extension=null]]
2015-08-07 10:10:19,472 DEBUG [2007328737@qtp-1160264930-0] c.u.u.b.manager.impl.CustManagerImpl [ImplCommon.java : 31] [93d132718f84225b21fd8444f9decc01] isTradePwdSet : CU150730150345773LDUVIM6
2015-08-07 10:10:19,529 WARN [2007328737@qtp-1160264930-0] c.u.u.r.h.s.HftCustServiceSimulator [HftCustServiceSimulator.java : 94] 模拟器返回：OpenAccountResponse [TransactionAccountID=Tan20150807101019, toString()=AbstractResponse [Version=1.0.0, MerchantId=00000001, DistributorCode=223, BusinType=openAccount, ApplicationNo=FD150807101019O8UBO9YRN8, ReturnCode=0000, ReturnMsg=交易成功, Extension=null]]
2015-08-07 10:10:22,920 DEBUG [2007328737@qtp-1160264930-0] c.u.u.b.m.impl.AutotradeManagerImpl [ImplCommon.java : 31] [93d132718f84225b21fd8444f9decc01] getAutotradeList : CU150730150345773LDUVIM6
2015-08-07 10:14:54,152 WARN [509987785@qtp-1160264930-10] c.u.u.r.h.s.HftCustServiceSimulator [HftCustServiceSimulator.java : 47] 模拟器返回：BankAuthResponse [OtherSerial=null, ProtocolNo=null, toString()=AbstractResponse [Version=1.0.0, MerchantId=00000001, DistributorCode=223, BusinType=bankSwiftAuth, ApplicationNo=FD150807101054L85QYADOZ9, ReturnCode=0000, ReturnMsg=交易成功, Extension=null]]
2015-08-07 10:14:56,607 WARN [509987785@qtp-1160264930-10] c.u.u.r.h.s.HftCustServiceSimulator [HftCustServiceSimulator.java : 71] 模拟器返回：BankVeriResponse [ValidateState=1, ProtocolNo=Protocol20150807101456, toString()=AbstractResponse [Version=1.0.0, MerchantId=00000001, DistributorCode=223, BusinType=bankSwiftVerify, ApplicationNo=FD150807101056CFVS0H0F10, ReturnCode=0000, ReturnMsg=交易成功, Extension=null]]
2015-08-07 10:14:56,608 DEBUG [509987785@qtp-1160264930-10] c.u.u.b.manager.impl.CustManagerImpl [ImplCommon.java : 31] [ef9abfe7bc5481714772ae5700de8d73] isTradePwdSet : CU150730150345773LDUVIM6
2015-08-07 10:14:56,659 WARN [509987785@qtp-1160264930-10] c.u.u.r.h.s.HftCustServiceSimulator [HftCustServiceSimulator.java : 94] 模拟器返回：OpenAccountResponse [TransactionAccountID=Tan20150807101456, toString()=AbstractResponse [Version=1.0.0, MerchantId=00000001, DistributorCode=223, BusinType=openAccount, ApplicationNo=FD150807101056TJWOCFUP11, ReturnCode=0000, ReturnMsg=交易成功, Extension=null]]
2015-08-07 10:15:01,395 DEBUG [509987785@qtp-1160264930-10] c.u.u.b.m.impl.AutotradeManagerImpl [ImplCommon.java : 31] [ef9abfe7bc5481714772ae5700de8d73] getAutotradeList : CU150730150345773LDUVIM6
2015-08-07 10:15:12,127 DEBUG [509987785@qtp-1160264930-10] c.u.u.b.m.impl.AutotradeManagerImpl [ImplCommon.java : 31] [ef9abfe7bc5481714772ae5700de8d73] getAutotradeList : CU150730150345773LDUVIM6
2015-08-07 10:15:15,310 DEBUG [509987785@qtp-1160264930-10] c.u.u.b.m.impl.AutotradeManagerImpl [ImplCommon.java : 31] [ef9abfe7bc5481714772ae5700de8d73] getAutotrade : AU150807101019UPO0SMICW1
2015-08-07 10:15:18,625 DEBUG [509987785@qtp-1160264930-10] c.u.u.b.m.impl.AutotradeManagerImpl [ImplCommon.java : 31] [ef9abfe7bc5481714772ae5700de8d73] getAutotradeList : CU150730150345773LDUVIM6
2015-08-07 10:15:20,471 DEBUG [509987785@qtp-1160264930-10] c.u.u.b.m.impl.AutotradeManagerImpl [ImplCommon.java : 31] [ef9abfe7bc5481714772ae5700de8d73] getAutotrade : AU150807101019UPO0SMICW1
2015-08-07 10:19:09,981 DEBUG [509987785@qtp-1160264930-10] c.u.u.b.m.impl.AutotradeManagerImpl [ImplCommon.java : 31] [ef9abfe7bc5481714772ae5700de8d73] getNextdate : 
2015-08-07 10:19:22,420 DEBUG [509987785@qtp-1160264930-10] c.u.u.b.m.impl.AutotradeManagerImpl [ImplCommon.java : 31] [1dc47426-2d8a-4fac-926d-c83ccd736b3f] modifyAutotrade : ModifyAutotradeAction[autoid=AU150807101019UPO0SMICW1,autoname=<null>,custno=CU150730150345773LDUVIM6,tradetype=AUTORECHARGE,type=E,cycle=MM,dat=11,fromfundcorpno=<null>,fromfundcode=<null>,fromchargetype=<null>,frombankserialid=BA150807101056QB0TVJVFA3,frombankacco=<null>,fromaccoid=<null>,fromtradeacco=<null>,tofundcorpno=01,tofundcode=519505,tochargetype=A,tobankserialid=<null>,tobankacco=<null>,toaccoid=<null>,totradeacco=<null>,autoamt=20.00,autovol=0,lastdate=<null>,nextdate=20150811,summary=test2,tradepwd=1q2w3e,processId=[1dc47426-2d8a-4fac-926d-c83ccd736b3f] ]
2015-08-07 10:19:22,441 WARN [509987785@qtp-1160264930-10] c.u.u.w.controller.SettingController [SettingController.java : 652] 9999-交易密码错误！
com.ufufund.ufb.common.exception.UserException: 9999-交易密码错误！
	at com.ufufund.ufb.biz.manager.impl.AutotradeManagerImpl.modifyAutotrade(AutotradeManagerImpl.java:99) ~[classes/:na]
	at com.ufufund.ufb.web.controller.SettingController.autoTradeUpdateResult(SettingController.java:646) ~[classes/:na]
	at sun.reflect.NativeMethodAccessorImpl.invoke0(Native Method) ~[na:1.8.0_40]
	at sun.reflect.NativeMethodAccessorImpl.invoke(NativeMethodAccessorImpl.java:62) ~[na:1.8.0_40]
	at sun.reflect.DelegatingMethodAccessorImpl.invoke(DelegatingMethodAccessorImpl.java:43) ~[na:1.8.0_40]
	at java.lang.reflect.Method.invoke(Method.java:497) ~[na:1.8.0_40]
	at org.springframework.web.bind.annotation.support.HandlerMethodInvoker.invokeHandlerMethod(HandlerMethodInvoker.java:176) [spring-web-3.2.4.RELEASE.jar:3.2.4.RELEASE]
	at org.springframework.web.servlet.mvc.annotation.AnnotationMethodHandlerAdapter.invokeHandlerMethod(AnnotationMethodHandlerAdapter.java:440) [spring-webmvc-3.2.5.RELEASE.jar:3.2.5.RELEASE]
	at org.springframework.web.servlet.mvc.annotation.AnnotationMethodHandlerAdapter.handle(AnnotationMethodHandlerAdapter.java:428) [spring-webmvc-3.2.5.RELEASE.jar:3.2.5.RELEASE]
	at org.springframework.web.servlet.DispatcherServlet.doDispatch(DispatcherServlet.java:925) [spring-webmvc-3.2.5.RELEASE.jar:3.2.5.RELEASE]
	at org.springframework.web.servlet.DispatcherServlet.doService(DispatcherServlet.java:856) [spring-webmvc-3.2.5.RELEASE.jar:3.2.5.RELEASE]
	at org.springframework.web.servlet.FrameworkServlet.processRequest(FrameworkServlet.java:936) [spring-webmvc-3.2.5.RELEASE.jar:3.2.5.RELEASE]
	at org.springframework.web.servlet.FrameworkServlet.doPost(FrameworkServlet.java:838) [spring-webmvc-3.2.5.RELEASE.jar:3.2.5.RELEASE]
	at javax.servlet.http.HttpServlet.service(HttpServlet.java:727) [servlet-api-2.5-20081211.jar:na]
	at org.springframework.web.servlet.FrameworkServlet.service(FrameworkServlet.java:812) [spring-webmvc-3.2.5.RELEASE.jar:3.2.5.RELEASE]
	at javax.servlet.http.HttpServlet.service(HttpServlet.java:820) [servlet-api-2.5-20081211.jar:na]
	at org.mortbay.jetty.servlet.ServletHolder.handle(ServletHolder.java:511) [jetty-6.1.26.jar:6.1.26]
	at org.mortbay.jetty.servlet.ServletHandler$CachedChain.doFilter(ServletHandler.java:1221) [jetty-6.1.26.jar:6.1.26]
	at org.springframework.web.filter.CharacterEncodingFilter.doFilterInternal(CharacterEncodingFilter.java:88) [spring-web-3.2.4.RELEASE.jar:3.2.4.RELEASE]
	at org.springframework.web.filter.OncePerRequestFilter.doFilter(OncePerRequestFilter.java:107) [spring-web-3.2.4.RELEASE.jar:3.2.4.RELEASE]
	at org.mortbay.jetty.servlet.ServletHandler$CachedChain.doFilter(ServletHandler.java:1212) [jetty-6.1.26.jar:6.1.26]
	at com.ufufund.ufb.web.filter.RefreshHolderFilter.doFilter(RefreshHolderFilter.java:31) [classes/:na]
	at org.mortbay.jetty.servlet.ServletHandler$CachedChain.doFilter(ServletHandler.java:1212) [jetty-6.1.26.jar:6.1.26]
	at com.ufufund.ufb.web.filter.ServletHolderFilter.doFilter(ServletHolderFilter.java:26) [classes/:na]
	at org.mortbay.jetty.servlet.ServletHandler$CachedChain.doFilter(ServletHandler.java:1212) [jetty-6.1.26.jar:6.1.26]
	at org.mortbay.jetty.servlet.ServletHandler.handle(ServletHandler.java:399) [jetty-6.1.26.jar:6.1.26]
	at org.mortbay.jetty.security.SecurityHandler.handle(SecurityHandler.java:216) [jetty-6.1.26.jar:6.1.26]
	at org.mortbay.jetty.servlet.SessionHandler.handle(SessionHandler.java:182) [jetty-6.1.26.jar:6.1.26]
	at org.mortbay.jetty.handler.ContextHandler.handle(ContextHandler.java:766) [jetty-6.1.26.jar:6.1.26]
	at org.mortbay.jetty.webapp.WebAppContext.handle(WebAppContext.java:450) [jetty-6.1.26.jar:6.1.26]
	at org.mortbay.jetty.handler.HandlerWrapper.handle(HandlerWrapper.java:152) [jetty-6.1.26.jar:6.1.26]
	at org.mortbay.jetty.Server.handle(Server.java:326) [jetty-6.1.26.jar:6.1.26]
	at org.mortbay.jetty.HttpConnection.handleRequest(HttpConnection.java:542) [jetty-6.1.26.jar:6.1.26]
	at org.mortbay.jetty.HttpConnection$RequestHandler.content(HttpConnection.java:945) [jetty-6.1.26.jar:6.1.26]
	at org.mortbay.jetty.HttpParser.parseNext(HttpParser.java:756) [jetty-6.1.26.jar:6.1.26]
	at org.mortbay.jetty.HttpParser.parseAvailable(HttpParser.java:218) [jetty-6.1.26.jar:6.1.26]
	at org.mortbay.jetty.HttpConnection.handle(HttpConnection.java:404) [jetty-6.1.26.jar:6.1.26]
	at org.mortbay.io.nio.SelectChannelEndPoint.run(SelectChannelEndPoint.java:410) [jetty-6.1.26.jar:6.1.26]
	at org.mortbay.thread.QueuedThreadPool$PoolThread.run(QueuedThreadPool.java:582) [jetty-util-6.1.26.jar:6.1.26]
2015-08-07 14:21:59,457 WARN [214074868@qtp-1182320432-0] o.a.v.tools.view.XMLToolboxManager [XMLToolboxManager.java : 100] XMLToolboxManager has been deprecated. Please use org.apache.velocity.tools.ToolboxFactory instead.
2015-08-07 14:21:59,462 WARN [214074868@qtp-1182320432-0] o.a.v.t.v.s.ServletToolboxManager [ServletToolboxManager.java : 131] ServletToolboxManager has been deprecated. Please use org.apache.velocity.tools.ToolboxFactory instead.
2015-08-07 14:22:02,636 DEBUG [214074868@qtp-1182320432-0] c.u.u.web.servlet.CreateImageServlet [CreateImageServlet.java : 97] created verifyCode=7T6S
2015-08-07 14:22:12,846 DEBUG [214074868@qtp-1182320432-0] c.u.u.b.manager.impl.CustManagerImpl [ImplCommon.java : 31] [d35172eb009d5f4df9966513c37e7a38] isMobileRegister : 18001791717
2015-08-07 14:22:13,577 DEBUG [214074868@qtp-1182320432-0] c.u.u.web.servlet.CreateImageServlet [CreateImageServlet.java : 97] created verifyCode=6H9H
2015-08-07 14:22:18,460 DEBUG [214074868@qtp-1182320432-0] c.u.u.b.manager.impl.CustManagerImpl [ImplCommon.java : 31] [d35172eb009d5f4df9966513c37e7a38] isMobileRegister : 18001791718
2015-08-07 14:22:18,492 DEBUG [214074868@qtp-1182320432-0] c.ufufund.ufb.web.util.MsgCodeUtils [MsgCodeUtils.java : 93] MsgCode=571319, timeList=[1438928538490]
2015-08-07 14:22:31,048 DEBUG [214074868@qtp-1182320432-0] c.u.u.b.manager.impl.CustManagerImpl [ImplCommon.java : 31] [5585939a-2970-49d5-b88e-3c11f6f3c645] register : RegisterAction[custno=<null>,logincode=18001791718,loginpwd=1q2w3e,loginpwd2=1q2w3e,invtp=ORGANIZATION,level=PERSONAL,custst=N,orgnm=a,orgbusiness=b,processId=[5585939a-2970-49d5-b88e-3c11f6f3c645] ]
2015-08-07 14:22:31,050 DEBUG [214074868@qtp-1182320432-0] c.u.u.b.manager.impl.CustManagerImpl [ImplCommon.java : 31] [d35172eb009d5f4df9966513c37e7a38] isMobileRegister : 18001791718
2015-08-07 14:22:46,287 DEBUG [214074868@qtp-1182320432-0] c.u.u.b.m.impl.BankCardManagerImpl [ImplCommon.java : 31] [1431d017-b998-469e-b43c-a981ac8faf85] openAccoStep2 : OpenAccountAction[fundcorpno=01,custno=CU150807140231BID2X7WM55,invtp=<null>,level=<null>,tradepwd=<null>,tradepwd2=<null>,mobileautocode=<null>,serialno=<null>,accoreqserial=<null>,transactionaccountid=<null>,otherserial=<null>,protocolno=<null>,invnm=测试账号1,idno=11010119880808837X,idtp=<null>,mobile=18001791718,telno=12345678,emailadd=12345678@qq.com,orgnm=a,orgbusiness=b,orgprovinceno=省份,orgprovincenm=<null>,orgcityno=城市,orgcitynm=<null>,orgadd=测试幼儿园1地址,bankno=<null>,bankacnm=<null>,bankidtp=<null>,bankidno=<null>,bankacco=<null>,bankacco2=<null>,bankmobile=<null>,bankprovinceno=<null>,bankprovincenm=<null>,bankcityno=<null>,bankcitynm=<null>,bankadd=<null>,rerpidtp=<null>,rerpidno=11010119880808837X,rerpvalidt=<null>,rerpnm=测试账号1,hftfamilytradeaccoct=0,hftoperatortradeaccoct=0,hftorganizationtradeaccoct=0,cpfamilytradeaccoct=0,cporganizationtradeaccoct=0,openaccoflag=false,checkautocodeflag=false,processId=[1431d017-b998-469e-b43c-a981ac8faf85] ]
2015-08-07 14:22:46,319 DEBUG [214074868@qtp-1182320432-0] c.u.u.b.manager.impl.CustManagerImpl [ImplCommon.java : 31] [d35172eb009d5f4df9966513c37e7a38] isIdnoRegister : 11010119880808837X
2015-08-07 14:22:46,371 DEBUG [214074868@qtp-1182320432-0] AppException [AppException.java : 90] [1431d017-b998-469e-b43c-a981ac8faf85]  errcode :ALREADY_REGISTER errmsg :证件号码已经注册
2015-08-07 14:22:46,381 ERROR [214074868@qtp-1182320432-0] c.u.u.web.controller.CustController [BankCardController.java : 133] 证件号码已经注册
com.ufufund.ufb.biz.exception.BizException: 证件号码已经注册
	at com.ufufund.ufb.biz.manager.impl.validator.CustManagerValidator.validator(CustManagerValidator.java:110) ~[classes/:na]
	at com.ufufund.ufb.biz.manager.impl.BankCardManagerImpl.openAccoStep2(BankCardManagerImpl.java:136) ~[classes/:na]
	at com.ufufund.ufb.web.controller.BankCardController.openAccoStep2(BankCardController.java:125) ~[classes/:na]
	at sun.reflect.NativeMethodAccessorImpl.invoke0(Native Method) ~[na:1.8.0_40]
	at sun.reflect.NativeMethodAccessorImpl.invoke(NativeMethodAccessorImpl.java:62) ~[na:1.8.0_40]
	at sun.reflect.DelegatingMethodAccessorImpl.invoke(DelegatingMethodAccessorImpl.java:43) ~[na:1.8.0_40]
	at java.lang.reflect.Method.invoke(Method.java:497) ~[na:1.8.0_40]
	at org.springframework.web.bind.annotation.support.HandlerMethodInvoker.invokeHandlerMethod(HandlerMethodInvoker.java:176) [spring-web-3.2.4.RELEASE.jar:3.2.4.RELEASE]
	at org.springframework.web.servlet.mvc.annotation.AnnotationMethodHandlerAdapter.invokeHandlerMethod(AnnotationMethodHandlerAdapter.java:440) [spring-webmvc-3.2.5.RELEASE.jar:3.2.5.RELEASE]
	at org.springframework.web.servlet.mvc.annotation.AnnotationMethodHandlerAdapter.handle(AnnotationMethodHandlerAdapter.java:428) [spring-webmvc-3.2.5.RELEASE.jar:3.2.5.RELEASE]
	at org.springframework.web.servlet.DispatcherServlet.doDispatch(DispatcherServlet.java:925) [spring-webmvc-3.2.5.RELEASE.jar:3.2.5.RELEASE]
	at org.springframework.web.servlet.DispatcherServlet.doService(DispatcherServlet.java:856) [spring-webmvc-3.2.5.RELEASE.jar:3.2.5.RELEASE]
	at org.springframework.web.servlet.FrameworkServlet.processRequest(FrameworkServlet.java:936) [spring-webmvc-3.2.5.RELEASE.jar:3.2.5.RELEASE]
	at org.springframework.web.servlet.FrameworkServlet.doPost(FrameworkServlet.java:838) [spring-webmvc-3.2.5.RELEASE.jar:3.2.5.RELEASE]
	at javax.servlet.http.HttpServlet.service(HttpServlet.java:727) [servlet-api-2.5-20081211.jar:na]
	at org.springframework.web.servlet.FrameworkServlet.service(FrameworkServlet.java:812) [spring-webmvc-3.2.5.RELEASE.jar:3.2.5.RELEASE]
	at javax.servlet.http.HttpServlet.service(HttpServlet.java:820) [servlet-api-2.5-20081211.jar:na]
	at org.mortbay.jetty.servlet.ServletHolder.handle(ServletHolder.java:511) [jetty-6.1.26.jar:6.1.26]
	at org.mortbay.jetty.servlet.ServletHandler$CachedChain.doFilter(ServletHandler.java:1221) [jetty-6.1.26.jar:6.1.26]
	at org.springframework.web.filter.CharacterEncodingFilter.doFilterInternal(CharacterEncodingFilter.java:88) [spring-web-3.2.4.RELEASE.jar:3.2.4.RELEASE]
	at org.springframework.web.filter.OncePerRequestFilter.doFilter(OncePerRequestFilter.java:107) [spring-web-3.2.4.RELEASE.jar:3.2.4.RELEASE]
	at org.mortbay.jetty.servlet.ServletHandler$CachedChain.doFilter(ServletHandler.java:1212) [jetty-6.1.26.jar:6.1.26]
	at com.ufufund.ufb.web.filter.RefreshHolderFilter.doFilter(RefreshHolderFilter.java:31) [classes/:na]
	at org.mortbay.jetty.servlet.ServletHandler$CachedChain.doFilter(ServletHandler.java:1212) [jetty-6.1.26.jar:6.1.26]
	at com.ufufund.ufb.web.filter.ServletHolderFilter.doFilter(ServletHolderFilter.java:26) [classes/:na]
	at org.mortbay.jetty.servlet.ServletHandler$CachedChain.doFilter(ServletHandler.java:1212) [jetty-6.1.26.jar:6.1.26]
	at org.mortbay.jetty.servlet.ServletHandler.handle(ServletHandler.java:399) [jetty-6.1.26.jar:6.1.26]
	at org.mortbay.jetty.security.SecurityHandler.handle(SecurityHandler.java:216) [jetty-6.1.26.jar:6.1.26]
	at org.mortbay.jetty.servlet.SessionHandler.handle(SessionHandler.java:182) [jetty-6.1.26.jar:6.1.26]
	at org.mortbay.jetty.handler.ContextHandler.handle(ContextHandler.java:766) [jetty-6.1.26.jar:6.1.26]
	at org.mortbay.jetty.webapp.WebAppContext.handle(WebAppContext.java:450) [jetty-6.1.26.jar:6.1.26]
	at org.mortbay.jetty.handler.HandlerWrapper.handle(HandlerWrapper.java:152) [jetty-6.1.26.jar:6.1.26]
	at org.mortbay.jetty.Server.handle(Server.java:326) [jetty-6.1.26.jar:6.1.26]
	at org.mortbay.jetty.HttpConnection.handleRequest(HttpConnection.java:542) [jetty-6.1.26.jar:6.1.26]
	at org.mortbay.jetty.HttpConnection$RequestHandler.content(HttpConnection.java:945) [jetty-6.1.26.jar:6.1.26]
	at org.mortbay.jetty.HttpParser.parseNext(HttpParser.java:756) [jetty-6.1.26.jar:6.1.26]
	at org.mortbay.jetty.HttpParser.parseAvailable(HttpParser.java:218) [jetty-6.1.26.jar:6.1.26]
	at org.mortbay.jetty.HttpConnection.handle(HttpConnection.java:404) [jetty-6.1.26.jar:6.1.26]
	at org.mortbay.io.nio.SelectChannelEndPoint.run(SelectChannelEndPoint.java:410) [jetty-6.1.26.jar:6.1.26]
	at org.mortbay.thread.QueuedThreadPool$PoolThread.run(QueuedThreadPool.java:582) [jetty-util-6.1.26.jar:6.1.26]
2015-08-07 14:25:26,731 DEBUG [214074868@qtp-1182320432-0] c.u.u.b.m.impl.BankCardManagerImpl [ImplCommon.java : 31] [f9b886c3-9477-4dd0-9b3b-45a1977568f7] openAccoStep2 : OpenAccountAction[fundcorpno=01,custno=CU150807140231BID2X7WM55,invtp=<null>,level=<null>,tradepwd=<null>,tradepwd2=<null>,mobileautocode=<null>,serialno=<null>,accoreqserial=<null>,transactionaccountid=<null>,otherserial=<null>,protocolno=<null>,invnm=测试账号1,idno=11010119880808837X,idtp=<null>,mobile=18001791718,telno=12345678,emailadd=12345678@qq.com,orgnm=a,orgbusiness=b,orgprovinceno=省份,orgprovincenm=<null>,orgcityno=城市,orgcitynm=<null>,orgadd=测试幼儿园1地址,bankno=<null>,bankacnm=<null>,bankidtp=<null>,bankidno=<null>,bankacco=<null>,bankacco2=<null>,bankmobile=<null>,bankprovinceno=<null>,bankprovincenm=<null>,bankcityno=<null>,bankcitynm=<null>,bankadd=<null>,rerpidtp=<null>,rerpidno=11010119880808837X,rerpvalidt=<null>,rerpnm=测试账号1,hftfamilytradeaccoct=0,hftoperatortradeaccoct=0,hftorganizationtradeaccoct=0,cpfamilytradeaccoct=0,cporganizationtradeaccoct=0,openaccoflag=false,checkautocodeflag=false,processId=[f9b886c3-9477-4dd0-9b3b-45a1977568f7] ]
2015-08-07 14:25:26,753 DEBUG [214074868@qtp-1182320432-0] c.u.u.b.manager.impl.CustManagerImpl [ImplCommon.java : 31] [d35172eb009d5f4df9966513c37e7a38] isIdnoRegister : 11010119880808837X
2015-08-07 14:25:26,772 DEBUG [214074868@qtp-1182320432-0] AppException [AppException.java : 90] [f9b886c3-9477-4dd0-9b3b-45a1977568f7]  errcode :ALREADY_REGISTER errmsg :证件号码已经注册
2015-08-07 14:25:26,773 ERROR [214074868@qtp-1182320432-0] c.u.u.web.controller.CustController [BankCardController.java : 133] 证件号码已经注册
com.ufufund.ufb.biz.exception.BizException: 证件号码已经注册
	at com.ufufund.ufb.biz.manager.impl.validator.CustManagerValidator.validator(CustManagerValidator.java:110) ~[classes/:na]
	at com.ufufund.ufb.biz.manager.impl.BankCardManagerImpl.openAccoStep2(BankCardManagerImpl.java:136) ~[classes/:na]
	at com.ufufund.ufb.web.controller.BankCardController.openAccoStep2(BankCardController.java:125) ~[classes/:na]
	at sun.reflect.NativeMethodAccessorImpl.invoke0(Native Method) ~[na:1.8.0_40]
	at sun.reflect.NativeMethodAccessorImpl.invoke(NativeMethodAccessorImpl.java:62) ~[na:1.8.0_40]
	at sun.reflect.DelegatingMethodAccessorImpl.invoke(DelegatingMethodAccessorImpl.java:43) ~[na:1.8.0_40]
	at java.lang.reflect.Method.invoke(Method.java:497) ~[na:1.8.0_40]
	at org.springframework.web.bind.annotation.support.HandlerMethodInvoker.invokeHandlerMethod(HandlerMethodInvoker.java:176) [spring-web-3.2.4.RELEASE.jar:3.2.4.RELEASE]
	at org.springframework.web.servlet.mvc.annotation.AnnotationMethodHandlerAdapter.invokeHandlerMethod(AnnotationMethodHandlerAdapter.java:440) [spring-webmvc-3.2.5.RELEASE.jar:3.2.5.RELEASE]
	at org.springframework.web.servlet.mvc.annotation.AnnotationMethodHandlerAdapter.handle(AnnotationMethodHandlerAdapter.java:428) [spring-webmvc-3.2.5.RELEASE.jar:3.2.5.RELEASE]
	at org.springframework.web.servlet.DispatcherServlet.doDispatch(DispatcherServlet.java:925) [spring-webmvc-3.2.5.RELEASE.jar:3.2.5.RELEASE]
	at org.springframework.web.servlet.DispatcherServlet.doService(DispatcherServlet.java:856) [spring-webmvc-3.2.5.RELEASE.jar:3.2.5.RELEASE]
	at org.springframework.web.servlet.FrameworkServlet.processRequest(FrameworkServlet.java:936) [spring-webmvc-3.2.5.RELEASE.jar:3.2.5.RELEASE]
	at org.springframework.web.servlet.FrameworkServlet.doPost(FrameworkServlet.java:838) [spring-webmvc-3.2.5.RELEASE.jar:3.2.5.RELEASE]
	at javax.servlet.http.HttpServlet.service(HttpServlet.java:727) [servlet-api-2.5-20081211.jar:na]
	at org.springframework.web.servlet.FrameworkServlet.service(FrameworkServlet.java:812) [spring-webmvc-3.2.5.RELEASE.jar:3.2.5.RELEASE]
	at javax.servlet.http.HttpServlet.service(HttpServlet.java:820) [servlet-api-2.5-20081211.jar:na]
	at org.mortbay.jetty.servlet.ServletHolder.handle(ServletHolder.java:511) [jetty-6.1.26.jar:6.1.26]
	at org.mortbay.jetty.servlet.ServletHandler$CachedChain.doFilter(ServletHandler.java:1221) [jetty-6.1.26.jar:6.1.26]
	at org.springframework.web.filter.CharacterEncodingFilter.doFilterInternal(CharacterEncodingFilter.java:88) [spring-web-3.2.4.RELEASE.jar:3.2.4.RELEASE]
	at org.springframework.web.filter.OncePerRequestFilter.doFilter(OncePerRequestFilter.java:107) [spring-web-3.2.4.RELEASE.jar:3.2.4.RELEASE]
	at org.mortbay.jetty.servlet.ServletHandler$CachedChain.doFilter(ServletHandler.java:1212) [jetty-6.1.26.jar:6.1.26]
	at com.ufufund.ufb.web.filter.RefreshHolderFilter.doFilter(RefreshHolderFilter.java:31) [classes/:na]
	at org.mortbay.jetty.servlet.ServletHandler$CachedChain.doFilter(ServletHandler.java:1212) [jetty-6.1.26.jar:6.1.26]
	at com.ufufund.ufb.web.filter.ServletHolderFilter.doFilter(ServletHolderFilter.java:26) [classes/:na]
	at org.mortbay.jetty.servlet.ServletHandler$CachedChain.doFilter(ServletHandler.java:1212) [jetty-6.1.26.jar:6.1.26]
	at org.mortbay.jetty.servlet.ServletHandler.handle(ServletHandler.java:399) [jetty-6.1.26.jar:6.1.26]
	at org.mortbay.jetty.security.SecurityHandler.handle(SecurityHandler.java:216) [jetty-6.1.26.jar:6.1.26]
	at org.mortbay.jetty.servlet.SessionHandler.handle(SessionHandler.java:182) [jetty-6.1.26.jar:6.1.26]
	at org.mortbay.jetty.handler.ContextHandler.handle(ContextHandler.java:766) [jetty-6.1.26.jar:6.1.26]
	at org.mortbay.jetty.webapp.WebAppContext.handle(WebAppContext.java:450) [jetty-6.1.26.jar:6.1.26]
	at org.mortbay.jetty.handler.HandlerWrapper.handle(HandlerWrapper.java:152) [jetty-6.1.26.jar:6.1.26]
	at org.mortbay.jetty.Server.handle(Server.java:326) [jetty-6.1.26.jar:6.1.26]
	at org.mortbay.jetty.HttpConnection.handleRequest(HttpConnection.java:542) [jetty-6.1.26.jar:6.1.26]
	at org.mortbay.jetty.HttpConnection$RequestHandler.content(HttpConnection.java:945) [jetty-6.1.26.jar:6.1.26]
	at org.mortbay.jetty.HttpParser.parseNext(HttpParser.java:756) [jetty-6.1.26.jar:6.1.26]
	at org.mortbay.jetty.HttpParser.parseAvailable(HttpParser.java:218) [jetty-6.1.26.jar:6.1.26]
	at org.mortbay.jetty.HttpConnection.handle(HttpConnection.java:404) [jetty-6.1.26.jar:6.1.26]
	at org.mortbay.io.nio.SelectChannelEndPoint.run(SelectChannelEndPoint.java:410) [jetty-6.1.26.jar:6.1.26]
	at org.mortbay.thread.QueuedThreadPool$PoolThread.run(QueuedThreadPool.java:582) [jetty-util-6.1.26.jar:6.1.26]
2015-08-07 14:25:37,993 DEBUG [613303832@qtp-1182320432-4] c.u.u.b.m.impl.BankCardManagerImpl [ImplCommon.java : 31] [ae469582-bda1-4554-b07e-30764c3520b7] openAccoStep2 : OpenAccountAction[fundcorpno=01,custno=CU150807140231BID2X7WM55,invtp=<null>,level=<null>,tradepwd=<null>,tradepwd2=<null>,mobileautocode=<null>,serialno=<null>,accoreqserial=<null>,transactionaccountid=<null>,otherserial=<null>,protocolno=<null>,invnm=测试账号1,idno=110101198808088371,idtp=<null>,mobile=18001791718,telno=12345678,emailadd=12345678@qq.com,orgnm=a,orgbusiness=b,orgprovinceno=省份,orgprovincenm=<null>,orgcityno=城市,orgcitynm=<null>,orgadd=测试幼儿园1地址,bankno=<null>,bankacnm=<null>,bankidtp=<null>,bankidno=<null>,bankacco=<null>,bankacco2=<null>,bankmobile=<null>,bankprovinceno=<null>,bankprovincenm=<null>,bankcityno=<null>,bankcitynm=<null>,bankadd=<null>,rerpidtp=<null>,rerpidno=11010119880808837X,rerpvalidt=<null>,rerpnm=测试账号1,hftfamilytradeaccoct=0,hftoperatortradeaccoct=0,hftorganizationtradeaccoct=0,cpfamilytradeaccoct=0,cporganizationtradeaccoct=0,openaccoflag=false,checkautocodeflag=false,processId=[ae469582-bda1-4554-b07e-30764c3520b7] ]
2015-08-07 14:25:38,027 DEBUG [613303832@qtp-1182320432-4] c.u.u.b.manager.impl.CustManagerImpl [ImplCommon.java : 31] [8913b915495364cab19004691f0054c4] isIdnoRegister : 110101198808088371
2015-08-07 14:27:59,355 DEBUG [214074868@qtp-1182320432-0] c.u.u.b.manager.impl.CustManagerImpl [ImplCommon.java : 31] [d35172eb009d5f4df9966513c37e7a38] isIdnoRegister : 110101198808088371
2015-08-07 14:27:59,371 DEBUG [214074868@qtp-1182320432-0] c.u.u.b.manager.impl.CustManagerImpl [ImplCommon.java : 31] [d35172eb009d5f4df9966513c37e7a38] isTradePwdSet : CU150807140231BID2X7WM55
2015-08-07 14:27:59,402 DEBUG [214074868@qtp-1182320432-0] AppException [AppException.java : 90] [d97e6f1b-b446-4a15-8ad8-c74eb784b98b]  errcode :ALREADY_BIND errmsg :银行卡号已经绑定
2015-08-07 14:27:59,422 ERROR [214074868@qtp-1182320432-0] c.u.u.web.controller.CustController [BankCardController.java : 283] 银行卡号已经绑定
com.ufufund.ufb.biz.exception.BizException: 银行卡号已经绑定
	at com.ufufund.ufb.biz.manager.impl.BankCardManagerImpl.openAccountOrg(BankCardManagerImpl.java:165) ~[classes/:na]
	at com.ufufund.ufb.web.controller.BankCardController.openAccoStep4(BankCardController.java:262) ~[classes/:na]
	at sun.reflect.NativeMethodAccessorImpl.invoke0(Native Method) ~[na:1.8.0_40]
	at sun.reflect.NativeMethodAccessorImpl.invoke(NativeMethodAccessorImpl.java:62) ~[na:1.8.0_40]
	at sun.reflect.DelegatingMethodAccessorImpl.invoke(DelegatingMethodAccessorImpl.java:43) ~[na:1.8.0_40]
	at java.lang.reflect.Method.invoke(Method.java:497) ~[na:1.8.0_40]
	at org.springframework.web.bind.annotation.support.HandlerMethodInvoker.invokeHandlerMethod(HandlerMethodInvoker.java:176) [spring-web-3.2.4.RELEASE.jar:3.2.4.RELEASE]
	at org.springframework.web.servlet.mvc.annotation.AnnotationMethodHandlerAdapter.invokeHandlerMethod(AnnotationMethodHandlerAdapter.java:440) [spring-webmvc-3.2.5.RELEASE.jar:3.2.5.RELEASE]
	at org.springframework.web.servlet.mvc.annotation.AnnotationMethodHandlerAdapter.handle(AnnotationMethodHandlerAdapter.java:428) [spring-webmvc-3.2.5.RELEASE.jar:3.2.5.RELEASE]
	at org.springframework.web.servlet.DispatcherServlet.doDispatch(DispatcherServlet.java:925) [spring-webmvc-3.2.5.RELEASE.jar:3.2.5.RELEASE]
	at org.springframework.web.servlet.DispatcherServlet.doService(DispatcherServlet.java:856) [spring-webmvc-3.2.5.RELEASE.jar:3.2.5.RELEASE]
	at org.springframework.web.servlet.FrameworkServlet.processRequest(FrameworkServlet.java:936) [spring-webmvc-3.2.5.RELEASE.jar:3.2.5.RELEASE]
	at org.springframework.web.servlet.FrameworkServlet.doPost(FrameworkServlet.java:838) [spring-webmvc-3.2.5.RELEASE.jar:3.2.5.RELEASE]
	at javax.servlet.http.HttpServlet.service(HttpServlet.java:727) [servlet-api-2.5-20081211.jar:na]
	at org.springframework.web.servlet.FrameworkServlet.service(FrameworkServlet.java:812) [spring-webmvc-3.2.5.RELEASE.jar:3.2.5.RELEASE]
	at javax.servlet.http.HttpServlet.service(HttpServlet.java:820) [servlet-api-2.5-20081211.jar:na]
	at org.mortbay.jetty.servlet.ServletHolder.handle(ServletHolder.java:511) [jetty-6.1.26.jar:6.1.26]
	at org.mortbay.jetty.servlet.ServletHandler$CachedChain.doFilter(ServletHandler.java:1221) [jetty-6.1.26.jar:6.1.26]
	at org.springframework.web.filter.CharacterEncodingFilter.doFilterInternal(CharacterEncodingFilter.java:88) [spring-web-3.2.4.RELEASE.jar:3.2.4.RELEASE]
	at org.springframework.web.filter.OncePerRequestFilter.doFilter(OncePerRequestFilter.java:107) [spring-web-3.2.4.RELEASE.jar:3.2.4.RELEASE]
	at org.mortbay.jetty.servlet.ServletHandler$CachedChain.doFilter(ServletHandler.java:1212) [jetty-6.1.26.jar:6.1.26]
	at com.ufufund.ufb.web.filter.RefreshHolderFilter.doFilter(RefreshHolderFilter.java:31) [classes/:na]
	at org.mortbay.jetty.servlet.ServletHandler$CachedChain.doFilter(ServletHandler.java:1212) [jetty-6.1.26.jar:6.1.26]
	at com.ufufund.ufb.web.filter.ServletHolderFilter.doFilter(ServletHolderFilter.java:26) [classes/:na]
	at org.mortbay.jetty.servlet.ServletHandler$CachedChain.doFilter(ServletHandler.java:1212) [jetty-6.1.26.jar:6.1.26]
	at org.mortbay.jetty.servlet.ServletHandler.handle(ServletHandler.java:399) [jetty-6.1.26.jar:6.1.26]
	at org.mortbay.jetty.security.SecurityHandler.handle(SecurityHandler.java:216) [jetty-6.1.26.jar:6.1.26]
	at org.mortbay.jetty.servlet.SessionHandler.handle(SessionHandler.java:182) [jetty-6.1.26.jar:6.1.26]
	at org.mortbay.jetty.handler.ContextHandler.handle(ContextHandler.java:766) [jetty-6.1.26.jar:6.1.26]
	at org.mortbay.jetty.webapp.WebAppContext.handle(WebAppContext.java:450) [jetty-6.1.26.jar:6.1.26]
	at org.mortbay.jetty.handler.HandlerWrapper.handle(HandlerWrapper.java:152) [jetty-6.1.26.jar:6.1.26]
	at org.mortbay.jetty.Server.handle(Server.java:326) [jetty-6.1.26.jar:6.1.26]
	at org.mortbay.jetty.HttpConnection.handleRequest(HttpConnection.java:542) [jetty-6.1.26.jar:6.1.26]
	at org.mortbay.jetty.HttpConnection$RequestHandler.content(HttpConnection.java:945) [jetty-6.1.26.jar:6.1.26]
	at org.mortbay.jetty.HttpParser.parseNext(HttpParser.java:756) [jetty-6.1.26.jar:6.1.26]
	at org.mortbay.jetty.HttpParser.parseAvailable(HttpParser.java:218) [jetty-6.1.26.jar:6.1.26]
	at org.mortbay.jetty.HttpConnection.handle(HttpConnection.java:404) [jetty-6.1.26.jar:6.1.26]
	at org.mortbay.io.nio.SelectChannelEndPoint.run(SelectChannelEndPoint.java:410) [jetty-6.1.26.jar:6.1.26]
	at org.mortbay.thread.QueuedThreadPool$PoolThread.run(QueuedThreadPool.java:582) [jetty-util-6.1.26.jar:6.1.26]
2015-08-07 14:28:05,218 DEBUG [214074868@qtp-1182320432-0] c.u.u.b.manager.impl.CustManagerImpl [ImplCommon.java : 31] [d35172eb009d5f4df9966513c37e7a38] isIdnoRegister : 110101198808088371
2015-08-07 14:28:05,235 DEBUG [214074868@qtp-1182320432-0] c.u.u.b.manager.impl.CustManagerImpl [ImplCommon.java : 31] [d35172eb009d5f4df9966513c37e7a38] isTradePwdSet : CU150807140231BID2X7WM55
2015-08-07 14:28:05,281 WARN [214074868@qtp-1182320432-0] c.u.u.r.h.s.HftCustServiceSimulator [HftCustServiceSimulator.java : 115] 模拟器返回：OpenAccountOrgResponse [TransactionAccountID=Tan20150807142805, toString()=AbstractResponse [Version=1.0.0, MerchantId=00000001, DistributorCode=223, BusinType=openAccountOrg, ApplicationNo=FD1508071402057BMZRJ3M31, ReturnCode=0000, ReturnMsg=交易成功, Extension=null]]
2015-08-07 14:28:27,250 WARN [214074868@qtp-1182320432-0] c.u.u.r.h.s.HftCustServiceSimulator [HftCustServiceSimulator.java : 47] 模拟器返回：BankAuthResponse [OtherSerial=null, ProtocolNo=null, toString()=AbstractResponse [Version=1.0.0, MerchantId=00000001, DistributorCode=223, BusinType=bankSwiftAuth, ApplicationNo=FD1508071402279IKYU0A532, ReturnCode=0000, ReturnMsg=交易成功, Extension=null]]
2015-08-07 14:28:31,420 WARN [214074868@qtp-1182320432-0] c.u.u.r.h.s.HftCustServiceSimulator [HftCustServiceSimulator.java : 71] 模拟器返回：BankVeriResponse [ValidateState=1, ProtocolNo=Protocol20150807142831, toString()=AbstractResponse [Version=1.0.0, MerchantId=00000001, DistributorCode=223, BusinType=bankSwiftVerify, ApplicationNo=FD150807140231L3FLG4ZB33, ReturnCode=0000, ReturnMsg=交易成功, Extension=null]]
2015-08-07 14:28:31,421 DEBUG [214074868@qtp-1182320432-0] c.u.u.b.manager.impl.CustManagerImpl [ImplCommon.java : 31] [d35172eb009d5f4df9966513c37e7a38] isTradePwdSet : CU150807140231BID2X7WM55
2015-08-07 14:28:31,467 WARN [214074868@qtp-1182320432-0] c.u.u.r.h.s.HftCustServiceSimulator [HftCustServiceSimulator.java : 94] 模拟器返回：OpenAccountResponse [TransactionAccountID=Tan20150807142831, toString()=AbstractResponse [Version=1.0.0, MerchantId=00000001, DistributorCode=223, BusinType=openAccount, ApplicationNo=FD150807140231DMPCBA8034, ReturnCode=0000, ReturnMsg=交易成功, Extension=null]]
2015-08-07 14:51:34,400 WARN [214074868@qtp-1182320432-0] o.a.v.tools.view.XMLToolboxManager [XMLToolboxManager.java : 100] XMLToolboxManager has been deprecated. Please use org.apache.velocity.tools.ToolboxFactory instead.
2015-08-07 14:51:34,403 WARN [214074868@qtp-1182320432-0] o.a.v.t.v.s.ServletToolboxManager [ServletToolboxManager.java : 131] ServletToolboxManager has been deprecated. Please use org.apache.velocity.tools.ToolboxFactory instead.
2015-08-07 14:51:38,534 DEBUG [950713582@qtp-1182320432-5] c.u.u.b.manager.impl.CustManagerImpl [ImplCommon.java : 31] [76331b07-ccea-495b-9efa-ff3f28918c59] loginIn : LoginAction[loginCode=18616502181,loginPassword=1q2w3e,processId=[76331b07-ccea-495b-9efa-ff3f28918c59] ]
2015-08-07 14:51:40,139 DEBUG [950713582@qtp-1182320432-5] c.u.u.b.manager.impl.CustManagerImpl [ImplCommon.java : 31] [abfe572a-da93-4411-8e04-3e4777f10a44] loginIn : LoginAction[loginCode=<null>,loginPassword=<null>,processId=[abfe572a-da93-4411-8e04-3e4777f10a44] ]
2015-08-07 14:51:40,188 DEBUG [950713582@qtp-1182320432-5] AppException [AppException.java : 90] [abfe572a-da93-4411-8e04-3e4777f10a44]  errcode :NECESSARY_EMPTY errmsg :登录账号不能为空
2015-08-07 14:51:40,199 ERROR [950713582@qtp-1182320432-5] c.u.u.web.controller.CustController [CustController.java : 277] 登录账号不能为空
com.ufufund.ufb.biz.exception.BizException: 登录账号不能为空
	at com.ufufund.ufb.biz.manager.impl.validator.CustManagerValidator.validator(CustManagerValidator.java:34) ~[classes/:na]
	at com.ufufund.ufb.biz.manager.impl.CustManagerImpl.loginIn(CustManagerImpl.java:172) ~[classes/:na]
	at com.ufufund.ufb.web.controller.CustController.loginIn(CustController.java:231) ~[classes/:na]
	at sun.reflect.NativeMethodAccessorImpl.invoke0(Native Method) ~[na:1.8.0_40]
	at sun.reflect.NativeMethodAccessorImpl.invoke(NativeMethodAccessorImpl.java:62) ~[na:1.8.0_40]
	at sun.reflect.DelegatingMethodAccessorImpl.invoke(DelegatingMethodAccessorImpl.java:43) ~[na:1.8.0_40]
	at java.lang.reflect.Method.invoke(Method.java:497) ~[na:1.8.0_40]
	at org.springframework.web.bind.annotation.support.HandlerMethodInvoker.invokeHandlerMethod(HandlerMethodInvoker.java:176) [spring-web-3.2.4.RELEASE.jar:3.2.4.RELEASE]
	at org.springframework.web.servlet.mvc.annotation.AnnotationMethodHandlerAdapter.invokeHandlerMethod(AnnotationMethodHandlerAdapter.java:440) [spring-webmvc-3.2.5.RELEASE.jar:3.2.5.RELEASE]
	at org.springframework.web.servlet.mvc.annotation.AnnotationMethodHandlerAdapter.handle(AnnotationMethodHandlerAdapter.java:428) [spring-webmvc-3.2.5.RELEASE.jar:3.2.5.RELEASE]
	at org.springframework.web.servlet.DispatcherServlet.doDispatch(DispatcherServlet.java:925) [spring-webmvc-3.2.5.RELEASE.jar:3.2.5.RELEASE]
	at org.springframework.web.servlet.DispatcherServlet.doService(DispatcherServlet.java:856) [spring-webmvc-3.2.5.RELEASE.jar:3.2.5.RELEASE]
	at org.springframework.web.servlet.FrameworkServlet.processRequest(FrameworkServlet.java:936) [spring-webmvc-3.2.5.RELEASE.jar:3.2.5.RELEASE]
	at org.springframework.web.servlet.FrameworkServlet.doGet(FrameworkServlet.java:827) [spring-webmvc-3.2.5.RELEASE.jar:3.2.5.RELEASE]
	at javax.servlet.http.HttpServlet.service(HttpServlet.java:707) [servlet-api-2.5-20081211.jar:na]
	at org.springframework.web.servlet.FrameworkServlet.service(FrameworkServlet.java:812) [spring-webmvc-3.2.5.RELEASE.jar:3.2.5.RELEASE]
	at javax.servlet.http.HttpServlet.service(HttpServlet.java:820) [servlet-api-2.5-20081211.jar:na]
	at org.mortbay.jetty.servlet.ServletHolder.handle(ServletHolder.java:511) [jetty-6.1.26.jar:6.1.26]
	at org.mortbay.jetty.servlet.ServletHandler$CachedChain.doFilter(ServletHandler.java:1221) [jetty-6.1.26.jar:6.1.26]
	at org.springframework.web.filter.CharacterEncodingFilter.doFilterInternal(CharacterEncodingFilter.java:88) [spring-web-3.2.4.RELEASE.jar:3.2.4.RELEASE]
	at org.springframework.web.filter.OncePerRequestFilter.doFilter(OncePerRequestFilter.java:107) [spring-web-3.2.4.RELEASE.jar:3.2.4.RELEASE]
	at org.mortbay.jetty.servlet.ServletHandler$CachedChain.doFilter(ServletHandler.java:1212) [jetty-6.1.26.jar:6.1.26]
	at com.ufufund.ufb.web.filter.RefreshHolderFilter.doFilter(RefreshHolderFilter.java:31) [classes/:na]
	at org.mortbay.jetty.servlet.ServletHandler$CachedChain.doFilter(ServletHandler.java:1212) [jetty-6.1.26.jar:6.1.26]
	at com.ufufund.ufb.web.filter.ServletHolderFilter.doFilter(ServletHolderFilter.java:26) [classes/:na]
	at org.mortbay.jetty.servlet.ServletHandler$CachedChain.doFilter(ServletHandler.java:1212) [jetty-6.1.26.jar:6.1.26]
	at org.mortbay.jetty.servlet.ServletHandler.handle(ServletHandler.java:399) [jetty-6.1.26.jar:6.1.26]
	at org.mortbay.jetty.security.SecurityHandler.handle(SecurityHandler.java:216) [jetty-6.1.26.jar:6.1.26]
	at org.mortbay.jetty.servlet.SessionHandler.handle(SessionHandler.java:182) [jetty-6.1.26.jar:6.1.26]
	at org.mortbay.jetty.handler.ContextHandler.handle(ContextHandler.java:766) [jetty-6.1.26.jar:6.1.26]
	at org.mortbay.jetty.webapp.WebAppContext.handle(WebAppContext.java:450) [jetty-6.1.26.jar:6.1.26]
	at org.mortbay.jetty.handler.HandlerWrapper.handle(HandlerWrapper.java:152) [jetty-6.1.26.jar:6.1.26]
	at org.mortbay.jetty.Server.handle(Server.java:326) [jetty-6.1.26.jar:6.1.26]
	at org.mortbay.jetty.HttpConnection.handleRequest(HttpConnection.java:542) [jetty-6.1.26.jar:6.1.26]
	at org.mortbay.jetty.HttpConnection$RequestHandler.headerComplete(HttpConnection.java:928) [jetty-6.1.26.jar:6.1.26]
	at org.mortbay.jetty.HttpParser.parseNext(HttpParser.java:549) [jetty-6.1.26.jar:6.1.26]
	at org.mortbay.jetty.HttpParser.parseAvailable(HttpParser.java:212) [jetty-6.1.26.jar:6.1.26]
	at org.mortbay.jetty.HttpConnection.handle(HttpConnection.java:404) [jetty-6.1.26.jar:6.1.26]
	at org.mortbay.io.nio.SelectChannelEndPoint.run(SelectChannelEndPoint.java:410) [jetty-6.1.26.jar:6.1.26]
	at org.mortbay.thread.QueuedThreadPool$PoolThread.run(QueuedThreadPool.java:582) [jetty-util-6.1.26.jar:6.1.26]
