2015-08-09 09:55:56,536 WARN [692895992@qtp-1182320432-2] o.a.v.tools.view.XMLToolboxManager [XMLToolboxManager.java : 100] XMLToolboxManager has been deprecated. Please use org.apache.velocity.tools.ToolboxFactory instead.
2015-08-09 09:55:56,573 WARN [692895992@qtp-1182320432-2] o.a.v.t.v.s.ServletToolboxManager [ServletToolboxManager.java : 131] ServletToolboxManager has been deprecated. Please use org.apache.velocity.tools.ToolboxFactory instead.
2015-08-09 09:56:23,058 DEBUG [836845012@qtp-1182320432-4] c.u.u.b.manager.impl.CustManagerImpl [ImplCommon.java : 31] [f94e23f2-ca4b-4b1e-840f-6199842ee36a] loginIn : LoginAction[loginCode=18616502181,loginPassword=1q2w3e,processId=[f94e23f2-ca4b-4b1e-840f-6199842ee36a] ]
2015-08-09 09:56:26,043 DEBUG [836845012@qtp-1182320432-4] c.u.u.b.manager.impl.CustManagerImpl [ImplCommon.java : 31] [4116a481-7048-4432-996b-abd86e6c7524] loginIn : LoginAction[loginCode=<null>,loginPassword=<null>,processId=[4116a481-7048-4432-996b-abd86e6c7524] ]
2015-08-09 09:56:26,120 DEBUG [836845012@qtp-1182320432-4] AppException [AppException.java : 90] [4116a481-7048-4432-996b-abd86e6c7524]  errcode :NECESSARY_EMPTY errmsg :登录账号不能为空
2015-08-09 09:56:26,133 ERROR [836845012@qtp-1182320432-4] c.u.u.web.controller.CustController [CustController.java : 277] 登录账号不能为空
com.ufufund.ufb.biz.exception.BizException: 登录账号不能为空
	at com.ufufund.ufb.biz.manager.impl.validator.CustManagerValidator.validator(CustManagerValidator.java:34) ~[classes/:na]
	at com.ufufund.ufb.biz.manager.impl.CustManagerImpl.loginIn(CustManagerImpl.java:172) ~[classes/:na]
	at com.ufufund.ufb.web.controller.CustController.loginIn(CustController.java:231) ~[classes/:na]
	at sun.reflect.NativeMethodAccessorImpl.invoke0(Native Method) ~[na:1.8.0_40]
	at sun.reflect.NativeMethodAccessorImpl.invoke(NativeMethodAccessorImpl.java:62) ~[na:1.8.0_40]
	at sun.reflect.DelegatingMethodAccessorImpl.invoke(DelegatingMethodAccessorImpl.java:43) ~[na:1.8.0_40]
	at java.lang.reflect.Method.invoke(Method.java:497) ~[na:1.8.0_40]
	at org.springframework.web.bind.annotation.support.HandlerMethodInvoker.invokeHandlerMethod(HandlerMethodInvoker.java:176) [spring-web-3.2.4.RELEASE.jar:3.2.4.RELEASE]
	at org.springframework.web.servlet.mvc.annotation.AnnotationMethodHandlerAdapter.invokeHandlerMethod(AnnotationMethodHandlerAdapter.java:440) [spring-webmvc-3.2.5.RELEASE.jar:3.2.5.RELEASE]
	at org.springframework.web.servlet.mvc.annotation.AnnotationMethodHandlerAdapter.handle(AnnotationMethodHandlerAdapter.java:428) [spring-webmvc-3.2.5.RELEASE.jar:3.2.5.RELEASE]
	at org.springframework.web.servlet.DispatcherServlet.doDispatch(DispatcherServlet.java:925) [spring-webmvc-3.2.5.RELEASE.jar:3.2.5.RELEASE]
	at org.springframework.web.servlet.DispatcherServlet.doService(DispatcherServlet.java:856) [spring-webmvc-3.2.5.RELEASE.jar:3.2.5.RELEASE]
	at org.springframework.web.servlet.FrameworkServlet.processRequest(FrameworkServlet.java:936) [spring-webmvc-3.2.5.RELEASE.jar:3.2.5.RELEASE]
	at org.springframework.web.servlet.FrameworkServlet.doGet(FrameworkServlet.java:827) [spring-webmvc-3.2.5.RELEASE.jar:3.2.5.RELEASE]
	at javax.servlet.http.HttpServlet.service(HttpServlet.java:707) [servlet-api-2.5-20081211.jar:na]
	at org.springframework.web.servlet.FrameworkServlet.service(FrameworkServlet.java:812) [spring-webmvc-3.2.5.RELEASE.jar:3.2.5.RELEASE]
	at javax.servlet.http.HttpServlet.service(HttpServlet.java:820) [servlet-api-2.5-20081211.jar:na]
	at org.mortbay.jetty.servlet.ServletHolder.handle(ServletHolder.java:511) [jetty-6.1.26.jar:6.1.26]
	at org.mortbay.jetty.servlet.ServletHandler$CachedChain.doFilter(ServletHandler.java:1221) [jetty-6.1.26.jar:6.1.26]
	at org.springframework.web.filter.CharacterEncodingFilter.doFilterInternal(CharacterEncodingFilter.java:88) [spring-web-3.2.4.RELEASE.jar:3.2.4.RELEASE]
	at org.springframework.web.filter.OncePerRequestFilter.doFilter(OncePerRequestFilter.java:107) [spring-web-3.2.4.RELEASE.jar:3.2.4.RELEASE]
	at org.mortbay.jetty.servlet.ServletHandler$CachedChain.doFilter(ServletHandler.java:1212) [jetty-6.1.26.jar:6.1.26]
	at com.ufufund.ufb.web.filter.RefreshHolderFilter.doFilter(RefreshHolderFilter.java:31) [classes/:na]
	at org.mortbay.jetty.servlet.ServletHandler$CachedChain.doFilter(ServletHandler.java:1212) [jetty-6.1.26.jar:6.1.26]
	at com.ufufund.ufb.web.filter.ServletHolderFilter.doFilter(ServletHolderFilter.java:26) [classes/:na]
	at org.mortbay.jetty.servlet.ServletHandler$CachedChain.doFilter(ServletHandler.java:1212) [jetty-6.1.26.jar:6.1.26]
	at org.mortbay.jetty.servlet.ServletHandler.handle(ServletHandler.java:399) [jetty-6.1.26.jar:6.1.26]
	at org.mortbay.jetty.security.SecurityHandler.handle(SecurityHandler.java:216) [jetty-6.1.26.jar:6.1.26]
	at org.mortbay.jetty.servlet.SessionHandler.handle(SessionHandler.java:182) [jetty-6.1.26.jar:6.1.26]
	at org.mortbay.jetty.handler.ContextHandler.handle(ContextHandler.java:766) [jetty-6.1.26.jar:6.1.26]
	at org.mortbay.jetty.webapp.WebAppContext.handle(WebAppContext.java:450) [jetty-6.1.26.jar:6.1.26]
	at org.mortbay.jetty.handler.HandlerWrapper.handle(HandlerWrapper.java:152) [jetty-6.1.26.jar:6.1.26]
	at org.mortbay.jetty.Server.handle(Server.java:326) [jetty-6.1.26.jar:6.1.26]
	at org.mortbay.jetty.HttpConnection.handleRequest(HttpConnection.java:542) [jetty-6.1.26.jar:6.1.26]
	at org.mortbay.jetty.HttpConnection$RequestHandler.headerComplete(HttpConnection.java:928) [jetty-6.1.26.jar:6.1.26]
	at org.mortbay.jetty.HttpParser.parseNext(HttpParser.java:549) [jetty-6.1.26.jar:6.1.26]
	at org.mortbay.jetty.HttpParser.parseAvailable(HttpParser.java:212) [jetty-6.1.26.jar:6.1.26]
	at org.mortbay.jetty.HttpConnection.handle(HttpConnection.java:404) [jetty-6.1.26.jar:6.1.26]
	at org.mortbay.io.nio.SelectChannelEndPoint.run(SelectChannelEndPoint.java:410) [jetty-6.1.26.jar:6.1.26]
	at org.mortbay.thread.QueuedThreadPool$PoolThread.run(QueuedThreadPool.java:582) [jetty-util-6.1.26.jar:6.1.26]
2015-08-09 09:56:35,887 DEBUG [836845012@qtp-1182320432-4] c.u.u.web.servlet.CreateImageServlet [CreateImageServlet.java : 97] created verifyCode=5B2P
2015-08-09 09:56:42,352 DEBUG [836845012@qtp-1182320432-4] c.u.u.web.servlet.CreateImageServlet [CreateImageServlet.java : 97] created verifyCode=2W6Y
2015-08-09 09:56:44,019 DEBUG [836845012@qtp-1182320432-4] c.u.u.b.manager.impl.CustManagerImpl [ImplCommon.java : 31] [2b7d464cbb24f2c51c5d43b85fcf5073] isMobileRegister : 18616502184
2015-08-09 09:56:44,044 DEBUG [836845012@qtp-1182320432-4] c.ufufund.ufb.web.util.MsgCodeUtils [MsgCodeUtils.java : 93] MsgCode=156622, timeList=[1439085404042]
2015-08-09 09:56:54,663 DEBUG [836845012@qtp-1182320432-4] c.u.u.b.manager.impl.CustManagerImpl [ImplCommon.java : 31] [c0ae0d1f-3ca6-4782-8a01-654bcfc2c103] register : RegisterAction[custno=<null>,logincode=18616502184,loginpwd=1q2w3e,loginpwd2=1q2w3e,invtp=ORGANIZATION,level=PERSONAL,custst=N,orgnm=aaaa,orgbusiness=bbbb,processId=[c0ae0d1f-3ca6-4782-8a01-654bcfc2c103] ]
2015-08-09 09:56:54,664 DEBUG [836845012@qtp-1182320432-4] c.u.u.b.manager.impl.CustManagerImpl [ImplCommon.java : 31] [2b7d464cbb24f2c51c5d43b85fcf5073] isMobileRegister : 18616502184
2015-08-09 11:49:32,228 WARN [214074868@qtp-1182320432-0] o.a.v.tools.view.XMLToolboxManager [XMLToolboxManager.java : 100] XMLToolboxManager has been deprecated. Please use org.apache.velocity.tools.ToolboxFactory instead.
2015-08-09 11:49:32,232 WARN [214074868@qtp-1182320432-0] o.a.v.t.v.s.ServletToolboxManager [ServletToolboxManager.java : 131] ServletToolboxManager has been deprecated. Please use org.apache.velocity.tools.ToolboxFactory instead.
2015-08-09 11:49:38,088 DEBUG [1010642985@qtp-1182320432-2] c.u.u.b.manager.impl.CustManagerImpl [ImplCommon.java : 31] [e463df0a-95b2-4a2a-b72d-22e2c081f319] loginIn : LoginAction[loginCode=18616502184,loginPassword=1q2w3e,processId=[e463df0a-95b2-4a2a-b72d-22e2c081f319] ]
2015-08-09 11:49:38,978 DEBUG [1010642985@qtp-1182320432-2] c.u.u.b.manager.impl.CustManagerImpl [ImplCommon.java : 31] [c69523ac-9d29-4c10-ad03-cb897b998a74] loginIn : LoginAction[loginCode=<null>,loginPassword=<null>,processId=[c69523ac-9d29-4c10-ad03-cb897b998a74] ]
2015-08-09 11:49:39,047 DEBUG [1010642985@qtp-1182320432-2] AppException [AppException.java : 90] [c69523ac-9d29-4c10-ad03-cb897b998a74]  errcode :NECESSARY_EMPTY errmsg :登录账号不能为空
2015-08-09 11:49:39,060 ERROR [1010642985@qtp-1182320432-2] c.u.u.web.controller.CustController [CustController.java : 277] 登录账号不能为空
com.ufufund.ufb.biz.exception.BizException: 登录账号不能为空
	at com.ufufund.ufb.biz.manager.impl.validator.CustManagerValidator.validator(CustManagerValidator.java:34) ~[classes/:na]
	at com.ufufund.ufb.biz.manager.impl.CustManagerImpl.loginIn(CustManagerImpl.java:172) ~[classes/:na]
	at com.ufufund.ufb.web.controller.CustController.loginIn(CustController.java:231) ~[classes/:na]
	at sun.reflect.NativeMethodAccessorImpl.invoke0(Native Method) ~[na:1.8.0_40]
	at sun.reflect.NativeMethodAccessorImpl.invoke(NativeMethodAccessorImpl.java:62) ~[na:1.8.0_40]
	at sun.reflect.DelegatingMethodAccessorImpl.invoke(DelegatingMethodAccessorImpl.java:43) ~[na:1.8.0_40]
	at java.lang.reflect.Method.invoke(Method.java:497) ~[na:1.8.0_40]
	at org.springframework.web.bind.annotation.support.HandlerMethodInvoker.invokeHandlerMethod(HandlerMethodInvoker.java:176) [spring-web-3.2.4.RELEASE.jar:3.2.4.RELEASE]
	at org.springframework.web.servlet.mvc.annotation.AnnotationMethodHandlerAdapter.invokeHandlerMethod(AnnotationMethodHandlerAdapter.java:440) [spring-webmvc-3.2.5.RELEASE.jar:3.2.5.RELEASE]
	at org.springframework.web.servlet.mvc.annotation.AnnotationMethodHandlerAdapter.handle(AnnotationMethodHandlerAdapter.java:428) [spring-webmvc-3.2.5.RELEASE.jar:3.2.5.RELEASE]
	at org.springframework.web.servlet.DispatcherServlet.doDispatch(DispatcherServlet.java:925) [spring-webmvc-3.2.5.RELEASE.jar:3.2.5.RELEASE]
	at org.springframework.web.servlet.DispatcherServlet.doService(DispatcherServlet.java:856) [spring-webmvc-3.2.5.RELEASE.jar:3.2.5.RELEASE]
	at org.springframework.web.servlet.FrameworkServlet.processRequest(FrameworkServlet.java:936) [spring-webmvc-3.2.5.RELEASE.jar:3.2.5.RELEASE]
	at org.springframework.web.servlet.FrameworkServlet.doGet(FrameworkServlet.java:827) [spring-webmvc-3.2.5.RELEASE.jar:3.2.5.RELEASE]
	at javax.servlet.http.HttpServlet.service(HttpServlet.java:707) [servlet-api-2.5-20081211.jar:na]
	at org.springframework.web.servlet.FrameworkServlet.service(FrameworkServlet.java:812) [spring-webmvc-3.2.5.RELEASE.jar:3.2.5.RELEASE]
	at javax.servlet.http.HttpServlet.service(HttpServlet.java:820) [servlet-api-2.5-20081211.jar:na]
	at org.mortbay.jetty.servlet.ServletHolder.handle(ServletHolder.java:511) [jetty-6.1.26.jar:6.1.26]
	at org.mortbay.jetty.servlet.ServletHandler$CachedChain.doFilter(ServletHandler.java:1221) [jetty-6.1.26.jar:6.1.26]
	at org.springframework.web.filter.CharacterEncodingFilter.doFilterInternal(CharacterEncodingFilter.java:88) [spring-web-3.2.4.RELEASE.jar:3.2.4.RELEASE]
	at org.springframework.web.filter.OncePerRequestFilter.doFilter(OncePerRequestFilter.java:107) [spring-web-3.2.4.RELEASE.jar:3.2.4.RELEASE]
	at org.mortbay.jetty.servlet.ServletHandler$CachedChain.doFilter(ServletHandler.java:1212) [jetty-6.1.26.jar:6.1.26]
	at com.ufufund.ufb.web.filter.RefreshHolderFilter.doFilter(RefreshHolderFilter.java:31) [classes/:na]
	at org.mortbay.jetty.servlet.ServletHandler$CachedChain.doFilter(ServletHandler.java:1212) [jetty-6.1.26.jar:6.1.26]
	at com.ufufund.ufb.web.filter.ServletHolderFilter.doFilter(ServletHolderFilter.java:26) [classes/:na]
	at org.mortbay.jetty.servlet.ServletHandler$CachedChain.doFilter(ServletHandler.java:1212) [jetty-6.1.26.jar:6.1.26]
	at org.mortbay.jetty.servlet.ServletHandler.handle(ServletHandler.java:399) [jetty-6.1.26.jar:6.1.26]
	at org.mortbay.jetty.security.SecurityHandler.handle(SecurityHandler.java:216) [jetty-6.1.26.jar:6.1.26]
	at org.mortbay.jetty.servlet.SessionHandler.handle(SessionHandler.java:182) [jetty-6.1.26.jar:6.1.26]
	at org.mortbay.jetty.handler.ContextHandler.handle(ContextHandler.java:766) [jetty-6.1.26.jar:6.1.26]
	at org.mortbay.jetty.webapp.WebAppContext.handle(WebAppContext.java:450) [jetty-6.1.26.jar:6.1.26]
	at org.mortbay.jetty.handler.HandlerWrapper.handle(HandlerWrapper.java:152) [jetty-6.1.26.jar:6.1.26]
	at org.mortbay.jetty.Server.handle(Server.java:326) [jetty-6.1.26.jar:6.1.26]
	at org.mortbay.jetty.HttpConnection.handleRequest(HttpConnection.java:542) [jetty-6.1.26.jar:6.1.26]
	at org.mortbay.jetty.HttpConnection$RequestHandler.headerComplete(HttpConnection.java:928) [jetty-6.1.26.jar:6.1.26]
	at org.mortbay.jetty.HttpParser.parseNext(HttpParser.java:549) [jetty-6.1.26.jar:6.1.26]
	at org.mortbay.jetty.HttpParser.parseAvailable(HttpParser.java:212) [jetty-6.1.26.jar:6.1.26]
	at org.mortbay.jetty.HttpConnection.handle(HttpConnection.java:404) [jetty-6.1.26.jar:6.1.26]
	at org.mortbay.io.nio.SelectChannelEndPoint.run(SelectChannelEndPoint.java:410) [jetty-6.1.26.jar:6.1.26]
	at org.mortbay.thread.QueuedThreadPool$PoolThread.run(QueuedThreadPool.java:582) [jetty-util-6.1.26.jar:6.1.26]
2015-08-09 11:50:00,994 DEBUG [1010642985@qtp-1182320432-2] c.u.u.b.m.impl.BankCardManagerImpl [ImplCommon.java : 31] [54b7cf53-b45d-40d6-9258-022f741fe1e2] openAccoStep2 : OpenAccountAction[fundcorpno=01,custno=CU150809090954VRVS1MPFN1,invtp=<null>,level=<null>,tradepwd=<null>,tradepwd2=<null>,mobileautocode=<null>,serialno=<null>,accoreqserial=<null>,transactionaccountid=<null>,otherserial=<null>,protocolno=<null>,invnm=测试账号1,idno=110101198808088312,idtp=<null>,mobile=18616502184,telno=12345678,emailadd=12345678@qq.com,orgnm=aaaa,orgbusiness=bbbb,orgprovinceno=浙江省,orgprovincenm=<null>,orgcityno=北京市,orgcitynm=<null>,orgadd=测试幼儿园1地址,bankno=<null>,bankacnm=<null>,bankidtp=<null>,bankidno=<null>,bankacco=<null>,bankacco2=<null>,bankmobile=<null>,bankprovinceno=<null>,bankprovincenm=<null>,bankcityno=<null>,bankcitynm=<null>,bankadd=<null>,rerpidtp=<null>,rerpidno=110101198808088312,rerpvalidt=<null>,rerpnm=测试账号1,hftfamilytradeaccoct=0,hftoperatortradeaccoct=0,hftorganizationtradeaccoct=0,cpfamilytradeaccoct=0,cporganizationtradeaccoct=0,openaccoflag=false,checkautocodeflag=false,processId=[54b7cf53-b45d-40d6-9258-022f741fe1e2] ]
2015-08-09 11:50:01,028 DEBUG [1010642985@qtp-1182320432-2] c.u.u.b.manager.impl.CustManagerImpl [ImplCommon.java : 31] [59d90b93e047112df5acd446ddf292aa] isIdnoRegister : 110101198808088312
2015-08-09 11:50:09,920 DEBUG [1653167442@qtp-1182320432-7] c.u.u.b.manager.impl.CustManagerImpl [ImplCommon.java : 31] [a54fcef3e8c4554ff56742c480be9b89] isIdnoRegister : 110101198808088312
2015-08-09 11:50:09,938 DEBUG [1653167442@qtp-1182320432-7] c.u.u.b.manager.impl.CustManagerImpl [ImplCommon.java : 31] [a54fcef3e8c4554ff56742c480be9b89] isTradePwdSet : CU150809090954VRVS1MPFN1
2015-08-09 11:50:09,988 WARN [1653167442@qtp-1182320432-7] c.u.u.r.h.s.HftCustServiceSimulator [HftCustServiceSimulator.java : 115] 模拟器返回：OpenAccountOrgResponse [TransactionAccountID=Tan20150809115009, toString()=AbstractResponse [Version=1.0.0, MerchantId=00000001, DistributorCode=223, BusinType=openAccountOrg, ApplicationNo=FD150809111110MM0TTE8RQ2, ReturnCode=0000, ReturnMsg=交易成功, Extension=null]]
2015-08-09 15:32:59,196 WARN [214074868@qtp-1182320432-0] o.a.v.tools.view.XMLToolboxManager [XMLToolboxManager.java : 100] XMLToolboxManager has been deprecated. Please use org.apache.velocity.tools.ToolboxFactory instead.
2015-08-09 15:32:59,201 WARN [214074868@qtp-1182320432-0] o.a.v.t.v.s.ServletToolboxManager [ServletToolboxManager.java : 131] ServletToolboxManager has been deprecated. Please use org.apache.velocity.tools.ToolboxFactory instead.
2015-08-09 21:09:03,187 WARN [499100135@qtp-1182320432-4] o.a.v.tools.view.XMLToolboxManager [XMLToolboxManager.java : 100] XMLToolboxManager has been deprecated. Please use org.apache.velocity.tools.ToolboxFactory instead.
2015-08-09 21:09:03,193 WARN [499100135@qtp-1182320432-4] o.a.v.t.v.s.ServletToolboxManager [ServletToolboxManager.java : 131] ServletToolboxManager has been deprecated. Please use org.apache.velocity.tools.ToolboxFactory instead.
2015-08-09 21:11:46,981 WARN [214074868@qtp-1182320432-0] o.a.v.tools.view.XMLToolboxManager [XMLToolboxManager.java : 100] XMLToolboxManager has been deprecated. Please use org.apache.velocity.tools.ToolboxFactory instead.
2015-08-09 21:11:46,984 WARN [214074868@qtp-1182320432-0] o.a.v.t.v.s.ServletToolboxManager [ServletToolboxManager.java : 131] ServletToolboxManager has been deprecated. Please use org.apache.velocity.tools.ToolboxFactory instead.
2015-08-09 21:11:52,359 DEBUG [214074868@qtp-1182320432-0] c.u.u.b.manager.impl.CustManagerImpl [ImplCommon.java : 31] [0cb4fc90-ada8-4a7f-82cc-d3793848c114] loginIn : LoginAction[loginCode=18616502187,loginPassword=1q2w3e,processId=[0cb4fc90-ada8-4a7f-82cc-d3793848c114] ]
2015-08-09 21:11:59,403 DEBUG [214074868@qtp-1182320432-0] c.u.u.b.manager.impl.CustManagerImpl [ImplCommon.java : 31] [25318093-a7e6-458c-8546-ce2fd1a7ec6e] loginIn : LoginAction[loginCode=<null>,loginPassword=<null>,processId=[25318093-a7e6-458c-8546-ce2fd1a7ec6e] ]
2015-08-09 21:11:59,466 DEBUG [214074868@qtp-1182320432-0] AppException [AppException.java : 90] [25318093-a7e6-458c-8546-ce2fd1a7ec6e]  errcode :NECESSARY_EMPTY errmsg :登录账号不能为空
2015-08-09 21:11:59,482 ERROR [214074868@qtp-1182320432-0] c.u.u.web.controller.CustController [CustController.java : 277] 登录账号不能为空
com.ufufund.ufb.biz.exception.BizException: 登录账号不能为空
	at com.ufufund.ufb.biz.manager.impl.validator.CustManagerValidator.validator(CustManagerValidator.java:34) ~[classes/:na]
	at com.ufufund.ufb.biz.manager.impl.CustManagerImpl.loginIn(CustManagerImpl.java:172) ~[classes/:na]
	at com.ufufund.ufb.web.controller.CustController.loginIn(CustController.java:231) ~[classes/:na]
	at sun.reflect.NativeMethodAccessorImpl.invoke0(Native Method) ~[na:1.8.0_40]
	at sun.reflect.NativeMethodAccessorImpl.invoke(NativeMethodAccessorImpl.java:62) ~[na:1.8.0_40]
	at sun.reflect.DelegatingMethodAccessorImpl.invoke(DelegatingMethodAccessorImpl.java:43) ~[na:1.8.0_40]
	at java.lang.reflect.Method.invoke(Method.java:497) ~[na:1.8.0_40]
	at org.springframework.web.bind.annotation.support.HandlerMethodInvoker.invokeHandlerMethod(HandlerMethodInvoker.java:176) [spring-web-3.2.4.RELEASE.jar:3.2.4.RELEASE]
	at org.springframework.web.servlet.mvc.annotation.AnnotationMethodHandlerAdapter.invokeHandlerMethod(AnnotationMethodHandlerAdapter.java:440) [spring-webmvc-3.2.5.RELEASE.jar:3.2.5.RELEASE]
	at org.springframework.web.servlet.mvc.annotation.AnnotationMethodHandlerAdapter.handle(AnnotationMethodHandlerAdapter.java:428) [spring-webmvc-3.2.5.RELEASE.jar:3.2.5.RELEASE]
	at org.springframework.web.servlet.DispatcherServlet.doDispatch(DispatcherServlet.java:925) [spring-webmvc-3.2.5.RELEASE.jar:3.2.5.RELEASE]
	at org.springframework.web.servlet.DispatcherServlet.doService(DispatcherServlet.java:856) [spring-webmvc-3.2.5.RELEASE.jar:3.2.5.RELEASE]
	at org.springframework.web.servlet.FrameworkServlet.processRequest(FrameworkServlet.java:936) [spring-webmvc-3.2.5.RELEASE.jar:3.2.5.RELEASE]
	at org.springframework.web.servlet.FrameworkServlet.doGet(FrameworkServlet.java:827) [spring-webmvc-3.2.5.RELEASE.jar:3.2.5.RELEASE]
	at javax.servlet.http.HttpServlet.service(HttpServlet.java:707) [servlet-api-2.5-20081211.jar:na]
	at org.springframework.web.servlet.FrameworkServlet.service(FrameworkServlet.java:812) [spring-webmvc-3.2.5.RELEASE.jar:3.2.5.RELEASE]
	at javax.servlet.http.HttpServlet.service(HttpServlet.java:820) [servlet-api-2.5-20081211.jar:na]
	at org.mortbay.jetty.servlet.ServletHolder.handle(ServletHolder.java:511) [jetty-6.1.26.jar:6.1.26]
	at org.mortbay.jetty.servlet.ServletHandler$CachedChain.doFilter(ServletHandler.java:1221) [jetty-6.1.26.jar:6.1.26]
	at org.springframework.web.filter.CharacterEncodingFilter.doFilterInternal(CharacterEncodingFilter.java:88) [spring-web-3.2.4.RELEASE.jar:3.2.4.RELEASE]
	at org.springframework.web.filter.OncePerRequestFilter.doFilter(OncePerRequestFilter.java:107) [spring-web-3.2.4.RELEASE.jar:3.2.4.RELEASE]
	at org.mortbay.jetty.servlet.ServletHandler$CachedChain.doFilter(ServletHandler.java:1212) [jetty-6.1.26.jar:6.1.26]
	at com.ufufund.ufb.web.filter.RefreshHolderFilter.doFilter(RefreshHolderFilter.java:31) [classes/:na]
	at org.mortbay.jetty.servlet.ServletHandler$CachedChain.doFilter(ServletHandler.java:1212) [jetty-6.1.26.jar:6.1.26]
	at com.ufufund.ufb.web.filter.ServletHolderFilter.doFilter(ServletHolderFilter.java:26) [classes/:na]
	at org.mortbay.jetty.servlet.ServletHandler$CachedChain.doFilter(ServletHandler.java:1212) [jetty-6.1.26.jar:6.1.26]
	at org.mortbay.jetty.servlet.ServletHandler.handle(ServletHandler.java:399) [jetty-6.1.26.jar:6.1.26]
	at org.mortbay.jetty.security.SecurityHandler.handle(SecurityHandler.java:216) [jetty-6.1.26.jar:6.1.26]
	at org.mortbay.jetty.servlet.SessionHandler.handle(SessionHandler.java:182) [jetty-6.1.26.jar:6.1.26]
	at org.mortbay.jetty.handler.ContextHandler.handle(ContextHandler.java:766) [jetty-6.1.26.jar:6.1.26]
	at org.mortbay.jetty.webapp.WebAppContext.handle(WebAppContext.java:450) [jetty-6.1.26.jar:6.1.26]
	at org.mortbay.jetty.handler.HandlerWrapper.handle(HandlerWrapper.java:152) [jetty-6.1.26.jar:6.1.26]
	at org.mortbay.jetty.Server.handle(Server.java:326) [jetty-6.1.26.jar:6.1.26]
	at org.mortbay.jetty.HttpConnection.handleRequest(HttpConnection.java:542) [jetty-6.1.26.jar:6.1.26]
	at org.mortbay.jetty.HttpConnection$RequestHandler.headerComplete(HttpConnection.java:928) [jetty-6.1.26.jar:6.1.26]
	at org.mortbay.jetty.HttpParser.parseNext(HttpParser.java:549) [jetty-6.1.26.jar:6.1.26]
	at org.mortbay.jetty.HttpParser.parseAvailable(HttpParser.java:212) [jetty-6.1.26.jar:6.1.26]
	at org.mortbay.jetty.HttpConnection.handle(HttpConnection.java:404) [jetty-6.1.26.jar:6.1.26]
	at org.mortbay.io.nio.SelectChannelEndPoint.run(SelectChannelEndPoint.java:410) [jetty-6.1.26.jar:6.1.26]
	at org.mortbay.thread.QueuedThreadPool$PoolThread.run(QueuedThreadPool.java:582) [jetty-util-6.1.26.jar:6.1.26]
2015-08-09 21:25:46,185 DEBUG [152212359@qtp-1182320432-14] c.u.u.b.m.impl.BankCardManagerImpl [ImplCommon.java : 31] [a330cb15-7c92-4336-9d4c-88895f9eecac] openAccoStep2 : OpenAccountAction[fundcorpno=01,custno=CU150809210900JM6QX6S7A4,invtp=<null>,level=<null>,tradepwd=<null>,tradepwd2=<null>,mobileautocode=<null>,serialno=<null>,accoreqserial=<null>,transactionaccountid=<null>,otherserial=<null>,protocolno=<null>,invnm=测试账号1,idno=11010119880808837X,idtp=<null>,mobile=18616502187,telno=12345678,emailadd=12345678@qq.com,orgnm=aaaaa,orgbusiness=ccccc,orgprovinceno=福建省,orgprovincenm=<null>,orgcityno=城市,orgcitynm=<null>,orgadd=测试幼儿园1地址,bankno=<null>,bankacnm=<null>,bankidtp=<null>,bankidno=<null>,bankacco=<null>,bankacco2=<null>,bankmobile=<null>,bankprovinceno=<null>,bankprovincenm=<null>,bankcityno=<null>,bankcitynm=<null>,bankadd=<null>,rerpidtp=<null>,rerpidno=11010119880808837X,rerpvalidt=<null>,rerpnm=测试账号1,hftfamilytradeaccoct=0,hftoperatortradeaccoct=0,hftorganizationtradeaccoct=0,cpfamilytradeaccoct=0,cporganizationtradeaccoct=0,openaccoflag=false,checkautocodeflag=false,processId=[a330cb15-7c92-4336-9d4c-88895f9eecac] ]
2015-08-09 21:25:46,219 DEBUG [152212359@qtp-1182320432-14] c.u.u.b.manager.impl.CustManagerImpl [ImplCommon.java : 31] [71ba8b874e9652f6fd9005bfa6a7005c] isIdnoRegister : 11010119880808837X
2015-08-09 21:25:46,260 DEBUG [152212359@qtp-1182320432-14] AppException [AppException.java : 90] [a330cb15-7c92-4336-9d4c-88895f9eecac]  errcode :ALREADY_REGISTER errmsg :证件号码已经注册
2015-08-09 21:25:46,263 ERROR [152212359@qtp-1182320432-14] c.u.u.web.controller.CustController [BankCardController.java : 139] 证件号码已经注册
com.ufufund.ufb.biz.exception.BizException: 证件号码已经注册
	at com.ufufund.ufb.biz.manager.impl.validator.CustManagerValidator.validator(CustManagerValidator.java:111) ~[classes/:na]
	at com.ufufund.ufb.biz.manager.impl.BankCardManagerImpl.openAccoStep2(BankCardManagerImpl.java:136) ~[classes/:na]
	at com.ufufund.ufb.web.controller.BankCardController.openAccoStep2(BankCardController.java:131) ~[classes/:na]
	at sun.reflect.NativeMethodAccessorImpl.invoke0(Native Method) ~[na:1.8.0_40]
	at sun.reflect.NativeMethodAccessorImpl.invoke(NativeMethodAccessorImpl.java:62) ~[na:1.8.0_40]
	at sun.reflect.DelegatingMethodAccessorImpl.invoke(DelegatingMethodAccessorImpl.java:43) ~[na:1.8.0_40]
	at java.lang.reflect.Method.invoke(Method.java:497) ~[na:1.8.0_40]
	at org.springframework.web.bind.annotation.support.HandlerMethodInvoker.invokeHandlerMethod(HandlerMethodInvoker.java:176) [spring-web-3.2.4.RELEASE.jar:3.2.4.RELEASE]
	at org.springframework.web.servlet.mvc.annotation.AnnotationMethodHandlerAdapter.invokeHandlerMethod(AnnotationMethodHandlerAdapter.java:440) [spring-webmvc-3.2.5.RELEASE.jar:3.2.5.RELEASE]
	at org.springframework.web.servlet.mvc.annotation.AnnotationMethodHandlerAdapter.handle(AnnotationMethodHandlerAdapter.java:428) [spring-webmvc-3.2.5.RELEASE.jar:3.2.5.RELEASE]
	at org.springframework.web.servlet.DispatcherServlet.doDispatch(DispatcherServlet.java:925) [spring-webmvc-3.2.5.RELEASE.jar:3.2.5.RELEASE]
	at org.springframework.web.servlet.DispatcherServlet.doService(DispatcherServlet.java:856) [spring-webmvc-3.2.5.RELEASE.jar:3.2.5.RELEASE]
	at org.springframework.web.servlet.FrameworkServlet.processRequest(FrameworkServlet.java:936) [spring-webmvc-3.2.5.RELEASE.jar:3.2.5.RELEASE]
	at org.springframework.web.servlet.FrameworkServlet.doPost(FrameworkServlet.java:838) [spring-webmvc-3.2.5.RELEASE.jar:3.2.5.RELEASE]
	at javax.servlet.http.HttpServlet.service(HttpServlet.java:727) [servlet-api-2.5-20081211.jar:na]
	at org.springframework.web.servlet.FrameworkServlet.service(FrameworkServlet.java:812) [spring-webmvc-3.2.5.RELEASE.jar:3.2.5.RELEASE]
	at javax.servlet.http.HttpServlet.service(HttpServlet.java:820) [servlet-api-2.5-20081211.jar:na]
	at org.mortbay.jetty.servlet.ServletHolder.handle(ServletHolder.java:511) [jetty-6.1.26.jar:6.1.26]
	at org.mortbay.jetty.servlet.ServletHandler$CachedChain.doFilter(ServletHandler.java:1221) [jetty-6.1.26.jar:6.1.26]
	at org.springframework.web.filter.CharacterEncodingFilter.doFilterInternal(CharacterEncodingFilter.java:88) [spring-web-3.2.4.RELEASE.jar:3.2.4.RELEASE]
	at org.springframework.web.filter.OncePerRequestFilter.doFilter(OncePerRequestFilter.java:107) [spring-web-3.2.4.RELEASE.jar:3.2.4.RELEASE]
	at org.mortbay.jetty.servlet.ServletHandler$CachedChain.doFilter(ServletHandler.java:1212) [jetty-6.1.26.jar:6.1.26]
	at com.ufufund.ufb.web.filter.RefreshHolderFilter.doFilter(RefreshHolderFilter.java:31) [classes/:na]
	at org.mortbay.jetty.servlet.ServletHandler$CachedChain.doFilter(ServletHandler.java:1212) [jetty-6.1.26.jar:6.1.26]
	at com.ufufund.ufb.web.filter.ServletHolderFilter.doFilter(ServletHolderFilter.java:26) [classes/:na]
	at org.mortbay.jetty.servlet.ServletHandler$CachedChain.doFilter(ServletHandler.java:1212) [jetty-6.1.26.jar:6.1.26]
	at org.mortbay.jetty.servlet.ServletHandler.handle(ServletHandler.java:399) [jetty-6.1.26.jar:6.1.26]
	at org.mortbay.jetty.security.SecurityHandler.handle(SecurityHandler.java:216) [jetty-6.1.26.jar:6.1.26]
	at org.mortbay.jetty.servlet.SessionHandler.handle(SessionHandler.java:182) [jetty-6.1.26.jar:6.1.26]
	at org.mortbay.jetty.handler.ContextHandler.handle(ContextHandler.java:766) [jetty-6.1.26.jar:6.1.26]
	at org.mortbay.jetty.webapp.WebAppContext.handle(WebAppContext.java:450) [jetty-6.1.26.jar:6.1.26]
	at org.mortbay.jetty.handler.HandlerWrapper.handle(HandlerWrapper.java:152) [jetty-6.1.26.jar:6.1.26]
	at org.mortbay.jetty.Server.handle(Server.java:326) [jetty-6.1.26.jar:6.1.26]
	at org.mortbay.jetty.HttpConnection.handleRequest(HttpConnection.java:542) [jetty-6.1.26.jar:6.1.26]
	at org.mortbay.jetty.HttpConnection$RequestHandler.content(HttpConnection.java:945) [jetty-6.1.26.jar:6.1.26]
	at org.mortbay.jetty.HttpParser.parseNext(HttpParser.java:756) [jetty-6.1.26.jar:6.1.26]
	at org.mortbay.jetty.HttpParser.parseAvailable(HttpParser.java:218) [jetty-6.1.26.jar:6.1.26]
	at org.mortbay.jetty.HttpConnection.handle(HttpConnection.java:404) [jetty-6.1.26.jar:6.1.26]
	at org.mortbay.io.nio.SelectChannelEndPoint.run(SelectChannelEndPoint.java:410) [jetty-6.1.26.jar:6.1.26]
	at org.mortbay.thread.QueuedThreadPool$PoolThread.run(QueuedThreadPool.java:582) [jetty-util-6.1.26.jar:6.1.26]
2015-08-09 21:31:18,650 DEBUG [1423485503@qtp-1182320432-11] c.u.u.b.m.impl.BankCardManagerImpl [ImplCommon.java : 31] [ad4542cf-5393-4c5f-9671-9a8da7815770] openAccoStep2 : OpenAccountAction[fundcorpno=01,custno=CU150809210900JM6QX6S7A4,invtp=<null>,level=<null>,tradepwd=<null>,tradepwd2=<null>,mobileautocode=<null>,serialno=<null>,accoreqserial=<null>,transactionaccountid=<null>,otherserial=<null>,protocolno=<null>,invnm=测试账号1,idno=11010119880808837X,idtp=<null>,mobile=18616502187,telno=12345678,emailadd=12345678@qq.com,orgnm=aaaaa,orgbusiness=ccccc,orgprovinceno=福建省,orgprovincenm=<null>,orgcityno=城市,orgcitynm=<null>,orgadd=测试幼儿园1地址,bankno=<null>,bankacnm=<null>,bankidtp=<null>,bankidno=<null>,bankacco=<null>,bankacco2=<null>,bankmobile=<null>,bankprovinceno=<null>,bankprovincenm=<null>,bankcityno=<null>,bankcitynm=<null>,bankadd=<null>,rerpidtp=<null>,rerpidno=11010119880808837X,rerpvalidt=<null>,rerpnm=测试账号1,hftfamilytradeaccoct=0,hftoperatortradeaccoct=0,hftorganizationtradeaccoct=0,cpfamilytradeaccoct=0,cporganizationtradeaccoct=0,openaccoflag=false,checkautocodeflag=false,processId=[ad4542cf-5393-4c5f-9671-9a8da7815770] ]
2015-08-09 21:31:18,688 DEBUG [1423485503@qtp-1182320432-11] c.u.u.b.manager.impl.CustManagerImpl [ImplCommon.java : 31] [ea04c4a31c51d7efd0de6559100591a5] isIdnoRegister : 11010119880808837X
2015-08-09 21:31:18,709 DEBUG [1423485503@qtp-1182320432-11] AppException [AppException.java : 90] [ad4542cf-5393-4c5f-9671-9a8da7815770]  errcode :ALREADY_REGISTER errmsg :证件号码已经注册
2015-08-09 21:31:18,711 ERROR [1423485503@qtp-1182320432-11] c.u.u.web.controller.CustController [BankCardController.java : 139] 证件号码已经注册
com.ufufund.ufb.biz.exception.BizException: 证件号码已经注册
	at com.ufufund.ufb.biz.manager.impl.validator.CustManagerValidator.validator(CustManagerValidator.java:111) ~[classes/:na]
	at com.ufufund.ufb.biz.manager.impl.BankCardManagerImpl.openAccoStep2(BankCardManagerImpl.java:136) ~[classes/:na]
	at com.ufufund.ufb.web.controller.BankCardController.openAccoStep2(BankCardController.java:131) ~[classes/:na]
	at sun.reflect.NativeMethodAccessorImpl.invoke0(Native Method) ~[na:1.8.0_40]
	at sun.reflect.NativeMethodAccessorImpl.invoke(NativeMethodAccessorImpl.java:62) ~[na:1.8.0_40]
	at sun.reflect.DelegatingMethodAccessorImpl.invoke(DelegatingMethodAccessorImpl.java:43) ~[na:1.8.0_40]
	at java.lang.reflect.Method.invoke(Method.java:497) ~[na:1.8.0_40]
	at org.springframework.web.bind.annotation.support.HandlerMethodInvoker.invokeHandlerMethod(HandlerMethodInvoker.java:176) [spring-web-3.2.4.RELEASE.jar:3.2.4.RELEASE]
	at org.springframework.web.servlet.mvc.annotation.AnnotationMethodHandlerAdapter.invokeHandlerMethod(AnnotationMethodHandlerAdapter.java:440) [spring-webmvc-3.2.5.RELEASE.jar:3.2.5.RELEASE]
	at org.springframework.web.servlet.mvc.annotation.AnnotationMethodHandlerAdapter.handle(AnnotationMethodHandlerAdapter.java:428) [spring-webmvc-3.2.5.RELEASE.jar:3.2.5.RELEASE]
	at org.springframework.web.servlet.DispatcherServlet.doDispatch(DispatcherServlet.java:925) [spring-webmvc-3.2.5.RELEASE.jar:3.2.5.RELEASE]
	at org.springframework.web.servlet.DispatcherServlet.doService(DispatcherServlet.java:856) [spring-webmvc-3.2.5.RELEASE.jar:3.2.5.RELEASE]
	at org.springframework.web.servlet.FrameworkServlet.processRequest(FrameworkServlet.java:936) [spring-webmvc-3.2.5.RELEASE.jar:3.2.5.RELEASE]
	at org.springframework.web.servlet.FrameworkServlet.doPost(FrameworkServlet.java:838) [spring-webmvc-3.2.5.RELEASE.jar:3.2.5.RELEASE]
	at javax.servlet.http.HttpServlet.service(HttpServlet.java:727) [servlet-api-2.5-20081211.jar:na]
	at org.springframework.web.servlet.FrameworkServlet.service(FrameworkServlet.java:812) [spring-webmvc-3.2.5.RELEASE.jar:3.2.5.RELEASE]
	at javax.servlet.http.HttpServlet.service(HttpServlet.java:820) [servlet-api-2.5-20081211.jar:na]
	at org.mortbay.jetty.servlet.ServletHolder.handle(ServletHolder.java:511) [jetty-6.1.26.jar:6.1.26]
	at org.mortbay.jetty.servlet.ServletHandler$CachedChain.doFilter(ServletHandler.java:1221) [jetty-6.1.26.jar:6.1.26]
	at org.springframework.web.filter.CharacterEncodingFilter.doFilterInternal(CharacterEncodingFilter.java:88) [spring-web-3.2.4.RELEASE.jar:3.2.4.RELEASE]
	at org.springframework.web.filter.OncePerRequestFilter.doFilter(OncePerRequestFilter.java:107) [spring-web-3.2.4.RELEASE.jar:3.2.4.RELEASE]
	at org.mortbay.jetty.servlet.ServletHandler$CachedChain.doFilter(ServletHandler.java:1212) [jetty-6.1.26.jar:6.1.26]
	at com.ufufund.ufb.web.filter.RefreshHolderFilter.doFilter(RefreshHolderFilter.java:31) [classes/:na]
	at org.mortbay.jetty.servlet.ServletHandler$CachedChain.doFilter(ServletHandler.java:1212) [jetty-6.1.26.jar:6.1.26]
	at com.ufufund.ufb.web.filter.ServletHolderFilter.doFilter(ServletHolderFilter.java:26) [classes/:na]
	at org.mortbay.jetty.servlet.ServletHandler$CachedChain.doFilter(ServletHandler.java:1212) [jetty-6.1.26.jar:6.1.26]
	at org.mortbay.jetty.servlet.ServletHandler.handle(ServletHandler.java:399) [jetty-6.1.26.jar:6.1.26]
	at org.mortbay.jetty.security.SecurityHandler.handle(SecurityHandler.java:216) [jetty-6.1.26.jar:6.1.26]
	at org.mortbay.jetty.servlet.SessionHandler.handle(SessionHandler.java:182) [jetty-6.1.26.jar:6.1.26]
	at org.mortbay.jetty.handler.ContextHandler.handle(ContextHandler.java:766) [jetty-6.1.26.jar:6.1.26]
	at org.mortbay.jetty.webapp.WebAppContext.handle(WebAppContext.java:450) [jetty-6.1.26.jar:6.1.26]
	at org.mortbay.jetty.handler.HandlerWrapper.handle(HandlerWrapper.java:152) [jetty-6.1.26.jar:6.1.26]
	at org.mortbay.jetty.Server.handle(Server.java:326) [jetty-6.1.26.jar:6.1.26]
	at org.mortbay.jetty.HttpConnection.handleRequest(HttpConnection.java:542) [jetty-6.1.26.jar:6.1.26]
	at org.mortbay.jetty.HttpConnection$RequestHandler.content(HttpConnection.java:945) [jetty-6.1.26.jar:6.1.26]
	at org.mortbay.jetty.HttpParser.parseNext(HttpParser.java:756) [jetty-6.1.26.jar:6.1.26]
	at org.mortbay.jetty.HttpParser.parseAvailable(HttpParser.java:218) [jetty-6.1.26.jar:6.1.26]
	at org.mortbay.jetty.HttpConnection.handle(HttpConnection.java:404) [jetty-6.1.26.jar:6.1.26]
	at org.mortbay.io.nio.SelectChannelEndPoint.run(SelectChannelEndPoint.java:410) [jetty-6.1.26.jar:6.1.26]
	at org.mortbay.thread.QueuedThreadPool$PoolThread.run(QueuedThreadPool.java:582) [jetty-util-6.1.26.jar:6.1.26]
2015-08-09 21:32:36,742 DEBUG [1179167953@qtp-1182320432-22] c.u.u.b.m.impl.BankCardManagerImpl [ImplCommon.java : 31] [ec688bec-9e70-44f9-9c06-3676c346418a] openAccoStep2 : OpenAccountAction[fundcorpno=01,custno=CU150809210900JM6QX6S7A4,invtp=<null>,level=<null>,tradepwd=<null>,tradepwd2=<null>,mobileautocode=<null>,serialno=<null>,accoreqserial=<null>,transactionaccountid=<null>,otherserial=<null>,protocolno=<null>,invnm=测试账号1,idno=110101198808088371,idtp=<null>,mobile=18616502187,telno=12345678,emailadd=12345678@qq.com,orgnm=aaaaa,orgbusiness=ccccc,orgprovinceno=安徽省,orgprovincenm=<null>,orgcityno=北京市,orgcitynm=<null>,orgadd=测试幼儿园1地址,bankno=<null>,bankacnm=<null>,bankidtp=<null>,bankidno=<null>,bankacco=<null>,bankacco2=<null>,bankmobile=<null>,bankprovinceno=<null>,bankprovincenm=<null>,bankcityno=<null>,bankcitynm=<null>,bankadd=<null>,rerpidtp=<null>,rerpidno=11010119880808837X,rerpvalidt=<null>,rerpnm=测试账号1,hftfamilytradeaccoct=0,hftoperatortradeaccoct=0,hftorganizationtradeaccoct=0,cpfamilytradeaccoct=0,cporganizationtradeaccoct=0,openaccoflag=false,checkautocodeflag=false,processId=[ec688bec-9e70-44f9-9c06-3676c346418a] ]
2015-08-09 21:32:36,793 DEBUG [1179167953@qtp-1182320432-22] c.u.u.b.manager.impl.CustManagerImpl [ImplCommon.java : 31] [43f24a75f3dfef269f1ef6d2b5cd33a3] isIdnoRegister : 110101198808088371
2015-08-09 21:43:56,465 DEBUG [2090964198@qtp-1182320432-20] c.u.u.b.m.impl.BankCardManagerImpl [ImplCommon.java : 31] [38c20f7d-911c-4323-b6a8-1d84b8a1274c] openAccoStep2 : OpenAccountAction[fundcorpno=01,custno=CU150809210900JM6QX6S7A4,invtp=<null>,level=<null>,tradepwd=<null>,tradepwd2=<null>,mobileautocode=<null>,serialno=<null>,accoreqserial=<null>,transactionaccountid=<null>,otherserial=<null>,protocolno=<null>,invnm=测试账号1,idno=11010119880808837X,idtp=<null>,mobile=18616502187,telno=12345678,emailadd=12345678@qq.com,orgnm=aaaaa,orgbusiness=ccccc,orgprovinceno=安徽省,orgprovincenm=<null>,orgcityno=北京市,orgcitynm=<null>,orgadd=测试幼儿园1地址,bankno=<null>,bankacnm=<null>,bankidtp=<null>,bankidno=<null>,bankacco=<null>,bankacco2=<null>,bankmobile=<null>,bankprovinceno=<null>,bankprovincenm=<null>,bankcityno=<null>,bankcitynm=<null>,bankadd=<null>,rerpidtp=<null>,rerpidno=11010119880808837X,rerpvalidt=<null>,rerpnm=测试账号1,hftfamilytradeaccoct=0,hftoperatortradeaccoct=0,hftorganizationtradeaccoct=0,cpfamilytradeaccoct=0,cporganizationtradeaccoct=0,openaccoflag=false,checkautocodeflag=false,processId=[38c20f7d-911c-4323-b6a8-1d84b8a1274c] ]
2015-08-09 21:43:56,495 DEBUG [2090964198@qtp-1182320432-20] c.u.u.b.manager.impl.CustManagerImpl [ImplCommon.java : 31] [86c084aac7c6b6b8908d7dd39e1bea09] isIdnoRegister : 11010119880808837X
2015-08-09 21:43:56,521 DEBUG [2090964198@qtp-1182320432-20] AppException [AppException.java : 90] [38c20f7d-911c-4323-b6a8-1d84b8a1274c]  errcode :ALREADY_REGISTER errmsg :证件号码已经注册
2015-08-09 21:43:56,522 ERROR [2090964198@qtp-1182320432-20] c.u.u.web.controller.CustController [BankCardController.java : 139] 证件号码已经注册
com.ufufund.ufb.biz.exception.BizException: 证件号码已经注册
	at com.ufufund.ufb.biz.manager.impl.validator.CustManagerValidator.validator(CustManagerValidator.java:111) ~[classes/:na]
	at com.ufufund.ufb.biz.manager.impl.BankCardManagerImpl.openAccoStep2(BankCardManagerImpl.java:136) ~[classes/:na]
	at com.ufufund.ufb.web.controller.BankCardController.openAccoStep2(BankCardController.java:131) ~[classes/:na]
	at sun.reflect.NativeMethodAccessorImpl.invoke0(Native Method) ~[na:1.8.0_40]
	at sun.reflect.NativeMethodAccessorImpl.invoke(NativeMethodAccessorImpl.java:62) ~[na:1.8.0_40]
	at sun.reflect.DelegatingMethodAccessorImpl.invoke(DelegatingMethodAccessorImpl.java:43) ~[na:1.8.0_40]
	at java.lang.reflect.Method.invoke(Method.java:497) ~[na:1.8.0_40]
	at org.springframework.web.bind.annotation.support.HandlerMethodInvoker.invokeHandlerMethod(HandlerMethodInvoker.java:176) [spring-web-3.2.4.RELEASE.jar:3.2.4.RELEASE]
	at org.springframework.web.servlet.mvc.annotation.AnnotationMethodHandlerAdapter.invokeHandlerMethod(AnnotationMethodHandlerAdapter.java:440) [spring-webmvc-3.2.5.RELEASE.jar:3.2.5.RELEASE]
	at org.springframework.web.servlet.mvc.annotation.AnnotationMethodHandlerAdapter.handle(AnnotationMethodHandlerAdapter.java:428) [spring-webmvc-3.2.5.RELEASE.jar:3.2.5.RELEASE]
	at org.springframework.web.servlet.DispatcherServlet.doDispatch(DispatcherServlet.java:925) [spring-webmvc-3.2.5.RELEASE.jar:3.2.5.RELEASE]
	at org.springframework.web.servlet.DispatcherServlet.doService(DispatcherServlet.java:856) [spring-webmvc-3.2.5.RELEASE.jar:3.2.5.RELEASE]
	at org.springframework.web.servlet.FrameworkServlet.processRequest(FrameworkServlet.java:936) [spring-webmvc-3.2.5.RELEASE.jar:3.2.5.RELEASE]
	at org.springframework.web.servlet.FrameworkServlet.doPost(FrameworkServlet.java:838) [spring-webmvc-3.2.5.RELEASE.jar:3.2.5.RELEASE]
	at javax.servlet.http.HttpServlet.service(HttpServlet.java:727) [servlet-api-2.5-20081211.jar:na]
	at org.springframework.web.servlet.FrameworkServlet.service(FrameworkServlet.java:812) [spring-webmvc-3.2.5.RELEASE.jar:3.2.5.RELEASE]
	at javax.servlet.http.HttpServlet.service(HttpServlet.java:820) [servlet-api-2.5-20081211.jar:na]
	at org.mortbay.jetty.servlet.ServletHolder.handle(ServletHolder.java:511) [jetty-6.1.26.jar:6.1.26]
	at org.mortbay.jetty.servlet.ServletHandler$CachedChain.doFilter(ServletHandler.java:1221) [jetty-6.1.26.jar:6.1.26]
	at org.springframework.web.filter.CharacterEncodingFilter.doFilterInternal(CharacterEncodingFilter.java:88) [spring-web-3.2.4.RELEASE.jar:3.2.4.RELEASE]
	at org.springframework.web.filter.OncePerRequestFilter.doFilter(OncePerRequestFilter.java:107) [spring-web-3.2.4.RELEASE.jar:3.2.4.RELEASE]
	at org.mortbay.jetty.servlet.ServletHandler$CachedChain.doFilter(ServletHandler.java:1212) [jetty-6.1.26.jar:6.1.26]
	at com.ufufund.ufb.web.filter.RefreshHolderFilter.doFilter(RefreshHolderFilter.java:31) [classes/:na]
	at org.mortbay.jetty.servlet.ServletHandler$CachedChain.doFilter(ServletHandler.java:1212) [jetty-6.1.26.jar:6.1.26]
	at com.ufufund.ufb.web.filter.ServletHolderFilter.doFilter(ServletHolderFilter.java:26) [classes/:na]
	at org.mortbay.jetty.servlet.ServletHandler$CachedChain.doFilter(ServletHandler.java:1212) [jetty-6.1.26.jar:6.1.26]
	at org.mortbay.jetty.servlet.ServletHandler.handle(ServletHandler.java:399) [jetty-6.1.26.jar:6.1.26]
	at org.mortbay.jetty.security.SecurityHandler.handle(SecurityHandler.java:216) [jetty-6.1.26.jar:6.1.26]
	at org.mortbay.jetty.servlet.SessionHandler.handle(SessionHandler.java:182) [jetty-6.1.26.jar:6.1.26]
	at org.mortbay.jetty.handler.ContextHandler.handle(ContextHandler.java:766) [jetty-6.1.26.jar:6.1.26]
	at org.mortbay.jetty.webapp.WebAppContext.handle(WebAppContext.java:450) [jetty-6.1.26.jar:6.1.26]
	at org.mortbay.jetty.handler.HandlerWrapper.handle(HandlerWrapper.java:152) [jetty-6.1.26.jar:6.1.26]
	at org.mortbay.jetty.Server.handle(Server.java:326) [jetty-6.1.26.jar:6.1.26]
	at org.mortbay.jetty.HttpConnection.handleRequest(HttpConnection.java:542) [jetty-6.1.26.jar:6.1.26]
	at org.mortbay.jetty.HttpConnection$RequestHandler.content(HttpConnection.java:945) [jetty-6.1.26.jar:6.1.26]
	at org.mortbay.jetty.HttpParser.parseNext(HttpParser.java:756) [jetty-6.1.26.jar:6.1.26]
	at org.mortbay.jetty.HttpParser.parseAvailable(HttpParser.java:218) [jetty-6.1.26.jar:6.1.26]
	at org.mortbay.jetty.HttpConnection.handle(HttpConnection.java:404) [jetty-6.1.26.jar:6.1.26]
	at org.mortbay.io.nio.SelectChannelEndPoint.run(SelectChannelEndPoint.java:410) [jetty-6.1.26.jar:6.1.26]
	at org.mortbay.thread.QueuedThreadPool$PoolThread.run(QueuedThreadPool.java:582) [jetty-util-6.1.26.jar:6.1.26]
2015-08-09 22:57:53,839 DEBUG [644724347@qtp-1182320432-28] c.u.u.b.manager.impl.CustManagerImpl [ImplCommon.java : 31] [de043585-bee7-4e0d-8e60-73abcea87c7b] loginIn : LoginAction[loginCode=18616502187,loginPassword=1q2w3e,processId=[de043585-bee7-4e0d-8e60-73abcea87c7b] ]
2015-08-09 22:57:54,169 DEBUG [644724347@qtp-1182320432-28] c.u.u.b.manager.impl.CustManagerImpl [ImplCommon.java : 31] [497a2f4c-89f7-41dd-a909-73a138d15cd5] loginIn : LoginAction[loginCode=<null>,loginPassword=<null>,processId=[497a2f4c-89f7-41dd-a909-73a138d15cd5] ]
2015-08-09 22:57:54,169 DEBUG [644724347@qtp-1182320432-28] AppException [AppException.java : 90] [497a2f4c-89f7-41dd-a909-73a138d15cd5]  errcode :NECESSARY_EMPTY errmsg :登录账号不能为空
2015-08-09 22:57:54,173 ERROR [644724347@qtp-1182320432-28] c.u.u.web.controller.CustController [CustController.java : 277] 登录账号不能为空
com.ufufund.ufb.biz.exception.BizException: 登录账号不能为空
	at com.ufufund.ufb.biz.manager.impl.validator.CustManagerValidator.validator(CustManagerValidator.java:34) ~[classes/:na]
	at com.ufufund.ufb.biz.manager.impl.CustManagerImpl.loginIn(CustManagerImpl.java:172) ~[classes/:na]
	at com.ufufund.ufb.web.controller.CustController.loginIn(CustController.java:231) ~[classes/:na]
	at sun.reflect.NativeMethodAccessorImpl.invoke0(Native Method) ~[na:1.8.0_40]
	at sun.reflect.NativeMethodAccessorImpl.invoke(NativeMethodAccessorImpl.java:62) ~[na:1.8.0_40]
	at sun.reflect.DelegatingMethodAccessorImpl.invoke(DelegatingMethodAccessorImpl.java:43) ~[na:1.8.0_40]
	at java.lang.reflect.Method.invoke(Method.java:497) ~[na:1.8.0_40]
	at org.springframework.web.bind.annotation.support.HandlerMethodInvoker.invokeHandlerMethod(HandlerMethodInvoker.java:176) [spring-web-3.2.4.RELEASE.jar:3.2.4.RELEASE]
	at org.springframework.web.servlet.mvc.annotation.AnnotationMethodHandlerAdapter.invokeHandlerMethod(AnnotationMethodHandlerAdapter.java:440) [spring-webmvc-3.2.5.RELEASE.jar:3.2.5.RELEASE]
	at org.springframework.web.servlet.mvc.annotation.AnnotationMethodHandlerAdapter.handle(AnnotationMethodHandlerAdapter.java:428) [spring-webmvc-3.2.5.RELEASE.jar:3.2.5.RELEASE]
	at org.springframework.web.servlet.DispatcherServlet.doDispatch(DispatcherServlet.java:925) [spring-webmvc-3.2.5.RELEASE.jar:3.2.5.RELEASE]
	at org.springframework.web.servlet.DispatcherServlet.doService(DispatcherServlet.java:856) [spring-webmvc-3.2.5.RELEASE.jar:3.2.5.RELEASE]
	at org.springframework.web.servlet.FrameworkServlet.processRequest(FrameworkServlet.java:936) [spring-webmvc-3.2.5.RELEASE.jar:3.2.5.RELEASE]
	at org.springframework.web.servlet.FrameworkServlet.doGet(FrameworkServlet.java:827) [spring-webmvc-3.2.5.RELEASE.jar:3.2.5.RELEASE]
	at javax.servlet.http.HttpServlet.service(HttpServlet.java:707) [servlet-api-2.5-20081211.jar:na]
	at org.springframework.web.servlet.FrameworkServlet.service(FrameworkServlet.java:812) [spring-webmvc-3.2.5.RELEASE.jar:3.2.5.RELEASE]
	at javax.servlet.http.HttpServlet.service(HttpServlet.java:820) [servlet-api-2.5-20081211.jar:na]
	at org.mortbay.jetty.servlet.ServletHolder.handle(ServletHolder.java:511) [jetty-6.1.26.jar:6.1.26]
	at org.mortbay.jetty.servlet.ServletHandler$CachedChain.doFilter(ServletHandler.java:1221) [jetty-6.1.26.jar:6.1.26]
	at org.springframework.web.filter.CharacterEncodingFilter.doFilterInternal(CharacterEncodingFilter.java:88) [spring-web-3.2.4.RELEASE.jar:3.2.4.RELEASE]
	at org.springframework.web.filter.OncePerRequestFilter.doFilter(OncePerRequestFilter.java:107) [spring-web-3.2.4.RELEASE.jar:3.2.4.RELEASE]
	at org.mortbay.jetty.servlet.ServletHandler$CachedChain.doFilter(ServletHandler.java:1212) [jetty-6.1.26.jar:6.1.26]
	at com.ufufund.ufb.web.filter.RefreshHolderFilter.doFilter(RefreshHolderFilter.java:31) [classes/:na]
	at org.mortbay.jetty.servlet.ServletHandler$CachedChain.doFilter(ServletHandler.java:1212) [jetty-6.1.26.jar:6.1.26]
	at com.ufufund.ufb.web.filter.ServletHolderFilter.doFilter(ServletHolderFilter.java:26) [classes/:na]
	at org.mortbay.jetty.servlet.ServletHandler$CachedChain.doFilter(ServletHandler.java:1212) [jetty-6.1.26.jar:6.1.26]
	at org.mortbay.jetty.servlet.ServletHandler.handle(ServletHandler.java:399) [jetty-6.1.26.jar:6.1.26]
	at org.mortbay.jetty.security.SecurityHandler.handle(SecurityHandler.java:216) [jetty-6.1.26.jar:6.1.26]
	at org.mortbay.jetty.servlet.SessionHandler.handle(SessionHandler.java:182) [jetty-6.1.26.jar:6.1.26]
	at org.mortbay.jetty.handler.ContextHandler.handle(ContextHandler.java:766) [jetty-6.1.26.jar:6.1.26]
	at org.mortbay.jetty.webapp.WebAppContext.handle(WebAppContext.java:450) [jetty-6.1.26.jar:6.1.26]
	at org.mortbay.jetty.handler.HandlerWrapper.handle(HandlerWrapper.java:152) [jetty-6.1.26.jar:6.1.26]
	at org.mortbay.jetty.Server.handle(Server.java:326) [jetty-6.1.26.jar:6.1.26]
	at org.mortbay.jetty.HttpConnection.handleRequest(HttpConnection.java:542) [jetty-6.1.26.jar:6.1.26]
	at org.mortbay.jetty.HttpConnection$RequestHandler.headerComplete(HttpConnection.java:928) [jetty-6.1.26.jar:6.1.26]
	at org.mortbay.jetty.HttpParser.parseNext(HttpParser.java:549) [jetty-6.1.26.jar:6.1.26]
	at org.mortbay.jetty.HttpParser.parseAvailable(HttpParser.java:212) [jetty-6.1.26.jar:6.1.26]
	at org.mortbay.jetty.HttpConnection.handle(HttpConnection.java:404) [jetty-6.1.26.jar:6.1.26]
	at org.mortbay.io.nio.SelectChannelEndPoint.run(SelectChannelEndPoint.java:410) [jetty-6.1.26.jar:6.1.26]
	at org.mortbay.thread.QueuedThreadPool$PoolThread.run(QueuedThreadPool.java:582) [jetty-util-6.1.26.jar:6.1.26]
2015-08-09 22:58:21,574 DEBUG [644724347@qtp-1182320432-28] c.u.u.b.m.impl.BankCardManagerImpl [ImplCommon.java : 31] [4ec28612-d5ce-4719-8ca7-703f9af6d4af] openAccoStep2 : OpenAccountAction[fundcorpno=01,custno=CU150809210900JM6QX6S7A4,invtp=<null>,level=<null>,tradepwd=<null>,tradepwd2=<null>,mobileautocode=<null>,serialno=<null>,accoreqserial=<null>,transactionaccountid=<null>,otherserial=<null>,protocolno=<null>,invnm=测试账号1,idno=110101198808088371,idtp=<null>,mobile=18616502187,telno=12345678,emailadd=12345678@qq.com,orgnm=aaaaa,orgbusiness=ccccc,orgprovinceno=福建省,orgprovincenm=<null>,orgcityno=北京市,orgcitynm=<null>,orgadd=测试幼儿园1地址,bankno=<null>,bankacnm=<null>,bankidtp=<null>,bankidno=<null>,bankacco=<null>,bankacco2=<null>,bankmobile=<null>,bankprovinceno=<null>,bankprovincenm=<null>,bankcityno=<null>,bankcitynm=<null>,bankadd=<null>,rerpidtp=<null>,rerpidno=110101198808088371,rerpvalidt=<null>,rerpnm=测试账号1,hftfamilytradeaccoct=0,hftoperatortradeaccoct=0,hftorganizationtradeaccoct=0,cpfamilytradeaccoct=0,cporganizationtradeaccoct=0,openaccoflag=false,checkautocodeflag=false,processId=[4ec28612-d5ce-4719-8ca7-703f9af6d4af] ]
2015-08-09 22:58:21,608 DEBUG [644724347@qtp-1182320432-28] c.u.u.b.manager.impl.CustManagerImpl [ImplCommon.java : 31] [3322ccb1a8660114f518c9e965ba67f4] isIdnoRegister : 110101198808088371
2015-08-09 22:58:41,277 DEBUG [644724347@qtp-1182320432-28] c.u.u.b.m.impl.BankCardManagerImpl [ImplCommon.java : 31] [8c72c829-ab4c-45dc-b55c-a1d91c7dbd48] openAccoStep2 : OpenAccountAction[fundcorpno=01,custno=CU150809210900JM6QX6S7A4,invtp=<null>,level=<null>,tradepwd=<null>,tradepwd2=<null>,mobileautocode=<null>,serialno=<null>,accoreqserial=<null>,transactionaccountid=<null>,otherserial=<null>,protocolno=<null>,invnm=测试账号1,idno=110101198808088371,idtp=<null>,mobile=18616502187,telno=12345678,emailadd=12345678@qq.com,orgnm=aaaaa,orgbusiness=ccccc,orgprovinceno=福建省,orgprovincenm=<null>,orgcityno=北京市,orgcitynm=<null>,orgadd=测试幼儿园1地址,bankno=<null>,bankacnm=<null>,bankidtp=<null>,bankidno=<null>,bankacco=<null>,bankacco2=<null>,bankmobile=<null>,bankprovinceno=<null>,bankprovincenm=<null>,bankcityno=<null>,bankcitynm=<null>,bankadd=<null>,rerpidtp=<null>,rerpidno=110101198808088371,rerpvalidt=<null>,rerpnm=测试账号1,hftfamilytradeaccoct=0,hftoperatortradeaccoct=0,hftorganizationtradeaccoct=0,cpfamilytradeaccoct=0,cporganizationtradeaccoct=0,openaccoflag=false,checkautocodeflag=false,processId=[8c72c829-ab4c-45dc-b55c-a1d91c7dbd48] ]
2015-08-09 22:58:41,317 DEBUG [644724347@qtp-1182320432-28] c.u.u.b.manager.impl.CustManagerImpl [ImplCommon.java : 31] [3322ccb1a8660114f518c9e965ba67f4] isIdnoRegister : 110101198808088371
2015-08-09 23:00:20,915 DEBUG [1795122017@qtp-1182320432-33] c.u.u.b.m.impl.BankCardManagerImpl [ImplCommon.java : 31] [3f99d48c-8604-406a-bf38-5aa8d8cbb8be] openAccoStep2 : OpenAccountAction[fundcorpno=01,custno=CU150809210900JM6QX6S7A4,invtp=<null>,level=<null>,tradepwd=<null>,tradepwd2=<null>,mobileautocode=<null>,serialno=<null>,accoreqserial=<null>,transactionaccountid=<null>,otherserial=<null>,protocolno=<null>,invnm=测试账号1,idno=110101198808088371,idtp=<null>,mobile=18616502187,telno=12345678,emailadd=12345678@qq.com,orgnm=aaaaa,orgbusiness=ccccc,orgprovinceno=福建省,orgprovincenm=<null>,orgcityno=上海市,orgcitynm=<null>,orgadd=测试幼儿园1地址,bankno=<null>,bankacnm=<null>,bankidtp=<null>,bankidno=<null>,bankacco=<null>,bankacco2=<null>,bankmobile=<null>,bankprovinceno=<null>,bankprovincenm=<null>,bankcityno=<null>,bankcitynm=<null>,bankadd=<null>,rerpidtp=<null>,rerpidno=110101198808088371,rerpvalidt=<null>,rerpnm=测试账号1,hftfamilytradeaccoct=0,hftoperatortradeaccoct=0,hftorganizationtradeaccoct=0,cpfamilytradeaccoct=0,cporganizationtradeaccoct=0,openaccoflag=false,checkautocodeflag=false,processId=[3f99d48c-8604-406a-bf38-5aa8d8cbb8be] ]
2015-08-09 23:00:20,960 DEBUG [1795122017@qtp-1182320432-33] c.u.u.b.manager.impl.CustManagerImpl [ImplCommon.java : 31] [a1b54c1365d3a7a606473920758d8a6a] isIdnoRegister : 110101198808088371
2015-08-09 23:01:07,930 DEBUG [1994767933@qtp-1182320432-35] c.u.u.b.m.impl.BankCardManagerImpl [ImplCommon.java : 31] [aec316f6-c102-4985-9b68-7f2e49631a5b] openAccoStep2 : OpenAccountAction[fundcorpno=01,custno=CU150809210900JM6QX6S7A4,invtp=<null>,level=<null>,tradepwd=<null>,tradepwd2=<null>,mobileautocode=<null>,serialno=<null>,accoreqserial=<null>,transactionaccountid=<null>,otherserial=<null>,protocolno=<null>,invnm=测试账号1,idno=110101198808088371,idtp=<null>,mobile=18616502187,telno=12345678,emailadd=12345678@qq.com,orgnm=aaaaa,orgbusiness=ccccc,orgprovinceno=福建省,orgprovincenm=<null>,orgcityno=上海市,orgcitynm=<null>,orgadd=测试幼儿园1地址,bankno=<null>,bankacnm=<null>,bankidtp=<null>,bankidno=<null>,bankacco=<null>,bankacco2=<null>,bankmobile=<null>,bankprovinceno=<null>,bankprovincenm=<null>,bankcityno=<null>,bankcitynm=<null>,bankadd=<null>,rerpidtp=<null>,rerpidno=11010119880808837X,rerpvalidt=<null>,rerpnm=测试账号1,hftfamilytradeaccoct=0,hftoperatortradeaccoct=0,hftorganizationtradeaccoct=0,cpfamilytradeaccoct=0,cporganizationtradeaccoct=0,openaccoflag=false,checkautocodeflag=false,processId=[aec316f6-c102-4985-9b68-7f2e49631a5b] ]
2015-08-09 23:01:07,959 DEBUG [1994767933@qtp-1182320432-35] c.u.u.b.manager.impl.CustManagerImpl [ImplCommon.java : 31] [616abe1f3bcfc8c21a36c76e72c54469] isIdnoRegister : 110101198808088371
2015-08-09 23:01:52,663 DEBUG [1994767933@qtp-1182320432-35] c.u.u.b.m.impl.BankCardManagerImpl [ImplCommon.java : 31] [5cf62fd3-58d2-411b-beaf-fedbad2d5fd9] openAccoStep2 : OpenAccountAction[fundcorpno=01,custno=CU150809210900JM6QX6S7A4,invtp=<null>,level=<null>,tradepwd=<null>,tradepwd2=<null>,mobileautocode=<null>,serialno=<null>,accoreqserial=<null>,transactionaccountid=<null>,otherserial=<null>,protocolno=<null>,invnm=测试账号1,idno=110101198808088371,idtp=<null>,mobile=18616502187,telno=12345678,emailadd=12345678@qq.com,orgnm=aaaaa,orgbusiness=ccccc,orgprovinceno=福建省,orgprovincenm=<null>,orgcityno=北京市,orgcitynm=<null>,orgadd=测试幼儿园1地址,bankno=<null>,bankacnm=<null>,bankidtp=<null>,bankidno=<null>,bankacco=<null>,bankacco2=<null>,bankmobile=<null>,bankprovinceno=<null>,bankprovincenm=<null>,bankcityno=<null>,bankcitynm=<null>,bankadd=<null>,rerpidtp=<null>,rerpidno=11010119880808837X,rerpvalidt=<null>,rerpnm=测试账号1,hftfamilytradeaccoct=0,hftoperatortradeaccoct=0,hftorganizationtradeaccoct=0,cpfamilytradeaccoct=0,cporganizationtradeaccoct=0,openaccoflag=false,checkautocodeflag=false,processId=[5cf62fd3-58d2-411b-beaf-fedbad2d5fd9] ]
2015-08-09 23:01:52,701 DEBUG [1994767933@qtp-1182320432-35] c.u.u.b.manager.impl.CustManagerImpl [ImplCommon.java : 31] [616abe1f3bcfc8c21a36c76e72c54469] isIdnoRegister : 110101198808088371
2015-08-09 23:03:46,560 DEBUG [1391069799@qtp-1182320432-31] c.u.u.b.m.impl.BankCardManagerImpl [ImplCommon.java : 31] [3d44203f-9a47-4b0a-b1c0-836e342fc348] openAccoStep2 : OpenAccountAction[fundcorpno=01,custno=CU150809210900JM6QX6S7A4,invtp=<null>,level=<null>,tradepwd=<null>,tradepwd2=<null>,mobileautocode=<null>,serialno=<null>,accoreqserial=<null>,transactionaccountid=<null>,otherserial=<null>,protocolno=<null>,invnm=测试账号1,idno=110101198808088371,idtp=<null>,mobile=18616502187,telno=12345678,emailadd=12345678@qq.com,orgnm=aaaaa,orgbusiness=ccccc,orgprovinceno=福建省,orgprovincenm=<null>,orgcityno=上海市,orgcitynm=<null>,orgadd=测试幼儿园1地址,bankno=<null>,bankacnm=<null>,bankidtp=<null>,bankidno=<null>,bankacco=<null>,bankacco2=<null>,bankmobile=<null>,bankprovinceno=<null>,bankprovincenm=<null>,bankcityno=<null>,bankcitynm=<null>,bankadd=<null>,rerpidtp=<null>,rerpidno=11010119880808837X,rerpvalidt=<null>,rerpnm=测试账号1,hftfamilytradeaccoct=0,hftoperatortradeaccoct=0,hftorganizationtradeaccoct=0,cpfamilytradeaccoct=0,cporganizationtradeaccoct=0,openaccoflag=false,checkautocodeflag=false,processId=[3d44203f-9a47-4b0a-b1c0-836e342fc348] ]
2015-08-09 23:03:46,618 DEBUG [1391069799@qtp-1182320432-31] c.u.u.b.manager.impl.CustManagerImpl [ImplCommon.java : 31] [98ba2ca8fb1deaab101fb4ff7006d6e1] isIdnoRegister : 110101198808088371
2015-08-09 23:06:25,030 DEBUG [1391069799@qtp-1182320432-31] c.u.u.b.m.impl.BankCardManagerImpl [ImplCommon.java : 31] [8b97c4f7-27a5-4956-81f6-13720808e61f] openAccoStep2 : OpenAccountAction[fundcorpno=01,custno=CU150809210900JM6QX6S7A4,invtp=<null>,level=<null>,tradepwd=<null>,tradepwd2=<null>,mobileautocode=<null>,serialno=<null>,accoreqserial=<null>,transactionaccountid=<null>,otherserial=<null>,protocolno=<null>,invnm=测试账号1,idno=110101198808088371,idtp=<null>,mobile=18616502187,telno=12345678,emailadd=12345678@qq.com,orgnm=aaaaa,orgbusiness=ccccc,orgprovinceno=福建省,orgprovincenm=<null>,orgcityno=上海市,orgcitynm=<null>,orgadd=测试幼儿园1地址,bankno=<null>,bankacnm=<null>,bankidtp=<null>,bankidno=<null>,bankacco=<null>,bankacco2=<null>,bankmobile=<null>,bankprovinceno=<null>,bankprovincenm=<null>,bankcityno=<null>,bankcitynm=<null>,bankadd=<null>,rerpidtp=<null>,rerpidno=11010119880808837X,rerpvalidt=<null>,rerpnm=测试账号1,hftfamilytradeaccoct=0,hftoperatortradeaccoct=0,hftorganizationtradeaccoct=0,cpfamilytradeaccoct=0,cporganizationtradeaccoct=0,openaccoflag=false,checkautocodeflag=false,processId=[8b97c4f7-27a5-4956-81f6-13720808e61f] ]
2015-08-09 23:06:25,067 DEBUG [1391069799@qtp-1182320432-31] c.u.u.b.manager.impl.CustManagerImpl [ImplCommon.java : 31] [98ba2ca8fb1deaab101fb4ff7006d6e1] isIdnoRegister : 110101198808088371
2015-08-09 23:06:56,931 DEBUG [1455763679@qtp-1182320432-39] c.u.u.b.m.impl.BankCardManagerImpl [ImplCommon.java : 31] [649e9777-1ad6-4ae7-bcba-7d01d715d101] openAccoStep2 : OpenAccountAction[fundcorpno=01,custno=CU150809210900JM6QX6S7A4,invtp=<null>,level=<null>,tradepwd=<null>,tradepwd2=<null>,mobileautocode=<null>,serialno=<null>,accoreqserial=<null>,transactionaccountid=<null>,otherserial=<null>,protocolno=<null>,invnm=测试账号1,idno=110101198808088371,idtp=<null>,mobile=18616502187,telno=12345678,emailadd=12345678@qq.com,orgnm=aaaaa,orgbusiness=ccccc,orgprovinceno=福建省,orgprovincenm=<null>,orgcityno=上海市,orgcitynm=<null>,orgadd=测试幼儿园1地址,bankno=<null>,bankacnm=<null>,bankidtp=<null>,bankidno=<null>,bankacco=<null>,bankacco2=<null>,bankmobile=<null>,bankprovinceno=<null>,bankprovincenm=<null>,bankcityno=<null>,bankcitynm=<null>,bankadd=<null>,rerpidtp=<null>,rerpidno=11010119880808837X,rerpvalidt=<null>,rerpnm=测试账号1,hftfamilytradeaccoct=0,hftoperatortradeaccoct=0,hftorganizationtradeaccoct=0,cpfamilytradeaccoct=0,cporganizationtradeaccoct=0,openaccoflag=false,checkautocodeflag=false,processId=[649e9777-1ad6-4ae7-bcba-7d01d715d101] ]
2015-08-09 23:06:56,958 DEBUG [1455763679@qtp-1182320432-39] c.u.u.b.manager.impl.CustManagerImpl [ImplCommon.java : 31] [cd5c81160c8792d3fa87d0b4f72284fe] isIdnoRegister : 110101198808088371
2015-08-09 23:07:42,713 DEBUG [1455763679@qtp-1182320432-39] c.u.u.b.m.impl.BankCardManagerImpl [ImplCommon.java : 31] [b74c521a-b005-4f8d-a893-f97c66674567] openAccoStep2 : OpenAccountAction[fundcorpno=01,custno=CU150809210900JM6QX6S7A4,invtp=<null>,level=<null>,tradepwd=<null>,tradepwd2=<null>,mobileautocode=<null>,serialno=<null>,accoreqserial=<null>,transactionaccountid=<null>,otherserial=<null>,protocolno=<null>,invnm=测试账号1,idno=110101198808088371,idtp=<null>,mobile=18616502187,telno=12345678,emailadd=12345678@qq.com,orgnm=aaaaa,orgbusiness=ccccc,orgprovinceno=福建省,orgprovincenm=<null>,orgcityno=上海市,orgcitynm=<null>,orgadd=测试幼儿园1地址,bankno=<null>,bankacnm=<null>,bankidtp=<null>,bankidno=<null>,bankacco=<null>,bankacco2=<null>,bankmobile=<null>,bankprovinceno=<null>,bankprovincenm=<null>,bankcityno=<null>,bankcitynm=<null>,bankadd=<null>,rerpidtp=<null>,rerpidno=11010119880808837X,rerpvalidt=<null>,rerpnm=测试账号1,hftfamilytradeaccoct=0,hftoperatortradeaccoct=0,hftorganizationtradeaccoct=0,cpfamilytradeaccoct=0,cporganizationtradeaccoct=0,openaccoflag=false,checkautocodeflag=false,processId=[b74c521a-b005-4f8d-a893-f97c66674567] ]
2015-08-09 23:07:42,741 DEBUG [1455763679@qtp-1182320432-39] c.u.u.b.manager.impl.CustManagerImpl [ImplCommon.java : 31] [cd5c81160c8792d3fa87d0b4f72284fe] isIdnoRegister : 110101198808088371
