2015-08-10 10:20:27,514 WARN [214074868@qtp-1182320432-0] o.a.v.tools.view.XMLToolboxManager [XMLToolboxManager.java : 100] XMLToolboxManager has been deprecated. Please use org.apache.velocity.tools.ToolboxFactory instead.
2015-08-10 10:20:27,546 WARN [214074868@qtp-1182320432-0] o.a.v.t.v.s.ServletToolboxManager [ServletToolboxManager.java : 131] ServletToolboxManager has been deprecated. Please use org.apache.velocity.tools.ToolboxFactory instead.
2015-08-10 10:20:32,957 DEBUG [214074868@qtp-1182320432-0] c.u.u.b.manager.impl.CustManagerImpl [ImplCommon.java : 31] [70121396-0ff5-4afd-a87f-d456a0fcd88f] loginIn : LoginAction[loginCode=18616502181,loginPassword=1q2w3e,processId=[70121396-0ff5-4afd-a87f-d456a0fcd88f] ]
2015-08-10 10:20:39,366 DEBUG [1651166162@qtp-1182320432-3] c.u.u.b.manager.impl.CustManagerImpl [ImplCommon.java : 31] [640769da-d979-441c-aabe-bfe60d3055ca] loginIn : LoginAction[loginCode=<null>,loginPassword=<null>,processId=[640769da-d979-441c-aabe-bfe60d3055ca] ]
2015-08-10 10:20:39,460 DEBUG [1651166162@qtp-1182320432-3] AppException [AppException.java : 90] [640769da-d979-441c-aabe-bfe60d3055ca]  errcode :NECESSARY_EMPTY errmsg :登录账号不能为空
2015-08-10 10:20:39,472 ERROR [1651166162@qtp-1182320432-3] c.u.u.web.controller.CustController [CustController.java : 277] 登录账号不能为空
com.ufufund.ufb.biz.exception.BizException: 登录账号不能为空
	at com.ufufund.ufb.biz.manager.impl.validator.CustManagerValidator.validator(CustManagerValidator.java:34) ~[classes/:na]
	at com.ufufund.ufb.biz.manager.impl.CustManagerImpl.loginIn(CustManagerImpl.java:172) ~[classes/:na]
	at com.ufufund.ufb.web.controller.CustController.loginIn(CustController.java:231) ~[classes/:na]
	at sun.reflect.NativeMethodAccessorImpl.invoke0(Native Method) ~[na:1.8.0_40]
	at sun.reflect.NativeMethodAccessorImpl.invoke(NativeMethodAccessorImpl.java:62) ~[na:1.8.0_40]
	at sun.reflect.DelegatingMethodAccessorImpl.invoke(DelegatingMethodAccessorImpl.java:43) ~[na:1.8.0_40]
	at java.lang.reflect.Method.invoke(Method.java:497) ~[na:1.8.0_40]
	at org.springframework.web.bind.annotation.support.HandlerMethodInvoker.invokeHandlerMethod(HandlerMethodInvoker.java:176) [spring-web-3.2.4.RELEASE.jar:3.2.4.RELEASE]
	at org.springframework.web.servlet.mvc.annotation.AnnotationMethodHandlerAdapter.invokeHandlerMethod(AnnotationMethodHandlerAdapter.java:440) [spring-webmvc-3.2.5.RELEASE.jar:3.2.5.RELEASE]
	at org.springframework.web.servlet.mvc.annotation.AnnotationMethodHandlerAdapter.handle(AnnotationMethodHandlerAdapter.java:428) [spring-webmvc-3.2.5.RELEASE.jar:3.2.5.RELEASE]
	at org.springframework.web.servlet.DispatcherServlet.doDispatch(DispatcherServlet.java:925) [spring-webmvc-3.2.5.RELEASE.jar:3.2.5.RELEASE]
	at org.springframework.web.servlet.DispatcherServlet.doService(DispatcherServlet.java:856) [spring-webmvc-3.2.5.RELEASE.jar:3.2.5.RELEASE]
	at org.springframework.web.servlet.FrameworkServlet.processRequest(FrameworkServlet.java:936) [spring-webmvc-3.2.5.RELEASE.jar:3.2.5.RELEASE]
	at org.springframework.web.servlet.FrameworkServlet.doGet(FrameworkServlet.java:827) [spring-webmvc-3.2.5.RELEASE.jar:3.2.5.RELEASE]
	at javax.servlet.http.HttpServlet.service(HttpServlet.java:707) [servlet-api-2.5-20081211.jar:na]
	at org.springframework.web.servlet.FrameworkServlet.service(FrameworkServlet.java:812) [spring-webmvc-3.2.5.RELEASE.jar:3.2.5.RELEASE]
	at javax.servlet.http.HttpServlet.service(HttpServlet.java:820) [servlet-api-2.5-20081211.jar:na]
	at org.mortbay.jetty.servlet.ServletHolder.handle(ServletHolder.java:511) [jetty-6.1.26.jar:6.1.26]
	at org.mortbay.jetty.servlet.ServletHandler$CachedChain.doFilter(ServletHandler.java:1221) [jetty-6.1.26.jar:6.1.26]
	at org.springframework.web.filter.CharacterEncodingFilter.doFilterInternal(CharacterEncodingFilter.java:88) [spring-web-3.2.4.RELEASE.jar:3.2.4.RELEASE]
	at org.springframework.web.filter.OncePerRequestFilter.doFilter(OncePerRequestFilter.java:107) [spring-web-3.2.4.RELEASE.jar:3.2.4.RELEASE]
	at org.mortbay.jetty.servlet.ServletHandler$CachedChain.doFilter(ServletHandler.java:1212) [jetty-6.1.26.jar:6.1.26]
	at com.ufufund.ufb.web.filter.RefreshHolderFilter.doFilter(RefreshHolderFilter.java:31) [classes/:na]
	at org.mortbay.jetty.servlet.ServletHandler$CachedChain.doFilter(ServletHandler.java:1212) [jetty-6.1.26.jar:6.1.26]
	at com.ufufund.ufb.web.filter.ServletHolderFilter.doFilter(ServletHolderFilter.java:26) [classes/:na]
	at org.mortbay.jetty.servlet.ServletHandler$CachedChain.doFilter(ServletHandler.java:1212) [jetty-6.1.26.jar:6.1.26]
	at org.mortbay.jetty.servlet.ServletHandler.handle(ServletHandler.java:399) [jetty-6.1.26.jar:6.1.26]
	at org.mortbay.jetty.security.SecurityHandler.handle(SecurityHandler.java:216) [jetty-6.1.26.jar:6.1.26]
	at org.mortbay.jetty.servlet.SessionHandler.handle(SessionHandler.java:182) [jetty-6.1.26.jar:6.1.26]
	at org.mortbay.jetty.handler.ContextHandler.handle(ContextHandler.java:766) [jetty-6.1.26.jar:6.1.26]
	at org.mortbay.jetty.webapp.WebAppContext.handle(WebAppContext.java:450) [jetty-6.1.26.jar:6.1.26]
	at org.mortbay.jetty.handler.HandlerWrapper.handle(HandlerWrapper.java:152) [jetty-6.1.26.jar:6.1.26]
	at org.mortbay.jetty.Server.handle(Server.java:326) [jetty-6.1.26.jar:6.1.26]
	at org.mortbay.jetty.HttpConnection.handleRequest(HttpConnection.java:542) [jetty-6.1.26.jar:6.1.26]
	at org.mortbay.jetty.HttpConnection$RequestHandler.headerComplete(HttpConnection.java:928) [jetty-6.1.26.jar:6.1.26]
	at org.mortbay.jetty.HttpParser.parseNext(HttpParser.java:549) [jetty-6.1.26.jar:6.1.26]
	at org.mortbay.jetty.HttpParser.parseAvailable(HttpParser.java:212) [jetty-6.1.26.jar:6.1.26]
	at org.mortbay.jetty.HttpConnection.handle(HttpConnection.java:404) [jetty-6.1.26.jar:6.1.26]
	at org.mortbay.io.nio.SelectChannelEndPoint.run(SelectChannelEndPoint.java:410) [jetty-6.1.26.jar:6.1.26]
	at org.mortbay.thread.QueuedThreadPool$PoolThread.run(QueuedThreadPool.java:582) [jetty-util-6.1.26.jar:6.1.26]
2015-08-10 10:20:46,092 DEBUG [1651166162@qtp-1182320432-3] c.u.u.b.m.impl.AutotradeManagerImpl [ImplCommon.java : 31] [270f40762df9bc25b4a678f29b35a22f] getAutotradeList : CU150808210928K18T2LIGH1
2015-08-10 10:21:07,715 DEBUG [1651166162@qtp-1182320432-3] c.u.u.b.m.impl.AutotradeManagerImpl [ImplCommon.java : 31] [270f40762df9bc25b4a678f29b35a22f] getAutotradeList : CU150808210928K18T2LIGH1
2015-08-10 10:22:43,490 DEBUG [1651166162@qtp-1182320432-3] c.u.u.b.m.impl.AutotradeManagerImpl [ImplCommon.java : 31] [270f40762df9bc25b4a678f29b35a22f] getAutotradeList : CU150808210928K18T2LIGH1
2015-08-10 10:43:04,981 DEBUG [862237745@qtp-1182320432-7] c.u.u.b.m.impl.AutotradeManagerImpl [ImplCommon.java : 31] [75d62e7cb8d1471dc5bcfb46e2049bfc] getNextdate : 
2015-08-10 10:43:16,709 DEBUG [862237745@qtp-1182320432-7] c.u.u.b.m.impl.AutotradeManagerImpl [ImplCommon.java : 31] [dd9b1d57-b466-4cc4-9460-4a7c402967e8] addAutotrade : AddAutotradeAction[autoname=<null>,custno=CU150808210928K18T2LIGH1,tradetype=AUTORECHARGE,type=E,cycle=MM,dat=15,fromfundcorpno=<null>,fromfundcode=<null>,fromchargetype=<null>,frombankserialid=BA150808210947D9XIIR0JA2,frombankacco=<null>,fromaccoid=<null>,fromtradeacco=<null>,tofundcorpno=01,tofundcode=519505,tochargetype=A,tobankserialid=<null>,tobankacco=<null>,toaccoid=<null>,totradeacco=<null>,autoamt=10.00,autovol=0,lastdate=<null>,nextdate=20150817,summary=好,tradepwd=123qwe,processId=[dd9b1d57-b466-4cc4-9460-4a7c402967e8] ]
2015-08-10 10:43:16,729 WARN [862237745@qtp-1182320432-7] c.u.u.w.controller.SettingController [SettingController.java : 541] 9999-交易密码错误！
com.ufufund.ufb.common.exception.UserException: 9999-交易密码错误！
	at com.ufufund.ufb.biz.manager.impl.AutotradeManagerImpl.addAutotrade(AutotradeManagerImpl.java:62) ~[classes/:na]
	at com.ufufund.ufb.web.controller.SettingController.autoTradeResult(SettingController.java:536) ~[classes/:na]
	at sun.reflect.NativeMethodAccessorImpl.invoke0(Native Method) ~[na:1.8.0_40]
	at sun.reflect.NativeMethodAccessorImpl.invoke(NativeMethodAccessorImpl.java:62) ~[na:1.8.0_40]
	at sun.reflect.DelegatingMethodAccessorImpl.invoke(DelegatingMethodAccessorImpl.java:43) ~[na:1.8.0_40]
	at java.lang.reflect.Method.invoke(Method.java:497) ~[na:1.8.0_40]
	at org.springframework.web.bind.annotation.support.HandlerMethodInvoker.invokeHandlerMethod(HandlerMethodInvoker.java:176) [spring-web-3.2.4.RELEASE.jar:3.2.4.RELEASE]
	at org.springframework.web.servlet.mvc.annotation.AnnotationMethodHandlerAdapter.invokeHandlerMethod(AnnotationMethodHandlerAdapter.java:440) [spring-webmvc-3.2.5.RELEASE.jar:3.2.5.RELEASE]
	at org.springframework.web.servlet.mvc.annotation.AnnotationMethodHandlerAdapter.handle(AnnotationMethodHandlerAdapter.java:428) [spring-webmvc-3.2.5.RELEASE.jar:3.2.5.RELEASE]
	at org.springframework.web.servlet.DispatcherServlet.doDispatch(DispatcherServlet.java:925) [spring-webmvc-3.2.5.RELEASE.jar:3.2.5.RELEASE]
	at org.springframework.web.servlet.DispatcherServlet.doService(DispatcherServlet.java:856) [spring-webmvc-3.2.5.RELEASE.jar:3.2.5.RELEASE]
	at org.springframework.web.servlet.FrameworkServlet.processRequest(FrameworkServlet.java:936) [spring-webmvc-3.2.5.RELEASE.jar:3.2.5.RELEASE]
	at org.springframework.web.servlet.FrameworkServlet.doPost(FrameworkServlet.java:838) [spring-webmvc-3.2.5.RELEASE.jar:3.2.5.RELEASE]
	at javax.servlet.http.HttpServlet.service(HttpServlet.java:727) [servlet-api-2.5-20081211.jar:na]
	at org.springframework.web.servlet.FrameworkServlet.service(FrameworkServlet.java:812) [spring-webmvc-3.2.5.RELEASE.jar:3.2.5.RELEASE]
	at javax.servlet.http.HttpServlet.service(HttpServlet.java:820) [servlet-api-2.5-20081211.jar:na]
	at org.mortbay.jetty.servlet.ServletHolder.handle(ServletHolder.java:511) [jetty-6.1.26.jar:6.1.26]
	at org.mortbay.jetty.servlet.ServletHandler$CachedChain.doFilter(ServletHandler.java:1221) [jetty-6.1.26.jar:6.1.26]
	at org.springframework.web.filter.CharacterEncodingFilter.doFilterInternal(CharacterEncodingFilter.java:88) [spring-web-3.2.4.RELEASE.jar:3.2.4.RELEASE]
	at org.springframework.web.filter.OncePerRequestFilter.doFilter(OncePerRequestFilter.java:107) [spring-web-3.2.4.RELEASE.jar:3.2.4.RELEASE]
	at org.mortbay.jetty.servlet.ServletHandler$CachedChain.doFilter(ServletHandler.java:1212) [jetty-6.1.26.jar:6.1.26]
	at com.ufufund.ufb.web.filter.RefreshHolderFilter.doFilter(RefreshHolderFilter.java:31) [classes/:na]
	at org.mortbay.jetty.servlet.ServletHandler$CachedChain.doFilter(ServletHandler.java:1212) [jetty-6.1.26.jar:6.1.26]
	at com.ufufund.ufb.web.filter.ServletHolderFilter.doFilter(ServletHolderFilter.java:26) [classes/:na]
	at org.mortbay.jetty.servlet.ServletHandler$CachedChain.doFilter(ServletHandler.java:1212) [jetty-6.1.26.jar:6.1.26]
	at org.mortbay.jetty.servlet.ServletHandler.handle(ServletHandler.java:399) [jetty-6.1.26.jar:6.1.26]
	at org.mortbay.jetty.security.SecurityHandler.handle(SecurityHandler.java:216) [jetty-6.1.26.jar:6.1.26]
	at org.mortbay.jetty.servlet.SessionHandler.handle(SessionHandler.java:182) [jetty-6.1.26.jar:6.1.26]
	at org.mortbay.jetty.handler.ContextHandler.handle(ContextHandler.java:766) [jetty-6.1.26.jar:6.1.26]
	at org.mortbay.jetty.webapp.WebAppContext.handle(WebAppContext.java:450) [jetty-6.1.26.jar:6.1.26]
	at org.mortbay.jetty.handler.HandlerWrapper.handle(HandlerWrapper.java:152) [jetty-6.1.26.jar:6.1.26]
	at org.mortbay.jetty.Server.handle(Server.java:326) [jetty-6.1.26.jar:6.1.26]
	at org.mortbay.jetty.HttpConnection.handleRequest(HttpConnection.java:542) [jetty-6.1.26.jar:6.1.26]
	at org.mortbay.jetty.HttpConnection$RequestHandler.content(HttpConnection.java:945) [jetty-6.1.26.jar:6.1.26]
	at org.mortbay.jetty.HttpParser.parseNext(HttpParser.java:756) [jetty-6.1.26.jar:6.1.26]
	at org.mortbay.jetty.HttpParser.parseAvailable(HttpParser.java:218) [jetty-6.1.26.jar:6.1.26]
	at org.mortbay.jetty.HttpConnection.handle(HttpConnection.java:404) [jetty-6.1.26.jar:6.1.26]
	at org.mortbay.io.nio.SelectChannelEndPoint.run(SelectChannelEndPoint.java:410) [jetty-6.1.26.jar:6.1.26]
	at org.mortbay.thread.QueuedThreadPool$PoolThread.run(QueuedThreadPool.java:582) [jetty-util-6.1.26.jar:6.1.26]
2015-08-10 10:43:32,887 DEBUG [862237745@qtp-1182320432-7] c.u.u.b.m.impl.AutotradeManagerImpl [ImplCommon.java : 31] [75d62e7cb8d1471dc5bcfb46e2049bfc] getNextdate : 
2015-08-10 10:43:37,196 DEBUG [862237745@qtp-1182320432-7] c.u.u.b.m.impl.AutotradeManagerImpl [ImplCommon.java : 31] [035676d1-8ed9-4583-aa49-f54f31996e8a] addAutotrade : AddAutotradeAction[autoname=<null>,custno=CU150808210928K18T2LIGH1,tradetype=AUTORECHARGE,type=E,cycle=MM,dat=15,fromfundcorpno=<null>,fromfundcode=<null>,fromchargetype=<null>,frombankserialid=BA150808210947D9XIIR0JA2,frombankacco=<null>,fromaccoid=<null>,fromtradeacco=<null>,tofundcorpno=01,tofundcode=519505,tochargetype=A,tobankserialid=<null>,tobankacco=<null>,toaccoid=<null>,totradeacco=<null>,autoamt=1.00,autovol=0,lastdate=<null>,nextdate=20150817,summary=,tradepwd=1q2w3e,processId=[035676d1-8ed9-4583-aa49-f54f31996e8a] ]
2015-08-10 10:43:37,216 WARN [862237745@qtp-1182320432-7] c.u.u.w.controller.SettingController [SettingController.java : 541] 9999-交易密码错误！
com.ufufund.ufb.common.exception.UserException: 9999-交易密码错误！
	at com.ufufund.ufb.biz.manager.impl.AutotradeManagerImpl.addAutotrade(AutotradeManagerImpl.java:62) ~[classes/:na]
	at com.ufufund.ufb.web.controller.SettingController.autoTradeResult(SettingController.java:536) ~[classes/:na]
	at sun.reflect.NativeMethodAccessorImpl.invoke0(Native Method) ~[na:1.8.0_40]
	at sun.reflect.NativeMethodAccessorImpl.invoke(NativeMethodAccessorImpl.java:62) ~[na:1.8.0_40]
	at sun.reflect.DelegatingMethodAccessorImpl.invoke(DelegatingMethodAccessorImpl.java:43) ~[na:1.8.0_40]
	at java.lang.reflect.Method.invoke(Method.java:497) ~[na:1.8.0_40]
	at org.springframework.web.bind.annotation.support.HandlerMethodInvoker.invokeHandlerMethod(HandlerMethodInvoker.java:176) [spring-web-3.2.4.RELEASE.jar:3.2.4.RELEASE]
	at org.springframework.web.servlet.mvc.annotation.AnnotationMethodHandlerAdapter.invokeHandlerMethod(AnnotationMethodHandlerAdapter.java:440) [spring-webmvc-3.2.5.RELEASE.jar:3.2.5.RELEASE]
	at org.springframework.web.servlet.mvc.annotation.AnnotationMethodHandlerAdapter.handle(AnnotationMethodHandlerAdapter.java:428) [spring-webmvc-3.2.5.RELEASE.jar:3.2.5.RELEASE]
	at org.springframework.web.servlet.DispatcherServlet.doDispatch(DispatcherServlet.java:925) [spring-webmvc-3.2.5.RELEASE.jar:3.2.5.RELEASE]
	at org.springframework.web.servlet.DispatcherServlet.doService(DispatcherServlet.java:856) [spring-webmvc-3.2.5.RELEASE.jar:3.2.5.RELEASE]
	at org.springframework.web.servlet.FrameworkServlet.processRequest(FrameworkServlet.java:936) [spring-webmvc-3.2.5.RELEASE.jar:3.2.5.RELEASE]
	at org.springframework.web.servlet.FrameworkServlet.doPost(FrameworkServlet.java:838) [spring-webmvc-3.2.5.RELEASE.jar:3.2.5.RELEASE]
	at javax.servlet.http.HttpServlet.service(HttpServlet.java:727) [servlet-api-2.5-20081211.jar:na]
	at org.springframework.web.servlet.FrameworkServlet.service(FrameworkServlet.java:812) [spring-webmvc-3.2.5.RELEASE.jar:3.2.5.RELEASE]
	at javax.servlet.http.HttpServlet.service(HttpServlet.java:820) [servlet-api-2.5-20081211.jar:na]
	at org.mortbay.jetty.servlet.ServletHolder.handle(ServletHolder.java:511) [jetty-6.1.26.jar:6.1.26]
	at org.mortbay.jetty.servlet.ServletHandler$CachedChain.doFilter(ServletHandler.java:1221) [jetty-6.1.26.jar:6.1.26]
	at org.springframework.web.filter.CharacterEncodingFilter.doFilterInternal(CharacterEncodingFilter.java:88) [spring-web-3.2.4.RELEASE.jar:3.2.4.RELEASE]
	at org.springframework.web.filter.OncePerRequestFilter.doFilter(OncePerRequestFilter.java:107) [spring-web-3.2.4.RELEASE.jar:3.2.4.RELEASE]
	at org.mortbay.jetty.servlet.ServletHandler$CachedChain.doFilter(ServletHandler.java:1212) [jetty-6.1.26.jar:6.1.26]
	at com.ufufund.ufb.web.filter.RefreshHolderFilter.doFilter(RefreshHolderFilter.java:31) [classes/:na]
	at org.mortbay.jetty.servlet.ServletHandler$CachedChain.doFilter(ServletHandler.java:1212) [jetty-6.1.26.jar:6.1.26]
	at com.ufufund.ufb.web.filter.ServletHolderFilter.doFilter(ServletHolderFilter.java:26) [classes/:na]
	at org.mortbay.jetty.servlet.ServletHandler$CachedChain.doFilter(ServletHandler.java:1212) [jetty-6.1.26.jar:6.1.26]
	at org.mortbay.jetty.servlet.ServletHandler.handle(ServletHandler.java:399) [jetty-6.1.26.jar:6.1.26]
	at org.mortbay.jetty.security.SecurityHandler.handle(SecurityHandler.java:216) [jetty-6.1.26.jar:6.1.26]
	at org.mortbay.jetty.servlet.SessionHandler.handle(SessionHandler.java:182) [jetty-6.1.26.jar:6.1.26]
	at org.mortbay.jetty.handler.ContextHandler.handle(ContextHandler.java:766) [jetty-6.1.26.jar:6.1.26]
	at org.mortbay.jetty.webapp.WebAppContext.handle(WebAppContext.java:450) [jetty-6.1.26.jar:6.1.26]
	at org.mortbay.jetty.handler.HandlerWrapper.handle(HandlerWrapper.java:152) [jetty-6.1.26.jar:6.1.26]
	at org.mortbay.jetty.Server.handle(Server.java:326) [jetty-6.1.26.jar:6.1.26]
	at org.mortbay.jetty.HttpConnection.handleRequest(HttpConnection.java:542) [jetty-6.1.26.jar:6.1.26]
	at org.mortbay.jetty.HttpConnection$RequestHandler.content(HttpConnection.java:945) [jetty-6.1.26.jar:6.1.26]
	at org.mortbay.jetty.HttpParser.parseNext(HttpParser.java:756) [jetty-6.1.26.jar:6.1.26]
	at org.mortbay.jetty.HttpParser.parseAvailable(HttpParser.java:218) [jetty-6.1.26.jar:6.1.26]
	at org.mortbay.jetty.HttpConnection.handle(HttpConnection.java:404) [jetty-6.1.26.jar:6.1.26]
	at org.mortbay.io.nio.SelectChannelEndPoint.run(SelectChannelEndPoint.java:410) [jetty-6.1.26.jar:6.1.26]
	at org.mortbay.thread.QueuedThreadPool$PoolThread.run(QueuedThreadPool.java:582) [jetty-util-6.1.26.jar:6.1.26]
2015-08-10 10:43:47,695 DEBUG [862237745@qtp-1182320432-7] c.u.u.web.servlet.CreateImageServlet [CreateImageServlet.java : 97] created verifyCode=9Y8S
2015-08-10 10:43:53,459 DEBUG [862237745@qtp-1182320432-7] c.u.u.b.manager.impl.CustManagerImpl [ImplCommon.java : 31] [75d62e7cb8d1471dc5bcfb46e2049bfc] isMobileRegister : 18616502188
2015-08-10 10:43:53,480 DEBUG [862237745@qtp-1182320432-7] c.ufufund.ufb.web.util.MsgCodeUtils [MsgCodeUtils.java : 93] MsgCode=477343, timeList=[1439174633478]
2015-08-10 10:44:01,664 DEBUG [862237745@qtp-1182320432-7] c.u.u.b.manager.impl.CustManagerImpl [ImplCommon.java : 31] [b0bc8cfb-e4f0-4e66-84c8-8b0decb6068a] register : RegisterAction[custno=<null>,logincode=18616502188,loginpwd=1q2w3e,loginpwd2=1q2w3e,invtp=ORGANIZATION,level=PERSONAL,custst=N,orgnm=231312,orgbusiness=3123123,processId=[b0bc8cfb-e4f0-4e66-84c8-8b0decb6068a] ]
2015-08-10 10:44:01,665 DEBUG [862237745@qtp-1182320432-7] c.u.u.b.manager.impl.CustManagerImpl [ImplCommon.java : 31] [75d62e7cb8d1471dc5bcfb46e2049bfc] isMobileRegister : 18616502188
2015-08-10 10:44:53,247 DEBUG [862237745@qtp-1182320432-7] c.u.u.b.m.impl.BankCardManagerImpl [ImplCommon.java : 31] [ea0381b1-4e0d-45e4-b16b-0f75a939b059] openAccoStep2 : OpenAccountAction[fundcorpno=01,custno=CU150810101001E57E0NWCO1,invtp=<null>,level=<null>,tradepwd=<null>,tradepwd2=<null>,mobileautocode=<null>,serialno=<null>,accoreqserial=<null>,transactionaccountid=<null>,otherserial=<null>,protocolno=<null>,invnm=测试账号1,idno=110101198808088374,idtp=<null>,mobile=18616502188,telno=12345678,emailadd=12345678@qq.com,orgnm=231312,orgbusiness=3123123,orgprovinceno=安徽省,orgprovincenm=<null>,orgcityno=上海市,orgcitynm=<null>,orgadd=测试幼儿园1地址,bankno=<null>,bankacnm=<null>,bankidtp=<null>,bankidno=<null>,bankacco=<null>,bankacco2=<null>,bankmobile=<null>,bankprovinceno=<null>,bankprovincenm=<null>,bankcityno=<null>,bankcitynm=<null>,bankadd=<null>,rerpidtp=<null>,rerpidno=110101198808088374,rerpvalidt=<null>,rerpnm=测试账号1,hftfamilytradeaccoct=0,hftoperatortradeaccoct=0,hftorganizationtradeaccoct=0,cpfamilytradeaccoct=0,cporganizationtradeaccoct=0,openaccoflag=false,checkautocodeflag=false,processId=[ea0381b1-4e0d-45e4-b16b-0f75a939b059] ]
2015-08-10 10:44:53,274 DEBUG [862237745@qtp-1182320432-7] c.u.u.b.manager.impl.CustManagerImpl [ImplCommon.java : 31] [75d62e7cb8d1471dc5bcfb46e2049bfc] isIdnoRegister : 110101198808088374
2015-08-10 10:45:13,178 DEBUG [632066513@qtp-1182320432-12] c.u.u.b.manager.impl.CustManagerImpl [ImplCommon.java : 31] [2b87509c9e2eb592bad065f693b7559a] isIdnoRegister : 110101198808088374
2015-08-10 10:45:13,197 DEBUG [632066513@qtp-1182320432-12] c.u.u.b.manager.impl.CustManagerImpl [ImplCommon.java : 31] [2b87509c9e2eb592bad065f693b7559a] isTradePwdSet : CU150810101001E57E0NWCO1
2015-08-10 10:45:13,246 WARN [632066513@qtp-1182320432-12] c.u.u.r.h.s.HftCustServiceSimulator [HftCustServiceSimulator.java : 115] 模拟器返回：OpenAccountOrgResponse [TransactionAccountID=Tan20150810104513, toString()=AbstractResponse [Version=1.0.0, MerchantId=00000001, DistributorCode=223, BusinType=openAccountOrg, ApplicationNo=FD150810101013GWVDYFY802, ReturnCode=0000, ReturnMsg=交易成功, Extension=null]]
2015-08-10 10:45:20,625 WARN [632066513@qtp-1182320432-12] c.u.u.r.h.s.HftCustServiceSimulator [HftCustServiceSimulator.java : 47] 模拟器返回：BankAuthResponse [OtherSerial=null, ProtocolNo=null, toString()=AbstractResponse [Version=1.0.0, MerchantId=00000001, DistributorCode=223, BusinType=bankSwiftAuth, ApplicationNo=FD1508101010200ZN0SNMV83, ReturnCode=0000, ReturnMsg=交易成功, Extension=null]]
2015-08-10 10:45:22,664 WARN [632066513@qtp-1182320432-12] c.u.u.r.h.s.HftCustServiceSimulator [HftCustServiceSimulator.java : 71] 模拟器返回：BankVeriResponse [ValidateState=1, ProtocolNo=Protocol20150810104522, toString()=AbstractResponse [Version=1.0.0, MerchantId=00000001, DistributorCode=223, BusinType=bankSwiftVerify, ApplicationNo=FD150810101022CFQ59LWIH4, ReturnCode=0000, ReturnMsg=交易成功, Extension=null]]
2015-08-10 10:45:22,664 DEBUG [632066513@qtp-1182320432-12] c.u.u.b.manager.impl.CustManagerImpl [ImplCommon.java : 31] [2b87509c9e2eb592bad065f693b7559a] isTradePwdSet : CU150810101001E57E0NWCO1
2015-08-10 10:45:22,707 WARN [632066513@qtp-1182320432-12] c.u.u.r.h.s.HftCustServiceSimulator [HftCustServiceSimulator.java : 94] 模拟器返回：OpenAccountResponse [TransactionAccountID=Tan20150810104522, toString()=AbstractResponse [Version=1.0.0, MerchantId=00000001, DistributorCode=223, BusinType=openAccount, ApplicationNo=FD150810101022NKL12W3IX5, ReturnCode=0000, ReturnMsg=交易成功, Extension=null]]
2015-08-10 10:45:27,376 DEBUG [632066513@qtp-1182320432-12] c.u.u.b.m.impl.AutotradeManagerImpl [ImplCommon.java : 31] [2b87509c9e2eb592bad065f693b7559a] getAutotradeList : CU150810101001E57E0NWCO1
2015-08-10 10:45:35,180 DEBUG [632066513@qtp-1182320432-12] c.u.u.b.m.impl.AutotradeManagerImpl [ImplCommon.java : 31] [2b87509c9e2eb592bad065f693b7559a] getNextdate : 
2015-08-10 10:45:50,328 DEBUG [632066513@qtp-1182320432-12] c.u.u.b.m.impl.AutotradeManagerImpl [ImplCommon.java : 31] [2b87509c9e2eb592bad065f693b7559a] getNextdate : 
2015-08-10 10:45:59,643 DEBUG [632066513@qtp-1182320432-12] c.u.u.b.m.impl.AutotradeManagerImpl [ImplCommon.java : 31] [2b87509c9e2eb592bad065f693b7559a] getNextdate : 
2015-08-10 10:46:00,645 DEBUG [1844872512@qtp-1182320432-9] c.u.u.b.m.impl.AutotradeManagerImpl [ImplCommon.java : 31] [8226f06ea2616abf5eb9421e93341657] getNextdate : 
2015-08-10 10:46:07,144 DEBUG [632066513@qtp-1182320432-12] c.u.u.b.m.impl.AutotradeManagerImpl [ImplCommon.java : 31] [3870021d-ea3b-4d06-82c7-720dadea86c3] addAutotrade : AddAutotradeAction[autoname=<null>,custno=CU150810101001E57E0NWCO1,tradetype=AUTORECHARGE,type=E,cycle=MM,dat=15,fromfundcorpno=<null>,fromfundcode=<null>,fromchargetype=<null>,frombankserialid=BA150810101022VCTTBUZ6L2,frombankacco=<null>,fromaccoid=<null>,fromtradeacco=<null>,tofundcorpno=01,tofundcode=519505,tochargetype=A,tobankserialid=<null>,tobankacco=<null>,toaccoid=<null>,totradeacco=<null>,autoamt=15.00,autovol=0,lastdate=<null>,nextdate=20150817,summary=,tradepwd=123qwe,processId=[3870021d-ea3b-4d06-82c7-720dadea86c3] ]
2015-08-10 10:46:07,160 WARN [632066513@qtp-1182320432-12] c.u.u.w.controller.SettingController [SettingController.java : 541] 9999-交易密码错误！
com.ufufund.ufb.common.exception.UserException: 9999-交易密码错误！
	at com.ufufund.ufb.biz.manager.impl.AutotradeManagerImpl.addAutotrade(AutotradeManagerImpl.java:62) ~[classes/:na]
	at com.ufufund.ufb.web.controller.SettingController.autoTradeResult(SettingController.java:536) ~[classes/:na]
	at sun.reflect.NativeMethodAccessorImpl.invoke0(Native Method) ~[na:1.8.0_40]
	at sun.reflect.NativeMethodAccessorImpl.invoke(NativeMethodAccessorImpl.java:62) ~[na:1.8.0_40]
	at sun.reflect.DelegatingMethodAccessorImpl.invoke(DelegatingMethodAccessorImpl.java:43) ~[na:1.8.0_40]
	at java.lang.reflect.Method.invoke(Method.java:497) ~[na:1.8.0_40]
	at org.springframework.web.bind.annotation.support.HandlerMethodInvoker.invokeHandlerMethod(HandlerMethodInvoker.java:176) [spring-web-3.2.4.RELEASE.jar:3.2.4.RELEASE]
	at org.springframework.web.servlet.mvc.annotation.AnnotationMethodHandlerAdapter.invokeHandlerMethod(AnnotationMethodHandlerAdapter.java:440) [spring-webmvc-3.2.5.RELEASE.jar:3.2.5.RELEASE]
	at org.springframework.web.servlet.mvc.annotation.AnnotationMethodHandlerAdapter.handle(AnnotationMethodHandlerAdapter.java:428) [spring-webmvc-3.2.5.RELEASE.jar:3.2.5.RELEASE]
	at org.springframework.web.servlet.DispatcherServlet.doDispatch(DispatcherServlet.java:925) [spring-webmvc-3.2.5.RELEASE.jar:3.2.5.RELEASE]
	at org.springframework.web.servlet.DispatcherServlet.doService(DispatcherServlet.java:856) [spring-webmvc-3.2.5.RELEASE.jar:3.2.5.RELEASE]
	at org.springframework.web.servlet.FrameworkServlet.processRequest(FrameworkServlet.java:936) [spring-webmvc-3.2.5.RELEASE.jar:3.2.5.RELEASE]
	at org.springframework.web.servlet.FrameworkServlet.doPost(FrameworkServlet.java:838) [spring-webmvc-3.2.5.RELEASE.jar:3.2.5.RELEASE]
	at javax.servlet.http.HttpServlet.service(HttpServlet.java:727) [servlet-api-2.5-20081211.jar:na]
	at org.springframework.web.servlet.FrameworkServlet.service(FrameworkServlet.java:812) [spring-webmvc-3.2.5.RELEASE.jar:3.2.5.RELEASE]
	at javax.servlet.http.HttpServlet.service(HttpServlet.java:820) [servlet-api-2.5-20081211.jar:na]
	at org.mortbay.jetty.servlet.ServletHolder.handle(ServletHolder.java:511) [jetty-6.1.26.jar:6.1.26]
	at org.mortbay.jetty.servlet.ServletHandler$CachedChain.doFilter(ServletHandler.java:1221) [jetty-6.1.26.jar:6.1.26]
	at org.springframework.web.filter.CharacterEncodingFilter.doFilterInternal(CharacterEncodingFilter.java:88) [spring-web-3.2.4.RELEASE.jar:3.2.4.RELEASE]
	at org.springframework.web.filter.OncePerRequestFilter.doFilter(OncePerRequestFilter.java:107) [spring-web-3.2.4.RELEASE.jar:3.2.4.RELEASE]
	at org.mortbay.jetty.servlet.ServletHandler$CachedChain.doFilter(ServletHandler.java:1212) [jetty-6.1.26.jar:6.1.26]
	at com.ufufund.ufb.web.filter.RefreshHolderFilter.doFilter(RefreshHolderFilter.java:31) [classes/:na]
	at org.mortbay.jetty.servlet.ServletHandler$CachedChain.doFilter(ServletHandler.java:1212) [jetty-6.1.26.jar:6.1.26]
	at com.ufufund.ufb.web.filter.ServletHolderFilter.doFilter(ServletHolderFilter.java:26) [classes/:na]
	at org.mortbay.jetty.servlet.ServletHandler$CachedChain.doFilter(ServletHandler.java:1212) [jetty-6.1.26.jar:6.1.26]
	at org.mortbay.jetty.servlet.ServletHandler.handle(ServletHandler.java:399) [jetty-6.1.26.jar:6.1.26]
	at org.mortbay.jetty.security.SecurityHandler.handle(SecurityHandler.java:216) [jetty-6.1.26.jar:6.1.26]
	at org.mortbay.jetty.servlet.SessionHandler.handle(SessionHandler.java:182) [jetty-6.1.26.jar:6.1.26]
	at org.mortbay.jetty.handler.ContextHandler.handle(ContextHandler.java:766) [jetty-6.1.26.jar:6.1.26]
	at org.mortbay.jetty.webapp.WebAppContext.handle(WebAppContext.java:450) [jetty-6.1.26.jar:6.1.26]
	at org.mortbay.jetty.handler.HandlerWrapper.handle(HandlerWrapper.java:152) [jetty-6.1.26.jar:6.1.26]
	at org.mortbay.jetty.Server.handle(Server.java:326) [jetty-6.1.26.jar:6.1.26]
	at org.mortbay.jetty.HttpConnection.handleRequest(HttpConnection.java:542) [jetty-6.1.26.jar:6.1.26]
	at org.mortbay.jetty.HttpConnection$RequestHandler.content(HttpConnection.java:945) [jetty-6.1.26.jar:6.1.26]
	at org.mortbay.jetty.HttpParser.parseNext(HttpParser.java:756) [jetty-6.1.26.jar:6.1.26]
	at org.mortbay.jetty.HttpParser.parseAvailable(HttpParser.java:218) [jetty-6.1.26.jar:6.1.26]
	at org.mortbay.jetty.HttpConnection.handle(HttpConnection.java:404) [jetty-6.1.26.jar:6.1.26]
	at org.mortbay.io.nio.SelectChannelEndPoint.run(SelectChannelEndPoint.java:410) [jetty-6.1.26.jar:6.1.26]
	at org.mortbay.thread.QueuedThreadPool$PoolThread.run(QueuedThreadPool.java:582) [jetty-util-6.1.26.jar:6.1.26]
2015-08-10 10:46:45,051 DEBUG [632066513@qtp-1182320432-12] c.u.u.b.m.impl.AutotradeManagerImpl [ImplCommon.java : 31] [2b87509c9e2eb592bad065f693b7559a] getNextdate : 
2015-08-10 10:46:50,252 DEBUG [632066513@qtp-1182320432-12] c.u.u.b.m.impl.AutotradeManagerImpl [ImplCommon.java : 31] [3046c66a-798a-4bc3-bd74-0e2681390f96] addAutotrade : AddAutotradeAction[autoname=<null>,custno=CU150810101001E57E0NWCO1,tradetype=AUTORECHARGE,type=E,cycle=MM,dat=15,fromfundcorpno=<null>,fromfundcode=<null>,fromchargetype=<null>,frombankserialid=BA150810101022VCTTBUZ6L2,frombankacco=<null>,fromaccoid=<null>,fromtradeacco=<null>,tofundcorpno=01,tofundcode=519505,tochargetype=A,tobankserialid=<null>,tobankacco=<null>,toaccoid=<null>,totradeacco=<null>,autoamt=11.00,autovol=0,lastdate=<null>,nextdate=20150817,summary=,tradepwd=123qwe,processId=[3046c66a-798a-4bc3-bd74-0e2681390f96] ]
2015-08-10 10:46:50,335 WARN [632066513@qtp-1182320432-12] c.u.u.w.controller.SettingController [SettingController.java : 541] 9999-交易密码错误！
com.ufufund.ufb.common.exception.UserException: 9999-交易密码错误！
	at com.ufufund.ufb.biz.manager.impl.AutotradeManagerImpl.addAutotrade(AutotradeManagerImpl.java:62) ~[classes/:na]
	at com.ufufund.ufb.web.controller.SettingController.autoTradeResult(SettingController.java:536) ~[classes/:na]
	at sun.reflect.NativeMethodAccessorImpl.invoke0(Native Method) ~[na:1.8.0_40]
	at sun.reflect.NativeMethodAccessorImpl.invoke(NativeMethodAccessorImpl.java:62) ~[na:1.8.0_40]
	at sun.reflect.DelegatingMethodAccessorImpl.invoke(DelegatingMethodAccessorImpl.java:43) ~[na:1.8.0_40]
	at java.lang.reflect.Method.invoke(Method.java:497) ~[na:1.8.0_40]
	at org.springframework.web.bind.annotation.support.HandlerMethodInvoker.invokeHandlerMethod(HandlerMethodInvoker.java:176) [spring-web-3.2.4.RELEASE.jar:3.2.4.RELEASE]
	at org.springframework.web.servlet.mvc.annotation.AnnotationMethodHandlerAdapter.invokeHandlerMethod(AnnotationMethodHandlerAdapter.java:440) [spring-webmvc-3.2.5.RELEASE.jar:3.2.5.RELEASE]
	at org.springframework.web.servlet.mvc.annotation.AnnotationMethodHandlerAdapter.handle(AnnotationMethodHandlerAdapter.java:428) [spring-webmvc-3.2.5.RELEASE.jar:3.2.5.RELEASE]
	at org.springframework.web.servlet.DispatcherServlet.doDispatch(DispatcherServlet.java:925) [spring-webmvc-3.2.5.RELEASE.jar:3.2.5.RELEASE]
	at org.springframework.web.servlet.DispatcherServlet.doService(DispatcherServlet.java:856) [spring-webmvc-3.2.5.RELEASE.jar:3.2.5.RELEASE]
	at org.springframework.web.servlet.FrameworkServlet.processRequest(FrameworkServlet.java:936) [spring-webmvc-3.2.5.RELEASE.jar:3.2.5.RELEASE]
	at org.springframework.web.servlet.FrameworkServlet.doPost(FrameworkServlet.java:838) [spring-webmvc-3.2.5.RELEASE.jar:3.2.5.RELEASE]
	at javax.servlet.http.HttpServlet.service(HttpServlet.java:727) [servlet-api-2.5-20081211.jar:na]
	at org.springframework.web.servlet.FrameworkServlet.service(FrameworkServlet.java:812) [spring-webmvc-3.2.5.RELEASE.jar:3.2.5.RELEASE]
	at javax.servlet.http.HttpServlet.service(HttpServlet.java:820) [servlet-api-2.5-20081211.jar:na]
	at org.mortbay.jetty.servlet.ServletHolder.handle(ServletHolder.java:511) [jetty-6.1.26.jar:6.1.26]
	at org.mortbay.jetty.servlet.ServletHandler$CachedChain.doFilter(ServletHandler.java:1221) [jetty-6.1.26.jar:6.1.26]
	at org.springframework.web.filter.CharacterEncodingFilter.doFilterInternal(CharacterEncodingFilter.java:88) [spring-web-3.2.4.RELEASE.jar:3.2.4.RELEASE]
	at org.springframework.web.filter.OncePerRequestFilter.doFilter(OncePerRequestFilter.java:107) [spring-web-3.2.4.RELEASE.jar:3.2.4.RELEASE]
	at org.mortbay.jetty.servlet.ServletHandler$CachedChain.doFilter(ServletHandler.java:1212) [jetty-6.1.26.jar:6.1.26]
	at com.ufufund.ufb.web.filter.RefreshHolderFilter.doFilter(RefreshHolderFilter.java:31) [classes/:na]
	at org.mortbay.jetty.servlet.ServletHandler$CachedChain.doFilter(ServletHandler.java:1212) [jetty-6.1.26.jar:6.1.26]
	at com.ufufund.ufb.web.filter.ServletHolderFilter.doFilter(ServletHolderFilter.java:26) [classes/:na]
	at org.mortbay.jetty.servlet.ServletHandler$CachedChain.doFilter(ServletHandler.java:1212) [jetty-6.1.26.jar:6.1.26]
	at org.mortbay.jetty.servlet.ServletHandler.handle(ServletHandler.java:399) [jetty-6.1.26.jar:6.1.26]
	at org.mortbay.jetty.security.SecurityHandler.handle(SecurityHandler.java:216) [jetty-6.1.26.jar:6.1.26]
	at org.mortbay.jetty.servlet.SessionHandler.handle(SessionHandler.java:182) [jetty-6.1.26.jar:6.1.26]
	at org.mortbay.jetty.handler.ContextHandler.handle(ContextHandler.java:766) [jetty-6.1.26.jar:6.1.26]
	at org.mortbay.jetty.webapp.WebAppContext.handle(WebAppContext.java:450) [jetty-6.1.26.jar:6.1.26]
	at org.mortbay.jetty.handler.HandlerWrapper.handle(HandlerWrapper.java:152) [jetty-6.1.26.jar:6.1.26]
	at org.mortbay.jetty.Server.handle(Server.java:326) [jetty-6.1.26.jar:6.1.26]
	at org.mortbay.jetty.HttpConnection.handleRequest(HttpConnection.java:542) [jetty-6.1.26.jar:6.1.26]
	at org.mortbay.jetty.HttpConnection$RequestHandler.content(HttpConnection.java:945) [jetty-6.1.26.jar:6.1.26]
	at org.mortbay.jetty.HttpParser.parseNext(HttpParser.java:756) [jetty-6.1.26.jar:6.1.26]
	at org.mortbay.jetty.HttpParser.parseAvailable(HttpParser.java:218) [jetty-6.1.26.jar:6.1.26]
	at org.mortbay.jetty.HttpConnection.handle(HttpConnection.java:404) [jetty-6.1.26.jar:6.1.26]
	at org.mortbay.io.nio.SelectChannelEndPoint.run(SelectChannelEndPoint.java:410) [jetty-6.1.26.jar:6.1.26]
	at org.mortbay.thread.QueuedThreadPool$PoolThread.run(QueuedThreadPool.java:582) [jetty-util-6.1.26.jar:6.1.26]
2015-08-10 10:47:45,598 DEBUG [632066513@qtp-1182320432-12] c.u.u.b.m.impl.AutotradeManagerImpl [ImplCommon.java : 31] [2b87509c9e2eb592bad065f693b7559a] getNextdate : 
2015-08-10 10:47:49,124 DEBUG [632066513@qtp-1182320432-12] c.u.u.b.m.impl.AutotradeManagerImpl [ImplCommon.java : 31] [102c13e1-94af-4347-8029-b141755dbcc2] addAutotrade : AddAutotradeAction[autoname=<null>,custno=CU150810101001E57E0NWCO1,tradetype=AUTORECHARGE,type=E,cycle=MM,dat=15,fromfundcorpno=<null>,fromfundcode=<null>,fromchargetype=<null>,frombankserialid=BA150810101022VCTTBUZ6L2,frombankacco=<null>,fromaccoid=<null>,fromtradeacco=<null>,tofundcorpno=01,tofundcode=519505,tochargetype=A,tobankserialid=<null>,tobankacco=<null>,toaccoid=<null>,totradeacco=<null>,autoamt=15.00,autovol=0,lastdate=<null>,nextdate=20150817,summary=,tradepwd=123qwe,processId=[102c13e1-94af-4347-8029-b141755dbcc2] ]
2015-08-10 10:49:28,064 WARN [632066513@qtp-1182320432-12] c.u.u.w.controller.SettingController [SettingController.java : 541] 9999-交易密码错误！
com.ufufund.ufb.common.exception.UserException: 9999-交易密码错误！
	at com.ufufund.ufb.biz.manager.impl.AutotradeManagerImpl.addAutotrade(AutotradeManagerImpl.java:62) ~[classes/:na]
	at com.ufufund.ufb.web.controller.SettingController.autoTradeResult(SettingController.java:536) ~[classes/:na]
	at sun.reflect.NativeMethodAccessorImpl.invoke0(Native Method) ~[na:1.8.0_40]
	at sun.reflect.NativeMethodAccessorImpl.invoke(NativeMethodAccessorImpl.java:62) ~[na:1.8.0_40]
	at sun.reflect.DelegatingMethodAccessorImpl.invoke(DelegatingMethodAccessorImpl.java:43) ~[na:1.8.0_40]
	at java.lang.reflect.Method.invoke(Method.java:497) ~[na:1.8.0_40]
	at org.springframework.web.bind.annotation.support.HandlerMethodInvoker.invokeHandlerMethod(HandlerMethodInvoker.java:176) [spring-web-3.2.4.RELEASE.jar:3.2.4.RELEASE]
	at org.springframework.web.servlet.mvc.annotation.AnnotationMethodHandlerAdapter.invokeHandlerMethod(AnnotationMethodHandlerAdapter.java:440) [spring-webmvc-3.2.5.RELEASE.jar:3.2.5.RELEASE]
	at org.springframework.web.servlet.mvc.annotation.AnnotationMethodHandlerAdapter.handle(AnnotationMethodHandlerAdapter.java:428) [spring-webmvc-3.2.5.RELEASE.jar:3.2.5.RELEASE]
	at org.springframework.web.servlet.DispatcherServlet.doDispatch(DispatcherServlet.java:925) [spring-webmvc-3.2.5.RELEASE.jar:3.2.5.RELEASE]
	at org.springframework.web.servlet.DispatcherServlet.doService(DispatcherServlet.java:856) [spring-webmvc-3.2.5.RELEASE.jar:3.2.5.RELEASE]
	at org.springframework.web.servlet.FrameworkServlet.processRequest(FrameworkServlet.java:936) [spring-webmvc-3.2.5.RELEASE.jar:3.2.5.RELEASE]
	at org.springframework.web.servlet.FrameworkServlet.doPost(FrameworkServlet.java:838) [spring-webmvc-3.2.5.RELEASE.jar:3.2.5.RELEASE]
	at javax.servlet.http.HttpServlet.service(HttpServlet.java:727) [servlet-api-2.5-20081211.jar:na]
	at org.springframework.web.servlet.FrameworkServlet.service(FrameworkServlet.java:812) [spring-webmvc-3.2.5.RELEASE.jar:3.2.5.RELEASE]
	at javax.servlet.http.HttpServlet.service(HttpServlet.java:820) [servlet-api-2.5-20081211.jar:na]
	at org.mortbay.jetty.servlet.ServletHolder.handle(ServletHolder.java:511) [jetty-6.1.26.jar:6.1.26]
	at org.mortbay.jetty.servlet.ServletHandler$CachedChain.doFilter(ServletHandler.java:1221) [jetty-6.1.26.jar:6.1.26]
	at org.springframework.web.filter.CharacterEncodingFilter.doFilterInternal(CharacterEncodingFilter.java:88) [spring-web-3.2.4.RELEASE.jar:3.2.4.RELEASE]
	at org.springframework.web.filter.OncePerRequestFilter.doFilter(OncePerRequestFilter.java:107) [spring-web-3.2.4.RELEASE.jar:3.2.4.RELEASE]
	at org.mortbay.jetty.servlet.ServletHandler$CachedChain.doFilter(ServletHandler.java:1212) [jetty-6.1.26.jar:6.1.26]
	at com.ufufund.ufb.web.filter.RefreshHolderFilter.doFilter(RefreshHolderFilter.java:31) [classes/:na]
	at org.mortbay.jetty.servlet.ServletHandler$CachedChain.doFilter(ServletHandler.java:1212) [jetty-6.1.26.jar:6.1.26]
	at com.ufufund.ufb.web.filter.ServletHolderFilter.doFilter(ServletHolderFilter.java:26) [classes/:na]
	at org.mortbay.jetty.servlet.ServletHandler$CachedChain.doFilter(ServletHandler.java:1212) [jetty-6.1.26.jar:6.1.26]
	at org.mortbay.jetty.servlet.ServletHandler.handle(ServletHandler.java:399) [jetty-6.1.26.jar:6.1.26]
	at org.mortbay.jetty.security.SecurityHandler.handle(SecurityHandler.java:216) [jetty-6.1.26.jar:6.1.26]
	at org.mortbay.jetty.servlet.SessionHandler.handle(SessionHandler.java:182) [jetty-6.1.26.jar:6.1.26]
	at org.mortbay.jetty.handler.ContextHandler.handle(ContextHandler.java:766) [jetty-6.1.26.jar:6.1.26]
	at org.mortbay.jetty.webapp.WebAppContext.handle(WebAppContext.java:450) [jetty-6.1.26.jar:6.1.26]
	at org.mortbay.jetty.handler.HandlerWrapper.handle(HandlerWrapper.java:152) [jetty-6.1.26.jar:6.1.26]
	at org.mortbay.jetty.Server.handle(Server.java:326) [jetty-6.1.26.jar:6.1.26]
	at org.mortbay.jetty.HttpConnection.handleRequest(HttpConnection.java:542) [jetty-6.1.26.jar:6.1.26]
	at org.mortbay.jetty.HttpConnection$RequestHandler.content(HttpConnection.java:945) [jetty-6.1.26.jar:6.1.26]
	at org.mortbay.jetty.HttpParser.parseNext(HttpParser.java:756) [jetty-6.1.26.jar:6.1.26]
	at org.mortbay.jetty.HttpParser.parseAvailable(HttpParser.java:218) [jetty-6.1.26.jar:6.1.26]
	at org.mortbay.jetty.HttpConnection.handle(HttpConnection.java:404) [jetty-6.1.26.jar:6.1.26]
	at org.mortbay.io.nio.SelectChannelEndPoint.run(SelectChannelEndPoint.java:410) [jetty-6.1.26.jar:6.1.26]
	at org.mortbay.thread.QueuedThreadPool$PoolThread.run(QueuedThreadPool.java:582) [jetty-util-6.1.26.jar:6.1.26]
2015-08-10 10:50:19,674 DEBUG [632066513@qtp-1182320432-12] c.u.u.web.servlet.CreateImageServlet [CreateImageServlet.java : 97] created verifyCode=6Z5Q
2015-08-10 10:50:24,833 DEBUG [632066513@qtp-1182320432-12] c.u.u.b.manager.impl.CustManagerImpl [ImplCommon.java : 31] [2b87509c9e2eb592bad065f693b7559a] isMobileRegister : 18616502189
2015-08-10 10:50:24,852 DEBUG [632066513@qtp-1182320432-12] c.ufufund.ufb.web.util.MsgCodeUtils [MsgCodeUtils.java : 93] MsgCode=106442, timeList=[1439175024852]
2015-08-10 10:50:32,648 DEBUG [632066513@qtp-1182320432-12] c.u.u.b.manager.impl.CustManagerImpl [ImplCommon.java : 31] [f8d7dfd9-93c5-47bb-a675-4dacf7c6266c] register : RegisterAction[custno=<null>,logincode=18616502189,loginpwd=1q2w3e,loginpwd2=1q2w3e,invtp=ORGANIZATION,level=PERSONAL,custst=N,orgnm=3123123,orgbusiness=3123123,processId=[f8d7dfd9-93c5-47bb-a675-4dacf7c6266c] ]
2015-08-10 10:50:32,649 DEBUG [632066513@qtp-1182320432-12] c.u.u.b.manager.impl.CustManagerImpl [ImplCommon.java : 31] [2b87509c9e2eb592bad065f693b7559a] isMobileRegister : 18616502189
2015-08-10 10:50:46,557 DEBUG [632066513@qtp-1182320432-12] c.u.u.b.m.impl.BankCardManagerImpl [ImplCommon.java : 31] [7576a16d-52a6-44ed-8c7b-c8b5d6560292] openAccoStep2 : OpenAccountAction[fundcorpno=01,custno=CU150810101032EP31LN6NF2,invtp=<null>,level=<null>,tradepwd=<null>,tradepwd2=<null>,mobileautocode=<null>,serialno=<null>,accoreqserial=<null>,transactionaccountid=<null>,otherserial=<null>,protocolno=<null>,invnm=测试账号1,idno=110101198808088372,idtp=<null>,mobile=18616502189,telno=12345678,emailadd=12345678@qq.com,orgnm=3123123,orgbusiness=3123123,orgprovinceno=浙江省,orgprovincenm=<null>,orgcityno=上海市,orgcitynm=<null>,orgadd=测试幼儿园1地址,bankno=<null>,bankacnm=<null>,bankidtp=<null>,bankidno=<null>,bankacco=<null>,bankacco2=<null>,bankmobile=<null>,bankprovinceno=<null>,bankprovincenm=<null>,bankcityno=<null>,bankcitynm=<null>,bankadd=<null>,rerpidtp=<null>,rerpidno=110101198808088372,rerpvalidt=<null>,rerpnm=测试账号1,hftfamilytradeaccoct=0,hftoperatortradeaccoct=0,hftorganizationtradeaccoct=0,cpfamilytradeaccoct=0,cporganizationtradeaccoct=0,openaccoflag=false,checkautocodeflag=false,processId=[7576a16d-52a6-44ed-8c7b-c8b5d6560292] ]
2015-08-10 10:50:46,577 DEBUG [632066513@qtp-1182320432-12] c.u.u.b.manager.impl.CustManagerImpl [ImplCommon.java : 31] [2b87509c9e2eb592bad065f693b7559a] isIdnoRegister : 110101198808088372
2015-08-10 10:50:58,659 DEBUG [632066513@qtp-1182320432-12] c.u.u.b.manager.impl.CustManagerImpl [ImplCommon.java : 31] [2b87509c9e2eb592bad065f693b7559a] isIdnoRegister : 110101198808088372
2015-08-10 10:50:58,673 DEBUG [632066513@qtp-1182320432-12] c.u.u.b.manager.impl.CustManagerImpl [ImplCommon.java : 31] [2b87509c9e2eb592bad065f693b7559a] isTradePwdSet : CU150810101032EP31LN6NF2
2015-08-10 10:50:58,712 WARN [632066513@qtp-1182320432-12] c.u.u.r.h.s.HftCustServiceSimulator [HftCustServiceSimulator.java : 115] 模拟器返回：OpenAccountOrgResponse [TransactionAccountID=Tan20150810105058, toString()=AbstractResponse [Version=1.0.0, MerchantId=00000001, DistributorCode=223, BusinType=openAccountOrg, ApplicationNo=FD150810101058E8SWUBRJ67, ReturnCode=0000, ReturnMsg=交易成功, Extension=null]]
2015-08-10 10:53:39,798 WARN [632066513@qtp-1182320432-12] c.u.u.r.h.s.HftCustServiceSimulator [HftCustServiceSimulator.java : 47] 模拟器返回：BankAuthResponse [OtherSerial=null, ProtocolNo=null, toString()=AbstractResponse [Version=1.0.0, MerchantId=00000001, DistributorCode=223, BusinType=bankSwiftAuth, ApplicationNo=FD15081010103965Z7QSHS68, ReturnCode=0000, ReturnMsg=交易成功, Extension=null]]
2015-08-10 10:53:43,512 WARN [632066513@qtp-1182320432-12] c.u.u.r.h.s.HftCustServiceSimulator [HftCustServiceSimulator.java : 71] 模拟器返回：BankVeriResponse [ValidateState=1, ProtocolNo=Protocol20150810105343, toString()=AbstractResponse [Version=1.0.0, MerchantId=00000001, DistributorCode=223, BusinType=bankSwiftVerify, ApplicationNo=FD150810101043DMN4C6IRZ9, ReturnCode=0000, ReturnMsg=交易成功, Extension=null]]
2015-08-10 10:53:43,512 DEBUG [632066513@qtp-1182320432-12] c.u.u.b.manager.impl.CustManagerImpl [ImplCommon.java : 31] [2b87509c9e2eb592bad065f693b7559a] isTradePwdSet : CU150810101032EP31LN6NF2
2015-08-10 10:53:43,554 WARN [632066513@qtp-1182320432-12] c.u.u.r.h.s.HftCustServiceSimulator [HftCustServiceSimulator.java : 94] 模拟器返回：OpenAccountResponse [TransactionAccountID=Tan20150810105343, toString()=AbstractResponse [Version=1.0.0, MerchantId=00000001, DistributorCode=223, BusinType=openAccount, ApplicationNo=FD150810101043DOXDSL9A10, ReturnCode=0000, ReturnMsg=交易成功, Extension=null]]
2015-08-10 10:58:31,099 DEBUG [632066513@qtp-1182320432-12] c.u.u.web.servlet.CreateImageServlet [CreateImageServlet.java : 97] created verifyCode=2M2Z
2015-08-10 10:58:35,243 DEBUG [632066513@qtp-1182320432-12] c.u.u.b.manager.impl.CustManagerImpl [ImplCommon.java : 31] [2b87509c9e2eb592bad065f693b7559a] isMobileRegister : 18616502189
2015-08-10 10:58:35,276 DEBUG [632066513@qtp-1182320432-12] c.u.u.web.servlet.CreateImageServlet [CreateImageServlet.java : 97] created verifyCode=3E2F
2015-08-10 10:58:39,000 DEBUG [632066513@qtp-1182320432-12] c.u.u.b.manager.impl.CustManagerImpl [ImplCommon.java : 31] [2b87509c9e2eb592bad065f693b7559a] isMobileRegister : 18616502190
2015-08-10 10:58:39,020 DEBUG [632066513@qtp-1182320432-12] c.ufufund.ufb.web.util.MsgCodeUtils [MsgCodeUtils.java : 93] MsgCode=480722, timeList=[1439175519020]
2015-08-10 10:58:46,461 DEBUG [632066513@qtp-1182320432-12] c.u.u.b.manager.impl.CustManagerImpl [ImplCommon.java : 31] [982321eb-0ff8-46ed-a8c0-c07916861e02] register : RegisterAction[custno=<null>,logincode=18616502190,loginpwd=1q2w3e,loginpwd2=1q2w3e,invtp=ORGANIZATION,level=PERSONAL,custst=N,orgnm=3123123,orgbusiness=312312,processId=[982321eb-0ff8-46ed-a8c0-c07916861e02] ]
2015-08-10 10:58:46,461 DEBUG [632066513@qtp-1182320432-12] c.u.u.b.manager.impl.CustManagerImpl [ImplCommon.java : 31] [2b87509c9e2eb592bad065f693b7559a] isMobileRegister : 18616502190
2015-08-10 10:58:59,419 DEBUG [632066513@qtp-1182320432-12] c.u.u.b.m.impl.BankCardManagerImpl [ImplCommon.java : 31] [f1f67ac6-ebc5-49b6-bcf5-4cd65262a254] openAccoStep2 : OpenAccountAction[fundcorpno=01,custno=CU1508101010468IJWJT65X3,invtp=<null>,level=<null>,tradepwd=<null>,tradepwd2=<null>,mobileautocode=<null>,serialno=<null>,accoreqserial=<null>,transactionaccountid=<null>,otherserial=<null>,protocolno=<null>,invnm=测试账号1,idno=110101198808088331,idtp=<null>,mobile=18616502190,telno=12345678,emailadd=12345678@qq.com,orgnm=3123123,orgbusiness=312312,orgprovinceno=福建省,orgprovincenm=<null>,orgcityno=北京市,orgcitynm=<null>,orgadd=测试幼儿园1地址,bankno=<null>,bankacnm=<null>,bankidtp=<null>,bankidno=<null>,bankacco=<null>,bankacco2=<null>,bankmobile=<null>,bankprovinceno=<null>,bankprovincenm=<null>,bankcityno=<null>,bankcitynm=<null>,bankadd=<null>,rerpidtp=<null>,rerpidno=11010119880808837X,rerpvalidt=<null>,rerpnm=测试账号1,hftfamilytradeaccoct=0,hftoperatortradeaccoct=0,hftorganizationtradeaccoct=0,cpfamilytradeaccoct=0,cporganizationtradeaccoct=0,openaccoflag=false,checkautocodeflag=false,processId=[f1f67ac6-ebc5-49b6-bcf5-4cd65262a254] ]
2015-08-10 10:58:59,446 DEBUG [632066513@qtp-1182320432-12] c.u.u.b.manager.impl.CustManagerImpl [ImplCommon.java : 31] [2b87509c9e2eb592bad065f693b7559a] isIdnoRegister : 110101198808088331
2015-08-10 10:59:04,691 DEBUG [334807787@qtp-1182320432-21] c.u.u.b.manager.impl.CustManagerImpl [ImplCommon.java : 31] [1c194fcde0fa21c4c184e89aaa553e12] isIdnoRegister : 110101198808088331
2015-08-10 10:59:04,705 DEBUG [334807787@qtp-1182320432-21] c.u.u.b.manager.impl.CustManagerImpl [ImplCommon.java : 31] [1c194fcde0fa21c4c184e89aaa553e12] isTradePwdSet : CU1508101010468IJWJT65X3
2015-08-10 10:59:04,734 DEBUG [334807787@qtp-1182320432-21] AppException [AppException.java : 90] [785a904a-ce60-4902-98c2-65f17e3d3622]  errcode :ALREADY_BIND errmsg :银行卡号已经绑定
2015-08-10 10:59:04,753 ERROR [334807787@qtp-1182320432-21] c.u.u.web.controller.CustController [BankCardController.java : 293] 银行卡号已经绑定
com.ufufund.ufb.biz.exception.BizException: 银行卡号已经绑定
	at com.ufufund.ufb.biz.manager.impl.BankCardManagerImpl.openAccountOrg(BankCardManagerImpl.java:165) ~[classes/:na]
	at com.ufufund.ufb.web.controller.BankCardController.openAccoStep4(BankCardController.java:269) ~[classes/:na]
	at sun.reflect.NativeMethodAccessorImpl.invoke0(Native Method) ~[na:1.8.0_40]
	at sun.reflect.NativeMethodAccessorImpl.invoke(NativeMethodAccessorImpl.java:62) ~[na:1.8.0_40]
	at sun.reflect.DelegatingMethodAccessorImpl.invoke(DelegatingMethodAccessorImpl.java:43) ~[na:1.8.0_40]
	at java.lang.reflect.Method.invoke(Method.java:497) ~[na:1.8.0_40]
	at org.springframework.web.bind.annotation.support.HandlerMethodInvoker.invokeHandlerMethod(HandlerMethodInvoker.java:176) [spring-web-3.2.4.RELEASE.jar:3.2.4.RELEASE]
	at org.springframework.web.servlet.mvc.annotation.AnnotationMethodHandlerAdapter.invokeHandlerMethod(AnnotationMethodHandlerAdapter.java:440) [spring-webmvc-3.2.5.RELEASE.jar:3.2.5.RELEASE]
	at org.springframework.web.servlet.mvc.annotation.AnnotationMethodHandlerAdapter.handle(AnnotationMethodHandlerAdapter.java:428) [spring-webmvc-3.2.5.RELEASE.jar:3.2.5.RELEASE]
	at org.springframework.web.servlet.DispatcherServlet.doDispatch(DispatcherServlet.java:925) [spring-webmvc-3.2.5.RELEASE.jar:3.2.5.RELEASE]
	at org.springframework.web.servlet.DispatcherServlet.doService(DispatcherServlet.java:856) [spring-webmvc-3.2.5.RELEASE.jar:3.2.5.RELEASE]
	at org.springframework.web.servlet.FrameworkServlet.processRequest(FrameworkServlet.java:936) [spring-webmvc-3.2.5.RELEASE.jar:3.2.5.RELEASE]
	at org.springframework.web.servlet.FrameworkServlet.doPost(FrameworkServlet.java:838) [spring-webmvc-3.2.5.RELEASE.jar:3.2.5.RELEASE]
	at javax.servlet.http.HttpServlet.service(HttpServlet.java:727) [servlet-api-2.5-20081211.jar:na]
	at org.springframework.web.servlet.FrameworkServlet.service(FrameworkServlet.java:812) [spring-webmvc-3.2.5.RELEASE.jar:3.2.5.RELEASE]
	at javax.servlet.http.HttpServlet.service(HttpServlet.java:820) [servlet-api-2.5-20081211.jar:na]
	at org.mortbay.jetty.servlet.ServletHolder.handle(ServletHolder.java:511) [jetty-6.1.26.jar:6.1.26]
	at org.mortbay.jetty.servlet.ServletHandler$CachedChain.doFilter(ServletHandler.java:1221) [jetty-6.1.26.jar:6.1.26]
	at org.springframework.web.filter.CharacterEncodingFilter.doFilterInternal(CharacterEncodingFilter.java:88) [spring-web-3.2.4.RELEASE.jar:3.2.4.RELEASE]
	at org.springframework.web.filter.OncePerRequestFilter.doFilter(OncePerRequestFilter.java:107) [spring-web-3.2.4.RELEASE.jar:3.2.4.RELEASE]
	at org.mortbay.jetty.servlet.ServletHandler$CachedChain.doFilter(ServletHandler.java:1212) [jetty-6.1.26.jar:6.1.26]
	at com.ufufund.ufb.web.filter.RefreshHolderFilter.doFilter(RefreshHolderFilter.java:31) [classes/:na]
	at org.mortbay.jetty.servlet.ServletHandler$CachedChain.doFilter(ServletHandler.java:1212) [jetty-6.1.26.jar:6.1.26]
	at com.ufufund.ufb.web.filter.ServletHolderFilter.doFilter(ServletHolderFilter.java:26) [classes/:na]
	at org.mortbay.jetty.servlet.ServletHandler$CachedChain.doFilter(ServletHandler.java:1212) [jetty-6.1.26.jar:6.1.26]
	at org.mortbay.jetty.servlet.ServletHandler.handle(ServletHandler.java:399) [jetty-6.1.26.jar:6.1.26]
	at org.mortbay.jetty.security.SecurityHandler.handle(SecurityHandler.java:216) [jetty-6.1.26.jar:6.1.26]
	at org.mortbay.jetty.servlet.SessionHandler.handle(SessionHandler.java:182) [jetty-6.1.26.jar:6.1.26]
	at org.mortbay.jetty.handler.ContextHandler.handle(ContextHandler.java:766) [jetty-6.1.26.jar:6.1.26]
	at org.mortbay.jetty.webapp.WebAppContext.handle(WebAppContext.java:450) [jetty-6.1.26.jar:6.1.26]
	at org.mortbay.jetty.handler.HandlerWrapper.handle(HandlerWrapper.java:152) [jetty-6.1.26.jar:6.1.26]
	at org.mortbay.jetty.Server.handle(Server.java:326) [jetty-6.1.26.jar:6.1.26]
	at org.mortbay.jetty.HttpConnection.handleRequest(HttpConnection.java:542) [jetty-6.1.26.jar:6.1.26]
	at org.mortbay.jetty.HttpConnection$RequestHandler.content(HttpConnection.java:945) [jetty-6.1.26.jar:6.1.26]
	at org.mortbay.jetty.HttpParser.parseNext(HttpParser.java:756) [jetty-6.1.26.jar:6.1.26]
	at org.mortbay.jetty.HttpParser.parseAvailable(HttpParser.java:218) [jetty-6.1.26.jar:6.1.26]
	at org.mortbay.jetty.HttpConnection.handle(HttpConnection.java:404) [jetty-6.1.26.jar:6.1.26]
	at org.mortbay.io.nio.SelectChannelEndPoint.run(SelectChannelEndPoint.java:410) [jetty-6.1.26.jar:6.1.26]
	at org.mortbay.thread.QueuedThreadPool$PoolThread.run(QueuedThreadPool.java:582) [jetty-util-6.1.26.jar:6.1.26]
2015-08-10 10:59:11,030 DEBUG [334807787@qtp-1182320432-21] c.u.u.b.manager.impl.CustManagerImpl [ImplCommon.java : 31] [1c194fcde0fa21c4c184e89aaa553e12] isIdnoRegister : 110101198808088331
2015-08-10 10:59:11,049 DEBUG [334807787@qtp-1182320432-21] c.u.u.b.manager.impl.CustManagerImpl [ImplCommon.java : 31] [1c194fcde0fa21c4c184e89aaa553e12] isTradePwdSet : CU1508101010468IJWJT65X3
2015-08-10 10:59:11,089 WARN [334807787@qtp-1182320432-21] c.u.u.r.h.s.HftCustServiceSimulator [HftCustServiceSimulator.java : 115] 模拟器返回：OpenAccountOrgResponse [TransactionAccountID=Tan20150810105911, toString()=AbstractResponse [Version=1.0.0, MerchantId=00000001, DistributorCode=223, BusinType=openAccountOrg, ApplicationNo=FD150810101011RQ57AKPK12, ReturnCode=0000, ReturnMsg=交易成功, Extension=null]]
2015-08-10 10:59:16,828 WARN [334807787@qtp-1182320432-21] c.u.u.r.h.s.HftCustServiceSimulator [HftCustServiceSimulator.java : 47] 模拟器返回：BankAuthResponse [OtherSerial=null, ProtocolNo=null, toString()=AbstractResponse [Version=1.0.0, MerchantId=00000001, DistributorCode=223, BusinType=bankSwiftAuth, ApplicationNo=FD150810101016A25CZLPG13, ReturnCode=0000, ReturnMsg=交易成功, Extension=null]]
2015-08-10 10:59:19,066 WARN [334807787@qtp-1182320432-21] c.u.u.r.h.s.HftCustServiceSimulator [HftCustServiceSimulator.java : 71] 模拟器返回：BankVeriResponse [ValidateState=1, ProtocolNo=Protocol20150810105919, toString()=AbstractResponse [Version=1.0.0, MerchantId=00000001, DistributorCode=223, BusinType=bankSwiftVerify, ApplicationNo=FD1508101010196Z4EC7S014, ReturnCode=0000, ReturnMsg=交易成功, Extension=null]]
2015-08-10 10:59:19,066 DEBUG [334807787@qtp-1182320432-21] c.u.u.b.manager.impl.CustManagerImpl [ImplCommon.java : 31] [1c194fcde0fa21c4c184e89aaa553e12] isTradePwdSet : CU1508101010468IJWJT65X3
2015-08-10 10:59:19,110 WARN [334807787@qtp-1182320432-21] c.u.u.r.h.s.HftCustServiceSimulator [HftCustServiceSimulator.java : 94] 模拟器返回：OpenAccountResponse [TransactionAccountID=Tan20150810105919, toString()=AbstractResponse [Version=1.0.0, MerchantId=00000001, DistributorCode=223, BusinType=openAccount, ApplicationNo=FD150810101019FVT7BLU315, ReturnCode=0000, ReturnMsg=交易成功, Extension=null]]
2015-08-10 10:59:39,044 DEBUG [334807787@qtp-1182320432-21] c.u.u.b.m.impl.AutotradeManagerImpl [ImplCommon.java : 31] [1c194fcde0fa21c4c184e89aaa553e12] getAutotradeList : CU1508101010468IJWJT65X3
2015-08-10 10:59:44,421 DEBUG [334807787@qtp-1182320432-21] c.u.u.b.m.impl.AutotradeManagerImpl [ImplCommon.java : 31] [1c194fcde0fa21c4c184e89aaa553e12] getNextdate : 
2015-08-10 10:59:47,583 DEBUG [334807787@qtp-1182320432-21] c.u.u.b.m.impl.AutotradeManagerImpl [ImplCommon.java : 31] [a56760e9-3342-4c51-be99-f2a45d9ebc38] addAutotrade : AddAutotradeAction[autoname=<null>,custno=CU1508101010468IJWJT65X3,tradetype=AUTORECHARGE,type=E,cycle=MM,dat=15,fromfundcorpno=<null>,fromfundcode=<null>,fromchargetype=<null>,frombankserialid=BA150810101019Q1P6FDB6N6,frombankacco=<null>,fromaccoid=<null>,fromtradeacco=<null>,tofundcorpno=01,tofundcode=519505,tochargetype=A,tobankserialid=<null>,tobankacco=<null>,toaccoid=<null>,totradeacco=<null>,autoamt=15.00,autovol=0,lastdate=<null>,nextdate=20150817,summary=,tradepwd=123qwe,processId=[a56760e9-3342-4c51-be99-f2a45d9ebc38] ]
2015-08-10 10:59:51,012 DEBUG [334807787@qtp-1182320432-21] c.u.u.b.m.impl.AutotradeManagerImpl [ImplCommon.java : 31] [1c194fcde0fa21c4c184e89aaa553e12] getNextdate : 
2015-08-10 10:59:53,883 DEBUG [334807787@qtp-1182320432-21] c.u.u.b.m.impl.AutotradeManagerImpl [ImplCommon.java : 31] [1c194fcde0fa21c4c184e89aaa553e12] getAutotradeList : CU1508101010468IJWJT65X3
